================================================================================
JobID = 9283854
User = sarnighause, Account = scc_users
Partition = medium, Nodelist = amp053
================================================================================
WARNING: While bind mounting '/scratch1/users/sarnighause/tmp:/tmp/': destination is already in the mount point list
z3 test results: solved 79183 instances with par2 2060392.8837525845 and par10 9588712.88
Found 12316 benchmarks taking more than 1 second
Created 320 symbolic links at /tmp/train_benchmarks/QF_SLIA
Selected 188 unsolved and 132 solved benchmarks
2025-06-21 19:02:07:INFO:Using Z3 version: Z3 version 4.15.0 - 64 bit
2025-06-21 19:04:43:INFO:S1 MCTS Simulations Start
2025-06-21 19:04:43:INFO:Simulation 0 starts
2025-06-21 19:04:43:INFO:Simulation 0 starts
2025-06-21 19:07:32:INFO:At sim 0, new best reward found: 0.17946
2025-06-21 19:07:32:INFO:At sim 0, new best reward found: 0.17946
2025-06-21 19:07:32:INFO:Simulation 1 starts
2025-06-21 19:07:32:INFO:Simulation 1 starts
2025-06-21 19:09:54:INFO:At sim 1, new best reward found: 0.30134
2025-06-21 19:09:54:INFO:At sim 1, new best reward found: 0.30134
2025-06-21 19:09:54:INFO:Simulation 2 starts
2025-06-21 19:09:54:INFO:Simulation 2 starts
2025-06-21 19:12:12:INFO:Simulation 3 starts
2025-06-21 19:12:12:INFO:Simulation 3 starts
2025-06-21 19:14:48:INFO:At sim 3, new best reward found: 0.31140
2025-06-21 19:14:48:INFO:At sim 3, new best reward found: 0.31140
2025-06-21 19:14:48:INFO:Simulation 4 starts
2025-06-21 19:14:48:INFO:Simulation 4 starts
2025-06-21 19:17:27:INFO:Simulation 5 starts
2025-06-21 19:17:27:INFO:Simulation 5 starts
2025-06-21 19:20:09:INFO:Simulation 6 starts
2025-06-21 19:20:09:INFO:Simulation 6 starts
2025-06-21 19:22:47:INFO:Simulation 7 starts
2025-06-21 19:22:47:INFO:Simulation 7 starts
2025-06-21 19:22:47:INFO:Simulation 8 starts
2025-06-21 19:22:47:INFO:Simulation 8 starts
2025-06-21 19:25:26:INFO:Simulation 9 starts
2025-06-21 19:25:26:INFO:Simulation 9 starts
2025-06-21 19:28:05:INFO:At sim 9, new best reward found: 0.33487
2025-06-21 19:28:05:INFO:At sim 9, new best reward found: 0.33487
2025-06-21 19:28:05:INFO:Simulation 10 starts
2025-06-21 19:28:05:INFO:Simulation 10 starts
2025-06-21 19:30:24:INFO:Simulation 11 starts
2025-06-21 19:30:24:INFO:Simulation 11 starts
2025-06-21 19:30:24:INFO:Simulation 12 starts
2025-06-21 19:30:24:INFO:Simulation 12 starts
2025-06-21 19:32:44:INFO:Simulation 13 starts
2025-06-21 19:32:44:INFO:Simulation 13 starts
2025-06-21 19:32:44:INFO:Simulation 14 starts
2025-06-21 19:32:44:INFO:Simulation 14 starts
2025-06-21 19:35:22:INFO:Simulation 15 starts
2025-06-21 19:35:22:INFO:Simulation 15 starts
2025-06-21 19:38:00:INFO:Simulation 16 starts
2025-06-21 19:38:00:INFO:Simulation 16 starts
2025-06-21 19:38:00:INFO:Simulation 17 starts
2025-06-21 19:38:00:INFO:Simulation 17 starts
2025-06-21 19:40:17:INFO:Simulation 18 starts
2025-06-21 19:40:17:INFO:Simulation 18 starts
2025-06-21 19:42:55:INFO:Simulation 19 starts
2025-06-21 19:42:55:INFO:Simulation 19 starts
2025-06-21 19:43:29:INFO:Simulation 20 starts
2025-06-21 19:43:29:INFO:Simulation 20 starts
2025-06-21 19:43:29:INFO:Simulation 21 starts
2025-06-21 19:43:29:INFO:Simulation 21 starts
2025-06-21 19:46:08:INFO:Simulation 22 starts
2025-06-21 19:46:08:INFO:Simulation 22 starts
2025-06-21 19:46:08:INFO:Simulation 23 starts
2025-06-21 19:46:08:INFO:Simulation 23 starts
2025-06-21 19:48:25:INFO:Simulation 24 starts
2025-06-21 19:48:25:INFO:Simulation 24 starts
2025-06-21 19:51:01:INFO:Simulation 25 starts
2025-06-21 19:51:01:INFO:Simulation 25 starts
2025-06-21 19:51:01:INFO:Simulation 26 starts
2025-06-21 19:51:01:INFO:Simulation 26 starts
2025-06-21 19:53:39:INFO:Simulation 27 starts
2025-06-21 19:53:39:INFO:Simulation 27 starts
2025-06-21 19:56:16:INFO:Simulation 28 starts
2025-06-21 19:56:16:INFO:Simulation 28 starts
2025-06-21 19:58:34:INFO:Simulation 29 starts
2025-06-21 19:58:34:INFO:Simulation 29 starts
2025-06-21 19:58:34:INFO:Simulation 30 starts
2025-06-21 19:58:34:INFO:Simulation 30 starts
2025-06-21 20:01:13:INFO:Simulation 31 starts
2025-06-21 20:01:13:INFO:Simulation 31 starts
2025-06-21 20:01:13:INFO:Simulation 32 starts
2025-06-21 20:01:13:INFO:Simulation 32 starts
2025-06-21 20:01:13:INFO:Simulation 33 starts
2025-06-21 20:01:13:INFO:Simulation 33 starts
2025-06-21 20:03:29:INFO:Simulation 34 starts
2025-06-21 20:03:29:INFO:Simulation 34 starts
2025-06-21 20:03:29:INFO:Simulation 35 starts
2025-06-21 20:03:29:INFO:Simulation 35 starts
2025-06-21 20:04:03:INFO:Simulation 36 starts
2025-06-21 20:04:03:INFO:Simulation 36 starts
2025-06-21 20:04:03:INFO:Simulation 37 starts
2025-06-21 20:04:03:INFO:Simulation 37 starts
2025-06-21 20:06:39:INFO:Simulation 38 starts
2025-06-21 20:06:39:INFO:Simulation 38 starts
2025-06-21 20:06:39:INFO:Simulation 39 starts
2025-06-21 20:06:39:INFO:Simulation 39 starts
2025-06-21 20:06:39:INFO:Simulation 40 starts
2025-06-21 20:06:39:INFO:Simulation 40 starts
2025-06-21 20:09:17:INFO:Simulation 41 starts
2025-06-21 20:09:17:INFO:Simulation 41 starts
2025-06-21 20:09:17:INFO:Simulation 42 starts
2025-06-21 20:09:17:INFO:Simulation 42 starts
2025-06-21 20:11:56:INFO:Simulation 43 starts
2025-06-21 20:11:56:INFO:Simulation 43 starts
2025-06-21 20:11:56:INFO:Simulation 44 starts
2025-06-21 20:11:56:INFO:Simulation 44 starts
2025-06-21 20:14:34:INFO:Simulation 45 starts
2025-06-21 20:14:34:INFO:Simulation 45 starts
2025-06-21 20:14:34:INFO:Simulation 46 starts
2025-06-21 20:14:34:INFO:Simulation 46 starts
2025-06-21 20:14:34:INFO:Simulation 47 starts
2025-06-21 20:14:34:INFO:Simulation 47 starts
2025-06-21 20:17:12:INFO:Simulation 48 starts
2025-06-21 20:17:12:INFO:Simulation 48 starts
2025-06-21 20:17:12:INFO:Simulation 49 starts
2025-06-21 20:17:12:INFO:Simulation 49 starts
2025-06-21 20:17:12:INFO:Simulation 50 starts
2025-06-21 20:17:12:INFO:Simulation 50 starts
2025-06-21 20:17:12:INFO:Simulation 51 starts
2025-06-21 20:17:12:INFO:Simulation 51 starts
2025-06-21 20:17:12:INFO:Simulation 52 starts
2025-06-21 20:17:12:INFO:Simulation 52 starts
2025-06-21 20:17:12:INFO:Simulation 53 starts
2025-06-21 20:17:12:INFO:Simulation 53 starts
2025-06-21 20:17:12:INFO:Simulation 54 starts
2025-06-21 20:17:12:INFO:Simulation 54 starts
2025-06-21 20:19:56:INFO:Simulation 55 starts
2025-06-21 20:19:56:INFO:Simulation 55 starts
2025-06-21 20:19:56:INFO:Simulation 56 starts
2025-06-21 20:19:56:INFO:Simulation 56 starts
2025-06-21 20:22:40:INFO:Simulation 57 starts
2025-06-21 20:22:40:INFO:Simulation 57 starts
2025-06-21 20:22:40:INFO:Simulation 58 starts
2025-06-21 20:22:40:INFO:Simulation 58 starts
2025-06-21 20:22:40:INFO:Simulation 59 starts
2025-06-21 20:22:40:INFO:Simulation 59 starts
2025-06-21 20:22:40:INFO:Simulation 60 starts
2025-06-21 20:22:40:INFO:Simulation 60 starts
2025-06-21 20:22:40:INFO:Simulation 61 starts
2025-06-21 20:22:40:INFO:Simulation 61 starts
2025-06-21 20:25:20:INFO:Simulation 62 starts
2025-06-21 20:25:20:INFO:Simulation 62 starts
2025-06-21 20:25:20:INFO:Simulation 63 starts
2025-06-21 20:25:20:INFO:Simulation 63 starts
2025-06-21 20:27:38:INFO:Simulation 64 starts
2025-06-21 20:27:38:INFO:Simulation 64 starts
2025-06-21 20:27:38:INFO:Simulation 65 starts
2025-06-21 20:27:38:INFO:Simulation 65 starts
2025-06-21 20:27:38:INFO:Simulation 66 starts
2025-06-21 20:27:38:INFO:Simulation 66 starts
2025-06-21 20:30:19:INFO:Simulation 67 starts
2025-06-21 20:30:19:INFO:Simulation 67 starts
2025-06-21 20:30:19:INFO:Simulation 68 starts
2025-06-21 20:30:19:INFO:Simulation 68 starts
2025-06-21 20:32:58:INFO:Simulation 69 starts
2025-06-21 20:32:58:INFO:Simulation 69 starts
2025-06-21 20:32:58:INFO:Simulation 70 starts
2025-06-21 20:32:58:INFO:Simulation 70 starts
2025-06-21 20:32:58:INFO:Simulation 71 starts
2025-06-21 20:32:58:INFO:Simulation 71 starts
2025-06-21 20:35:15:INFO:Simulation 72 starts
2025-06-21 20:35:15:INFO:Simulation 72 starts
2025-06-21 20:35:15:INFO:Simulation 73 starts
2025-06-21 20:35:15:INFO:Simulation 73 starts
2025-06-21 20:37:52:INFO:Simulation 74 starts
2025-06-21 20:37:52:INFO:Simulation 74 starts
2025-06-21 20:37:52:INFO:Simulation 75 starts
2025-06-21 20:37:52:INFO:Simulation 75 starts
2025-06-21 20:37:52:INFO:Simulation 76 starts
2025-06-21 20:37:52:INFO:Simulation 76 starts
2025-06-21 20:40:30:INFO:Simulation 77 starts
2025-06-21 20:40:30:INFO:Simulation 77 starts
2025-06-21 20:40:30:INFO:Simulation 78 starts
2025-06-21 20:40:30:INFO:Simulation 78 starts
2025-06-21 20:42:46:INFO:Simulation 79 starts
2025-06-21 20:42:46:INFO:Simulation 79 starts
2025-06-21 20:42:46:INFO:Simulation 80 starts
2025-06-21 20:42:46:INFO:Simulation 80 starts
2025-06-21 20:42:46:INFO:Simulation 81 starts
2025-06-21 20:42:46:INFO:Simulation 81 starts
2025-06-21 20:45:26:INFO:Simulation 82 starts
2025-06-21 20:45:26:INFO:Simulation 82 starts
2025-06-21 20:45:26:INFO:Simulation 83 starts
2025-06-21 20:45:26:INFO:Simulation 83 starts
2025-06-21 20:48:04:INFO:Simulation 84 starts
2025-06-21 20:48:04:INFO:Simulation 84 starts
2025-06-21 20:48:04:INFO:Simulation 85 starts
2025-06-21 20:48:04:INFO:Simulation 85 starts
2025-06-21 20:50:22:INFO:Simulation 86 starts
2025-06-21 20:50:22:INFO:Simulation 86 starts
2025-06-21 20:50:22:INFO:Simulation 87 starts
2025-06-21 20:50:22:INFO:Simulation 87 starts
2025-06-21 20:50:22:INFO:Simulation 88 starts
2025-06-21 20:50:22:INFO:Simulation 88 starts
2025-06-21 20:53:03:INFO:Simulation 89 starts
2025-06-21 20:53:03:INFO:Simulation 89 starts
2025-06-21 20:53:03:INFO:Simulation 90 starts
2025-06-21 20:53:03:INFO:Simulation 90 starts
2025-06-21 20:55:44:INFO:Simulation 91 starts
2025-06-21 20:55:44:INFO:Simulation 91 starts
2025-06-21 20:55:44:INFO:Simulation 92 starts
2025-06-21 20:55:44:INFO:Simulation 92 starts
2025-06-21 20:55:44:INFO:Simulation 93 starts
2025-06-21 20:55:44:INFO:Simulation 93 starts
2025-06-21 20:58:25:INFO:Simulation 94 starts
2025-06-21 20:58:25:INFO:Simulation 94 starts
2025-06-21 20:58:25:INFO:Simulation 95 starts
2025-06-21 20:58:25:INFO:Simulation 95 starts
2025-06-21 21:01:05:INFO:Simulation 96 starts
2025-06-21 21:01:05:INFO:Simulation 96 starts
2025-06-21 21:01:05:INFO:Simulation 97 starts
2025-06-21 21:01:05:INFO:Simulation 97 starts
2025-06-21 21:01:05:INFO:Simulation 98 starts
2025-06-21 21:01:05:INFO:Simulation 98 starts
2025-06-21 21:03:48:INFO:Simulation 99 starts
2025-06-21 21:03:48:INFO:Simulation 99 starts
2025-06-21 21:03:48:INFO:Simulation 100 starts
2025-06-21 21:03:48:INFO:Simulation 100 starts
2025-06-21 21:03:48:INFO:Simulation 101 starts
2025-06-21 21:03:48:INFO:Simulation 101 starts
2025-06-21 21:06:25:INFO:Simulation 102 starts
2025-06-21 21:06:25:INFO:Simulation 102 starts
2025-06-21 21:06:25:INFO:Simulation 103 starts
2025-06-21 21:06:25:INFO:Simulation 103 starts
2025-06-21 21:08:59:INFO:Simulation 104 starts
2025-06-21 21:08:59:INFO:Simulation 104 starts
2025-06-21 21:08:59:INFO:Simulation 105 starts
2025-06-21 21:08:59:INFO:Simulation 105 starts
2025-06-21 21:08:59:INFO:Simulation 106 starts
2025-06-21 21:08:59:INFO:Simulation 106 starts
2025-06-21 21:11:37:INFO:At sim 106, new best reward found: 0.33560
2025-06-21 21:11:37:INFO:At sim 106, new best reward found: 0.33560
2025-06-21 21:11:37:INFO:Simulation 107 starts
2025-06-21 21:11:37:INFO:Simulation 107 starts
2025-06-21 21:13:54:INFO:Simulation 108 starts
2025-06-21 21:13:54:INFO:Simulation 108 starts
2025-06-21 21:16:33:INFO:Simulation 109 starts
2025-06-21 21:16:33:INFO:Simulation 109 starts
2025-06-21 21:19:14:INFO:Simulation 110 starts
2025-06-21 21:19:14:INFO:Simulation 110 starts
2025-06-21 21:21:52:INFO:Simulation 111 starts
2025-06-21 21:21:52:INFO:Simulation 111 starts
2025-06-21 21:24:10:INFO:Simulation 112 starts
2025-06-21 21:24:10:INFO:Simulation 112 starts
2025-06-21 21:26:48:INFO:Simulation 113 starts
2025-06-21 21:26:48:INFO:Simulation 113 starts
2025-06-21 21:29:26:INFO:Simulation 114 starts
2025-06-21 21:29:26:INFO:Simulation 114 starts
2025-06-21 21:32:04:INFO:Simulation 115 starts
2025-06-21 21:32:04:INFO:Simulation 115 starts
2025-06-21 21:34:45:INFO:Simulation 116 starts
2025-06-21 21:34:45:INFO:Simulation 116 starts
2025-06-21 21:37:23:INFO:Simulation 117 starts
2025-06-21 21:37:23:INFO:Simulation 117 starts
2025-06-21 21:37:58:INFO:Simulation 118 starts
2025-06-21 21:37:58:INFO:Simulation 118 starts
2025-06-21 21:40:38:INFO:Simulation 119 starts
2025-06-21 21:40:38:INFO:Simulation 119 starts
2025-06-21 21:42:56:INFO:Simulation 120 starts
2025-06-21 21:42:56:INFO:Simulation 120 starts
2025-06-21 21:45:33:INFO:Simulation 121 starts
2025-06-21 21:45:33:INFO:Simulation 121 starts
2025-06-21 21:48:13:INFO:Simulation 122 starts
2025-06-21 21:48:13:INFO:Simulation 122 starts
2025-06-21 21:50:32:INFO:Simulation 123 starts
2025-06-21 21:50:32:INFO:Simulation 123 starts
2025-06-21 21:53:11:INFO:Simulation 124 starts
2025-06-21 21:53:11:INFO:Simulation 124 starts
2025-06-21 21:53:11:INFO:Simulation 125 starts
2025-06-21 21:53:11:INFO:Simulation 125 starts
2025-06-21 21:55:49:INFO:Simulation 126 starts
2025-06-21 21:55:49:INFO:Simulation 126 starts
2025-06-21 21:55:49:INFO:Simulation 127 starts
2025-06-21 21:55:49:INFO:Simulation 127 starts
2025-06-21 21:58:27:INFO:Simulation 128 starts
2025-06-21 21:58:27:INFO:Simulation 128 starts
2025-06-21 21:58:27:INFO:Simulation 129 starts
2025-06-21 21:58:27:INFO:Simulation 129 starts
2025-06-21 22:01:05:INFO:Simulation 130 starts
2025-06-21 22:01:05:INFO:Simulation 130 starts
2025-06-21 22:01:05:INFO:Simulation 131 starts
2025-06-21 22:01:05:INFO:Simulation 131 starts
2025-06-21 22:03:23:INFO:Simulation 132 starts
2025-06-21 22:03:23:INFO:Simulation 132 starts
2025-06-21 22:03:23:INFO:Simulation 133 starts
2025-06-21 22:03:23:INFO:Simulation 133 starts
2025-06-21 22:06:04:INFO:Simulation 134 starts
2025-06-21 22:06:04:INFO:Simulation 134 starts
2025-06-21 22:06:04:INFO:Simulation 135 starts
2025-06-21 22:06:04:INFO:Simulation 135 starts
2025-06-21 22:08:22:INFO:Simulation 136 starts
2025-06-21 22:08:22:INFO:Simulation 136 starts
2025-06-21 22:08:22:INFO:Simulation 137 starts
2025-06-21 22:08:22:INFO:Simulation 137 starts
2025-06-21 22:11:00:INFO:Simulation 138 starts
2025-06-21 22:11:00:INFO:Simulation 138 starts
2025-06-21 22:11:00:INFO:Simulation 139 starts
2025-06-21 22:11:00:INFO:Simulation 139 starts
2025-06-21 22:13:41:INFO:Simulation 140 starts
2025-06-21 22:13:41:INFO:Simulation 140 starts
2025-06-21 22:13:41:INFO:Simulation 141 starts
2025-06-21 22:13:41:INFO:Simulation 141 starts
2025-06-21 22:16:18:INFO:Simulation 142 starts
2025-06-21 22:16:18:INFO:Simulation 142 starts
2025-06-21 22:16:18:INFO:Simulation 143 starts
2025-06-21 22:16:18:INFO:Simulation 143 starts
2025-06-21 22:18:59:INFO:Simulation 144 starts
2025-06-21 22:18:59:INFO:Simulation 144 starts
2025-06-21 22:18:59:INFO:Simulation 145 starts
2025-06-21 22:18:59:INFO:Simulation 145 starts
2025-06-21 22:21:36:INFO:Simulation 146 starts
2025-06-21 22:21:36:INFO:Simulation 146 starts
2025-06-21 22:21:36:INFO:Simulation 147 starts
2025-06-21 22:21:36:INFO:Simulation 147 starts
2025-06-21 22:24:14:INFO:Simulation 148 starts
2025-06-21 22:24:14:INFO:Simulation 148 starts
2025-06-21 22:24:14:INFO:Simulation 149 starts
2025-06-21 22:24:14:INFO:Simulation 149 starts
2025-06-21 22:26:51:INFO:Simulation 150 starts
2025-06-21 22:26:51:INFO:Simulation 150 starts
2025-06-21 22:26:51:INFO:Simulation 151 starts
2025-06-21 22:26:51:INFO:Simulation 151 starts
2025-06-21 22:29:27:INFO:Simulation 152 starts
2025-06-21 22:29:27:INFO:Simulation 152 starts
2025-06-21 22:29:27:INFO:Simulation 153 starts
2025-06-21 22:29:27:INFO:Simulation 153 starts
2025-06-21 22:32:03:INFO:Simulation 154 starts
2025-06-21 22:32:03:INFO:Simulation 154 starts
2025-06-21 22:32:03:INFO:Simulation 155 starts
2025-06-21 22:32:03:INFO:Simulation 155 starts
2025-06-21 22:34:40:INFO:Simulation 156 starts
2025-06-21 22:34:40:INFO:Simulation 156 starts
2025-06-21 22:34:40:INFO:Simulation 157 starts
2025-06-21 22:34:40:INFO:Simulation 157 starts
2025-06-21 22:37:16:INFO:Simulation 158 starts
2025-06-21 22:37:16:INFO:Simulation 158 starts
2025-06-21 22:37:16:INFO:Simulation 159 starts
2025-06-21 22:37:16:INFO:Simulation 159 starts
2025-06-21 22:37:50:INFO:Simulation 160 starts
2025-06-21 22:37:50:INFO:Simulation 160 starts
2025-06-21 22:37:50:INFO:Simulation 161 starts
2025-06-21 22:37:50:INFO:Simulation 161 starts
2025-06-21 22:40:23:INFO:Simulation 162 starts
2025-06-21 22:40:23:INFO:Simulation 162 starts
2025-06-21 22:40:23:INFO:Simulation 163 starts
2025-06-21 22:40:23:INFO:Simulation 163 starts
2025-06-21 22:42:59:INFO:Simulation 164 starts
2025-06-21 22:42:59:INFO:Simulation 164 starts
2025-06-21 22:42:59:INFO:Simulation 165 starts
2025-06-21 22:42:59:INFO:Simulation 165 starts
2025-06-21 22:45:16:INFO:Simulation 166 starts
2025-06-21 22:45:16:INFO:Simulation 166 starts
2025-06-21 22:45:16:INFO:Simulation 167 starts
2025-06-21 22:45:16:INFO:Simulation 167 starts
2025-06-21 22:47:32:INFO:Simulation 168 starts
2025-06-21 22:47:32:INFO:Simulation 168 starts
2025-06-21 22:47:32:INFO:Simulation 169 starts
2025-06-21 22:47:32:INFO:Simulation 169 starts
2025-06-21 22:50:08:INFO:Simulation 170 starts
2025-06-21 22:50:08:INFO:Simulation 170 starts
2025-06-21 22:52:44:INFO:Simulation 171 starts
2025-06-21 22:52:44:INFO:Simulation 171 starts
2025-06-21 22:52:44:INFO:Simulation 172 starts
2025-06-21 22:52:44:INFO:Simulation 172 starts
2025-06-21 22:55:21:INFO:Simulation 173 starts
2025-06-21 22:55:21:INFO:Simulation 173 starts
2025-06-21 22:55:21:INFO:Simulation 174 starts
2025-06-21 22:55:21:INFO:Simulation 174 starts
2025-06-21 22:58:01:INFO:Simulation 175 starts
2025-06-21 22:58:01:INFO:Simulation 175 starts
2025-06-21 22:58:01:INFO:Simulation 176 starts
2025-06-21 22:58:01:INFO:Simulation 176 starts
2025-06-21 23:00:42:INFO:Simulation 177 starts
2025-06-21 23:00:42:INFO:Simulation 177 starts
2025-06-21 23:00:42:INFO:Simulation 178 starts
2025-06-21 23:00:42:INFO:Simulation 178 starts
2025-06-21 23:03:24:INFO:Simulation 179 starts
2025-06-21 23:03:24:INFO:Simulation 179 starts
2025-06-21 23:03:24:INFO:Simulation 180 starts
2025-06-21 23:03:24:INFO:Simulation 180 starts
2025-06-21 23:06:00:INFO:Simulation 181 starts
2025-06-21 23:06:00:INFO:Simulation 181 starts
2025-06-21 23:06:00:INFO:Simulation 182 starts
2025-06-21 23:06:00:INFO:Simulation 182 starts
2025-06-21 23:08:37:INFO:Simulation 183 starts
2025-06-21 23:08:37:INFO:Simulation 183 starts
2025-06-21 23:08:37:INFO:Simulation 184 starts
2025-06-21 23:08:37:INFO:Simulation 184 starts
2025-06-21 23:11:13:INFO:Simulation 185 starts
2025-06-21 23:11:13:INFO:Simulation 185 starts
2025-06-21 23:11:13:INFO:Simulation 186 starts
2025-06-21 23:11:13:INFO:Simulation 186 starts
2025-06-21 23:13:51:INFO:Simulation 187 starts
2025-06-21 23:13:51:INFO:Simulation 187 starts
2025-06-21 23:13:51:INFO:Simulation 188 starts
2025-06-21 23:13:51:INFO:Simulation 188 starts
2025-06-21 23:16:18:INFO:Simulation 189 starts
2025-06-21 23:16:18:INFO:Simulation 189 starts
2025-06-21 23:16:18:INFO:Simulation 190 starts
2025-06-21 23:16:18:INFO:Simulation 190 starts
2025-06-21 23:18:56:INFO:Simulation 191 starts
2025-06-21 23:18:56:INFO:Simulation 191 starts
2025-06-21 23:18:56:INFO:Simulation 192 starts
2025-06-21 23:18:56:INFO:Simulation 192 starts
2025-06-21 23:21:33:INFO:Simulation 193 starts
2025-06-21 23:21:33:INFO:Simulation 193 starts
2025-06-21 23:21:33:INFO:Simulation 194 starts
2025-06-21 23:21:33:INFO:Simulation 194 starts
2025-06-21 23:24:14:INFO:Simulation 195 starts
2025-06-21 23:24:14:INFO:Simulation 195 starts
2025-06-21 23:24:14:INFO:Simulation 196 starts
2025-06-21 23:24:14:INFO:Simulation 196 starts
2025-06-21 23:26:51:INFO:Simulation 197 starts
2025-06-21 23:26:51:INFO:Simulation 197 starts
2025-06-21 23:26:51:INFO:Simulation 198 starts
2025-06-21 23:26:51:INFO:Simulation 198 starts
2025-06-21 23:29:29:INFO:Simulation 199 starts
2025-06-21 23:29:29:INFO:Simulation 199 starts
2025-06-21 23:29:29:INFO:Simulation 200 starts
2025-06-21 23:29:29:INFO:Simulation 200 starts
2025-06-21 23:32:12:INFO:Simulation 201 starts
2025-06-21 23:32:12:INFO:Simulation 201 starts
2025-06-21 23:32:12:INFO:Simulation 202 starts
2025-06-21 23:32:12:INFO:Simulation 202 starts
2025-06-21 23:34:51:INFO:Simulation 203 starts
2025-06-21 23:34:51:INFO:Simulation 203 starts
2025-06-21 23:34:51:INFO:Simulation 204 starts
2025-06-21 23:34:51:INFO:Simulation 204 starts
2025-06-21 23:37:31:INFO:Simulation 205 starts
2025-06-21 23:37:31:INFO:Simulation 205 starts
2025-06-21 23:37:31:INFO:Simulation 206 starts
2025-06-21 23:37:31:INFO:Simulation 206 starts
2025-06-21 23:40:10:INFO:Simulation 207 starts
2025-06-21 23:40:10:INFO:Simulation 207 starts
2025-06-21 23:40:10:INFO:Simulation 208 starts
2025-06-21 23:40:10:INFO:Simulation 208 starts
2025-06-21 23:42:49:INFO:Simulation 209 starts
2025-06-21 23:42:49:INFO:Simulation 209 starts
2025-06-21 23:42:49:INFO:Simulation 210 starts
2025-06-21 23:42:49:INFO:Simulation 210 starts
2025-06-21 23:45:25:INFO:Simulation 211 starts
2025-06-21 23:45:25:INFO:Simulation 211 starts
2025-06-21 23:45:25:INFO:Simulation 212 starts
2025-06-21 23:45:25:INFO:Simulation 212 starts
2025-06-21 23:48:02:INFO:Simulation 213 starts
2025-06-21 23:48:02:INFO:Simulation 213 starts
2025-06-21 23:48:02:INFO:Simulation 214 starts
2025-06-21 23:48:02:INFO:Simulation 214 starts
2025-06-21 23:50:39:INFO:Simulation 215 starts
2025-06-21 23:50:39:INFO:Simulation 215 starts
2025-06-21 23:50:39:INFO:Simulation 216 starts
2025-06-21 23:50:39:INFO:Simulation 216 starts
2025-06-21 23:52:54:INFO:Simulation 217 starts
2025-06-21 23:52:54:INFO:Simulation 217 starts
2025-06-21 23:52:54:INFO:Simulation 218 starts
2025-06-21 23:52:54:INFO:Simulation 218 starts
2025-06-21 23:52:54:INFO:Simulation 219 starts
2025-06-21 23:52:54:INFO:Simulation 219 starts
2025-06-21 23:52:54:INFO:Simulation 220 starts
2025-06-21 23:52:54:INFO:Simulation 220 starts
2025-06-21 23:52:54:INFO:Simulation 221 starts
2025-06-21 23:52:54:INFO:Simulation 221 starts
2025-06-21 23:52:54:INFO:Simulation 222 starts
2025-06-21 23:52:54:INFO:Simulation 222 starts
2025-06-21 23:55:30:INFO:Simulation 223 starts
2025-06-21 23:55:30:INFO:Simulation 223 starts
2025-06-21 23:55:30:INFO:Simulation 224 starts
2025-06-21 23:55:30:INFO:Simulation 224 starts
2025-06-21 23:58:06:INFO:Simulation 225 starts
2025-06-21 23:58:06:INFO:Simulation 225 starts
2025-06-21 23:58:06:INFO:Simulation 226 starts
2025-06-21 23:58:06:INFO:Simulation 226 starts
2025-06-21 23:58:06:INFO:Simulation 227 starts
2025-06-21 23:58:06:INFO:Simulation 227 starts
2025-06-21 23:58:06:INFO:Simulation 228 starts
2025-06-21 23:58:06:INFO:Simulation 228 starts
2025-06-21 23:58:06:INFO:Simulation 229 starts
2025-06-21 23:58:06:INFO:Simulation 229 starts
2025-06-21 23:58:06:INFO:Simulation 230 starts
2025-06-21 23:58:06:INFO:Simulation 230 starts
2025-06-22 00:00:42:INFO:Simulation 231 starts
2025-06-22 00:00:42:INFO:Simulation 231 starts
2025-06-22 00:00:42:INFO:Simulation 232 starts
2025-06-22 00:00:42:INFO:Simulation 232 starts
2025-06-22 00:01:14:INFO:Simulation 233 starts
2025-06-22 00:01:14:INFO:Simulation 233 starts
2025-06-22 00:01:14:INFO:Simulation 234 starts
2025-06-22 00:01:14:INFO:Simulation 234 starts
2025-06-22 00:01:14:INFO:Simulation 235 starts
2025-06-22 00:01:14:INFO:Simulation 235 starts
2025-06-22 00:01:14:INFO:Simulation 236 starts
2025-06-22 00:01:14:INFO:Simulation 236 starts
2025-06-22 00:01:14:INFO:Simulation 237 starts
2025-06-22 00:01:14:INFO:Simulation 237 starts
2025-06-22 00:01:14:INFO:Simulation 238 starts
2025-06-22 00:01:14:INFO:Simulation 238 starts
2025-06-22 00:01:14:INFO:Simulation 239 starts
2025-06-22 00:01:14:INFO:Simulation 239 starts
2025-06-22 00:01:14:INFO:Simulation 240 starts
2025-06-22 00:01:14:INFO:Simulation 240 starts
2025-06-22 00:03:49:INFO:Simulation 241 starts
2025-06-22 00:03:49:INFO:Simulation 241 starts
2025-06-22 00:03:49:INFO:Simulation 242 starts
2025-06-22 00:03:49:INFO:Simulation 242 starts
2025-06-22 00:06:26:INFO:Simulation 243 starts
2025-06-22 00:06:26:INFO:Simulation 243 starts
2025-06-22 00:06:26:INFO:Simulation 244 starts
2025-06-22 00:06:26:INFO:Simulation 244 starts
2025-06-22 00:09:02:INFO:Simulation 245 starts
2025-06-22 00:09:02:INFO:Simulation 245 starts
2025-06-22 00:09:02:INFO:Simulation 246 starts
2025-06-22 00:09:02:INFO:Simulation 246 starts
2025-06-22 00:11:36:INFO:Simulation 247 starts
2025-06-22 00:11:36:INFO:Simulation 247 starts
2025-06-22 00:11:36:INFO:Simulation 248 starts
2025-06-22 00:11:36:INFO:Simulation 248 starts
2025-06-22 00:14:14:INFO:Simulation 249 starts
2025-06-22 00:14:14:INFO:Simulation 249 starts
2025-06-22 00:14:14:INFO:Simulation 250 starts
2025-06-22 00:14:14:INFO:Simulation 250 starts
2025-06-22 00:14:14:INFO:Simulation 251 starts
2025-06-22 00:14:14:INFO:Simulation 251 starts
2025-06-22 00:14:14:INFO:Simulation 252 starts
2025-06-22 00:14:14:INFO:Simulation 252 starts
2025-06-22 00:16:51:INFO:Simulation 253 starts
2025-06-22 00:16:51:INFO:Simulation 253 starts
2025-06-22 00:16:51:INFO:Simulation 254 starts
2025-06-22 00:16:51:INFO:Simulation 254 starts
2025-06-22 00:19:28:INFO:Simulation 255 starts
2025-06-22 00:19:28:INFO:Simulation 255 starts
2025-06-22 00:19:28:INFO:Simulation 256 starts
2025-06-22 00:19:28:INFO:Simulation 256 starts
2025-06-22 00:22:06:INFO:Simulation 257 starts
2025-06-22 00:22:06:INFO:Simulation 257 starts
2025-06-22 00:22:06:INFO:Simulation 258 starts
2025-06-22 00:22:06:INFO:Simulation 258 starts
2025-06-22 00:24:22:INFO:Simulation 259 starts
2025-06-22 00:24:22:INFO:Simulation 259 starts
2025-06-22 00:24:22:INFO:Simulation 260 starts
2025-06-22 00:24:22:INFO:Simulation 260 starts
2025-06-22 00:26:59:INFO:Simulation 261 starts
2025-06-22 00:26:59:INFO:Simulation 261 starts
2025-06-22 00:26:59:INFO:Simulation 262 starts
2025-06-22 00:26:59:INFO:Simulation 262 starts
2025-06-22 00:29:36:INFO:Simulation 263 starts
2025-06-22 00:29:36:INFO:Simulation 263 starts
2025-06-22 00:29:36:INFO:Simulation 264 starts
2025-06-22 00:29:36:INFO:Simulation 264 starts
2025-06-22 00:32:12:INFO:Simulation 265 starts
2025-06-22 00:32:12:INFO:Simulation 265 starts
2025-06-22 00:32:12:INFO:Simulation 266 starts
2025-06-22 00:32:12:INFO:Simulation 266 starts
2025-06-22 00:34:49:INFO:Simulation 267 starts
2025-06-22 00:34:49:INFO:Simulation 267 starts
2025-06-22 00:34:49:INFO:Simulation 268 starts
2025-06-22 00:34:49:INFO:Simulation 268 starts
2025-06-22 00:37:06:INFO:Simulation 269 starts
2025-06-22 00:37:06:INFO:Simulation 269 starts
2025-06-22 00:37:06:INFO:Simulation 270 starts
2025-06-22 00:37:06:INFO:Simulation 270 starts
2025-06-22 00:39:44:INFO:Simulation 271 starts
2025-06-22 00:39:44:INFO:Simulation 271 starts
2025-06-22 00:39:44:INFO:Simulation 272 starts
2025-06-22 00:39:44:INFO:Simulation 272 starts
2025-06-22 00:39:44:INFO:Simulation 273 starts
2025-06-22 00:39:44:INFO:Simulation 273 starts
2025-06-22 00:39:44:INFO:Simulation 274 starts
2025-06-22 00:39:44:INFO:Simulation 274 starts
2025-06-22 00:42:01:INFO:Simulation 275 starts
2025-06-22 00:42:01:INFO:Simulation 275 starts
2025-06-22 00:42:01:INFO:Simulation 276 starts
2025-06-22 00:42:01:INFO:Simulation 276 starts
2025-06-22 00:44:38:INFO:Simulation 277 starts
2025-06-22 00:44:38:INFO:Simulation 277 starts
2025-06-22 00:44:38:INFO:Simulation 278 starts
2025-06-22 00:44:38:INFO:Simulation 278 starts
2025-06-22 00:47:04:INFO:Simulation 279 starts
2025-06-22 00:47:04:INFO:Simulation 279 starts
2025-06-22 00:49:41:INFO:Simulation 280 starts
2025-06-22 00:49:41:INFO:Simulation 280 starts
2025-06-22 00:49:41:INFO:Simulation 281 starts
2025-06-22 00:49:41:INFO:Simulation 281 starts
2025-06-22 00:49:41:INFO:Simulation 282 starts
2025-06-22 00:49:41:INFO:Simulation 282 starts
2025-06-22 00:49:41:INFO:Simulation 283 starts
2025-06-22 00:49:41:INFO:Simulation 283 starts
2025-06-22 00:52:20:INFO:Simulation 284 starts
2025-06-22 00:52:20:INFO:Simulation 284 starts
2025-06-22 00:52:20:INFO:Simulation 285 starts
2025-06-22 00:52:20:INFO:Simulation 285 starts
2025-06-22 00:54:53:INFO:Simulation 286 starts
2025-06-22 00:54:53:INFO:Simulation 286 starts
2025-06-22 00:54:53:INFO:Simulation 287 starts
2025-06-22 00:54:53:INFO:Simulation 287 starts
2025-06-22 00:57:09:INFO:Simulation 288 starts
2025-06-22 00:57:09:INFO:Simulation 288 starts
2025-06-22 00:57:09:INFO:Simulation 289 starts
2025-06-22 00:57:09:INFO:Simulation 289 starts
2025-06-22 00:59:47:INFO:Simulation 290 starts
2025-06-22 00:59:47:INFO:Simulation 290 starts
2025-06-22 00:59:47:INFO:Simulation 291 starts
2025-06-22 00:59:47:INFO:Simulation 291 starts
2025-06-22 00:59:47:INFO:Simulation 292 starts
2025-06-22 00:59:47:INFO:Simulation 292 starts
2025-06-22 00:59:47:INFO:Simulation 293 starts
2025-06-22 00:59:47:INFO:Simulation 293 starts
2025-06-22 01:00:21:INFO:Simulation 294 starts
2025-06-22 01:00:21:INFO:Simulation 294 starts
2025-06-22 01:00:21:INFO:Simulation 295 starts
2025-06-22 01:00:21:INFO:Simulation 295 starts
2025-06-22 01:00:21:INFO:Simulation 296 starts
2025-06-22 01:00:21:INFO:Simulation 296 starts
2025-06-22 01:00:21:INFO:Simulation 297 starts
2025-06-22 01:00:21:INFO:Simulation 297 starts
2025-06-22 01:00:21:INFO:Simulation 298 starts
2025-06-22 01:00:21:INFO:Simulation 298 starts
2025-06-22 01:00:21:INFO:Simulation 299 starts
2025-06-22 01:00:21:INFO:Simulation 299 starts
2025-06-22 01:02:59:INFO:Simulation 300 starts
2025-06-22 01:02:59:INFO:Simulation 300 starts
2025-06-22 01:02:59:INFO:Simulation 301 starts
2025-06-22 01:02:59:INFO:Simulation 301 starts
2025-06-22 01:05:15:INFO:Simulation 302 starts
2025-06-22 01:05:15:INFO:Simulation 302 starts
2025-06-22 01:05:15:INFO:Simulation 303 starts
2025-06-22 01:05:15:INFO:Simulation 303 starts
2025-06-22 01:07:52:INFO:Simulation 304 starts
2025-06-22 01:07:52:INFO:Simulation 304 starts
2025-06-22 01:07:52:INFO:Simulation 305 starts
2025-06-22 01:07:52:INFO:Simulation 305 starts
2025-06-22 01:10:07:INFO:Simulation 306 starts
2025-06-22 01:10:07:INFO:Simulation 306 starts
2025-06-22 01:10:07:INFO:Simulation 307 starts
2025-06-22 01:10:07:INFO:Simulation 307 starts
2025-06-22 01:10:07:INFO:Simulation 308 starts
2025-06-22 01:10:07:INFO:Simulation 308 starts
2025-06-22 01:10:07:INFO:Simulation 309 starts
2025-06-22 01:10:07:INFO:Simulation 309 starts
2025-06-22 01:12:23:INFO:Simulation 310 starts
2025-06-22 01:12:23:INFO:Simulation 310 starts
2025-06-22 01:12:23:INFO:Simulation 311 starts
2025-06-22 01:12:23:INFO:Simulation 311 starts
2025-06-22 01:12:23:INFO:Simulation 312 starts
2025-06-22 01:12:23:INFO:Simulation 312 starts
2025-06-22 01:12:23:INFO:Simulation 313 starts
2025-06-22 01:12:23:INFO:Simulation 313 starts
2025-06-22 01:12:23:INFO:Simulation 314 starts
2025-06-22 01:12:23:INFO:Simulation 314 starts
2025-06-22 01:12:23:INFO:Simulation 315 starts
2025-06-22 01:12:23:INFO:Simulation 315 starts
2025-06-22 01:14:59:INFO:Simulation 316 starts
2025-06-22 01:14:59:INFO:Simulation 316 starts
2025-06-22 01:14:59:INFO:Simulation 317 starts
2025-06-22 01:14:59:INFO:Simulation 317 starts
2025-06-22 01:14:59:INFO:Simulation 318 starts
2025-06-22 01:14:59:INFO:Simulation 318 starts
2025-06-22 01:14:59:INFO:Simulation 319 starts
2025-06-22 01:14:59:INFO:Simulation 319 starts
2025-06-22 01:17:15:INFO:Simulation 320 starts
2025-06-22 01:17:15:INFO:Simulation 320 starts
2025-06-22 01:17:15:INFO:Simulation 321 starts
2025-06-22 01:17:15:INFO:Simulation 321 starts
2025-06-22 01:19:54:INFO:Simulation 322 starts
2025-06-22 01:19:54:INFO:Simulation 322 starts
2025-06-22 01:19:54:INFO:Simulation 323 starts
2025-06-22 01:19:54:INFO:Simulation 323 starts
2025-06-22 01:22:10:INFO:Simulation 324 starts
2025-06-22 01:22:10:INFO:Simulation 324 starts
2025-06-22 01:22:10:INFO:Simulation 325 starts
2025-06-22 01:22:10:INFO:Simulation 325 starts
2025-06-22 01:24:45:INFO:Simulation 326 starts
2025-06-22 01:24:45:INFO:Simulation 326 starts
2025-06-22 01:24:45:INFO:Simulation 327 starts
2025-06-22 01:24:45:INFO:Simulation 327 starts
2025-06-22 01:27:25:INFO:Simulation 328 starts
2025-06-22 01:27:25:INFO:Simulation 328 starts
2025-06-22 01:27:25:INFO:Simulation 329 starts
2025-06-22 01:27:25:INFO:Simulation 329 starts
2025-06-22 01:30:03:INFO:Simulation 330 starts
2025-06-22 01:30:03:INFO:Simulation 330 starts
2025-06-22 01:30:03:INFO:Simulation 331 starts
2025-06-22 01:30:03:INFO:Simulation 331 starts
2025-06-22 01:32:41:INFO:Simulation 332 starts
2025-06-22 01:32:41:INFO:Simulation 332 starts
2025-06-22 01:32:41:INFO:Simulation 333 starts
2025-06-22 01:32:41:INFO:Simulation 333 starts
2025-06-22 01:34:58:INFO:Simulation 334 starts
2025-06-22 01:34:58:INFO:Simulation 334 starts
2025-06-22 01:34:58:INFO:Simulation 335 starts
2025-06-22 01:34:58:INFO:Simulation 335 starts
2025-06-22 01:34:58:INFO:Simulation 336 starts
2025-06-22 01:34:58:INFO:Simulation 336 starts
2025-06-22 01:34:58:INFO:Simulation 337 starts
2025-06-22 01:34:58:INFO:Simulation 337 starts
2025-06-22 01:37:38:INFO:Simulation 338 starts
2025-06-22 01:37:38:INFO:Simulation 338 starts
2025-06-22 01:37:38:INFO:Simulation 339 starts
2025-06-22 01:37:38:INFO:Simulation 339 starts
2025-06-22 01:37:38:INFO:Simulation 340 starts
2025-06-22 01:37:38:INFO:Simulation 340 starts
2025-06-22 01:37:38:INFO:Simulation 341 starts
2025-06-22 01:37:38:INFO:Simulation 341 starts
2025-06-22 01:40:16:INFO:Simulation 342 starts
2025-06-22 01:40:16:INFO:Simulation 342 starts
2025-06-22 01:40:16:INFO:Simulation 343 starts
2025-06-22 01:40:16:INFO:Simulation 343 starts
2025-06-22 01:42:53:INFO:Simulation 344 starts
2025-06-22 01:42:53:INFO:Simulation 344 starts
2025-06-22 01:42:53:INFO:Simulation 345 starts
2025-06-22 01:42:53:INFO:Simulation 345 starts
2025-06-22 01:42:53:INFO:Simulation 346 starts
2025-06-22 01:42:53:INFO:Simulation 346 starts
2025-06-22 01:42:53:INFO:Simulation 347 starts
2025-06-22 01:42:53:INFO:Simulation 347 starts
2025-06-22 01:45:30:INFO:Simulation 348 starts
2025-06-22 01:45:30:INFO:Simulation 348 starts
2025-06-22 01:45:30:INFO:Simulation 349 starts
2025-06-22 01:45:30:INFO:Simulation 349 starts
2025-06-22 01:48:10:INFO:Simulation 350 starts
2025-06-22 01:48:10:INFO:Simulation 350 starts
2025-06-22 01:48:10:INFO:Simulation 351 starts
2025-06-22 01:48:10:INFO:Simulation 351 starts
2025-06-22 01:50:49:INFO:Simulation 352 starts
2025-06-22 01:50:49:INFO:Simulation 352 starts
2025-06-22 01:50:49:INFO:Simulation 353 starts
2025-06-22 01:50:49:INFO:Simulation 353 starts
2025-06-22 01:53:06:INFO:Simulation 354 starts
2025-06-22 01:53:06:INFO:Simulation 354 starts
2025-06-22 01:53:06:INFO:Simulation 355 starts
2025-06-22 01:53:06:INFO:Simulation 355 starts
2025-06-22 01:55:41:INFO:Simulation 356 starts
2025-06-22 01:55:41:INFO:Simulation 356 starts
2025-06-22 01:55:41:INFO:Simulation 357 starts
2025-06-22 01:55:41:INFO:Simulation 357 starts
2025-06-22 01:58:17:INFO:Simulation 358 starts
2025-06-22 01:58:17:INFO:Simulation 358 starts
2025-06-22 01:58:17:INFO:Simulation 359 starts
2025-06-22 01:58:17:INFO:Simulation 359 starts
2025-06-22 02:00:56:INFO:Simulation 360 starts
2025-06-22 02:00:56:INFO:Simulation 360 starts
2025-06-22 02:00:56:INFO:Simulation 361 starts
2025-06-22 02:00:56:INFO:Simulation 361 starts
2025-06-22 02:03:34:INFO:Simulation 362 starts
2025-06-22 02:03:34:INFO:Simulation 362 starts
2025-06-22 02:03:34:INFO:Simulation 363 starts
2025-06-22 02:03:34:INFO:Simulation 363 starts
2025-06-22 02:06:12:INFO:Simulation 364 starts
2025-06-22 02:06:12:INFO:Simulation 364 starts
2025-06-22 02:06:12:INFO:Simulation 365 starts
2025-06-22 02:06:12:INFO:Simulation 365 starts
2025-06-22 02:08:46:INFO:Simulation 366 starts
2025-06-22 02:08:46:INFO:Simulation 366 starts
2025-06-22 02:08:46:INFO:Simulation 367 starts
2025-06-22 02:08:46:INFO:Simulation 367 starts
2025-06-22 02:11:23:INFO:Simulation 368 starts
2025-06-22 02:11:23:INFO:Simulation 368 starts
2025-06-22 02:11:23:INFO:Simulation 369 starts
2025-06-22 02:11:23:INFO:Simulation 369 starts
2025-06-22 02:13:59:INFO:Simulation 370 starts
2025-06-22 02:13:59:INFO:Simulation 370 starts
2025-06-22 02:16:35:INFO:Simulation 371 starts
2025-06-22 02:16:35:INFO:Simulation 371 starts
2025-06-22 02:16:35:INFO:Simulation 372 starts
2025-06-22 02:16:35:INFO:Simulation 372 starts
2025-06-22 02:16:35:INFO:Simulation 373 starts
2025-06-22 02:16:35:INFO:Simulation 373 starts
2025-06-22 02:16:35:INFO:Simulation 374 starts
2025-06-22 02:16:35:INFO:Simulation 374 starts
2025-06-22 02:16:35:INFO:Simulation 375 starts
2025-06-22 02:16:35:INFO:Simulation 375 starts
2025-06-22 02:16:35:INFO:Simulation 376 starts
2025-06-22 02:16:35:INFO:Simulation 376 starts
2025-06-22 02:19:12:INFO:Simulation 377 starts
2025-06-22 02:19:12:INFO:Simulation 377 starts
2025-06-22 02:19:12:INFO:Simulation 378 starts
2025-06-22 02:19:12:INFO:Simulation 378 starts
2025-06-22 02:21:48:INFO:Simulation 379 starts
2025-06-22 02:21:48:INFO:Simulation 379 starts
2025-06-22 02:21:48:INFO:Simulation 380 starts
2025-06-22 02:21:48:INFO:Simulation 380 starts
2025-06-22 02:24:25:INFO:Simulation 381 starts
2025-06-22 02:24:25:INFO:Simulation 381 starts
2025-06-22 02:24:25:INFO:Simulation 382 starts
2025-06-22 02:24:25:INFO:Simulation 382 starts
2025-06-22 02:27:01:INFO:Simulation 383 starts
2025-06-22 02:27:01:INFO:Simulation 383 starts
2025-06-22 02:27:01:INFO:Simulation 384 starts
2025-06-22 02:27:01:INFO:Simulation 384 starts
2025-06-22 02:29:17:INFO:Simulation 385 starts
2025-06-22 02:29:17:INFO:Simulation 385 starts
2025-06-22 02:29:17:INFO:Simulation 386 starts
2025-06-22 02:29:17:INFO:Simulation 386 starts
2025-06-22 02:31:33:INFO:Simulation 387 starts
2025-06-22 02:31:33:INFO:Simulation 387 starts
2025-06-22 02:31:33:INFO:Simulation 388 starts
2025-06-22 02:31:33:INFO:Simulation 388 starts
2025-06-22 02:33:49:INFO:Simulation 389 starts
2025-06-22 02:33:49:INFO:Simulation 389 starts
2025-06-22 02:33:49:INFO:Simulation 390 starts
2025-06-22 02:33:49:INFO:Simulation 390 starts
2025-06-22 02:36:25:INFO:Simulation 391 starts
2025-06-22 02:36:25:INFO:Simulation 391 starts
2025-06-22 02:36:25:INFO:Simulation 392 starts
2025-06-22 02:36:25:INFO:Simulation 392 starts
2025-06-22 02:38:42:INFO:Simulation 393 starts
2025-06-22 02:38:42:INFO:Simulation 393 starts
2025-06-22 02:38:42:INFO:Simulation 394 starts
2025-06-22 02:38:42:INFO:Simulation 394 starts
2025-06-22 02:38:42:INFO:Simulation 395 starts
2025-06-22 02:38:42:INFO:Simulation 395 starts
2025-06-22 02:38:42:INFO:Simulation 396 starts
2025-06-22 02:38:42:INFO:Simulation 396 starts
2025-06-22 02:41:18:INFO:Simulation 397 starts
2025-06-22 02:41:18:INFO:Simulation 397 starts
2025-06-22 02:41:18:INFO:Simulation 398 starts
2025-06-22 02:41:18:INFO:Simulation 398 starts
2025-06-22 02:43:57:INFO:Simulation 399 starts
2025-06-22 02:43:57:INFO:Simulation 399 starts
2025-06-22 02:43:57:INFO:Simulation 400 starts
2025-06-22 02:43:57:INFO:Simulation 400 starts
2025-06-22 02:46:33:INFO:Simulation 401 starts
2025-06-22 02:46:33:INFO:Simulation 401 starts
2025-06-22 02:46:33:INFO:Simulation 402 starts
2025-06-22 02:46:33:INFO:Simulation 402 starts
2025-06-22 02:49:13:INFO:Simulation 403 starts
2025-06-22 02:49:13:INFO:Simulation 403 starts
2025-06-22 02:49:13:INFO:Simulation 404 starts
2025-06-22 02:49:13:INFO:Simulation 404 starts
2025-06-22 02:49:13:INFO:Simulation 405 starts
2025-06-22 02:49:13:INFO:Simulation 405 starts
2025-06-22 02:49:13:INFO:Simulation 406 starts
2025-06-22 02:49:13:INFO:Simulation 406 starts
2025-06-22 02:49:13:INFO:Simulation 407 starts
2025-06-22 02:49:13:INFO:Simulation 407 starts
2025-06-22 02:49:13:INFO:Simulation 408 starts
2025-06-22 02:49:13:INFO:Simulation 408 starts
2025-06-22 02:51:50:INFO:Simulation 409 starts
2025-06-22 02:51:50:INFO:Simulation 409 starts
2025-06-22 02:51:50:INFO:Simulation 410 starts
2025-06-22 02:51:50:INFO:Simulation 410 starts
2025-06-22 02:51:50:INFO:Simulation 411 starts
2025-06-22 02:51:50:INFO:Simulation 411 starts
2025-06-22 02:51:50:INFO:Simulation 412 starts
2025-06-22 02:51:50:INFO:Simulation 412 starts
2025-06-22 02:51:50:INFO:Simulation 413 starts
2025-06-22 02:51:50:INFO:Simulation 413 starts
2025-06-22 02:51:50:INFO:Simulation 414 starts
2025-06-22 02:51:50:INFO:Simulation 414 starts
2025-06-22 02:54:08:INFO:Simulation 415 starts
2025-06-22 02:54:08:INFO:Simulation 415 starts
2025-06-22 02:54:08:INFO:Simulation 416 starts
2025-06-22 02:54:08:INFO:Simulation 416 starts
2025-06-22 02:56:45:INFO:Simulation 417 starts
2025-06-22 02:56:45:INFO:Simulation 417 starts
2025-06-22 02:56:45:INFO:Simulation 418 starts
2025-06-22 02:56:45:INFO:Simulation 418 starts
2025-06-22 02:59:23:INFO:At sim 418, new best reward found: 0.33766
2025-06-22 02:59:23:INFO:At sim 418, new best reward found: 0.33766
2025-06-22 02:59:23:INFO:Simulation 419 starts
2025-06-22 02:59:23:INFO:Simulation 419 starts
2025-06-22 02:59:23:INFO:Simulation 420 starts
2025-06-22 02:59:23:INFO:Simulation 420 starts
2025-06-22 03:02:02:INFO:Simulation 421 starts
2025-06-22 03:02:02:INFO:Simulation 421 starts
2025-06-22 03:02:02:INFO:Simulation 422 starts
2025-06-22 03:02:02:INFO:Simulation 422 starts
2025-06-22 03:04:42:INFO:Simulation 423 starts
2025-06-22 03:04:42:INFO:Simulation 423 starts
2025-06-22 03:04:42:INFO:Simulation 424 starts
2025-06-22 03:04:42:INFO:Simulation 424 starts
2025-06-22 03:07:19:INFO:Simulation 425 starts
2025-06-22 03:07:19:INFO:Simulation 425 starts
2025-06-22 03:07:19:INFO:Simulation 426 starts
2025-06-22 03:07:19:INFO:Simulation 426 starts
2025-06-22 03:09:58:INFO:Simulation 427 starts
2025-06-22 03:09:58:INFO:Simulation 427 starts
2025-06-22 03:09:58:INFO:Simulation 428 starts
2025-06-22 03:09:58:INFO:Simulation 428 starts
2025-06-22 03:12:35:INFO:Simulation 429 starts
2025-06-22 03:12:35:INFO:Simulation 429 starts
2025-06-22 03:14:52:INFO:Simulation 430 starts
2025-06-22 03:14:52:INFO:Simulation 430 starts
2025-06-22 03:14:52:INFO:Simulation 431 starts
2025-06-22 03:14:52:INFO:Simulation 431 starts
2025-06-22 03:14:52:INFO:Simulation 432 starts
2025-06-22 03:14:52:INFO:Simulation 432 starts
2025-06-22 03:14:52:INFO:Simulation 433 starts
2025-06-22 03:14:52:INFO:Simulation 433 starts
2025-06-22 03:17:27:INFO:Simulation 434 starts
2025-06-22 03:17:27:INFO:Simulation 434 starts
2025-06-22 03:17:27:INFO:Simulation 435 starts
2025-06-22 03:17:27:INFO:Simulation 435 starts
2025-06-22 03:17:27:INFO:Simulation 436 starts
2025-06-22 03:17:27:INFO:Simulation 436 starts
2025-06-22 03:17:27:INFO:Simulation 437 starts
2025-06-22 03:17:27:INFO:Simulation 437 starts
2025-06-22 03:17:27:INFO:Simulation 438 starts
2025-06-22 03:17:27:INFO:Simulation 438 starts
2025-06-22 03:17:27:INFO:Simulation 439 starts
2025-06-22 03:17:27:INFO:Simulation 439 starts
2025-06-22 03:20:00:INFO:Simulation 440 starts
2025-06-22 03:20:00:INFO:Simulation 440 starts
2025-06-22 03:20:00:INFO:Simulation 441 starts
2025-06-22 03:20:00:INFO:Simulation 441 starts
2025-06-22 03:22:38:INFO:Simulation 442 starts
2025-06-22 03:22:38:INFO:Simulation 442 starts
2025-06-22 03:22:38:INFO:Simulation 443 starts
2025-06-22 03:22:38:INFO:Simulation 443 starts
2025-06-22 03:25:16:INFO:Simulation 444 starts
2025-06-22 03:25:16:INFO:Simulation 444 starts
2025-06-22 03:25:16:INFO:Simulation 445 starts
2025-06-22 03:25:16:INFO:Simulation 445 starts
2025-06-22 03:25:16:INFO:Simulation 446 starts
2025-06-22 03:25:16:INFO:Simulation 446 starts
2025-06-22 03:25:16:INFO:Simulation 447 starts
2025-06-22 03:25:16:INFO:Simulation 447 starts
2025-06-22 03:25:52:INFO:Simulation 448 starts
2025-06-22 03:25:52:INFO:Simulation 448 starts
2025-06-22 03:25:52:INFO:Simulation 449 starts
2025-06-22 03:25:52:INFO:Simulation 449 starts
2025-06-22 03:25:52:INFO:Simulation 450 starts
2025-06-22 03:25:52:INFO:Simulation 450 starts
2025-06-22 03:28:30:INFO:Simulation 451 starts
2025-06-22 03:28:30:INFO:Simulation 451 starts
2025-06-22 03:28:30:INFO:Simulation 452 starts
2025-06-22 03:28:30:INFO:Simulation 452 starts
2025-06-22 03:30:48:INFO:Simulation 453 starts
2025-06-22 03:30:48:INFO:Simulation 453 starts
2025-06-22 03:30:48:INFO:Simulation 454 starts
2025-06-22 03:30:48:INFO:Simulation 454 starts
2025-06-22 03:33:25:INFO:Simulation 455 starts
2025-06-22 03:33:25:INFO:Simulation 455 starts
2025-06-22 03:33:25:INFO:Simulation 456 starts
2025-06-22 03:33:25:INFO:Simulation 456 starts
2025-06-22 03:36:05:INFO:Simulation 457 starts
2025-06-22 03:36:05:INFO:Simulation 457 starts
2025-06-22 03:36:05:INFO:Simulation 458 starts
2025-06-22 03:36:05:INFO:Simulation 458 starts
2025-06-22 03:38:38:INFO:Simulation 459 starts
2025-06-22 03:38:38:INFO:Simulation 459 starts
2025-06-22 03:38:38:INFO:Simulation 460 starts
2025-06-22 03:38:38:INFO:Simulation 460 starts
2025-06-22 03:40:54:INFO:Simulation 461 starts
2025-06-22 03:40:54:INFO:Simulation 461 starts
2025-06-22 03:40:54:INFO:Simulation 462 starts
2025-06-22 03:40:54:INFO:Simulation 462 starts
2025-06-22 03:43:31:INFO:Simulation 463 starts
2025-06-22 03:43:31:INFO:Simulation 463 starts
2025-06-22 03:43:31:INFO:Simulation 464 starts
2025-06-22 03:43:31:INFO:Simulation 464 starts
2025-06-22 03:43:31:INFO:Simulation 465 starts
2025-06-22 03:43:31:INFO:Simulation 465 starts
2025-06-22 03:43:31:INFO:Simulation 466 starts
2025-06-22 03:43:31:INFO:Simulation 466 starts
2025-06-22 03:45:47:INFO:Simulation 467 starts
2025-06-22 03:45:47:INFO:Simulation 467 starts
2025-06-22 03:45:47:INFO:Simulation 468 starts
2025-06-22 03:45:47:INFO:Simulation 468 starts
2025-06-22 03:48:22:INFO:Simulation 469 starts
2025-06-22 03:48:22:INFO:Simulation 469 starts
2025-06-22 03:50:38:INFO:Simulation 470 starts
2025-06-22 03:50:38:INFO:Simulation 470 starts
2025-06-22 03:50:38:INFO:Simulation 471 starts
2025-06-22 03:50:38:INFO:Simulation 471 starts
2025-06-22 03:53:14:INFO:Simulation 472 starts
2025-06-22 03:53:14:INFO:Simulation 472 starts
2025-06-22 03:53:14:INFO:Simulation 473 starts
2025-06-22 03:53:14:INFO:Simulation 473 starts
2025-06-22 03:53:47:INFO:Simulation 474 starts
2025-06-22 03:53:47:INFO:Simulation 474 starts
2025-06-22 03:53:47:INFO:Simulation 475 starts
2025-06-22 03:53:47:INFO:Simulation 475 starts
2025-06-22 03:56:25:INFO:Simulation 476 starts
2025-06-22 03:56:25:INFO:Simulation 476 starts
2025-06-22 03:56:25:INFO:Simulation 477 starts
2025-06-22 03:56:25:INFO:Simulation 477 starts
2025-06-22 03:59:04:INFO:Simulation 478 starts
2025-06-22 03:59:04:INFO:Simulation 478 starts
2025-06-22 03:59:04:INFO:Simulation 479 starts
2025-06-22 03:59:04:INFO:Simulation 479 starts
2025-06-22 04:01:21:INFO:Simulation 480 starts
2025-06-22 04:01:21:INFO:Simulation 480 starts
2025-06-22 04:01:21:INFO:Simulation 481 starts
2025-06-22 04:01:21:INFO:Simulation 481 starts
2025-06-22 04:01:21:INFO:Simulation 482 starts
2025-06-22 04:01:21:INFO:Simulation 482 starts
2025-06-22 04:01:21:INFO:Simulation 483 starts
2025-06-22 04:01:21:INFO:Simulation 483 starts
2025-06-22 04:03:58:INFO:Simulation 484 starts
2025-06-22 04:03:58:INFO:Simulation 484 starts
2025-06-22 04:03:58:INFO:Simulation 485 starts
2025-06-22 04:03:58:INFO:Simulation 485 starts
2025-06-22 04:06:37:INFO:Simulation 486 starts
2025-06-22 04:06:37:INFO:Simulation 486 starts
2025-06-22 04:06:37:INFO:Simulation 487 starts
2025-06-22 04:06:37:INFO:Simulation 487 starts
2025-06-22 04:09:17:INFO:Simulation 488 starts
2025-06-22 04:09:17:INFO:Simulation 488 starts
2025-06-22 04:11:54:INFO:Simulation 489 starts
2025-06-22 04:11:54:INFO:Simulation 489 starts
2025-06-22 04:11:54:INFO:Simulation 490 starts
2025-06-22 04:11:54:INFO:Simulation 490 starts
2025-06-22 04:11:54:INFO:Simulation 491 starts
2025-06-22 04:11:54:INFO:Simulation 491 starts
2025-06-22 04:11:54:INFO:Simulation 492 starts
2025-06-22 04:11:54:INFO:Simulation 492 starts
2025-06-22 04:11:54:INFO:Simulation 493 starts
2025-06-22 04:11:54:INFO:Simulation 493 starts
2025-06-22 04:11:54:INFO:Simulation 494 starts
2025-06-22 04:11:54:INFO:Simulation 494 starts
2025-06-22 04:11:54:INFO:Simulation 495 starts
2025-06-22 04:11:54:INFO:Simulation 495 starts
2025-06-22 04:11:54:INFO:Simulation 496 starts
2025-06-22 04:11:54:INFO:Simulation 496 starts
2025-06-22 04:11:54:INFO:Simulation 497 starts
2025-06-22 04:11:54:INFO:Simulation 497 starts
2025-06-22 04:11:54:INFO:Simulation 498 starts
2025-06-22 04:11:54:INFO:Simulation 498 starts
2025-06-22 04:11:54:INFO:Simulation 499 starts
2025-06-22 04:11:54:INFO:Simulation 499 starts
2025-06-22 04:11:54:INFO:Simulation 500 starts
2025-06-22 04:11:54:INFO:Simulation 500 starts
2025-06-22 04:11:54:INFO:Simulation 501 starts
2025-06-22 04:11:54:INFO:Simulation 501 starts
2025-06-22 04:11:54:INFO:Simulation 502 starts
2025-06-22 04:11:54:INFO:Simulation 502 starts
2025-06-22 04:14:32:INFO:Simulation 503 starts
2025-06-22 04:14:32:INFO:Simulation 503 starts
2025-06-22 04:14:32:INFO:Simulation 504 starts
2025-06-22 04:14:32:INFO:Simulation 504 starts
2025-06-22 04:17:10:INFO:Simulation 505 starts
2025-06-22 04:17:10:INFO:Simulation 505 starts
2025-06-22 04:17:10:INFO:Simulation 506 starts
2025-06-22 04:17:10:INFO:Simulation 506 starts
2025-06-22 04:17:10:INFO:Simulation 507 starts
2025-06-22 04:17:10:INFO:Simulation 507 starts
2025-06-22 04:17:10:INFO:Simulation 508 starts
2025-06-22 04:17:10:INFO:Simulation 508 starts
2025-06-22 04:19:47:INFO:Simulation 509 starts
2025-06-22 04:19:47:INFO:Simulation 509 starts
2025-06-22 04:22:23:INFO:Simulation 510 starts
2025-06-22 04:22:23:INFO:Simulation 510 starts
2025-06-22 04:22:23:INFO:Simulation 511 starts
2025-06-22 04:22:23:INFO:Simulation 511 starts
2025-06-22 04:24:59:INFO:Simulation 512 starts
2025-06-22 04:24:59:INFO:Simulation 512 starts
2025-06-22 04:24:59:INFO:Simulation 513 starts
2025-06-22 04:24:59:INFO:Simulation 513 starts
2025-06-22 04:24:59:INFO:Simulation 514 starts
2025-06-22 04:24:59:INFO:Simulation 514 starts
2025-06-22 04:24:59:INFO:Simulation 515 starts
2025-06-22 04:24:59:INFO:Simulation 515 starts
2025-06-22 04:24:59:INFO:Simulation 516 starts
2025-06-22 04:24:59:INFO:Simulation 516 starts
2025-06-22 04:24:59:INFO:Simulation 517 starts
2025-06-22 04:24:59:INFO:Simulation 517 starts
2025-06-22 04:24:59:INFO:Simulation 518 starts
2025-06-22 04:24:59:INFO:Simulation 518 starts
2025-06-22 04:24:59:INFO:Simulation 519 starts
2025-06-22 04:24:59:INFO:Simulation 519 starts
2025-06-22 04:24:59:INFO:Simulation 520 starts
2025-06-22 04:24:59:INFO:Simulation 520 starts
2025-06-22 04:24:59:INFO:Simulation 521 starts
2025-06-22 04:24:59:INFO:Simulation 521 starts
2025-06-22 04:24:59:INFO:Simulation 522 starts
2025-06-22 04:24:59:INFO:Simulation 522 starts
2025-06-22 04:24:59:INFO:Simulation 523 starts
2025-06-22 04:24:59:INFO:Simulation 523 starts
2025-06-22 04:27:35:INFO:Simulation 524 starts
2025-06-22 04:27:35:INFO:Simulation 524 starts
2025-06-22 04:27:35:INFO:Simulation 525 starts
2025-06-22 04:27:35:INFO:Simulation 525 starts
2025-06-22 04:30:12:INFO:Simulation 526 starts
2025-06-22 04:30:12:INFO:Simulation 526 starts
2025-06-22 04:30:12:INFO:Simulation 527 starts
2025-06-22 04:30:12:INFO:Simulation 527 starts
2025-06-22 04:32:27:INFO:Simulation 528 starts
2025-06-22 04:32:27:INFO:Simulation 528 starts
2025-06-22 04:35:03:INFO:Simulation 529 starts
2025-06-22 04:35:03:INFO:Simulation 529 starts
2025-06-22 04:35:03:INFO:Simulation 530 starts
2025-06-22 04:35:03:INFO:Simulation 530 starts
2025-06-22 04:37:38:INFO:Simulation 531 starts
2025-06-22 04:37:38:INFO:Simulation 531 starts
2025-06-22 04:37:38:INFO:Simulation 532 starts
2025-06-22 04:37:38:INFO:Simulation 532 starts
2025-06-22 04:39:53:INFO:Simulation 533 starts
2025-06-22 04:39:53:INFO:Simulation 533 starts
2025-06-22 04:39:53:INFO:Simulation 534 starts
2025-06-22 04:39:53:INFO:Simulation 534 starts
2025-06-22 04:42:30:INFO:Simulation 535 starts
2025-06-22 04:42:30:INFO:Simulation 535 starts
2025-06-22 04:42:30:INFO:Simulation 536 starts
2025-06-22 04:42:30:INFO:Simulation 536 starts
2025-06-22 04:45:09:INFO:Simulation 537 starts
2025-06-22 04:45:09:INFO:Simulation 537 starts
2025-06-22 04:45:09:INFO:Simulation 538 starts
2025-06-22 04:45:09:INFO:Simulation 538 starts
2025-06-22 04:45:09:INFO:Simulation 539 starts
2025-06-22 04:45:09:INFO:Simulation 539 starts
2025-06-22 04:45:09:INFO:Simulation 540 starts
2025-06-22 04:45:09:INFO:Simulation 540 starts
2025-06-22 04:47:46:INFO:Simulation 541 starts
2025-06-22 04:47:46:INFO:Simulation 541 starts
2025-06-22 04:47:46:INFO:Simulation 542 starts
2025-06-22 04:47:46:INFO:Simulation 542 starts
2025-06-22 04:50:22:INFO:Simulation 543 starts
2025-06-22 04:50:22:INFO:Simulation 543 starts
2025-06-22 04:50:22:INFO:Simulation 544 starts
2025-06-22 04:50:22:INFO:Simulation 544 starts
2025-06-22 04:52:59:INFO:Simulation 545 starts
2025-06-22 04:52:59:INFO:Simulation 545 starts
2025-06-22 04:52:59:INFO:Simulation 546 starts
2025-06-22 04:52:59:INFO:Simulation 546 starts
2025-06-22 04:55:38:INFO:Simulation 547 starts
2025-06-22 04:55:38:INFO:Simulation 547 starts
2025-06-22 04:58:17:INFO:Simulation 548 starts
2025-06-22 04:58:17:INFO:Simulation 548 starts
2025-06-22 04:58:17:INFO:Simulation 549 starts
2025-06-22 04:58:17:INFO:Simulation 549 starts
2025-06-22 05:00:54:INFO:Simulation 550 starts
2025-06-22 05:00:54:INFO:Simulation 550 starts
2025-06-22 05:00:54:INFO:Simulation 551 starts
2025-06-22 05:00:54:INFO:Simulation 551 starts
2025-06-22 05:03:30:INFO:Simulation 552 starts
2025-06-22 05:03:30:INFO:Simulation 552 starts
2025-06-22 05:03:30:INFO:Simulation 553 starts
2025-06-22 05:03:30:INFO:Simulation 553 starts
2025-06-22 05:06:07:INFO:Simulation 554 starts
2025-06-22 05:06:07:INFO:Simulation 554 starts
2025-06-22 05:06:07:INFO:Simulation 555 starts
2025-06-22 05:06:07:INFO:Simulation 555 starts
2025-06-22 05:08:42:INFO:Simulation 556 starts
2025-06-22 05:08:42:INFO:Simulation 556 starts
2025-06-22 05:08:42:INFO:Simulation 557 starts
2025-06-22 05:08:42:INFO:Simulation 557 starts
2025-06-22 05:11:18:INFO:Simulation 558 starts
2025-06-22 05:11:18:INFO:Simulation 558 starts
2025-06-22 05:11:18:INFO:Simulation 559 starts
2025-06-22 05:11:18:INFO:Simulation 559 starts
2025-06-22 05:13:52:INFO:Simulation 560 starts
2025-06-22 05:13:52:INFO:Simulation 560 starts
2025-06-22 05:13:52:INFO:Simulation 561 starts
2025-06-22 05:13:52:INFO:Simulation 561 starts
2025-06-22 05:16:26:INFO:Simulation 562 starts
2025-06-22 05:16:26:INFO:Simulation 562 starts
2025-06-22 05:16:26:INFO:Simulation 563 starts
2025-06-22 05:16:26:INFO:Simulation 563 starts
2025-06-22 05:19:00:INFO:Simulation 564 starts
2025-06-22 05:19:00:INFO:Simulation 564 starts
2025-06-22 05:19:00:INFO:Simulation 565 starts
2025-06-22 05:19:00:INFO:Simulation 565 starts
2025-06-22 05:21:35:INFO:Simulation 566 starts
2025-06-22 05:21:35:INFO:Simulation 566 starts
2025-06-22 05:24:09:INFO:Simulation 567 starts
2025-06-22 05:24:09:INFO:Simulation 567 starts
2025-06-22 05:24:09:INFO:Simulation 568 starts
2025-06-22 05:24:09:INFO:Simulation 568 starts
2025-06-22 05:26:44:INFO:Simulation 569 starts
2025-06-22 05:26:44:INFO:Simulation 569 starts
2025-06-22 05:26:44:INFO:Simulation 570 starts
2025-06-22 05:26:44:INFO:Simulation 570 starts
2025-06-22 05:29:18:INFO:Simulation 571 starts
2025-06-22 05:29:18:INFO:Simulation 571 starts
2025-06-22 05:29:18:INFO:Simulation 572 starts
2025-06-22 05:29:18:INFO:Simulation 572 starts
2025-06-22 05:31:55:INFO:Simulation 573 starts
2025-06-22 05:31:55:INFO:Simulation 573 starts
2025-06-22 05:31:55:INFO:Simulation 574 starts
2025-06-22 05:31:55:INFO:Simulation 574 starts
2025-06-22 05:34:30:INFO:Simulation 575 starts
2025-06-22 05:34:30:INFO:Simulation 575 starts
2025-06-22 05:34:30:INFO:Simulation 576 starts
2025-06-22 05:34:30:INFO:Simulation 576 starts
2025-06-22 05:37:05:INFO:Simulation 577 starts
2025-06-22 05:37:05:INFO:Simulation 577 starts
2025-06-22 05:37:05:INFO:Simulation 578 starts
2025-06-22 05:37:05:INFO:Simulation 578 starts
2025-06-22 05:39:39:INFO:Simulation 579 starts
2025-06-22 05:39:39:INFO:Simulation 579 starts
2025-06-22 05:39:39:INFO:Simulation 580 starts
2025-06-22 05:39:39:INFO:Simulation 580 starts
2025-06-22 05:42:14:INFO:Simulation 581 starts
2025-06-22 05:42:14:INFO:Simulation 581 starts
2025-06-22 05:42:14:INFO:Simulation 582 starts
2025-06-22 05:42:14:INFO:Simulation 582 starts
2025-06-22 05:44:33:INFO:Simulation 583 starts
2025-06-22 05:44:33:INFO:Simulation 583 starts
2025-06-22 05:44:33:INFO:Simulation 584 starts
2025-06-22 05:44:33:INFO:Simulation 584 starts
2025-06-22 05:46:48:INFO:Simulation 585 starts
2025-06-22 05:46:48:INFO:Simulation 585 starts
2025-06-22 05:46:48:INFO:Simulation 586 starts
2025-06-22 05:46:48:INFO:Simulation 586 starts
2025-06-22 05:46:48:INFO:Simulation 587 starts
2025-06-22 05:46:48:INFO:Simulation 587 starts
2025-06-22 05:49:23:INFO:Simulation 588 starts
2025-06-22 05:49:23:INFO:Simulation 588 starts
2025-06-22 05:49:23:INFO:Simulation 589 starts
2025-06-22 05:49:23:INFO:Simulation 589 starts
2025-06-22 05:51:57:INFO:Simulation 590 starts
2025-06-22 05:51:57:INFO:Simulation 590 starts
2025-06-22 05:51:57:INFO:Simulation 591 starts
2025-06-22 05:51:57:INFO:Simulation 591 starts
2025-06-22 05:54:31:INFO:Simulation 592 starts
2025-06-22 05:54:31:INFO:Simulation 592 starts
2025-06-22 05:54:31:INFO:Simulation 593 starts
2025-06-22 05:54:31:INFO:Simulation 593 starts
2025-06-22 05:57:06:INFO:Simulation 594 starts
2025-06-22 05:57:06:INFO:Simulation 594 starts
2025-06-22 05:57:06:INFO:Simulation 595 starts
2025-06-22 05:57:06:INFO:Simulation 595 starts
2025-06-22 05:59:41:INFO:Simulation 596 starts
2025-06-22 05:59:41:INFO:Simulation 596 starts
2025-06-22 05:59:41:INFO:Simulation 597 starts
2025-06-22 05:59:41:INFO:Simulation 597 starts
2025-06-22 05:59:41:INFO:Simulation 598 starts
2025-06-22 05:59:41:INFO:Simulation 598 starts
2025-06-22 05:59:41:INFO:Simulation 599 starts
2025-06-22 05:59:41:INFO:Simulation 599 starts
2025-06-22 06:02:16:INFO:
Select 0'th strategy: (then cofactor-term-ite (using-params smt :random_seed 100))
improve on 111 instances,  new par10: 0.33766
Select 1'th strategy: (then propagate-values solve-eqs factor elim-uncnstr (using-params smt :smt.string_solver z3str3))
improve on 66 instances,  new par10: 0.47146
Select 2'th strategy: (then fm (using-params smt :random_seed 100))
improve on 39 instances,  new par10: 0.49012
Select 3'th strategy: (using-params smt :random_seed 300)
improve on 35 instances,  new par10: 0.50009

2025-06-22 06:02:16:INFO:Selected 4 strategies: ['(then cofactor-term-ite (using-params smt :random_seed 100))', '(then propagate-values solve-eqs factor elim-uncnstr (using-params smt :smt.string_solver z3str3))', '(then fm (using-params smt :random_seed 100))', '(using-params smt :random_seed 300)'], saved to /tmp/experiments/synthesis/out-2025-06-21_19-02-07/ln_strat_candidates.csv
2025-06-22 06:02:16:INFO:Stage 1 Time: 39609
2025-06-22 06:02:16:INFO:Parallel strategy saved to /tmp/experiments/synthesis/out-2025-06-21_19-02-07/parallel_strategy.txt
2025-06-22 06:02:16:INFO:Synthesis time: 39609 seconds
slurmstepd: error: Detected 46 oom_kill events in StepId=9283854.0. Some of the step tasks have been OOM Killed.
srun: error: amp053: task 0: Out Of Memory
srun: Terminating StepId=9283854.0
============ Job Information ===================================================
Submitted: 2025-06-20T10:27:29
Started: 2025-06-20T16:23:38
Ended: 2025-06-22T06:02:18
Elapsed: 2259 min, Limit: 2880 min, Difference: 621 min
CPUs: 96, Nodes: 1
Estimated Consumption: 3614.40 core-hours
================================================================================
