================================================================================
JobID = 9283824
User = sarnighause, Account = scc_users
Partition = medium, Nodelist = amp079
================================================================================
WARNING: While bind mounting '/scratch1/users/sarnighause/tmp:/tmp/': destination is already in the mount point list
z3 test results: solved 387 instances with par2 53921.04897046089 and par10 268481.05
Found 112 benchmarks taking more than 1 second
2025-06-20 14:44:15:INFO:Using Z3 version: Z3 version 4.15.0 - 64 bit
2025-06-20 14:45:15:INFO:S1 MCTS Simulations Start
2025-06-20 14:45:15:INFO:Simulation 0 starts
2025-06-20 14:45:15:INFO:Simulation 0 starts
2025-06-20 14:46:16:INFO:At sim 0, new best reward found: 0.05253
2025-06-20 14:46:16:INFO:At sim 0, new best reward found: 0.05253
2025-06-20 14:46:16:INFO:Simulation 1 starts
2025-06-20 14:46:16:INFO:Simulation 1 starts
2025-06-20 14:47:17:INFO:Simulation 2 starts
2025-06-20 14:47:17:INFO:Simulation 2 starts
2025-06-20 14:48:17:INFO:Simulation 3 starts
2025-06-20 14:48:17:INFO:Simulation 3 starts
2025-06-20 14:49:18:INFO:Simulation 4 starts
2025-06-20 14:49:18:INFO:Simulation 4 starts
2025-06-20 14:50:18:INFO:Simulation 5 starts
2025-06-20 14:50:18:INFO:Simulation 5 starts
2025-06-20 14:50:18:INFO:Simulation 6 starts
2025-06-20 14:50:18:INFO:Simulation 6 starts
2025-06-20 14:51:19:INFO:Simulation 7 starts
2025-06-20 14:51:19:INFO:Simulation 7 starts
2025-06-20 14:51:19:INFO:Simulation 8 starts
2025-06-20 14:51:19:INFO:Simulation 8 starts
2025-06-20 14:52:20:INFO:Simulation 9 starts
2025-06-20 14:52:20:INFO:Simulation 9 starts
2025-06-20 14:53:21:INFO:Simulation 10 starts
2025-06-20 14:53:21:INFO:Simulation 10 starts
2025-06-20 14:54:21:INFO:Simulation 11 starts
2025-06-20 14:54:21:INFO:Simulation 11 starts
2025-06-20 14:55:22:INFO:Simulation 12 starts
2025-06-20 14:55:22:INFO:Simulation 12 starts
2025-06-20 14:55:22:INFO:Simulation 13 starts
2025-06-20 14:55:22:INFO:Simulation 13 starts
2025-06-20 14:56:23:INFO:Simulation 14 starts
2025-06-20 14:56:23:INFO:Simulation 14 starts
2025-06-20 14:57:23:INFO:Simulation 15 starts
2025-06-20 14:57:23:INFO:Simulation 15 starts
2025-06-20 14:58:24:INFO:Simulation 16 starts
2025-06-20 14:58:24:INFO:Simulation 16 starts
2025-06-20 14:58:24:INFO:Simulation 17 starts
2025-06-20 14:58:24:INFO:Simulation 17 starts
2025-06-20 14:59:25:INFO:Simulation 18 starts
2025-06-20 14:59:25:INFO:Simulation 18 starts
2025-06-20 15:00:25:INFO:Simulation 19 starts
2025-06-20 15:00:25:INFO:Simulation 19 starts
2025-06-20 15:01:26:INFO:Simulation 20 starts
2025-06-20 15:01:26:INFO:Simulation 20 starts
2025-06-20 15:01:26:INFO:Simulation 21 starts
2025-06-20 15:01:26:INFO:Simulation 21 starts
2025-06-20 15:01:26:INFO:Simulation 22 starts
2025-06-20 15:01:26:INFO:Simulation 22 starts
2025-06-20 15:01:26:INFO:Simulation 23 starts
2025-06-20 15:01:26:INFO:Simulation 23 starts
2025-06-20 15:02:27:INFO:Simulation 24 starts
2025-06-20 15:02:27:INFO:Simulation 24 starts
2025-06-20 15:03:28:INFO:Simulation 25 starts
2025-06-20 15:03:28:INFO:Simulation 25 starts
2025-06-20 15:04:28:INFO:Simulation 26 starts
2025-06-20 15:04:28:INFO:Simulation 26 starts
2025-06-20 15:04:28:INFO:Simulation 27 starts
2025-06-20 15:04:28:INFO:Simulation 27 starts
2025-06-20 15:05:29:INFO:Simulation 28 starts
2025-06-20 15:05:29:INFO:Simulation 28 starts
2025-06-20 15:06:30:INFO:Simulation 29 starts
2025-06-20 15:06:30:INFO:Simulation 29 starts
2025-06-20 15:07:30:INFO:Simulation 30 starts
2025-06-20 15:07:30:INFO:Simulation 30 starts
2025-06-20 15:07:30:INFO:Simulation 31 starts
2025-06-20 15:07:30:INFO:Simulation 31 starts
2025-06-20 15:07:31:INFO:Simulation 32 starts
2025-06-20 15:07:31:INFO:Simulation 32 starts
2025-06-20 15:07:31:INFO:Simulation 33 starts
2025-06-20 15:07:31:INFO:Simulation 33 starts
2025-06-20 15:08:31:INFO:Simulation 34 starts
2025-06-20 15:08:31:INFO:Simulation 34 starts
2025-06-20 15:08:31:INFO:Simulation 35 starts
2025-06-20 15:08:31:INFO:Simulation 35 starts
2025-06-20 15:09:32:INFO:Simulation 36 starts
2025-06-20 15:09:32:INFO:Simulation 36 starts
2025-06-20 15:09:32:INFO:Simulation 37 starts
2025-06-20 15:09:32:INFO:Simulation 37 starts
2025-06-20 15:10:33:INFO:Simulation 38 starts
2025-06-20 15:10:33:INFO:Simulation 38 starts
2025-06-20 15:10:33:INFO:Simulation 39 starts
2025-06-20 15:10:33:INFO:Simulation 39 starts
2025-06-20 15:11:34:INFO:Simulation 40 starts
2025-06-20 15:11:34:INFO:Simulation 40 starts
2025-06-20 15:11:34:INFO:Simulation 41 starts
2025-06-20 15:11:34:INFO:Simulation 41 starts
2025-06-20 15:11:34:INFO:Simulation 42 starts
2025-06-20 15:11:34:INFO:Simulation 42 starts
2025-06-20 15:11:34:INFO:Simulation 43 starts
2025-06-20 15:11:34:INFO:Simulation 43 starts
2025-06-20 15:12:35:INFO:Simulation 44 starts
2025-06-20 15:12:35:INFO:Simulation 44 starts
2025-06-20 15:12:35:INFO:Simulation 45 starts
2025-06-20 15:12:35:INFO:Simulation 45 starts
2025-06-20 15:13:35:INFO:At sim 45, new best reward found: 0.05253
2025-06-20 15:13:35:INFO:At sim 45, new best reward found: 0.05253
2025-06-20 15:13:35:INFO:Simulation 46 starts
2025-06-20 15:13:35:INFO:Simulation 46 starts
2025-06-20 15:13:35:INFO:Simulation 47 starts
2025-06-20 15:13:35:INFO:Simulation 47 starts
2025-06-20 15:14:36:INFO:Simulation 48 starts
2025-06-20 15:14:36:INFO:Simulation 48 starts
2025-06-20 15:14:36:INFO:Simulation 49 starts
2025-06-20 15:14:36:INFO:Simulation 49 starts
2025-06-20 15:15:37:INFO:Simulation 50 starts
2025-06-20 15:15:37:INFO:Simulation 50 starts
2025-06-20 15:15:37:INFO:Simulation 51 starts
2025-06-20 15:15:37:INFO:Simulation 51 starts
2025-06-20 15:16:38:INFO:Simulation 52 starts
2025-06-20 15:16:38:INFO:Simulation 52 starts
2025-06-20 15:16:38:INFO:Simulation 53 starts
2025-06-20 15:16:38:INFO:Simulation 53 starts
2025-06-20 15:17:38:INFO:Simulation 54 starts
2025-06-20 15:17:38:INFO:Simulation 54 starts
2025-06-20 15:17:38:INFO:Simulation 55 starts
2025-06-20 15:17:38:INFO:Simulation 55 starts
2025-06-20 15:18:39:INFO:Simulation 56 starts
2025-06-20 15:18:39:INFO:Simulation 56 starts
2025-06-20 15:18:39:INFO:Simulation 57 starts
2025-06-20 15:18:39:INFO:Simulation 57 starts
2025-06-20 15:18:39:INFO:Simulation 58 starts
2025-06-20 15:18:39:INFO:Simulation 58 starts
2025-06-20 15:18:39:INFO:Simulation 59 starts
2025-06-20 15:18:39:INFO:Simulation 59 starts
2025-06-20 15:19:40:INFO:Simulation 60 starts
2025-06-20 15:19:40:INFO:Simulation 60 starts
2025-06-20 15:19:40:INFO:Simulation 61 starts
2025-06-20 15:19:40:INFO:Simulation 61 starts
2025-06-20 15:20:40:INFO:Simulation 62 starts
2025-06-20 15:20:40:INFO:Simulation 62 starts
2025-06-20 15:20:40:INFO:Simulation 63 starts
2025-06-20 15:20:40:INFO:Simulation 63 starts
2025-06-20 15:20:40:INFO:Simulation 64 starts
2025-06-20 15:20:40:INFO:Simulation 64 starts
2025-06-20 15:20:40:INFO:Simulation 65 starts
2025-06-20 15:20:40:INFO:Simulation 65 starts
2025-06-20 15:20:41:INFO:Simulation 66 starts
2025-06-20 15:20:41:INFO:Simulation 66 starts
2025-06-20 15:20:41:INFO:Simulation 67 starts
2025-06-20 15:20:41:INFO:Simulation 67 starts
2025-06-20 15:21:41:INFO:Simulation 68 starts
2025-06-20 15:21:41:INFO:Simulation 68 starts
2025-06-20 15:21:41:INFO:Simulation 69 starts
2025-06-20 15:21:41:INFO:Simulation 69 starts
2025-06-20 15:21:41:INFO:Simulation 70 starts
2025-06-20 15:21:41:INFO:Simulation 70 starts
2025-06-20 15:21:41:INFO:Simulation 71 starts
2025-06-20 15:21:41:INFO:Simulation 71 starts
2025-06-20 15:21:41:INFO:Simulation 72 starts
2025-06-20 15:21:41:INFO:Simulation 72 starts
2025-06-20 15:21:41:INFO:Simulation 73 starts
2025-06-20 15:21:41:INFO:Simulation 73 starts
2025-06-20 15:22:42:INFO:Simulation 74 starts
2025-06-20 15:22:42:INFO:Simulation 74 starts
2025-06-20 15:22:42:INFO:Simulation 75 starts
2025-06-20 15:22:42:INFO:Simulation 75 starts
2025-06-20 15:22:42:INFO:Simulation 76 starts
2025-06-20 15:22:42:INFO:Simulation 76 starts
2025-06-20 15:22:42:INFO:Simulation 77 starts
2025-06-20 15:22:42:INFO:Simulation 77 starts
2025-06-20 15:22:42:INFO:Simulation 78 starts
2025-06-20 15:22:42:INFO:Simulation 78 starts
2025-06-20 15:22:42:INFO:Simulation 79 starts
2025-06-20 15:22:42:INFO:Simulation 79 starts
2025-06-20 15:23:43:INFO:Simulation 80 starts
2025-06-20 15:23:43:INFO:Simulation 80 starts
2025-06-20 15:23:43:INFO:Simulation 81 starts
2025-06-20 15:23:43:INFO:Simulation 81 starts
2025-06-20 15:24:43:INFO:Simulation 82 starts
2025-06-20 15:24:43:INFO:Simulation 82 starts
2025-06-20 15:24:43:INFO:Simulation 83 starts
2025-06-20 15:24:43:INFO:Simulation 83 starts
2025-06-20 15:25:44:INFO:Simulation 84 starts
2025-06-20 15:25:44:INFO:Simulation 84 starts
2025-06-20 15:25:44:INFO:Simulation 85 starts
2025-06-20 15:25:44:INFO:Simulation 85 starts
2025-06-20 15:26:45:INFO:Simulation 86 starts
2025-06-20 15:26:45:INFO:Simulation 86 starts
2025-06-20 15:26:45:INFO:Simulation 87 starts
2025-06-20 15:26:45:INFO:Simulation 87 starts
2025-06-20 15:27:45:INFO:Simulation 88 starts
2025-06-20 15:27:45:INFO:Simulation 88 starts
2025-06-20 15:27:45:INFO:Simulation 89 starts
2025-06-20 15:27:45:INFO:Simulation 89 starts
2025-06-20 15:28:46:INFO:Simulation 90 starts
2025-06-20 15:28:46:INFO:Simulation 90 starts
2025-06-20 15:28:46:INFO:Simulation 91 starts
2025-06-20 15:28:46:INFO:Simulation 91 starts
2025-06-20 15:29:47:INFO:Simulation 92 starts
2025-06-20 15:29:47:INFO:Simulation 92 starts
2025-06-20 15:29:47:INFO:Simulation 93 starts
2025-06-20 15:29:47:INFO:Simulation 93 starts
2025-06-20 15:30:47:INFO:Simulation 94 starts
2025-06-20 15:30:47:INFO:Simulation 94 starts
2025-06-20 15:30:47:INFO:Simulation 95 starts
2025-06-20 15:30:47:INFO:Simulation 95 starts
2025-06-20 15:31:48:INFO:Simulation 96 starts
2025-06-20 15:31:48:INFO:Simulation 96 starts
2025-06-20 15:31:48:INFO:Simulation 97 starts
2025-06-20 15:31:48:INFO:Simulation 97 starts
2025-06-20 15:31:48:INFO:Simulation 98 starts
2025-06-20 15:31:48:INFO:Simulation 98 starts
2025-06-20 15:31:48:INFO:Simulation 99 starts
2025-06-20 15:31:48:INFO:Simulation 99 starts
2025-06-20 15:32:49:INFO:Simulation 100 starts
2025-06-20 15:32:49:INFO:Simulation 100 starts
2025-06-20 15:32:49:INFO:Simulation 101 starts
2025-06-20 15:32:49:INFO:Simulation 101 starts
2025-06-20 15:33:49:INFO:Simulation 102 starts
2025-06-20 15:33:49:INFO:Simulation 102 starts
2025-06-20 15:33:49:INFO:Simulation 103 starts
2025-06-20 15:33:49:INFO:Simulation 103 starts
2025-06-20 15:34:50:INFO:Simulation 104 starts
2025-06-20 15:34:50:INFO:Simulation 104 starts
2025-06-20 15:34:50:INFO:Simulation 105 starts
2025-06-20 15:34:50:INFO:Simulation 105 starts
2025-06-20 15:35:51:INFO:At sim 105, new best reward found: 0.06084
2025-06-20 15:35:51:INFO:At sim 105, new best reward found: 0.06084
2025-06-20 15:35:51:INFO:Simulation 106 starts
2025-06-20 15:35:51:INFO:Simulation 106 starts
2025-06-20 15:35:51:INFO:Simulation 107 starts
2025-06-20 15:35:51:INFO:Simulation 107 starts
2025-06-20 15:35:51:INFO:Simulation 108 starts
2025-06-20 15:35:51:INFO:Simulation 108 starts
2025-06-20 15:35:52:INFO:Simulation 109 starts
2025-06-20 15:35:52:INFO:Simulation 109 starts
2025-06-20 15:36:52:INFO:Simulation 110 starts
2025-06-20 15:36:52:INFO:Simulation 110 starts
2025-06-20 15:37:53:INFO:Simulation 111 starts
2025-06-20 15:37:53:INFO:Simulation 111 starts
2025-06-20 15:38:54:INFO:Simulation 112 starts
2025-06-20 15:38:54:INFO:Simulation 112 starts
2025-06-20 15:38:54:INFO:Simulation 113 starts
2025-06-20 15:38:54:INFO:Simulation 113 starts
2025-06-20 15:39:54:INFO:Simulation 114 starts
2025-06-20 15:39:54:INFO:Simulation 114 starts
2025-06-20 15:39:54:INFO:Simulation 115 starts
2025-06-20 15:39:54:INFO:Simulation 115 starts
2025-06-20 15:40:55:INFO:Simulation 116 starts
2025-06-20 15:40:55:INFO:Simulation 116 starts
2025-06-20 15:40:55:INFO:Simulation 117 starts
2025-06-20 15:40:55:INFO:Simulation 117 starts
2025-06-20 15:40:55:INFO:Simulation 118 starts
2025-06-20 15:40:55:INFO:Simulation 118 starts
2025-06-20 15:40:55:INFO:Simulation 119 starts
2025-06-20 15:40:55:INFO:Simulation 119 starts
2025-06-20 15:41:56:INFO:Simulation 120 starts
2025-06-20 15:41:56:INFO:Simulation 120 starts
2025-06-20 15:41:56:INFO:Simulation 121 starts
2025-06-20 15:41:56:INFO:Simulation 121 starts
2025-06-20 15:42:57:INFO:Simulation 122 starts
2025-06-20 15:42:57:INFO:Simulation 122 starts
2025-06-20 15:43:58:INFO:Simulation 123 starts
2025-06-20 15:43:58:INFO:Simulation 123 starts
2025-06-20 15:43:58:INFO:Simulation 124 starts
2025-06-20 15:43:58:INFO:Simulation 124 starts
2025-06-20 15:44:58:INFO:Simulation 125 starts
2025-06-20 15:44:58:INFO:Simulation 125 starts
2025-06-20 15:44:58:INFO:Simulation 126 starts
2025-06-20 15:44:58:INFO:Simulation 126 starts
2025-06-20 15:45:59:INFO:Simulation 127 starts
2025-06-20 15:45:59:INFO:Simulation 127 starts
2025-06-20 15:45:59:INFO:Simulation 128 starts
2025-06-20 15:45:59:INFO:Simulation 128 starts
2025-06-20 15:47:00:INFO:Simulation 129 starts
2025-06-20 15:47:00:INFO:Simulation 129 starts
2025-06-20 15:47:00:INFO:Simulation 130 starts
2025-06-20 15:47:00:INFO:Simulation 130 starts
2025-06-20 15:48:00:INFO:Simulation 131 starts
2025-06-20 15:48:00:INFO:Simulation 131 starts
2025-06-20 15:48:00:INFO:Simulation 132 starts
2025-06-20 15:48:00:INFO:Simulation 132 starts
2025-06-20 15:49:01:INFO:Simulation 133 starts
2025-06-20 15:49:01:INFO:Simulation 133 starts
2025-06-20 15:50:02:INFO:Simulation 134 starts
2025-06-20 15:50:02:INFO:Simulation 134 starts
2025-06-20 15:50:02:INFO:Simulation 135 starts
2025-06-20 15:50:02:INFO:Simulation 135 starts
2025-06-20 15:51:02:INFO:Simulation 136 starts
2025-06-20 15:51:02:INFO:Simulation 136 starts
2025-06-20 15:51:02:INFO:Simulation 137 starts
2025-06-20 15:51:02:INFO:Simulation 137 starts
2025-06-20 15:52:03:INFO:Simulation 138 starts
2025-06-20 15:52:03:INFO:Simulation 138 starts
2025-06-20 15:52:03:INFO:Simulation 139 starts
2025-06-20 15:52:03:INFO:Simulation 139 starts
2025-06-20 15:53:04:INFO:Simulation 140 starts
2025-06-20 15:53:04:INFO:Simulation 140 starts
2025-06-20 15:53:04:INFO:Simulation 141 starts
2025-06-20 15:53:04:INFO:Simulation 141 starts
2025-06-20 15:54:04:INFO:Simulation 142 starts
2025-06-20 15:54:04:INFO:Simulation 142 starts
2025-06-20 15:54:04:INFO:Simulation 143 starts
2025-06-20 15:54:04:INFO:Simulation 143 starts
2025-06-20 15:54:06:INFO:Simulation 144 starts
2025-06-20 15:54:06:INFO:Simulation 144 starts
2025-06-20 15:54:06:INFO:Simulation 145 starts
2025-06-20 15:54:06:INFO:Simulation 145 starts
2025-06-20 15:55:06:INFO:Simulation 146 starts
2025-06-20 15:55:06:INFO:Simulation 146 starts
2025-06-20 15:55:07:INFO:Simulation 147 starts
2025-06-20 15:55:07:INFO:Simulation 147 starts
2025-06-20 15:55:07:INFO:Simulation 148 starts
2025-06-20 15:55:07:INFO:Simulation 148 starts
2025-06-20 15:56:07:INFO:Simulation 149 starts
2025-06-20 15:56:07:INFO:Simulation 149 starts
2025-06-20 15:56:07:INFO:Simulation 150 starts
2025-06-20 15:56:07:INFO:Simulation 150 starts
2025-06-20 15:57:08:INFO:Simulation 151 starts
2025-06-20 15:57:08:INFO:Simulation 151 starts
2025-06-20 15:57:08:INFO:Simulation 152 starts
2025-06-20 15:57:08:INFO:Simulation 152 starts
2025-06-20 15:58:08:INFO:Simulation 153 starts
2025-06-20 15:58:08:INFO:Simulation 153 starts
2025-06-20 15:58:08:INFO:Simulation 154 starts
2025-06-20 15:58:08:INFO:Simulation 154 starts
2025-06-20 15:59:09:INFO:Simulation 155 starts
2025-06-20 15:59:09:INFO:Simulation 155 starts
2025-06-20 15:59:09:INFO:Simulation 156 starts
2025-06-20 15:59:09:INFO:Simulation 156 starts
2025-06-20 16:00:09:INFO:Simulation 157 starts
2025-06-20 16:00:09:INFO:Simulation 157 starts
2025-06-20 16:01:10:INFO:Simulation 158 starts
2025-06-20 16:01:10:INFO:Simulation 158 starts
2025-06-20 16:01:10:INFO:Simulation 159 starts
2025-06-20 16:01:10:INFO:Simulation 159 starts
2025-06-20 16:02:11:INFO:Simulation 160 starts
2025-06-20 16:02:11:INFO:Simulation 160 starts
2025-06-20 16:02:11:INFO:Simulation 161 starts
2025-06-20 16:02:11:INFO:Simulation 161 starts
2025-06-20 16:03:11:INFO:Simulation 162 starts
2025-06-20 16:03:11:INFO:Simulation 162 starts
2025-06-20 16:03:11:INFO:Simulation 163 starts
2025-06-20 16:03:11:INFO:Simulation 163 starts
2025-06-20 16:04:12:INFO:Simulation 164 starts
2025-06-20 16:04:12:INFO:Simulation 164 starts
2025-06-20 16:04:12:INFO:Simulation 165 starts
2025-06-20 16:04:12:INFO:Simulation 165 starts
2025-06-20 16:05:13:INFO:Simulation 166 starts
2025-06-20 16:05:13:INFO:Simulation 166 starts
2025-06-20 16:05:13:INFO:Simulation 167 starts
2025-06-20 16:05:13:INFO:Simulation 167 starts
2025-06-20 16:06:13:INFO:Simulation 168 starts
2025-06-20 16:06:13:INFO:Simulation 168 starts
2025-06-20 16:07:14:INFO:Simulation 169 starts
2025-06-20 16:07:14:INFO:Simulation 169 starts
2025-06-20 16:07:14:INFO:Simulation 170 starts
2025-06-20 16:07:14:INFO:Simulation 170 starts
2025-06-20 16:08:15:INFO:Simulation 171 starts
2025-06-20 16:08:15:INFO:Simulation 171 starts
2025-06-20 16:08:15:INFO:Simulation 172 starts
2025-06-20 16:08:15:INFO:Simulation 172 starts
2025-06-20 16:09:15:INFO:Simulation 173 starts
2025-06-20 16:09:15:INFO:Simulation 173 starts
2025-06-20 16:09:15:INFO:Simulation 174 starts
2025-06-20 16:09:15:INFO:Simulation 174 starts
2025-06-20 16:10:16:INFO:Simulation 175 starts
2025-06-20 16:10:16:INFO:Simulation 175 starts
2025-06-20 16:10:16:INFO:Simulation 176 starts
2025-06-20 16:10:16:INFO:Simulation 176 starts
2025-06-20 16:11:17:INFO:At sim 176, new best reward found: 0.06085
2025-06-20 16:11:17:INFO:At sim 176, new best reward found: 0.06085
2025-06-20 16:11:17:INFO:Simulation 177 starts
2025-06-20 16:11:17:INFO:Simulation 177 starts
2025-06-20 16:12:17:INFO:Simulation 178 starts
2025-06-20 16:12:17:INFO:Simulation 178 starts
2025-06-20 16:12:17:INFO:Simulation 179 starts
2025-06-20 16:12:17:INFO:Simulation 179 starts
2025-06-20 16:13:18:INFO:Simulation 180 starts
2025-06-20 16:13:18:INFO:Simulation 180 starts
2025-06-20 16:13:18:INFO:Simulation 181 starts
2025-06-20 16:13:18:INFO:Simulation 181 starts
2025-06-20 16:13:18:INFO:Simulation 182 starts
2025-06-20 16:13:18:INFO:Simulation 182 starts
2025-06-20 16:13:18:INFO:Simulation 183 starts
2025-06-20 16:13:18:INFO:Simulation 183 starts
2025-06-20 16:14:19:INFO:Simulation 184 starts
2025-06-20 16:14:19:INFO:Simulation 184 starts
2025-06-20 16:14:19:INFO:Simulation 185 starts
2025-06-20 16:14:19:INFO:Simulation 185 starts
2025-06-20 16:14:19:INFO:Simulation 186 starts
2025-06-20 16:14:19:INFO:Simulation 186 starts
2025-06-20 16:14:19:INFO:Simulation 187 starts
2025-06-20 16:14:19:INFO:Simulation 187 starts
2025-06-20 16:15:19:INFO:Simulation 188 starts
2025-06-20 16:15:19:INFO:Simulation 188 starts
2025-06-20 16:16:20:INFO:Simulation 189 starts
2025-06-20 16:16:20:INFO:Simulation 189 starts
2025-06-20 16:16:20:INFO:Simulation 190 starts
2025-06-20 16:16:20:INFO:Simulation 190 starts
2025-06-20 16:17:20:INFO:Simulation 191 starts
2025-06-20 16:17:20:INFO:Simulation 191 starts
2025-06-20 16:17:20:INFO:Simulation 192 starts
2025-06-20 16:17:20:INFO:Simulation 192 starts
2025-06-20 16:18:21:INFO:Simulation 193 starts
2025-06-20 16:18:21:INFO:Simulation 193 starts
2025-06-20 16:18:21:INFO:Simulation 194 starts
2025-06-20 16:18:21:INFO:Simulation 194 starts
2025-06-20 16:19:21:INFO:Simulation 195 starts
2025-06-20 16:19:21:INFO:Simulation 195 starts
2025-06-20 16:19:21:INFO:Simulation 196 starts
2025-06-20 16:19:21:INFO:Simulation 196 starts
2025-06-20 16:20:22:INFO:Simulation 197 starts
2025-06-20 16:20:22:INFO:Simulation 197 starts
2025-06-20 16:20:22:INFO:Simulation 198 starts
2025-06-20 16:20:22:INFO:Simulation 198 starts
2025-06-20 16:20:22:INFO:Simulation 199 starts
2025-06-20 16:20:22:INFO:Simulation 199 starts
2025-06-20 16:20:22:INFO:Simulation 200 starts
2025-06-20 16:20:22:INFO:Simulation 200 starts
2025-06-20 16:20:22:INFO:Simulation 201 starts
2025-06-20 16:20:22:INFO:Simulation 201 starts
2025-06-20 16:21:22:INFO:Simulation 202 starts
2025-06-20 16:21:22:INFO:Simulation 202 starts
2025-06-20 16:21:22:INFO:Simulation 203 starts
2025-06-20 16:21:22:INFO:Simulation 203 starts
2025-06-20 16:21:22:INFO:Simulation 204 starts
2025-06-20 16:21:22:INFO:Simulation 204 starts
2025-06-20 16:21:22:INFO:Simulation 205 starts
2025-06-20 16:21:22:INFO:Simulation 205 starts
2025-06-20 16:22:23:INFO:Simulation 206 starts
2025-06-20 16:22:23:INFO:Simulation 206 starts
2025-06-20 16:22:23:INFO:Simulation 207 starts
2025-06-20 16:22:23:INFO:Simulation 207 starts
2025-06-20 16:23:23:INFO:Simulation 208 starts
2025-06-20 16:23:23:INFO:Simulation 208 starts
2025-06-20 16:24:24:INFO:Simulation 209 starts
2025-06-20 16:24:24:INFO:Simulation 209 starts
2025-06-20 16:24:24:INFO:Simulation 210 starts
2025-06-20 16:24:24:INFO:Simulation 210 starts
2025-06-20 16:25:24:INFO:Simulation 211 starts
2025-06-20 16:25:24:INFO:Simulation 211 starts
2025-06-20 16:25:24:INFO:Simulation 212 starts
2025-06-20 16:25:24:INFO:Simulation 212 starts
2025-06-20 16:26:25:INFO:Simulation 213 starts
2025-06-20 16:26:25:INFO:Simulation 213 starts
2025-06-20 16:26:25:INFO:Simulation 214 starts
2025-06-20 16:26:25:INFO:Simulation 214 starts
2025-06-20 16:27:26:INFO:Simulation 215 starts
2025-06-20 16:27:26:INFO:Simulation 215 starts
2025-06-20 16:27:26:INFO:Simulation 216 starts
2025-06-20 16:27:26:INFO:Simulation 216 starts
2025-06-20 16:28:26:INFO:At sim 216, new best reward found: 0.06085
2025-06-20 16:28:26:INFO:At sim 216, new best reward found: 0.06085
2025-06-20 16:28:26:INFO:Simulation 217 starts
2025-06-20 16:28:26:INFO:Simulation 217 starts
2025-06-20 16:29:27:INFO:Simulation 218 starts
2025-06-20 16:29:27:INFO:Simulation 218 starts
2025-06-20 16:29:27:INFO:Simulation 219 starts
2025-06-20 16:29:27:INFO:Simulation 219 starts
2025-06-20 16:30:27:INFO:Simulation 220 starts
2025-06-20 16:30:27:INFO:Simulation 220 starts
2025-06-20 16:30:27:INFO:Simulation 221 starts
2025-06-20 16:30:27:INFO:Simulation 221 starts
2025-06-20 16:31:28:INFO:Simulation 222 starts
2025-06-20 16:31:28:INFO:Simulation 222 starts
2025-06-20 16:31:28:INFO:Simulation 223 starts
2025-06-20 16:31:28:INFO:Simulation 223 starts
2025-06-20 16:32:28:INFO:Simulation 224 starts
2025-06-20 16:32:28:INFO:Simulation 224 starts
2025-06-20 16:32:28:INFO:Simulation 225 starts
2025-06-20 16:32:28:INFO:Simulation 225 starts
2025-06-20 16:33:29:INFO:Simulation 226 starts
2025-06-20 16:33:29:INFO:Simulation 226 starts
2025-06-20 16:33:29:INFO:Simulation 227 starts
2025-06-20 16:33:29:INFO:Simulation 227 starts
2025-06-20 16:33:29:INFO:Simulation 228 starts
2025-06-20 16:33:29:INFO:Simulation 228 starts
2025-06-20 16:33:29:INFO:Simulation 229 starts
2025-06-20 16:33:29:INFO:Simulation 229 starts
2025-06-20 16:33:29:INFO:Simulation 230 starts
2025-06-20 16:33:29:INFO:Simulation 230 starts
2025-06-20 16:34:30:INFO:Simulation 231 starts
2025-06-20 16:34:30:INFO:Simulation 231 starts
2025-06-20 16:34:30:INFO:Simulation 232 starts
2025-06-20 16:34:30:INFO:Simulation 232 starts
2025-06-20 16:35:30:INFO:Simulation 233 starts
2025-06-20 16:35:30:INFO:Simulation 233 starts
2025-06-20 16:35:30:INFO:Simulation 234 starts
2025-06-20 16:35:30:INFO:Simulation 234 starts
2025-06-20 16:36:31:INFO:Simulation 235 starts
2025-06-20 16:36:31:INFO:Simulation 235 starts
2025-06-20 16:36:31:INFO:Simulation 236 starts
2025-06-20 16:36:31:INFO:Simulation 236 starts
2025-06-20 16:37:31:INFO:Simulation 237 starts
2025-06-20 16:37:31:INFO:Simulation 237 starts
2025-06-20 16:38:32:INFO:Simulation 238 starts
2025-06-20 16:38:32:INFO:Simulation 238 starts
2025-06-20 16:38:32:INFO:Simulation 239 starts
2025-06-20 16:38:32:INFO:Simulation 239 starts
2025-06-20 16:39:33:INFO:Simulation 240 starts
2025-06-20 16:39:33:INFO:Simulation 240 starts
2025-06-20 16:39:33:INFO:Simulation 241 starts
2025-06-20 16:39:33:INFO:Simulation 241 starts
2025-06-20 16:40:33:INFO:Simulation 242 starts
2025-06-20 16:40:33:INFO:Simulation 242 starts
2025-06-20 16:40:33:INFO:Simulation 243 starts
2025-06-20 16:40:33:INFO:Simulation 243 starts
2025-06-20 16:41:34:INFO:Simulation 244 starts
2025-06-20 16:41:34:INFO:Simulation 244 starts
2025-06-20 16:41:34:INFO:Simulation 245 starts
2025-06-20 16:41:34:INFO:Simulation 245 starts
2025-06-20 16:42:34:INFO:Simulation 246 starts
2025-06-20 16:42:34:INFO:Simulation 246 starts
2025-06-20 16:42:34:INFO:Simulation 247 starts
2025-06-20 16:42:34:INFO:Simulation 247 starts
2025-06-20 16:42:34:INFO:Simulation 248 starts
2025-06-20 16:42:34:INFO:Simulation 248 starts
2025-06-20 16:42:34:INFO:Simulation 249 starts
2025-06-20 16:42:34:INFO:Simulation 249 starts
2025-06-20 16:42:34:INFO:Simulation 250 starts
2025-06-20 16:42:34:INFO:Simulation 250 starts
2025-06-20 16:42:34:INFO:Simulation 251 starts
2025-06-20 16:42:34:INFO:Simulation 251 starts
2025-06-20 16:42:34:INFO:Simulation 252 starts
2025-06-20 16:42:34:INFO:Simulation 252 starts
2025-06-20 16:43:35:INFO:Simulation 253 starts
2025-06-20 16:43:35:INFO:Simulation 253 starts
2025-06-20 16:43:35:INFO:Simulation 254 starts
2025-06-20 16:43:35:INFO:Simulation 254 starts
2025-06-20 16:43:35:INFO:Simulation 255 starts
2025-06-20 16:43:35:INFO:Simulation 255 starts
2025-06-20 16:44:35:INFO:Simulation 256 starts
2025-06-20 16:44:35:INFO:Simulation 256 starts
2025-06-20 16:44:35:INFO:Simulation 257 starts
2025-06-20 16:44:35:INFO:Simulation 257 starts
2025-06-20 16:44:35:INFO:Simulation 258 starts
2025-06-20 16:44:35:INFO:Simulation 258 starts
2025-06-20 16:44:35:INFO:Simulation 259 starts
2025-06-20 16:44:35:INFO:Simulation 259 starts
2025-06-20 16:45:36:INFO:Simulation 260 starts
2025-06-20 16:45:36:INFO:Simulation 260 starts
2025-06-20 16:45:36:INFO:Simulation 261 starts
2025-06-20 16:45:36:INFO:Simulation 261 starts
2025-06-20 16:46:37:INFO:Simulation 262 starts
2025-06-20 16:46:37:INFO:Simulation 262 starts
2025-06-20 16:46:37:INFO:Simulation 263 starts
2025-06-20 16:46:37:INFO:Simulation 263 starts
2025-06-20 16:47:37:INFO:Simulation 264 starts
2025-06-20 16:47:37:INFO:Simulation 264 starts
2025-06-20 16:47:37:INFO:Simulation 265 starts
2025-06-20 16:47:37:INFO:Simulation 265 starts
2025-06-20 16:47:37:INFO:Simulation 266 starts
2025-06-20 16:47:37:INFO:Simulation 266 starts
2025-06-20 16:47:37:INFO:Simulation 267 starts
2025-06-20 16:47:37:INFO:Simulation 267 starts
2025-06-20 16:47:37:INFO:Simulation 268 starts
2025-06-20 16:47:37:INFO:Simulation 268 starts
2025-06-20 16:48:38:INFO:Simulation 269 starts
2025-06-20 16:48:38:INFO:Simulation 269 starts
2025-06-20 16:48:38:INFO:Simulation 270 starts
2025-06-20 16:48:38:INFO:Simulation 270 starts
2025-06-20 16:49:38:INFO:Simulation 271 starts
2025-06-20 16:49:38:INFO:Simulation 271 starts
2025-06-20 16:49:38:INFO:Simulation 272 starts
2025-06-20 16:49:38:INFO:Simulation 272 starts
2025-06-20 16:50:39:INFO:Simulation 273 starts
2025-06-20 16:50:39:INFO:Simulation 273 starts
2025-06-20 16:51:40:INFO:Simulation 274 starts
2025-06-20 16:51:40:INFO:Simulation 274 starts
2025-06-20 16:51:40:INFO:Simulation 275 starts
2025-06-20 16:51:40:INFO:Simulation 275 starts
2025-06-20 16:51:40:INFO:Simulation 276 starts
2025-06-20 16:51:40:INFO:Simulation 276 starts
2025-06-20 16:51:40:INFO:Simulation 277 starts
2025-06-20 16:51:40:INFO:Simulation 277 starts
2025-06-20 16:51:40:INFO:Simulation 278 starts
2025-06-20 16:51:40:INFO:Simulation 278 starts
2025-06-20 16:51:40:INFO:Simulation 279 starts
2025-06-20 16:51:40:INFO:Simulation 279 starts
2025-06-20 16:51:40:INFO:Simulation 280 starts
2025-06-20 16:51:40:INFO:Simulation 280 starts
2025-06-20 16:51:40:INFO:Simulation 281 starts
2025-06-20 16:51:40:INFO:Simulation 281 starts
2025-06-20 16:51:40:INFO:Simulation 282 starts
2025-06-20 16:51:40:INFO:Simulation 282 starts
2025-06-20 16:52:40:INFO:Simulation 283 starts
2025-06-20 16:52:40:INFO:Simulation 283 starts
2025-06-20 16:52:40:INFO:Simulation 284 starts
2025-06-20 16:52:40:INFO:Simulation 284 starts
2025-06-20 16:53:41:INFO:Simulation 285 starts
2025-06-20 16:53:41:INFO:Simulation 285 starts
2025-06-20 16:53:41:INFO:Simulation 286 starts
2025-06-20 16:53:41:INFO:Simulation 286 starts
2025-06-20 16:54:41:INFO:Simulation 287 starts
2025-06-20 16:54:41:INFO:Simulation 287 starts
2025-06-20 16:54:41:INFO:Simulation 288 starts
2025-06-20 16:54:41:INFO:Simulation 288 starts
2025-06-20 16:54:41:INFO:Simulation 289 starts
2025-06-20 16:54:41:INFO:Simulation 289 starts
2025-06-20 16:54:42:INFO:Simulation 290 starts
2025-06-20 16:54:42:INFO:Simulation 290 starts
2025-06-20 16:54:42:INFO:Simulation 291 starts
2025-06-20 16:54:42:INFO:Simulation 291 starts
2025-06-20 16:55:42:INFO:Simulation 292 starts
2025-06-20 16:55:42:INFO:Simulation 292 starts
2025-06-20 16:55:42:INFO:Simulation 293 starts
2025-06-20 16:55:42:INFO:Simulation 293 starts
2025-06-20 16:56:43:INFO:At sim 293, new best reward found: 0.06085
2025-06-20 16:56:43:INFO:At sim 293, new best reward found: 0.06085
2025-06-20 16:56:43:INFO:Simulation 294 starts
2025-06-20 16:56:43:INFO:Simulation 294 starts
2025-06-20 16:56:43:INFO:Simulation 295 starts
2025-06-20 16:56:43:INFO:Simulation 295 starts
2025-06-20 16:56:43:INFO:Simulation 296 starts
2025-06-20 16:56:43:INFO:Simulation 296 starts
2025-06-20 16:56:43:INFO:Simulation 297 starts
2025-06-20 16:56:43:INFO:Simulation 297 starts
2025-06-20 16:56:43:INFO:Simulation 298 starts
2025-06-20 16:56:43:INFO:Simulation 298 starts
2025-06-20 16:56:43:INFO:Simulation 299 starts
2025-06-20 16:56:43:INFO:Simulation 299 starts
2025-06-20 16:56:43:INFO:Simulation 300 starts
2025-06-20 16:56:43:INFO:Simulation 300 starts
2025-06-20 16:57:43:INFO:Simulation 301 starts
2025-06-20 16:57:43:INFO:Simulation 301 starts
2025-06-20 16:57:43:INFO:Simulation 302 starts
2025-06-20 16:57:43:INFO:Simulation 302 starts
2025-06-20 16:58:44:INFO:Simulation 303 starts
2025-06-20 16:58:44:INFO:Simulation 303 starts
2025-06-20 16:58:44:INFO:Simulation 304 starts
2025-06-20 16:58:44:INFO:Simulation 304 starts
2025-06-20 16:59:45:INFO:Simulation 305 starts
2025-06-20 16:59:45:INFO:Simulation 305 starts
2025-06-20 16:59:45:INFO:Simulation 306 starts
2025-06-20 16:59:45:INFO:Simulation 306 starts
2025-06-20 16:59:45:INFO:Simulation 307 starts
2025-06-20 16:59:45:INFO:Simulation 307 starts
2025-06-20 16:59:45:INFO:Simulation 308 starts
2025-06-20 16:59:45:INFO:Simulation 308 starts
2025-06-20 16:59:45:INFO:Simulation 309 starts
2025-06-20 16:59:45:INFO:Simulation 309 starts
2025-06-20 16:59:45:INFO:Simulation 310 starts
2025-06-20 16:59:45:INFO:Simulation 310 starts
2025-06-20 16:59:45:INFO:Simulation 311 starts
2025-06-20 16:59:45:INFO:Simulation 311 starts
2025-06-20 17:00:45:INFO:Simulation 312 starts
2025-06-20 17:00:45:INFO:Simulation 312 starts
2025-06-20 17:00:45:INFO:Simulation 313 starts
2025-06-20 17:00:45:INFO:Simulation 313 starts
2025-06-20 17:01:46:INFO:Simulation 314 starts
2025-06-20 17:01:46:INFO:Simulation 314 starts
2025-06-20 17:01:46:INFO:Simulation 315 starts
2025-06-20 17:01:46:INFO:Simulation 315 starts
2025-06-20 17:01:46:INFO:Simulation 316 starts
2025-06-20 17:01:46:INFO:Simulation 316 starts
2025-06-20 17:02:46:INFO:Simulation 317 starts
2025-06-20 17:02:46:INFO:Simulation 317 starts
2025-06-20 17:02:46:INFO:Simulation 318 starts
2025-06-20 17:02:46:INFO:Simulation 318 starts
2025-06-20 17:03:47:INFO:Simulation 319 starts
2025-06-20 17:03:47:INFO:Simulation 319 starts
2025-06-20 17:03:47:INFO:Simulation 320 starts
2025-06-20 17:03:47:INFO:Simulation 320 starts
2025-06-20 17:03:47:INFO:Simulation 321 starts
2025-06-20 17:03:47:INFO:Simulation 321 starts
2025-06-20 17:03:47:INFO:Simulation 322 starts
2025-06-20 17:03:47:INFO:Simulation 322 starts
2025-06-20 17:03:47:INFO:Simulation 323 starts
2025-06-20 17:03:47:INFO:Simulation 323 starts
2025-06-20 17:04:48:INFO:Simulation 324 starts
2025-06-20 17:04:48:INFO:Simulation 324 starts
2025-06-20 17:04:48:INFO:Simulation 325 starts
2025-06-20 17:04:48:INFO:Simulation 325 starts
2025-06-20 17:04:48:INFO:Simulation 326 starts
2025-06-20 17:04:48:INFO:Simulation 326 starts
2025-06-20 17:04:48:INFO:Simulation 327 starts
2025-06-20 17:04:48:INFO:Simulation 327 starts
2025-06-20 17:05:48:INFO:Simulation 328 starts
2025-06-20 17:05:48:INFO:Simulation 328 starts
2025-06-20 17:05:48:INFO:Simulation 329 starts
2025-06-20 17:05:48:INFO:Simulation 329 starts
2025-06-20 17:06:49:INFO:Simulation 330 starts
2025-06-20 17:06:49:INFO:Simulation 330 starts
2025-06-20 17:07:50:INFO:Simulation 331 starts
2025-06-20 17:07:50:INFO:Simulation 331 starts
2025-06-20 17:07:50:INFO:Simulation 332 starts
2025-06-20 17:07:50:INFO:Simulation 332 starts
2025-06-20 17:08:50:INFO:Simulation 333 starts
2025-06-20 17:08:50:INFO:Simulation 333 starts
2025-06-20 17:08:50:INFO:Simulation 334 starts
2025-06-20 17:08:50:INFO:Simulation 334 starts
2025-06-20 17:09:51:INFO:Simulation 335 starts
2025-06-20 17:09:51:INFO:Simulation 335 starts
2025-06-20 17:09:51:INFO:Simulation 336 starts
2025-06-20 17:09:51:INFO:Simulation 336 starts
2025-06-20 17:10:51:INFO:Simulation 337 starts
2025-06-20 17:10:51:INFO:Simulation 337 starts
2025-06-20 17:10:51:INFO:Simulation 338 starts
2025-06-20 17:10:51:INFO:Simulation 338 starts
2025-06-20 17:11:52:INFO:Simulation 339 starts
2025-06-20 17:11:52:INFO:Simulation 339 starts
2025-06-20 17:11:52:INFO:Simulation 340 starts
2025-06-20 17:11:52:INFO:Simulation 340 starts
2025-06-20 17:11:52:INFO:Simulation 341 starts
2025-06-20 17:11:52:INFO:Simulation 341 starts
2025-06-20 17:12:53:INFO:Simulation 342 starts
2025-06-20 17:12:53:INFO:Simulation 342 starts
2025-06-20 17:12:53:INFO:Simulation 343 starts
2025-06-20 17:12:53:INFO:Simulation 343 starts
2025-06-20 17:13:53:INFO:Simulation 344 starts
2025-06-20 17:13:53:INFO:Simulation 344 starts
2025-06-20 17:13:53:INFO:Simulation 345 starts
2025-06-20 17:13:53:INFO:Simulation 345 starts
2025-06-20 17:14:54:INFO:Simulation 346 starts
2025-06-20 17:14:54:INFO:Simulation 346 starts
2025-06-20 17:15:55:INFO:Simulation 347 starts
2025-06-20 17:15:55:INFO:Simulation 347 starts
2025-06-20 17:15:55:INFO:Simulation 348 starts
2025-06-20 17:15:55:INFO:Simulation 348 starts
2025-06-20 17:16:55:INFO:Simulation 349 starts
2025-06-20 17:16:55:INFO:Simulation 349 starts
2025-06-20 17:16:55:INFO:Simulation 350 starts
2025-06-20 17:16:55:INFO:Simulation 350 starts
2025-06-20 17:17:56:INFO:Simulation 351 starts
2025-06-20 17:17:56:INFO:Simulation 351 starts
2025-06-20 17:17:56:INFO:Simulation 352 starts
2025-06-20 17:17:56:INFO:Simulation 352 starts
2025-06-20 17:17:56:INFO:Simulation 353 starts
2025-06-20 17:17:56:INFO:Simulation 353 starts
2025-06-20 17:17:56:INFO:Simulation 354 starts
2025-06-20 17:17:56:INFO:Simulation 354 starts
2025-06-20 17:17:56:INFO:Simulation 355 starts
2025-06-20 17:17:56:INFO:Simulation 355 starts
2025-06-20 17:18:57:INFO:Simulation 356 starts
2025-06-20 17:18:57:INFO:Simulation 356 starts
2025-06-20 17:18:57:INFO:Simulation 357 starts
2025-06-20 17:18:57:INFO:Simulation 357 starts
2025-06-20 17:19:58:INFO:Simulation 358 starts
2025-06-20 17:19:58:INFO:Simulation 358 starts
2025-06-20 17:19:58:INFO:Simulation 359 starts
2025-06-20 17:19:58:INFO:Simulation 359 starts
2025-06-20 17:20:58:INFO:Simulation 360 starts
2025-06-20 17:20:58:INFO:Simulation 360 starts
2025-06-20 17:20:58:INFO:Simulation 361 starts
2025-06-20 17:20:58:INFO:Simulation 361 starts
2025-06-20 17:21:59:INFO:Simulation 362 starts
2025-06-20 17:21:59:INFO:Simulation 362 starts
2025-06-20 17:22:59:INFO:Simulation 363 starts
2025-06-20 17:22:59:INFO:Simulation 363 starts
2025-06-20 17:22:59:INFO:Simulation 364 starts
2025-06-20 17:22:59:INFO:Simulation 364 starts
2025-06-20 17:24:00:INFO:Simulation 365 starts
2025-06-20 17:24:00:INFO:Simulation 365 starts
2025-06-20 17:24:00:INFO:Simulation 366 starts
2025-06-20 17:24:00:INFO:Simulation 366 starts
2025-06-20 17:25:01:INFO:Simulation 367 starts
2025-06-20 17:25:01:INFO:Simulation 367 starts
2025-06-20 17:25:01:INFO:Simulation 368 starts
2025-06-20 17:25:01:INFO:Simulation 368 starts
2025-06-20 17:26:01:INFO:Simulation 369 starts
2025-06-20 17:26:01:INFO:Simulation 369 starts
2025-06-20 17:26:01:INFO:Simulation 370 starts
2025-06-20 17:26:01:INFO:Simulation 370 starts
2025-06-20 17:27:02:INFO:Simulation 371 starts
2025-06-20 17:27:02:INFO:Simulation 371 starts
2025-06-20 17:27:02:INFO:Simulation 372 starts
2025-06-20 17:27:02:INFO:Simulation 372 starts
2025-06-20 17:27:02:INFO:Simulation 373 starts
2025-06-20 17:27:02:INFO:Simulation 373 starts
2025-06-20 17:27:02:INFO:Simulation 374 starts
2025-06-20 17:27:02:INFO:Simulation 374 starts
2025-06-20 17:27:02:INFO:Simulation 375 starts
2025-06-20 17:27:02:INFO:Simulation 375 starts
2025-06-20 17:28:03:INFO:Simulation 376 starts
2025-06-20 17:28:03:INFO:Simulation 376 starts
2025-06-20 17:28:03:INFO:Simulation 377 starts
2025-06-20 17:28:03:INFO:Simulation 377 starts
2025-06-20 17:29:03:INFO:Simulation 378 starts
2025-06-20 17:29:03:INFO:Simulation 378 starts
2025-06-20 17:30:04:INFO:Simulation 379 starts
2025-06-20 17:30:04:INFO:Simulation 379 starts
2025-06-20 17:30:04:INFO:Simulation 380 starts
2025-06-20 17:30:04:INFO:Simulation 380 starts
2025-06-20 17:31:04:INFO:Simulation 381 starts
2025-06-20 17:31:04:INFO:Simulation 381 starts
2025-06-20 17:31:04:INFO:Simulation 382 starts
2025-06-20 17:31:04:INFO:Simulation 382 starts
2025-06-20 17:32:05:INFO:Simulation 383 starts
2025-06-20 17:32:05:INFO:Simulation 383 starts
2025-06-20 17:32:05:INFO:Simulation 384 starts
2025-06-20 17:32:05:INFO:Simulation 384 starts
2025-06-20 17:33:05:INFO:Simulation 385 starts
2025-06-20 17:33:05:INFO:Simulation 385 starts
2025-06-20 17:34:06:INFO:Simulation 386 starts
2025-06-20 17:34:06:INFO:Simulation 386 starts
2025-06-20 17:34:06:INFO:Simulation 387 starts
2025-06-20 17:34:06:INFO:Simulation 387 starts
2025-06-20 17:35:07:INFO:Simulation 388 starts
2025-06-20 17:35:07:INFO:Simulation 388 starts
2025-06-20 17:35:07:INFO:Simulation 389 starts
2025-06-20 17:35:07:INFO:Simulation 389 starts
2025-06-20 17:36:07:INFO:Simulation 390 starts
2025-06-20 17:36:07:INFO:Simulation 390 starts
2025-06-20 17:36:07:INFO:Simulation 391 starts
2025-06-20 17:36:07:INFO:Simulation 391 starts
2025-06-20 17:36:08:INFO:Simulation 392 starts
2025-06-20 17:36:08:INFO:Simulation 392 starts
2025-06-20 17:36:09:INFO:Simulation 393 starts
2025-06-20 17:36:09:INFO:Simulation 393 starts
2025-06-20 17:36:09:INFO:Simulation 394 starts
2025-06-20 17:36:09:INFO:Simulation 394 starts
2025-06-20 17:37:09:INFO:Simulation 395 starts
2025-06-20 17:37:09:INFO:Simulation 395 starts
2025-06-20 17:37:09:INFO:Simulation 396 starts
2025-06-20 17:37:09:INFO:Simulation 396 starts
2025-06-20 17:38:10:INFO:Simulation 397 starts
2025-06-20 17:38:10:INFO:Simulation 397 starts
2025-06-20 17:38:10:INFO:Simulation 398 starts
2025-06-20 17:38:10:INFO:Simulation 398 starts
2025-06-20 17:39:11:INFO:Simulation 399 starts
2025-06-20 17:39:11:INFO:Simulation 399 starts
2025-06-20 17:39:11:INFO:Simulation 400 starts
2025-06-20 17:39:11:INFO:Simulation 400 starts
2025-06-20 17:40:11:INFO:Simulation 401 starts
2025-06-20 17:40:11:INFO:Simulation 401 starts
2025-06-20 17:41:12:INFO:Simulation 402 starts
2025-06-20 17:41:12:INFO:Simulation 402 starts
2025-06-20 17:41:12:INFO:Simulation 403 starts
2025-06-20 17:41:12:INFO:Simulation 403 starts
2025-06-20 17:41:12:INFO:Simulation 404 starts
2025-06-20 17:41:12:INFO:Simulation 404 starts
2025-06-20 17:41:12:INFO:Simulation 405 starts
2025-06-20 17:41:12:INFO:Simulation 405 starts
2025-06-20 17:42:12:INFO:Simulation 406 starts
2025-06-20 17:42:12:INFO:Simulation 406 starts
2025-06-20 17:42:12:INFO:Simulation 407 starts
2025-06-20 17:42:12:INFO:Simulation 407 starts
2025-06-20 17:43:13:INFO:Simulation 408 starts
2025-06-20 17:43:13:INFO:Simulation 408 starts
2025-06-20 17:43:13:INFO:Simulation 409 starts
2025-06-20 17:43:13:INFO:Simulation 409 starts
2025-06-20 17:43:13:INFO:Simulation 410 starts
2025-06-20 17:43:13:INFO:Simulation 410 starts
2025-06-20 17:44:13:INFO:Simulation 411 starts
2025-06-20 17:44:13:INFO:Simulation 411 starts
2025-06-20 17:44:13:INFO:Simulation 412 starts
2025-06-20 17:44:13:INFO:Simulation 412 starts
2025-06-20 17:45:14:INFO:Simulation 413 starts
2025-06-20 17:45:14:INFO:Simulation 413 starts
2025-06-20 17:45:14:INFO:Simulation 414 starts
2025-06-20 17:45:14:INFO:Simulation 414 starts
2025-06-20 17:46:15:INFO:Simulation 415 starts
2025-06-20 17:46:15:INFO:Simulation 415 starts
2025-06-20 17:47:15:INFO:Simulation 416 starts
2025-06-20 17:47:15:INFO:Simulation 416 starts
2025-06-20 17:47:15:INFO:Simulation 417 starts
2025-06-20 17:47:15:INFO:Simulation 417 starts
2025-06-20 17:48:16:INFO:Simulation 418 starts
2025-06-20 17:48:16:INFO:Simulation 418 starts
2025-06-20 17:48:16:INFO:Simulation 419 starts
2025-06-20 17:48:16:INFO:Simulation 419 starts
2025-06-20 17:48:16:INFO:Simulation 420 starts
2025-06-20 17:48:16:INFO:Simulation 420 starts
2025-06-20 17:48:16:INFO:Simulation 421 starts
2025-06-20 17:48:16:INFO:Simulation 421 starts
2025-06-20 17:49:16:INFO:Simulation 422 starts
2025-06-20 17:49:16:INFO:Simulation 422 starts
2025-06-20 17:49:16:INFO:Simulation 423 starts
2025-06-20 17:49:16:INFO:Simulation 423 starts
2025-06-20 17:49:16:INFO:Simulation 424 starts
2025-06-20 17:49:16:INFO:Simulation 424 starts
2025-06-20 17:49:16:INFO:Simulation 425 starts
2025-06-20 17:49:16:INFO:Simulation 425 starts
2025-06-20 17:49:16:INFO:Simulation 426 starts
2025-06-20 17:49:16:INFO:Simulation 426 starts
2025-06-20 17:50:17:INFO:Simulation 427 starts
2025-06-20 17:50:17:INFO:Simulation 427 starts
2025-06-20 17:50:17:INFO:Simulation 428 starts
2025-06-20 17:50:17:INFO:Simulation 428 starts
2025-06-20 17:50:17:INFO:Simulation 429 starts
2025-06-20 17:50:17:INFO:Simulation 429 starts
2025-06-20 17:50:17:INFO:Simulation 430 starts
2025-06-20 17:50:17:INFO:Simulation 430 starts
2025-06-20 17:50:17:INFO:Simulation 431 starts
2025-06-20 17:50:17:INFO:Simulation 431 starts
2025-06-20 17:50:17:INFO:Simulation 432 starts
2025-06-20 17:50:17:INFO:Simulation 432 starts
2025-06-20 17:50:17:INFO:Simulation 433 starts
2025-06-20 17:50:17:INFO:Simulation 433 starts
2025-06-20 17:51:17:INFO:Simulation 434 starts
2025-06-20 17:51:17:INFO:Simulation 434 starts
2025-06-20 17:51:17:INFO:Simulation 435 starts
2025-06-20 17:51:17:INFO:Simulation 435 starts
2025-06-20 17:51:17:INFO:Simulation 436 starts
2025-06-20 17:51:17:INFO:Simulation 436 starts
2025-06-20 17:51:17:INFO:Simulation 437 starts
2025-06-20 17:51:17:INFO:Simulation 437 starts
2025-06-20 17:51:17:INFO:Simulation 438 starts
2025-06-20 17:51:17:INFO:Simulation 438 starts
2025-06-20 17:52:18:INFO:Simulation 439 starts
2025-06-20 17:52:18:INFO:Simulation 439 starts
2025-06-20 17:52:18:INFO:Simulation 440 starts
2025-06-20 17:52:18:INFO:Simulation 440 starts
2025-06-20 17:53:18:INFO:Simulation 441 starts
2025-06-20 17:53:18:INFO:Simulation 441 starts
2025-06-20 17:53:18:INFO:Simulation 442 starts
2025-06-20 17:53:18:INFO:Simulation 442 starts
2025-06-20 17:53:18:INFO:Simulation 443 starts
2025-06-20 17:53:18:INFO:Simulation 443 starts
2025-06-20 17:53:18:INFO:Simulation 444 starts
2025-06-20 17:53:18:INFO:Simulation 444 starts
2025-06-20 17:53:18:INFO:Simulation 445 starts
2025-06-20 17:53:18:INFO:Simulation 445 starts
2025-06-20 17:53:18:INFO:Simulation 446 starts
2025-06-20 17:53:18:INFO:Simulation 446 starts
2025-06-20 17:53:18:INFO:Simulation 447 starts
2025-06-20 17:53:18:INFO:Simulation 447 starts
2025-06-20 17:53:18:INFO:Simulation 448 starts
2025-06-20 17:53:18:INFO:Simulation 448 starts
2025-06-20 17:53:18:INFO:Simulation 449 starts
2025-06-20 17:53:18:INFO:Simulation 449 starts
2025-06-20 17:54:19:INFO:Simulation 450 starts
2025-06-20 17:54:19:INFO:Simulation 450 starts
2025-06-20 17:54:19:INFO:Simulation 451 starts
2025-06-20 17:54:19:INFO:Simulation 451 starts
2025-06-20 17:54:19:INFO:Simulation 452 starts
2025-06-20 17:54:19:INFO:Simulation 452 starts
2025-06-20 17:54:19:INFO:Simulation 453 starts
2025-06-20 17:54:19:INFO:Simulation 453 starts
2025-06-20 17:54:19:INFO:Simulation 454 starts
2025-06-20 17:54:19:INFO:Simulation 454 starts
2025-06-20 17:54:19:INFO:Simulation 455 starts
2025-06-20 17:54:19:INFO:Simulation 455 starts
2025-06-20 17:54:19:INFO:Simulation 456 starts
2025-06-20 17:54:19:INFO:Simulation 456 starts
2025-06-20 17:54:19:INFO:Simulation 457 starts
2025-06-20 17:54:19:INFO:Simulation 457 starts
2025-06-20 17:55:20:INFO:Simulation 458 starts
2025-06-20 17:55:20:INFO:Simulation 458 starts
2025-06-20 17:55:20:INFO:Simulation 459 starts
2025-06-20 17:55:20:INFO:Simulation 459 starts
2025-06-20 17:56:21:INFO:Simulation 460 starts
2025-06-20 17:56:21:INFO:Simulation 460 starts
2025-06-20 17:56:21:INFO:Simulation 461 starts
2025-06-20 17:56:21:INFO:Simulation 461 starts
2025-06-20 17:56:21:INFO:Simulation 462 starts
2025-06-20 17:56:21:INFO:Simulation 462 starts
2025-06-20 17:56:21:INFO:Simulation 463 starts
2025-06-20 17:56:21:INFO:Simulation 463 starts
2025-06-20 17:57:21:INFO:Simulation 464 starts
2025-06-20 17:57:21:INFO:Simulation 464 starts
2025-06-20 17:58:22:INFO:Simulation 465 starts
2025-06-20 17:58:22:INFO:Simulation 465 starts
2025-06-20 17:58:22:INFO:Simulation 466 starts
2025-06-20 17:58:22:INFO:Simulation 466 starts
2025-06-20 17:59:22:INFO:Simulation 467 starts
2025-06-20 17:59:22:INFO:Simulation 467 starts
2025-06-20 17:59:22:INFO:Simulation 468 starts
2025-06-20 17:59:22:INFO:Simulation 468 starts
2025-06-20 18:00:23:INFO:Simulation 469 starts
2025-06-20 18:00:23:INFO:Simulation 469 starts
2025-06-20 18:00:23:INFO:Simulation 470 starts
2025-06-20 18:00:23:INFO:Simulation 470 starts
2025-06-20 18:01:24:INFO:Simulation 471 starts
2025-06-20 18:01:24:INFO:Simulation 471 starts
2025-06-20 18:02:24:INFO:Simulation 472 starts
2025-06-20 18:02:24:INFO:Simulation 472 starts
2025-06-20 18:02:24:INFO:Simulation 473 starts
2025-06-20 18:02:24:INFO:Simulation 473 starts
2025-06-20 18:03:25:INFO:Simulation 474 starts
2025-06-20 18:03:25:INFO:Simulation 474 starts
2025-06-20 18:03:25:INFO:Simulation 475 starts
2025-06-20 18:03:25:INFO:Simulation 475 starts
2025-06-20 18:04:26:INFO:Simulation 476 starts
2025-06-20 18:04:26:INFO:Simulation 476 starts
2025-06-20 18:04:26:INFO:Simulation 477 starts
2025-06-20 18:04:26:INFO:Simulation 477 starts
2025-06-20 18:04:26:INFO:Simulation 478 starts
2025-06-20 18:04:26:INFO:Simulation 478 starts
2025-06-20 18:05:27:INFO:Simulation 479 starts
2025-06-20 18:05:27:INFO:Simulation 479 starts
2025-06-20 18:05:27:INFO:Simulation 480 starts
2025-06-20 18:05:27:INFO:Simulation 480 starts
2025-06-20 18:05:27:INFO:Simulation 481 starts
2025-06-20 18:05:27:INFO:Simulation 481 starts
2025-06-20 18:05:27:INFO:Simulation 482 starts
2025-06-20 18:05:27:INFO:Simulation 482 starts
2025-06-20 18:06:28:INFO:Simulation 483 starts
2025-06-20 18:06:28:INFO:Simulation 483 starts
2025-06-20 18:06:28:INFO:Simulation 484 starts
2025-06-20 18:06:28:INFO:Simulation 484 starts
2025-06-20 18:07:28:INFO:Simulation 485 starts
2025-06-20 18:07:28:INFO:Simulation 485 starts
2025-06-20 18:08:29:INFO:Simulation 486 starts
2025-06-20 18:08:29:INFO:Simulation 486 starts
2025-06-20 18:08:29:INFO:Simulation 487 starts
2025-06-20 18:08:29:INFO:Simulation 487 starts
2025-06-20 18:09:29:INFO:Simulation 488 starts
2025-06-20 18:09:29:INFO:Simulation 488 starts
2025-06-20 18:09:29:INFO:Simulation 489 starts
2025-06-20 18:09:29:INFO:Simulation 489 starts
2025-06-20 18:10:30:INFO:Simulation 490 starts
2025-06-20 18:10:30:INFO:Simulation 490 starts
2025-06-20 18:10:30:INFO:Simulation 491 starts
2025-06-20 18:10:30:INFO:Simulation 491 starts
2025-06-20 18:10:31:INFO:Simulation 492 starts
2025-06-20 18:10:31:INFO:Simulation 492 starts
2025-06-20 18:10:31:INFO:Simulation 493 starts
2025-06-20 18:10:31:INFO:Simulation 493 starts
2025-06-20 18:10:31:INFO:Simulation 494 starts
2025-06-20 18:10:31:INFO:Simulation 494 starts
2025-06-20 18:11:32:INFO:Simulation 495 starts
2025-06-20 18:11:32:INFO:Simulation 495 starts
2025-06-20 18:11:32:INFO:Simulation 496 starts
2025-06-20 18:11:32:INFO:Simulation 496 starts
2025-06-20 18:12:32:INFO:Simulation 497 starts
2025-06-20 18:12:32:INFO:Simulation 497 starts
2025-06-20 18:12:32:INFO:Simulation 498 starts
2025-06-20 18:12:32:INFO:Simulation 498 starts
2025-06-20 18:13:33:INFO:Simulation 499 starts
2025-06-20 18:13:33:INFO:Simulation 499 starts
2025-06-20 18:14:34:INFO:Simulation 500 starts
2025-06-20 18:14:34:INFO:Simulation 500 starts
2025-06-20 18:14:34:INFO:Simulation 501 starts
2025-06-20 18:14:34:INFO:Simulation 501 starts
2025-06-20 18:15:34:INFO:Simulation 502 starts
2025-06-20 18:15:34:INFO:Simulation 502 starts
2025-06-20 18:15:34:INFO:Simulation 503 starts
2025-06-20 18:15:34:INFO:Simulation 503 starts
2025-06-20 18:16:35:INFO:Simulation 504 starts
2025-06-20 18:16:35:INFO:Simulation 504 starts
2025-06-20 18:16:35:INFO:Simulation 505 starts
2025-06-20 18:16:35:INFO:Simulation 505 starts
2025-06-20 18:17:36:INFO:Simulation 506 starts
2025-06-20 18:17:36:INFO:Simulation 506 starts
2025-06-20 18:18:37:INFO:Simulation 507 starts
2025-06-20 18:18:37:INFO:Simulation 507 starts
2025-06-20 18:18:37:INFO:Simulation 508 starts
2025-06-20 18:18:37:INFO:Simulation 508 starts
2025-06-20 18:19:37:INFO:Simulation 509 starts
2025-06-20 18:19:37:INFO:Simulation 509 starts
2025-06-20 18:19:37:INFO:Simulation 510 starts
2025-06-20 18:19:37:INFO:Simulation 510 starts
2025-06-20 18:19:38:INFO:Simulation 511 starts
2025-06-20 18:19:38:INFO:Simulation 511 starts
2025-06-20 18:19:38:INFO:Simulation 512 starts
2025-06-20 18:19:38:INFO:Simulation 512 starts
2025-06-20 18:20:38:INFO:Simulation 513 starts
2025-06-20 18:20:38:INFO:Simulation 513 starts
2025-06-20 18:21:39:INFO:Simulation 514 starts
2025-06-20 18:21:39:INFO:Simulation 514 starts
2025-06-20 18:21:39:INFO:Simulation 515 starts
2025-06-20 18:21:39:INFO:Simulation 515 starts
2025-06-20 18:22:40:INFO:Simulation 516 starts
2025-06-20 18:22:40:INFO:Simulation 516 starts
2025-06-20 18:22:40:INFO:Simulation 517 starts
2025-06-20 18:22:40:INFO:Simulation 517 starts
2025-06-20 18:23:41:INFO:Simulation 518 starts
2025-06-20 18:23:41:INFO:Simulation 518 starts
2025-06-20 18:23:41:INFO:Simulation 519 starts
2025-06-20 18:23:41:INFO:Simulation 519 starts
2025-06-20 18:23:41:INFO:Simulation 520 starts
2025-06-20 18:23:41:INFO:Simulation 520 starts
2025-06-20 18:24:42:INFO:Simulation 521 starts
2025-06-20 18:24:42:INFO:Simulation 521 starts
2025-06-20 18:24:42:INFO:Simulation 522 starts
2025-06-20 18:24:42:INFO:Simulation 522 starts
2025-06-20 18:25:42:INFO:Simulation 523 starts
2025-06-20 18:25:42:INFO:Simulation 523 starts
2025-06-20 18:25:42:INFO:Simulation 524 starts
2025-06-20 18:25:42:INFO:Simulation 524 starts
2025-06-20 18:25:43:INFO:Simulation 525 starts
2025-06-20 18:25:43:INFO:Simulation 525 starts
2025-06-20 18:25:43:INFO:Simulation 526 starts
2025-06-20 18:25:43:INFO:Simulation 526 starts
2025-06-20 18:26:43:INFO:Simulation 527 starts
2025-06-20 18:26:43:INFO:Simulation 527 starts
2025-06-20 18:27:44:INFO:Simulation 528 starts
2025-06-20 18:27:44:INFO:Simulation 528 starts
2025-06-20 18:27:44:INFO:Simulation 529 starts
2025-06-20 18:27:44:INFO:Simulation 529 starts
2025-06-20 18:27:44:INFO:Simulation 530 starts
2025-06-20 18:27:44:INFO:Simulation 530 starts
2025-06-20 18:27:44:INFO:Simulation 531 starts
2025-06-20 18:27:44:INFO:Simulation 531 starts
2025-06-20 18:28:45:INFO:Simulation 532 starts
2025-06-20 18:28:45:INFO:Simulation 532 starts
2025-06-20 18:28:45:INFO:Simulation 533 starts
2025-06-20 18:28:45:INFO:Simulation 533 starts
2025-06-20 18:28:45:INFO:Simulation 534 starts
2025-06-20 18:28:45:INFO:Simulation 534 starts
2025-06-20 18:28:45:INFO:Simulation 535 starts
2025-06-20 18:28:45:INFO:Simulation 535 starts
2025-06-20 18:28:45:INFO:Simulation 536 starts
2025-06-20 18:28:45:INFO:Simulation 536 starts
2025-06-20 18:29:46:INFO:Simulation 537 starts
2025-06-20 18:29:46:INFO:Simulation 537 starts
2025-06-20 18:29:46:INFO:Simulation 538 starts
2025-06-20 18:29:46:INFO:Simulation 538 starts
2025-06-20 18:29:46:INFO:Simulation 539 starts
2025-06-20 18:29:46:INFO:Simulation 539 starts
2025-06-20 18:29:46:INFO:Simulation 540 starts
2025-06-20 18:29:46:INFO:Simulation 540 starts
2025-06-20 18:29:46:INFO:Simulation 541 starts
2025-06-20 18:29:46:INFO:Simulation 541 starts
2025-06-20 18:30:47:INFO:Simulation 542 starts
2025-06-20 18:30:47:INFO:Simulation 542 starts
2025-06-20 18:30:47:INFO:Simulation 543 starts
2025-06-20 18:30:47:INFO:Simulation 543 starts
2025-06-20 18:31:47:INFO:Simulation 544 starts
2025-06-20 18:31:47:INFO:Simulation 544 starts
2025-06-20 18:31:47:INFO:Simulation 545 starts
2025-06-20 18:31:47:INFO:Simulation 545 starts
2025-06-20 18:32:48:INFO:Simulation 546 starts
2025-06-20 18:32:48:INFO:Simulation 546 starts
2025-06-20 18:33:49:INFO:Simulation 547 starts
2025-06-20 18:33:49:INFO:Simulation 547 starts
2025-06-20 18:33:49:INFO:Simulation 548 starts
2025-06-20 18:33:49:INFO:Simulation 548 starts
2025-06-20 18:33:49:INFO:Simulation 549 starts
2025-06-20 18:33:49:INFO:Simulation 549 starts
2025-06-20 18:33:49:INFO:Simulation 550 starts
2025-06-20 18:33:49:INFO:Simulation 550 starts
2025-06-20 18:34:49:INFO:Simulation 551 starts
2025-06-20 18:34:49:INFO:Simulation 551 starts
2025-06-20 18:34:49:INFO:Simulation 552 starts
2025-06-20 18:34:49:INFO:Simulation 552 starts
2025-06-20 18:34:50:INFO:Simulation 553 starts
2025-06-20 18:34:50:INFO:Simulation 553 starts
2025-06-20 18:34:50:INFO:Simulation 554 starts
2025-06-20 18:34:50:INFO:Simulation 554 starts
2025-06-20 18:34:50:INFO:Simulation 555 starts
2025-06-20 18:34:50:INFO:Simulation 555 starts
2025-06-20 18:35:50:INFO:Simulation 556 starts
2025-06-20 18:35:50:INFO:Simulation 556 starts
2025-06-20 18:35:50:INFO:Simulation 557 starts
2025-06-20 18:35:50:INFO:Simulation 557 starts
2025-06-20 18:35:50:INFO:Simulation 558 starts
2025-06-20 18:35:50:INFO:Simulation 558 starts
2025-06-20 18:35:50:INFO:Simulation 559 starts
2025-06-20 18:35:50:INFO:Simulation 559 starts
2025-06-20 18:35:50:INFO:Simulation 560 starts
2025-06-20 18:35:50:INFO:Simulation 560 starts
2025-06-20 18:35:51:INFO:Simulation 561 starts
2025-06-20 18:35:51:INFO:Simulation 561 starts
2025-06-20 18:35:51:INFO:Simulation 562 starts
2025-06-20 18:35:51:INFO:Simulation 562 starts
2025-06-20 18:35:51:INFO:Simulation 563 starts
2025-06-20 18:35:51:INFO:Simulation 563 starts
2025-06-20 18:35:51:INFO:Simulation 564 starts
2025-06-20 18:35:51:INFO:Simulation 564 starts
2025-06-20 18:35:51:INFO:Simulation 565 starts
2025-06-20 18:35:51:INFO:Simulation 565 starts
2025-06-20 18:35:51:INFO:Simulation 566 starts
2025-06-20 18:35:51:INFO:Simulation 566 starts
2025-06-20 18:35:51:INFO:Simulation 567 starts
2025-06-20 18:35:51:INFO:Simulation 567 starts
2025-06-20 18:36:51:INFO:Simulation 568 starts
2025-06-20 18:36:51:INFO:Simulation 568 starts
2025-06-20 18:36:51:INFO:Simulation 569 starts
2025-06-20 18:36:51:INFO:Simulation 569 starts
2025-06-20 18:36:51:INFO:Simulation 570 starts
2025-06-20 18:36:51:INFO:Simulation 570 starts
2025-06-20 18:36:51:INFO:Simulation 571 starts
2025-06-20 18:36:51:INFO:Simulation 571 starts
2025-06-20 18:36:51:INFO:Simulation 572 starts
2025-06-20 18:36:51:INFO:Simulation 572 starts
2025-06-20 18:37:52:INFO:Simulation 573 starts
2025-06-20 18:37:52:INFO:Simulation 573 starts
2025-06-20 18:37:52:INFO:Simulation 574 starts
2025-06-20 18:37:52:INFO:Simulation 574 starts
2025-06-20 18:38:53:INFO:Simulation 575 starts
2025-06-20 18:38:53:INFO:Simulation 575 starts
2025-06-20 18:38:53:INFO:Simulation 576 starts
2025-06-20 18:38:53:INFO:Simulation 576 starts
2025-06-20 18:38:53:INFO:Simulation 577 starts
2025-06-20 18:38:53:INFO:Simulation 577 starts
2025-06-20 18:38:53:INFO:Simulation 578 starts
2025-06-20 18:38:53:INFO:Simulation 578 starts
2025-06-20 18:38:53:INFO:Simulation 579 starts
2025-06-20 18:38:53:INFO:Simulation 579 starts
2025-06-20 18:38:53:INFO:Simulation 580 starts
2025-06-20 18:38:53:INFO:Simulation 580 starts
2025-06-20 18:38:53:INFO:Simulation 581 starts
2025-06-20 18:38:53:INFO:Simulation 581 starts
2025-06-20 18:38:53:INFO:Simulation 582 starts
2025-06-20 18:38:53:INFO:Simulation 582 starts
2025-06-20 18:38:53:INFO:Simulation 583 starts
2025-06-20 18:38:53:INFO:Simulation 583 starts
2025-06-20 18:39:53:INFO:Simulation 584 starts
2025-06-20 18:39:53:INFO:Simulation 584 starts
2025-06-20 18:39:53:INFO:Simulation 585 starts
2025-06-20 18:39:53:INFO:Simulation 585 starts
2025-06-20 18:39:53:INFO:Simulation 586 starts
2025-06-20 18:39:53:INFO:Simulation 586 starts
2025-06-20 18:40:54:INFO:Simulation 587 starts
2025-06-20 18:40:54:INFO:Simulation 587 starts
2025-06-20 18:40:54:INFO:Simulation 588 starts
2025-06-20 18:40:54:INFO:Simulation 588 starts
2025-06-20 18:41:54:INFO:Simulation 589 starts
2025-06-20 18:41:54:INFO:Simulation 589 starts
2025-06-20 18:41:54:INFO:Simulation 590 starts
2025-06-20 18:41:54:INFO:Simulation 590 starts
2025-06-20 18:41:55:INFO:Simulation 591 starts
2025-06-20 18:41:55:INFO:Simulation 591 starts
2025-06-20 18:41:55:INFO:Simulation 592 starts
2025-06-20 18:41:55:INFO:Simulation 592 starts
2025-06-20 18:41:55:INFO:Simulation 593 starts
2025-06-20 18:41:55:INFO:Simulation 593 starts
2025-06-20 18:42:56:INFO:Simulation 594 starts
2025-06-20 18:42:56:INFO:Simulation 594 starts
2025-06-20 18:42:56:INFO:Simulation 595 starts
2025-06-20 18:42:56:INFO:Simulation 595 starts
2025-06-20 18:42:56:INFO:Simulation 596 starts
2025-06-20 18:42:56:INFO:Simulation 596 starts
2025-06-20 18:43:57:INFO:Simulation 597 starts
2025-06-20 18:43:57:INFO:Simulation 597 starts
2025-06-20 18:43:57:INFO:Simulation 598 starts
2025-06-20 18:43:57:INFO:Simulation 598 starts
2025-06-20 18:43:57:INFO:Simulation 599 starts
2025-06-20 18:43:57:INFO:Simulation 599 starts
2025-06-20 18:43:57:INFO:
Select 0'th strategy: (then propagate-ineqs ctx-simplify lia)
improve on 7 instances,  new par10: 0.06085
Select 1'th strategy: (then solve-eqs normalize-bounds lia)
improve on 2 instances,  new par10: 0.06931
Select 2'th strategy: (then degree-shift (using-params simplify :elim_and true :blast_distinct true :local_ctx true :pull_cheap_ite true :som true :flat true :push_ite_arith true :hoist_ite true :arith_lhs true) elim-uncnstr solve-eqs elim-uncnstr lia)
improve on 2 instances,  new par10: 0.06969
Select 3'th strategy: (then cofactor-term-ite solve-eqs propagate-ineqs lia)
improve on 4 instances,  new par10: 0.06969

2025-06-20 18:43:57:INFO:Selected 4 strategies: ['(then propagate-ineqs ctx-simplify lia)', '(then solve-eqs normalize-bounds lia)', '(then degree-shift (using-params simplify :elim_and true :blast_distinct true :local_ctx true :pull_cheap_ite true :som true :flat true :push_ite_arith true :hoist_ite true :arith_lhs true) elim-uncnstr solve-eqs elim-uncnstr lia)', '(then cofactor-term-ite solve-eqs propagate-ineqs lia)'], saved to /tmp/experiments/synthesis/out-2025-06-20_14-44-15/ln_strat_candidates.csv
2025-06-20 18:43:57:INFO:Stage 1 Time: 14382
2025-06-20 18:43:57:INFO:Parallel strategy saved to /tmp/experiments/synthesis/out-2025-06-20_14-44-15/parallel_strategy.txt
2025-06-20 18:43:57:INFO:Synthesis time: 14382 seconds
============ Job Information ===================================================
Submitted: 2025-06-20T10:27:15
Started: 2025-06-20T14:35:07
Ended: 2025-06-20T18:43:58
Elapsed: 249 min, Limit: 2160 min, Difference: 1911 min
CPUs: 96, Nodes: 1
Estimated Consumption: 398.40 core-hours
================================================================================
