2025-06-05 07:46:37:INFO:Using Z3 version: Z3 version 4.15.0 - 64 bit
2025-06-05 07:49:08:INFO:S1 MCTS Simulations Start
2025-06-05 07:49:08:INFO:Simulation 0 starts
2025-06-05 07:49:08:INFO:Simulation 0 starts
2025-06-05 07:51:43:INFO:At sim 0, new best reward found: 0.14581
2025-06-05 07:51:43:INFO:At sim 0, new best reward found: 0.14581
2025-06-05 07:51:43:INFO:Simulation 1 starts
2025-06-05 07:51:43:INFO:Simulation 1 starts
2025-06-05 07:54:03:INFO:At sim 1, new best reward found: 0.24055
2025-06-05 07:54:03:INFO:At sim 1, new best reward found: 0.24055
2025-06-05 07:54:03:INFO:Simulation 2 starts
2025-06-05 07:54:03:INFO:Simulation 2 starts
2025-06-05 07:56:38:INFO:At sim 2, new best reward found: 0.24070
2025-06-05 07:56:38:INFO:At sim 2, new best reward found: 0.24070
2025-06-05 07:56:38:INFO:Simulation 3 starts
2025-06-05 07:56:38:INFO:Simulation 3 starts
2025-06-05 07:59:32:INFO:Simulation 4 starts
2025-06-05 07:59:32:INFO:Simulation 4 starts
2025-06-05 08:02:16:INFO:At sim 4, new best reward found: 0.43030
2025-06-05 08:02:16:INFO:At sim 4, new best reward found: 0.43030
2025-06-05 08:02:16:INFO:Simulation 5 starts
2025-06-05 08:02:16:INFO:Simulation 5 starts
2025-06-05 08:04:50:INFO:Simulation 6 starts
2025-06-05 08:04:50:INFO:Simulation 6 starts
2025-06-05 08:07:25:INFO:Simulation 7 starts
2025-06-05 08:07:25:INFO:Simulation 7 starts
2025-06-05 08:10:00:INFO:Simulation 8 starts
2025-06-05 08:10:00:INFO:Simulation 8 starts
2025-06-05 08:12:34:INFO:Simulation 9 starts
2025-06-05 08:12:34:INFO:Simulation 9 starts
2025-06-05 08:12:34:INFO:Simulation 10 starts
2025-06-05 08:12:34:INFO:Simulation 10 starts
2025-06-05 08:15:08:INFO:Simulation 11 starts
2025-06-05 08:15:08:INFO:Simulation 11 starts
2025-06-05 08:17:59:INFO:Simulation 12 starts
2025-06-05 08:17:59:INFO:Simulation 12 starts
2025-06-05 08:20:43:INFO:Simulation 13 starts
2025-06-05 08:20:43:INFO:Simulation 13 starts
2025-06-05 08:23:17:INFO:Simulation 14 starts
2025-06-05 08:23:17:INFO:Simulation 14 starts
2025-06-05 08:23:17:INFO:Simulation 15 starts
2025-06-05 08:23:17:INFO:Simulation 15 starts
2025-06-05 08:25:52:INFO:Simulation 16 starts
2025-06-05 08:25:52:INFO:Simulation 16 starts
2025-06-05 08:28:27:INFO:Simulation 17 starts
2025-06-05 08:28:27:INFO:Simulation 17 starts
2025-06-05 08:31:02:INFO:Simulation 18 starts
2025-06-05 08:31:02:INFO:Simulation 18 starts
2025-06-05 08:33:37:INFO:Simulation 19 starts
2025-06-05 08:33:37:INFO:Simulation 19 starts
2025-06-05 08:33:37:INFO:Simulation 20 starts
2025-06-05 08:33:37:INFO:Simulation 20 starts
2025-06-05 08:36:12:INFO:Simulation 21 starts
2025-06-05 08:36:12:INFO:Simulation 21 starts
2025-06-05 08:38:47:INFO:Simulation 22 starts
2025-06-05 08:38:47:INFO:Simulation 22 starts
2025-06-05 08:41:21:INFO:Simulation 23 starts
2025-06-05 08:41:21:INFO:Simulation 23 starts
2025-06-05 08:43:56:INFO:Simulation 24 starts
2025-06-05 08:43:56:INFO:Simulation 24 starts
2025-06-05 08:43:56:INFO:Simulation 25 starts
2025-06-05 08:43:56:INFO:Simulation 25 starts
2025-06-05 08:46:31:INFO:Simulation 26 starts
2025-06-05 08:46:31:INFO:Simulation 26 starts
2025-06-05 08:49:05:INFO:At sim 26, new best reward found: 0.43953
2025-06-05 08:49:05:INFO:At sim 26, new best reward found: 0.43953
2025-06-05 08:49:05:INFO:Simulation 27 starts
2025-06-05 08:49:05:INFO:Simulation 27 starts
2025-06-05 08:49:05:INFO:Simulation 28 starts
2025-06-05 08:49:05:INFO:Simulation 28 starts
2025-06-05 08:52:07:INFO:Simulation 29 starts
2025-06-05 08:52:07:INFO:Simulation 29 starts
2025-06-05 08:54:53:INFO:Simulation 30 starts
2025-06-05 08:54:53:INFO:Simulation 30 starts
2025-06-05 08:57:27:INFO:Simulation 31 starts
2025-06-05 08:57:27:INFO:Simulation 31 starts
2025-06-05 08:57:27:INFO:Simulation 32 starts
2025-06-05 08:57:27:INFO:Simulation 32 starts
2025-06-05 09:00:27:INFO:Simulation 33 starts
2025-06-05 09:00:27:INFO:Simulation 33 starts
2025-06-05 09:00:27:INFO:Simulation 34 starts
2025-06-05 09:00:27:INFO:Simulation 34 starts
2025-06-05 09:03:10:INFO:Simulation 35 starts
2025-06-05 09:03:10:INFO:Simulation 35 starts
2025-06-05 09:03:10:INFO:Simulation 36 starts
2025-06-05 09:03:10:INFO:Simulation 36 starts
2025-06-05 09:05:45:INFO:Simulation 37 starts
2025-06-05 09:05:45:INFO:Simulation 37 starts
2025-06-05 09:05:45:INFO:Simulation 38 starts
2025-06-05 09:05:45:INFO:Simulation 38 starts
2025-06-05 09:08:19:INFO:Simulation 39 starts
2025-06-05 09:08:19:INFO:Simulation 39 starts
2025-06-05 09:08:19:INFO:Simulation 40 starts
2025-06-05 09:08:19:INFO:Simulation 40 starts
2025-06-05 09:10:54:INFO:Simulation 41 starts
2025-06-05 09:10:54:INFO:Simulation 41 starts
2025-06-05 09:10:54:INFO:Simulation 42 starts
2025-06-05 09:10:54:INFO:Simulation 42 starts
2025-06-05 09:13:29:INFO:Simulation 43 starts
2025-06-05 09:13:29:INFO:Simulation 43 starts
2025-06-05 09:16:04:INFO:Simulation 44 starts
2025-06-05 09:16:04:INFO:Simulation 44 starts
2025-06-05 09:18:39:INFO:Simulation 45 starts
2025-06-05 09:18:39:INFO:Simulation 45 starts
2025-06-05 09:18:39:INFO:Simulation 46 starts
2025-06-05 09:18:39:INFO:Simulation 46 starts
2025-06-05 09:21:18:INFO:Simulation 47 starts
2025-06-05 09:21:18:INFO:Simulation 47 starts
2025-06-05 09:21:18:INFO:Simulation 48 starts
2025-06-05 09:21:18:INFO:Simulation 48 starts
2025-06-05 09:23:53:INFO:Simulation 49 starts
2025-06-05 09:23:53:INFO:Simulation 49 starts
2025-06-05 09:23:53:INFO:Simulation 50 starts
2025-06-05 09:23:53:INFO:Simulation 50 starts
2025-06-05 09:23:53:INFO:Simulation 51 starts
2025-06-05 09:23:53:INFO:Simulation 51 starts
2025-06-05 09:26:27:INFO:Simulation 52 starts
2025-06-05 09:26:27:INFO:Simulation 52 starts
2025-06-05 09:26:27:INFO:Simulation 53 starts
2025-06-05 09:26:27:INFO:Simulation 53 starts
2025-06-05 09:29:01:INFO:Simulation 54 starts
2025-06-05 09:29:01:INFO:Simulation 54 starts
2025-06-05 09:29:01:INFO:Simulation 55 starts
2025-06-05 09:29:01:INFO:Simulation 55 starts
2025-06-05 09:31:41:INFO:Simulation 56 starts
2025-06-05 09:31:41:INFO:Simulation 56 starts
2025-06-05 09:34:16:INFO:Simulation 57 starts
2025-06-05 09:34:16:INFO:Simulation 57 starts
2025-06-05 09:36:50:INFO:Simulation 58 starts
2025-06-05 09:36:50:INFO:Simulation 58 starts
2025-06-05 09:36:50:INFO:Simulation 59 starts
2025-06-05 09:36:50:INFO:Simulation 59 starts
2025-06-05 09:39:32:INFO:Simulation 60 starts
2025-06-05 09:39:32:INFO:Simulation 60 starts
2025-06-05 09:39:32:INFO:Simulation 61 starts
2025-06-05 09:39:32:INFO:Simulation 61 starts
2025-06-05 09:42:14:INFO:Simulation 62 starts
2025-06-05 09:42:14:INFO:Simulation 62 starts
2025-06-05 09:42:14:INFO:Simulation 63 starts
2025-06-05 09:42:14:INFO:Simulation 63 starts
2025-06-05 09:44:48:INFO:Simulation 64 starts
2025-06-05 09:44:48:INFO:Simulation 64 starts
2025-06-05 09:44:48:INFO:Simulation 65 starts
2025-06-05 09:44:48:INFO:Simulation 65 starts
2025-06-05 09:44:48:INFO:Simulation 66 starts
2025-06-05 09:44:48:INFO:Simulation 66 starts
2025-06-05 09:47:23:INFO:Simulation 67 starts
2025-06-05 09:47:23:INFO:Simulation 67 starts
2025-06-05 09:50:32:INFO:Simulation 68 starts
2025-06-05 09:50:32:INFO:Simulation 68 starts
2025-06-05 09:50:32:INFO:Simulation 69 starts
2025-06-05 09:50:32:INFO:Simulation 69 starts
2025-06-05 09:53:18:INFO:At sim 69, new best reward found: 0.43965
2025-06-05 09:53:18:INFO:At sim 69, new best reward found: 0.43965
2025-06-05 09:53:18:INFO:Simulation 70 starts
2025-06-05 09:53:18:INFO:Simulation 70 starts
2025-06-05 09:55:53:INFO:Simulation 71 starts
2025-06-05 09:55:53:INFO:Simulation 71 starts
2025-06-05 09:58:27:INFO:Simulation 72 starts
2025-06-05 09:58:27:INFO:Simulation 72 starts
2025-06-05 10:01:02:INFO:Simulation 73 starts
2025-06-05 10:01:02:INFO:Simulation 73 starts
2025-06-05 10:03:37:INFO:Simulation 74 starts
2025-06-05 10:03:37:INFO:Simulation 74 starts
2025-06-05 10:03:37:INFO:Simulation 75 starts
2025-06-05 10:03:37:INFO:Simulation 75 starts
2025-06-05 10:06:11:INFO:Simulation 76 starts
2025-06-05 10:06:11:INFO:Simulation 76 starts
2025-06-05 10:06:11:INFO:Simulation 77 starts
2025-06-05 10:06:11:INFO:Simulation 77 starts
2025-06-05 10:08:46:INFO:Simulation 78 starts
2025-06-05 10:08:46:INFO:Simulation 78 starts
2025-06-05 10:08:46:INFO:Simulation 79 starts
2025-06-05 10:08:46:INFO:Simulation 79 starts
2025-06-05 10:11:21:INFO:Simulation 80 starts
2025-06-05 10:11:21:INFO:Simulation 80 starts
2025-06-05 10:19:14:INFO:Simulation 81 starts
2025-06-05 10:19:14:INFO:Simulation 81 starts
2025-06-05 10:21:48:INFO:Simulation 82 starts
2025-06-05 10:21:48:INFO:Simulation 82 starts
2025-06-05 10:21:48:INFO:Simulation 83 starts
2025-06-05 10:21:48:INFO:Simulation 83 starts
2025-06-05 10:21:48:INFO:Simulation 84 starts
2025-06-05 10:21:48:INFO:Simulation 84 starts
2025-06-05 10:21:48:INFO:Simulation 85 starts
2025-06-05 10:21:48:INFO:Simulation 85 starts
2025-06-05 10:24:22:INFO:Simulation 86 starts
2025-06-05 10:24:22:INFO:Simulation 86 starts
2025-06-05 10:24:22:INFO:Simulation 87 starts
2025-06-05 10:24:22:INFO:Simulation 87 starts
2025-06-05 10:26:57:INFO:Simulation 88 starts
2025-06-05 10:26:57:INFO:Simulation 88 starts
2025-06-05 10:26:57:INFO:Simulation 89 starts
2025-06-05 10:26:57:INFO:Simulation 89 starts
2025-06-05 10:29:41:INFO:Simulation 90 starts
2025-06-05 10:29:41:INFO:Simulation 90 starts
2025-06-05 10:29:41:INFO:Simulation 91 starts
2025-06-05 10:29:41:INFO:Simulation 91 starts
2025-06-05 10:32:48:INFO:Simulation 92 starts
2025-06-05 10:32:48:INFO:Simulation 92 starts
2025-06-05 10:32:48:INFO:Simulation 93 starts
2025-06-05 10:32:48:INFO:Simulation 93 starts
2025-06-05 10:35:23:INFO:Simulation 94 starts
2025-06-05 10:35:23:INFO:Simulation 94 starts
2025-06-05 10:35:23:INFO:Simulation 95 starts
2025-06-05 10:35:23:INFO:Simulation 95 starts
2025-06-05 10:37:58:INFO:Simulation 96 starts
2025-06-05 10:37:58:INFO:Simulation 96 starts
2025-06-05 10:37:58:INFO:Simulation 97 starts
2025-06-05 10:37:58:INFO:Simulation 97 starts
2025-06-05 10:40:33:INFO:Simulation 98 starts
2025-06-05 10:40:33:INFO:Simulation 98 starts
2025-06-05 10:40:33:INFO:Simulation 99 starts
2025-06-05 10:40:33:INFO:Simulation 99 starts
2025-06-05 10:43:07:INFO:Simulation 100 starts
2025-06-05 10:43:07:INFO:Simulation 100 starts
2025-06-05 10:43:07:INFO:Simulation 101 starts
2025-06-05 10:43:07:INFO:Simulation 101 starts
2025-06-05 10:45:50:INFO:Simulation 102 starts
2025-06-05 10:45:50:INFO:Simulation 102 starts
2025-06-05 10:45:50:INFO:Simulation 103 starts
2025-06-05 10:45:50:INFO:Simulation 103 starts
2025-06-05 10:49:03:INFO:Simulation 104 starts
2025-06-05 10:49:03:INFO:Simulation 104 starts
2025-06-05 10:49:03:INFO:Simulation 105 starts
2025-06-05 10:49:03:INFO:Simulation 105 starts
2025-06-05 10:51:53:INFO:Simulation 106 starts
2025-06-05 10:51:53:INFO:Simulation 106 starts
2025-06-05 10:51:53:INFO:Simulation 107 starts
2025-06-05 10:51:53:INFO:Simulation 107 starts
2025-06-05 10:51:53:INFO:Simulation 108 starts
2025-06-05 10:51:53:INFO:Simulation 108 starts
2025-06-05 10:51:53:INFO:Simulation 109 starts
2025-06-05 10:51:53:INFO:Simulation 109 starts
2025-06-05 10:54:27:INFO:Simulation 110 starts
2025-06-05 10:54:27:INFO:Simulation 110 starts
2025-06-05 10:54:27:INFO:Simulation 111 starts
2025-06-05 10:54:27:INFO:Simulation 111 starts
2025-06-05 10:57:02:INFO:Simulation 112 starts
2025-06-05 10:57:02:INFO:Simulation 112 starts
2025-06-05 10:57:02:INFO:Simulation 113 starts
2025-06-05 10:57:02:INFO:Simulation 113 starts
2025-06-05 10:59:37:INFO:Simulation 114 starts
2025-06-05 10:59:37:INFO:Simulation 114 starts
2025-06-05 10:59:37:INFO:Simulation 115 starts
2025-06-05 10:59:37:INFO:Simulation 115 starts
2025-06-05 11:02:12:INFO:Simulation 116 starts
2025-06-05 11:02:12:INFO:Simulation 116 starts
2025-06-05 11:02:12:INFO:Simulation 117 starts
2025-06-05 11:02:12:INFO:Simulation 117 starts
2025-06-05 11:04:47:INFO:Simulation 118 starts
2025-06-05 11:04:47:INFO:Simulation 118 starts
2025-06-05 11:04:47:INFO:Simulation 119 starts
2025-06-05 11:04:47:INFO:Simulation 119 starts
2025-06-05 11:04:47:INFO:Simulation 120 starts
2025-06-05 11:04:47:INFO:Simulation 120 starts
2025-06-05 11:04:47:INFO:Simulation 121 starts
2025-06-05 11:04:47:INFO:Simulation 121 starts
2025-06-05 11:07:22:INFO:Simulation 122 starts
2025-06-05 11:07:22:INFO:Simulation 122 starts
2025-06-05 11:07:22:INFO:Simulation 123 starts
2025-06-05 11:07:22:INFO:Simulation 123 starts
2025-06-05 11:09:57:INFO:Simulation 124 starts
2025-06-05 11:09:57:INFO:Simulation 124 starts
2025-06-05 11:09:57:INFO:Simulation 125 starts
2025-06-05 11:09:57:INFO:Simulation 125 starts
2025-06-05 11:12:54:INFO:Simulation 126 starts
2025-06-05 11:12:54:INFO:Simulation 126 starts
2025-06-05 11:12:54:INFO:Simulation 127 starts
2025-06-05 11:12:54:INFO:Simulation 127 starts
2025-06-05 11:15:48:INFO:Simulation 128 starts
2025-06-05 11:15:48:INFO:Simulation 128 starts
2025-06-05 11:15:48:INFO:Simulation 129 starts
2025-06-05 11:15:48:INFO:Simulation 129 starts
2025-06-05 11:20:01:INFO:Simulation 130 starts
2025-06-05 11:20:01:INFO:Simulation 130 starts
2025-06-05 11:20:01:INFO:Simulation 131 starts
2025-06-05 11:20:01:INFO:Simulation 131 starts
2025-06-05 11:20:01:INFO:Simulation 132 starts
2025-06-05 11:20:01:INFO:Simulation 132 starts
2025-06-05 11:22:54:INFO:Simulation 133 starts
2025-06-05 11:22:54:INFO:Simulation 133 starts
2025-06-05 11:22:54:INFO:Simulation 134 starts
2025-06-05 11:22:54:INFO:Simulation 134 starts
2025-06-05 11:22:54:INFO:Simulation 135 starts
2025-06-05 11:22:54:INFO:Simulation 135 starts
2025-06-05 11:22:54:INFO:Simulation 136 starts
2025-06-05 11:22:54:INFO:Simulation 136 starts
2025-06-05 11:25:28:INFO:Simulation 137 starts
2025-06-05 11:25:28:INFO:Simulation 137 starts
2025-06-05 11:25:28:INFO:Simulation 138 starts
2025-06-05 11:25:28:INFO:Simulation 138 starts
2025-06-05 11:28:03:INFO:Simulation 139 starts
2025-06-05 11:28:03:INFO:Simulation 139 starts
2025-06-05 11:28:03:INFO:Simulation 140 starts
2025-06-05 11:28:03:INFO:Simulation 140 starts
2025-06-05 11:30:38:INFO:Simulation 141 starts
2025-06-05 11:30:38:INFO:Simulation 141 starts
2025-06-05 11:30:38:INFO:Simulation 142 starts
2025-06-05 11:30:38:INFO:Simulation 142 starts
2025-06-05 11:30:38:INFO:Simulation 143 starts
2025-06-05 11:30:38:INFO:Simulation 143 starts
2025-06-05 11:30:38:INFO:Simulation 144 starts
2025-06-05 11:30:38:INFO:Simulation 144 starts
2025-06-05 11:33:12:INFO:Simulation 145 starts
2025-06-05 11:33:12:INFO:Simulation 145 starts
2025-06-05 11:33:12:INFO:Simulation 146 starts
2025-06-05 11:33:12:INFO:Simulation 146 starts
2025-06-05 11:35:47:INFO:Simulation 147 starts
2025-06-05 11:35:47:INFO:Simulation 147 starts
2025-06-05 11:35:47:INFO:Simulation 148 starts
2025-06-05 11:35:47:INFO:Simulation 148 starts
2025-06-05 11:38:21:INFO:Simulation 149 starts
2025-06-05 11:38:21:INFO:Simulation 149 starts
2025-06-05 11:38:21:INFO:Simulation 150 starts
2025-06-05 11:38:21:INFO:Simulation 150 starts
2025-06-05 11:40:55:INFO:Simulation 151 starts
2025-06-05 11:40:55:INFO:Simulation 151 starts
2025-06-05 11:40:55:INFO:Simulation 152 starts
2025-06-05 11:40:55:INFO:Simulation 152 starts
2025-06-05 11:43:46:INFO:Simulation 153 starts
2025-06-05 11:43:46:INFO:Simulation 153 starts
2025-06-05 11:43:46:INFO:Simulation 154 starts
2025-06-05 11:43:46:INFO:Simulation 154 starts
2025-06-05 11:46:30:INFO:Simulation 155 starts
2025-06-05 11:46:30:INFO:Simulation 155 starts
2025-06-05 11:46:30:INFO:Simulation 156 starts
2025-06-05 11:46:30:INFO:Simulation 156 starts
2025-06-05 11:49:04:INFO:Simulation 157 starts
2025-06-05 11:49:04:INFO:Simulation 157 starts
2025-06-05 11:49:04:INFO:Simulation 158 starts
2025-06-05 11:49:04:INFO:Simulation 158 starts
2025-06-05 11:51:39:INFO:Simulation 159 starts
2025-06-05 11:51:39:INFO:Simulation 159 starts
2025-06-05 11:51:39:INFO:Simulation 160 starts
2025-06-05 11:51:39:INFO:Simulation 160 starts
2025-06-05 11:51:39:INFO:Simulation 161 starts
2025-06-05 11:51:39:INFO:Simulation 161 starts
2025-06-05 11:51:39:INFO:Simulation 162 starts
2025-06-05 11:51:39:INFO:Simulation 162 starts
2025-06-05 11:54:14:INFO:Simulation 163 starts
2025-06-05 11:54:14:INFO:Simulation 163 starts
2025-06-05 11:56:48:INFO:Simulation 164 starts
2025-06-05 11:56:48:INFO:Simulation 164 starts
2025-06-05 11:59:22:INFO:Simulation 165 starts
2025-06-05 11:59:22:INFO:Simulation 165 starts
2025-06-05 11:59:22:INFO:Simulation 166 starts
2025-06-05 11:59:22:INFO:Simulation 166 starts
2025-06-05 12:01:57:INFO:Simulation 167 starts
2025-06-05 12:01:57:INFO:Simulation 167 starts
2025-06-05 12:01:57:INFO:Simulation 168 starts
2025-06-05 12:01:57:INFO:Simulation 168 starts
2025-06-05 12:01:57:INFO:Simulation 169 starts
2025-06-05 12:01:57:INFO:Simulation 169 starts
2025-06-05 12:01:57:INFO:Simulation 170 starts
2025-06-05 12:01:57:INFO:Simulation 170 starts
2025-06-05 12:04:31:INFO:Simulation 171 starts
2025-06-05 12:04:31:INFO:Simulation 171 starts
2025-06-05 12:04:31:INFO:Simulation 172 starts
2025-06-05 12:04:31:INFO:Simulation 172 starts
2025-06-05 12:04:31:INFO:Simulation 173 starts
2025-06-05 12:04:31:INFO:Simulation 173 starts
2025-06-05 12:04:31:INFO:Simulation 174 starts
2025-06-05 12:04:31:INFO:Simulation 174 starts
2025-06-05 12:07:06:INFO:Simulation 175 starts
2025-06-05 12:07:06:INFO:Simulation 175 starts
2025-06-05 12:07:06:INFO:Simulation 176 starts
2025-06-05 12:07:06:INFO:Simulation 176 starts
2025-06-05 12:09:40:INFO:Simulation 177 starts
2025-06-05 12:09:40:INFO:Simulation 177 starts
2025-06-05 12:09:40:INFO:Simulation 178 starts
2025-06-05 12:09:40:INFO:Simulation 178 starts
2025-06-05 12:12:14:INFO:Simulation 179 starts
2025-06-05 12:12:14:INFO:Simulation 179 starts
2025-06-05 12:12:14:INFO:Simulation 180 starts
2025-06-05 12:12:14:INFO:Simulation 180 starts
2025-06-05 12:14:48:INFO:Simulation 181 starts
2025-06-05 12:14:48:INFO:Simulation 181 starts
2025-06-05 12:14:48:INFO:Simulation 182 starts
2025-06-05 12:14:48:INFO:Simulation 182 starts
2025-06-05 12:17:23:INFO:Simulation 183 starts
2025-06-05 12:17:23:INFO:Simulation 183 starts
2025-06-05 12:17:23:INFO:Simulation 184 starts
2025-06-05 12:17:23:INFO:Simulation 184 starts
2025-06-05 12:19:57:INFO:Simulation 185 starts
2025-06-05 12:19:57:INFO:Simulation 185 starts
2025-06-05 12:19:57:INFO:Simulation 186 starts
2025-06-05 12:19:57:INFO:Simulation 186 starts
2025-06-05 12:22:32:INFO:Simulation 187 starts
2025-06-05 12:22:32:INFO:Simulation 187 starts
2025-06-05 12:22:32:INFO:Simulation 188 starts
2025-06-05 12:22:32:INFO:Simulation 188 starts
2025-06-05 12:25:06:INFO:Simulation 189 starts
2025-06-05 12:25:06:INFO:Simulation 189 starts
2025-06-05 12:25:06:INFO:Simulation 190 starts
2025-06-05 12:25:06:INFO:Simulation 190 starts
2025-06-05 12:25:06:INFO:Simulation 191 starts
2025-06-05 12:25:06:INFO:Simulation 191 starts
2025-06-05 12:25:06:INFO:Simulation 192 starts
2025-06-05 12:25:06:INFO:Simulation 192 starts
2025-06-05 12:27:40:INFO:Simulation 193 starts
2025-06-05 12:27:40:INFO:Simulation 193 starts
2025-06-05 12:27:40:INFO:Simulation 194 starts
2025-06-05 12:27:40:INFO:Simulation 194 starts
2025-06-05 12:30:14:INFO:Simulation 195 starts
2025-06-05 12:30:14:INFO:Simulation 195 starts
2025-06-05 12:30:14:INFO:Simulation 196 starts
2025-06-05 12:30:14:INFO:Simulation 196 starts
2025-06-05 12:32:49:INFO:Simulation 197 starts
2025-06-05 12:32:49:INFO:Simulation 197 starts
2025-06-05 12:32:49:INFO:Simulation 198 starts
2025-06-05 12:32:49:INFO:Simulation 198 starts
2025-06-05 12:35:24:INFO:Simulation 199 starts
2025-06-05 12:35:24:INFO:Simulation 199 starts
2025-06-05 12:35:24:INFO:Simulation 200 starts
2025-06-05 12:35:24:INFO:Simulation 200 starts
2025-06-05 12:37:58:INFO:Simulation 201 starts
2025-06-05 12:37:58:INFO:Simulation 201 starts
2025-06-05 12:37:58:INFO:Simulation 202 starts
2025-06-05 12:37:58:INFO:Simulation 202 starts
2025-06-05 12:40:33:INFO:Simulation 203 starts
2025-06-05 12:40:33:INFO:Simulation 203 starts
2025-06-05 12:40:33:INFO:Simulation 204 starts
2025-06-05 12:40:33:INFO:Simulation 204 starts
2025-06-05 12:43:08:INFO:Simulation 205 starts
2025-06-05 12:43:08:INFO:Simulation 205 starts
2025-06-05 12:43:08:INFO:Simulation 206 starts
2025-06-05 12:43:08:INFO:Simulation 206 starts
2025-06-05 12:43:08:INFO:Simulation 207 starts
2025-06-05 12:43:08:INFO:Simulation 207 starts
2025-06-05 12:43:08:INFO:Simulation 208 starts
2025-06-05 12:43:08:INFO:Simulation 208 starts
2025-06-05 12:45:43:INFO:Simulation 209 starts
2025-06-05 12:45:43:INFO:Simulation 209 starts
2025-06-05 12:45:43:INFO:Simulation 210 starts
2025-06-05 12:45:43:INFO:Simulation 210 starts
2025-06-05 12:48:18:INFO:Simulation 211 starts
2025-06-05 12:48:18:INFO:Simulation 211 starts
2025-06-05 12:48:18:INFO:Simulation 212 starts
2025-06-05 12:48:18:INFO:Simulation 212 starts
2025-06-05 12:50:53:INFO:Simulation 213 starts
2025-06-05 12:50:53:INFO:Simulation 213 starts
2025-06-05 12:50:53:INFO:Simulation 214 starts
2025-06-05 12:50:53:INFO:Simulation 214 starts
2025-06-05 12:53:28:INFO:Simulation 215 starts
2025-06-05 12:53:28:INFO:Simulation 215 starts
2025-06-05 12:53:28:INFO:Simulation 216 starts
2025-06-05 12:53:28:INFO:Simulation 216 starts
2025-06-05 12:53:28:INFO:Simulation 217 starts
2025-06-05 12:53:28:INFO:Simulation 217 starts
2025-06-05 12:53:28:INFO:Simulation 218 starts
2025-06-05 12:53:28:INFO:Simulation 218 starts
2025-06-05 12:56:03:INFO:Simulation 219 starts
2025-06-05 12:56:03:INFO:Simulation 219 starts
2025-06-05 12:56:03:INFO:Simulation 220 starts
2025-06-05 12:56:03:INFO:Simulation 220 starts
2025-06-05 12:58:38:INFO:Simulation 221 starts
2025-06-05 12:58:38:INFO:Simulation 221 starts
2025-06-05 12:58:38:INFO:Simulation 222 starts
2025-06-05 12:58:38:INFO:Simulation 222 starts
2025-06-05 13:01:13:INFO:Simulation 223 starts
2025-06-05 13:01:13:INFO:Simulation 223 starts
2025-06-05 13:01:13:INFO:Simulation 224 starts
2025-06-05 13:01:13:INFO:Simulation 224 starts
2025-06-05 13:03:48:INFO:Simulation 225 starts
2025-06-05 13:03:48:INFO:Simulation 225 starts
2025-06-05 13:03:48:INFO:Simulation 226 starts
2025-06-05 13:03:48:INFO:Simulation 226 starts
2025-06-05 13:03:48:INFO:Simulation 227 starts
2025-06-05 13:03:48:INFO:Simulation 227 starts
2025-06-05 13:03:48:INFO:Simulation 228 starts
2025-06-05 13:03:48:INFO:Simulation 228 starts
2025-06-05 13:07:15:INFO:Simulation 229 starts
2025-06-05 13:07:15:INFO:Simulation 229 starts
2025-06-05 13:10:05:INFO:Simulation 230 starts
2025-06-05 13:10:05:INFO:Simulation 230 starts
2025-06-05 13:10:05:INFO:Simulation 231 starts
2025-06-05 13:10:05:INFO:Simulation 231 starts
2025-06-05 13:10:05:INFO:Simulation 232 starts
2025-06-05 13:10:05:INFO:Simulation 232 starts
2025-06-05 13:10:05:INFO:Simulation 233 starts
2025-06-05 13:10:05:INFO:Simulation 233 starts
2025-06-05 13:10:05:INFO:Simulation 234 starts
2025-06-05 13:10:05:INFO:Simulation 234 starts
2025-06-05 13:10:05:INFO:Simulation 235 starts
2025-06-05 13:10:05:INFO:Simulation 235 starts
2025-06-05 13:12:39:INFO:Simulation 236 starts
2025-06-05 13:12:39:INFO:Simulation 236 starts
2025-06-05 13:12:39:INFO:Simulation 237 starts
2025-06-05 13:12:39:INFO:Simulation 237 starts
2025-06-05 13:12:39:INFO:Simulation 238 starts
2025-06-05 13:12:39:INFO:Simulation 238 starts
2025-06-05 13:12:39:INFO:Simulation 239 starts
2025-06-05 13:12:39:INFO:Simulation 239 starts
2025-06-05 13:15:14:INFO:Simulation 240 starts
2025-06-05 13:15:14:INFO:Simulation 240 starts
2025-06-05 13:15:14:INFO:Simulation 241 starts
2025-06-05 13:15:14:INFO:Simulation 241 starts
2025-06-05 13:15:14:INFO:Simulation 242 starts
2025-06-05 13:15:14:INFO:Simulation 242 starts
2025-06-05 13:15:14:INFO:Simulation 243 starts
2025-06-05 13:15:14:INFO:Simulation 243 starts
2025-06-05 13:15:14:INFO:Simulation 244 starts
2025-06-05 13:15:14:INFO:Simulation 244 starts
2025-06-05 13:17:49:INFO:Simulation 245 starts
2025-06-05 13:17:49:INFO:Simulation 245 starts
2025-06-05 13:20:23:INFO:Simulation 246 starts
2025-06-05 13:20:23:INFO:Simulation 246 starts
2025-06-05 13:20:23:INFO:Simulation 247 starts
2025-06-05 13:20:23:INFO:Simulation 247 starts
2025-06-05 13:22:57:INFO:Simulation 248 starts
2025-06-05 13:22:57:INFO:Simulation 248 starts
2025-06-05 13:22:57:INFO:Simulation 249 starts
2025-06-05 13:22:57:INFO:Simulation 249 starts
2025-06-05 13:25:32:INFO:Simulation 250 starts
2025-06-05 13:25:32:INFO:Simulation 250 starts
2025-06-05 13:25:32:INFO:Simulation 251 starts
2025-06-05 13:25:32:INFO:Simulation 251 starts
2025-06-05 13:28:08:INFO:Simulation 252 starts
2025-06-05 13:28:08:INFO:Simulation 252 starts
2025-06-05 13:28:08:INFO:Simulation 253 starts
2025-06-05 13:28:08:INFO:Simulation 253 starts
2025-06-05 13:28:08:INFO:Simulation 254 starts
2025-06-05 13:28:08:INFO:Simulation 254 starts
2025-06-05 13:28:08:INFO:Simulation 255 starts
2025-06-05 13:28:08:INFO:Simulation 255 starts
2025-06-05 13:30:42:INFO:Simulation 256 starts
2025-06-05 13:30:42:INFO:Simulation 256 starts
2025-06-05 13:30:42:INFO:Simulation 257 starts
2025-06-05 13:30:42:INFO:Simulation 257 starts
2025-06-05 13:33:16:INFO:Simulation 258 starts
2025-06-05 13:33:16:INFO:Simulation 258 starts
2025-06-05 13:33:16:INFO:Simulation 259 starts
2025-06-05 13:33:16:INFO:Simulation 259 starts
2025-06-05 13:35:51:INFO:Simulation 260 starts
2025-06-05 13:35:51:INFO:Simulation 260 starts
2025-06-05 13:35:51:INFO:Simulation 261 starts
2025-06-05 13:35:51:INFO:Simulation 261 starts
2025-06-05 13:38:26:INFO:Simulation 262 starts
2025-06-05 13:38:26:INFO:Simulation 262 starts
2025-06-05 13:38:26:INFO:Simulation 263 starts
2025-06-05 13:38:26:INFO:Simulation 263 starts
2025-06-05 13:41:00:INFO:Simulation 264 starts
2025-06-05 13:41:00:INFO:Simulation 264 starts
2025-06-05 13:41:00:INFO:Simulation 265 starts
2025-06-05 13:41:00:INFO:Simulation 265 starts
2025-06-05 13:43:35:INFO:Simulation 266 starts
2025-06-05 13:43:35:INFO:Simulation 266 starts
2025-06-05 13:43:35:INFO:Simulation 267 starts
2025-06-05 13:43:35:INFO:Simulation 267 starts
2025-06-05 13:46:09:INFO:Simulation 268 starts
2025-06-05 13:46:09:INFO:Simulation 268 starts
2025-06-05 13:46:09:INFO:Simulation 269 starts
2025-06-05 13:46:09:INFO:Simulation 269 starts
2025-06-05 13:46:09:INFO:Simulation 270 starts
2025-06-05 13:46:09:INFO:Simulation 270 starts
2025-06-05 13:46:09:INFO:Simulation 271 starts
2025-06-05 13:46:09:INFO:Simulation 271 starts
2025-06-05 13:48:44:INFO:Simulation 272 starts
2025-06-05 13:48:44:INFO:Simulation 272 starts
2025-06-05 13:48:44:INFO:Simulation 273 starts
2025-06-05 13:48:44:INFO:Simulation 273 starts
2025-06-05 13:48:44:INFO:Simulation 274 starts
2025-06-05 13:48:44:INFO:Simulation 274 starts
2025-06-05 13:48:44:INFO:Simulation 275 starts
2025-06-05 13:48:44:INFO:Simulation 275 starts
2025-06-05 13:51:19:INFO:Simulation 276 starts
2025-06-05 13:51:19:INFO:Simulation 276 starts
2025-06-05 13:51:19:INFO:Simulation 277 starts
2025-06-05 13:51:19:INFO:Simulation 277 starts
2025-06-05 13:53:53:INFO:Simulation 278 starts
2025-06-05 13:53:53:INFO:Simulation 278 starts
2025-06-05 13:53:53:INFO:Simulation 279 starts
2025-06-05 13:53:53:INFO:Simulation 279 starts
2025-06-05 13:56:27:INFO:Simulation 280 starts
2025-06-05 13:56:27:INFO:Simulation 280 starts
2025-06-05 13:56:27:INFO:Simulation 281 starts
2025-06-05 13:56:27:INFO:Simulation 281 starts
2025-06-05 13:59:02:INFO:Simulation 282 starts
2025-06-05 13:59:02:INFO:Simulation 282 starts
2025-06-05 13:59:02:INFO:Simulation 283 starts
2025-06-05 13:59:02:INFO:Simulation 283 starts
2025-06-05 14:01:37:INFO:Simulation 284 starts
2025-06-05 14:01:37:INFO:Simulation 284 starts
2025-06-05 14:01:37:INFO:Simulation 285 starts
2025-06-05 14:01:37:INFO:Simulation 285 starts
2025-06-05 14:04:11:INFO:Simulation 286 starts
2025-06-05 14:04:11:INFO:Simulation 286 starts
2025-06-05 14:04:11:INFO:Simulation 287 starts
2025-06-05 14:04:11:INFO:Simulation 287 starts
2025-06-05 14:04:11:INFO:Simulation 288 starts
2025-06-05 14:04:11:INFO:Simulation 288 starts
2025-06-05 14:04:11:INFO:Simulation 289 starts
2025-06-05 14:04:11:INFO:Simulation 289 starts
2025-06-05 14:06:46:INFO:Simulation 290 starts
2025-06-05 14:06:46:INFO:Simulation 290 starts
2025-06-05 14:06:46:INFO:Simulation 291 starts
2025-06-05 14:06:46:INFO:Simulation 291 starts
2025-06-05 14:09:21:INFO:Simulation 292 starts
2025-06-05 14:09:21:INFO:Simulation 292 starts
2025-06-05 14:11:56:INFO:Simulation 293 starts
2025-06-05 14:11:56:INFO:Simulation 293 starts
2025-06-05 14:14:31:INFO:Simulation 294 starts
2025-06-05 14:14:31:INFO:Simulation 294 starts
2025-06-05 14:14:31:INFO:Simulation 295 starts
2025-06-05 14:14:31:INFO:Simulation 295 starts
2025-06-05 14:17:06:INFO:Simulation 296 starts
2025-06-05 14:17:06:INFO:Simulation 296 starts
2025-06-05 14:17:06:INFO:Simulation 297 starts
2025-06-05 14:17:06:INFO:Simulation 297 starts
2025-06-05 14:19:41:INFO:Simulation 298 starts
2025-06-05 14:19:41:INFO:Simulation 298 starts
2025-06-05 14:19:41:INFO:Simulation 299 starts
2025-06-05 14:19:41:INFO:Simulation 299 starts
2025-06-05 14:19:41:INFO:Simulation 300 starts
2025-06-05 14:19:41:INFO:Simulation 300 starts
2025-06-05 14:19:41:INFO:Simulation 301 starts
2025-06-05 14:19:41:INFO:Simulation 301 starts
2025-06-05 14:22:16:INFO:Simulation 302 starts
2025-06-05 14:22:16:INFO:Simulation 302 starts
2025-06-05 14:22:16:INFO:Simulation 303 starts
2025-06-05 14:22:16:INFO:Simulation 303 starts
2025-06-05 14:24:51:INFO:Simulation 304 starts
2025-06-05 14:24:51:INFO:Simulation 304 starts
2025-06-05 14:24:51:INFO:Simulation 305 starts
2025-06-05 14:24:51:INFO:Simulation 305 starts
2025-06-05 14:27:50:INFO:Simulation 306 starts
2025-06-05 14:27:50:INFO:Simulation 306 starts
2025-06-05 14:27:50:INFO:Simulation 307 starts
2025-06-05 14:27:50:INFO:Simulation 307 starts
2025-06-05 14:30:39:INFO:Simulation 308 starts
2025-06-05 14:30:39:INFO:Simulation 308 starts
2025-06-05 14:30:39:INFO:Simulation 309 starts
2025-06-05 14:30:39:INFO:Simulation 309 starts
2025-06-05 14:33:13:INFO:Simulation 310 starts
2025-06-05 14:33:13:INFO:Simulation 310 starts
2025-06-05 14:33:13:INFO:Simulation 311 starts
2025-06-05 14:33:13:INFO:Simulation 311 starts
2025-06-05 14:35:48:INFO:Simulation 312 starts
2025-06-05 14:35:48:INFO:Simulation 312 starts
2025-06-05 14:35:48:INFO:Simulation 313 starts
2025-06-05 14:35:48:INFO:Simulation 313 starts
2025-06-05 14:38:22:INFO:Simulation 314 starts
2025-06-05 14:38:22:INFO:Simulation 314 starts
2025-06-05 14:38:22:INFO:Simulation 315 starts
2025-06-05 14:38:22:INFO:Simulation 315 starts
2025-06-05 14:41:02:INFO:Simulation 316 starts
2025-06-05 14:41:02:INFO:Simulation 316 starts
2025-06-05 14:41:02:INFO:Simulation 317 starts
2025-06-05 14:41:02:INFO:Simulation 317 starts
2025-06-05 14:41:02:INFO:Simulation 318 starts
2025-06-05 14:41:02:INFO:Simulation 318 starts
2025-06-05 14:41:02:INFO:Simulation 319 starts
2025-06-05 14:41:02:INFO:Simulation 319 starts
2025-06-05 14:41:02:INFO:Simulation 320 starts
2025-06-05 14:41:02:INFO:Simulation 320 starts
2025-06-05 14:41:02:INFO:Simulation 321 starts
2025-06-05 14:41:02:INFO:Simulation 321 starts
2025-06-05 14:43:37:INFO:Simulation 322 starts
2025-06-05 14:43:37:INFO:Simulation 322 starts
2025-06-05 14:43:37:INFO:Simulation 323 starts
2025-06-05 14:43:37:INFO:Simulation 323 starts
2025-06-05 14:46:34:INFO:Simulation 324 starts
2025-06-05 14:46:34:INFO:Simulation 324 starts
2025-06-05 14:46:34:INFO:Simulation 325 starts
2025-06-05 14:46:34:INFO:Simulation 325 starts
2025-06-05 14:49:21:INFO:Simulation 326 starts
2025-06-05 14:49:21:INFO:Simulation 326 starts
2025-06-05 14:49:21:INFO:Simulation 327 starts
2025-06-05 14:49:21:INFO:Simulation 327 starts
2025-06-05 14:52:14:INFO:Simulation 328 starts
2025-06-05 14:52:14:INFO:Simulation 328 starts
2025-06-05 14:52:14:INFO:Simulation 329 starts
2025-06-05 14:52:14:INFO:Simulation 329 starts
2025-06-05 14:55:14:INFO:Simulation 330 starts
2025-06-05 14:55:14:INFO:Simulation 330 starts
2025-06-05 14:55:14:INFO:Simulation 331 starts
2025-06-05 14:55:14:INFO:Simulation 331 starts
2025-06-05 14:58:17:INFO:Simulation 332 starts
2025-06-05 14:58:17:INFO:Simulation 332 starts
2025-06-05 14:58:17:INFO:Simulation 333 starts
2025-06-05 14:58:17:INFO:Simulation 333 starts
2025-06-05 15:01:31:INFO:Simulation 334 starts
2025-06-05 15:01:31:INFO:Simulation 334 starts
2025-06-05 15:01:31:INFO:Simulation 335 starts
2025-06-05 15:01:31:INFO:Simulation 335 starts
2025-06-05 15:04:16:INFO:Simulation 336 starts
2025-06-05 15:04:16:INFO:Simulation 336 starts
2025-06-05 15:04:16:INFO:Simulation 337 starts
2025-06-05 15:04:16:INFO:Simulation 337 starts
2025-06-05 15:06:51:INFO:Simulation 338 starts
2025-06-05 15:06:51:INFO:Simulation 338 starts
2025-06-05 15:06:51:INFO:Simulation 339 starts
2025-06-05 15:06:51:INFO:Simulation 339 starts
2025-06-05 15:10:00:INFO:Simulation 340 starts
2025-06-05 15:10:00:INFO:Simulation 340 starts
2025-06-05 15:10:00:INFO:Simulation 341 starts
2025-06-05 15:10:00:INFO:Simulation 341 starts
2025-06-05 15:10:00:INFO:Simulation 342 starts
2025-06-05 15:10:00:INFO:Simulation 342 starts
2025-06-05 15:10:00:INFO:Simulation 343 starts
2025-06-05 15:10:00:INFO:Simulation 343 starts
2025-06-05 15:13:11:INFO:Simulation 344 starts
2025-06-05 15:13:11:INFO:Simulation 344 starts
2025-06-05 15:13:11:INFO:Simulation 345 starts
2025-06-05 15:13:11:INFO:Simulation 345 starts
2025-06-05 15:15:57:INFO:Simulation 346 starts
2025-06-05 15:15:57:INFO:Simulation 346 starts
2025-06-05 15:15:57:INFO:Simulation 347 starts
2025-06-05 15:15:57:INFO:Simulation 347 starts
2025-06-05 15:18:57:INFO:Simulation 348 starts
2025-06-05 15:18:57:INFO:Simulation 348 starts
2025-06-05 15:18:57:INFO:Simulation 349 starts
2025-06-05 15:18:57:INFO:Simulation 349 starts
2025-06-05 15:18:57:INFO:Simulation 350 starts
2025-06-05 15:18:57:INFO:Simulation 350 starts
2025-06-05 15:18:57:INFO:Simulation 351 starts
2025-06-05 15:18:57:INFO:Simulation 351 starts
2025-06-05 15:18:57:INFO:Simulation 352 starts
2025-06-05 15:18:57:INFO:Simulation 352 starts
2025-06-05 15:18:57:INFO:Simulation 353 starts
2025-06-05 15:18:57:INFO:Simulation 353 starts
2025-06-05 15:22:02:INFO:Simulation 354 starts
2025-06-05 15:22:02:INFO:Simulation 354 starts
2025-06-05 15:22:02:INFO:Simulation 355 starts
2025-06-05 15:22:02:INFO:Simulation 355 starts
2025-06-05 15:24:46:INFO:Simulation 356 starts
2025-06-05 15:24:46:INFO:Simulation 356 starts
2025-06-05 15:24:46:INFO:Simulation 357 starts
2025-06-05 15:24:46:INFO:Simulation 357 starts
2025-06-05 15:27:41:INFO:Simulation 358 starts
2025-06-05 15:27:41:INFO:Simulation 358 starts
2025-06-05 15:27:41:INFO:Simulation 359 starts
2025-06-05 15:27:41:INFO:Simulation 359 starts
2025-06-05 15:30:25:INFO:Simulation 360 starts
2025-06-05 15:30:25:INFO:Simulation 360 starts
2025-06-05 15:30:25:INFO:Simulation 361 starts
2025-06-05 15:30:25:INFO:Simulation 361 starts
2025-06-05 15:33:21:INFO:Simulation 362 starts
2025-06-05 15:33:21:INFO:Simulation 362 starts
2025-06-05 15:33:21:INFO:Simulation 363 starts
2025-06-05 15:33:21:INFO:Simulation 363 starts
2025-06-05 15:36:07:INFO:Simulation 364 starts
2025-06-05 15:36:07:INFO:Simulation 364 starts
2025-06-05 15:36:07:INFO:Simulation 365 starts
2025-06-05 15:36:07:INFO:Simulation 365 starts
2025-06-05 15:38:42:INFO:Simulation 366 starts
2025-06-05 15:38:42:INFO:Simulation 366 starts
2025-06-05 15:38:42:INFO:Simulation 367 starts
2025-06-05 15:38:42:INFO:Simulation 367 starts
2025-06-05 15:38:42:INFO:Simulation 368 starts
2025-06-05 15:38:42:INFO:Simulation 368 starts
2025-06-05 15:38:42:INFO:Simulation 369 starts
2025-06-05 15:38:42:INFO:Simulation 369 starts
2025-06-05 15:38:42:INFO:Simulation 370 starts
2025-06-05 15:38:42:INFO:Simulation 370 starts
2025-06-05 15:38:42:INFO:Simulation 371 starts
2025-06-05 15:38:42:INFO:Simulation 371 starts
2025-06-05 15:38:42:INFO:Simulation 372 starts
2025-06-05 15:38:42:INFO:Simulation 372 starts
2025-06-05 15:38:42:INFO:Simulation 373 starts
2025-06-05 15:38:42:INFO:Simulation 373 starts
2025-06-05 15:41:34:INFO:Simulation 374 starts
2025-06-05 15:41:34:INFO:Simulation 374 starts
2025-06-05 15:41:34:INFO:Simulation 375 starts
2025-06-05 15:41:34:INFO:Simulation 375 starts
2025-06-05 15:44:49:INFO:Simulation 376 starts
2025-06-05 15:44:49:INFO:Simulation 376 starts
2025-06-05 15:44:49:INFO:Simulation 377 starts
2025-06-05 15:44:49:INFO:Simulation 377 starts
2025-06-05 15:47:57:INFO:Simulation 378 starts
2025-06-05 15:47:57:INFO:Simulation 378 starts
2025-06-05 15:47:57:INFO:Simulation 379 starts
2025-06-05 15:47:57:INFO:Simulation 379 starts
2025-06-05 15:50:41:INFO:Simulation 380 starts
2025-06-05 15:50:41:INFO:Simulation 380 starts
2025-06-05 15:50:41:INFO:Simulation 381 starts
2025-06-05 15:50:41:INFO:Simulation 381 starts
2025-06-05 15:53:55:INFO:Simulation 382 starts
2025-06-05 15:53:55:INFO:Simulation 382 starts
2025-06-05 15:53:55:INFO:Simulation 383 starts
2025-06-05 15:53:55:INFO:Simulation 383 starts
2025-06-05 15:56:48:INFO:Simulation 384 starts
2025-06-05 15:56:48:INFO:Simulation 384 starts
2025-06-05 15:56:48:INFO:Simulation 385 starts
2025-06-05 15:56:48:INFO:Simulation 385 starts
2025-06-05 15:59:22:INFO:Simulation 386 starts
2025-06-05 15:59:22:INFO:Simulation 386 starts
2025-06-05 15:59:22:INFO:Simulation 387 starts
2025-06-05 15:59:22:INFO:Simulation 387 starts
2025-06-05 16:01:57:INFO:Simulation 388 starts
2025-06-05 16:01:57:INFO:Simulation 388 starts
2025-06-05 16:01:57:INFO:Simulation 389 starts
2025-06-05 16:01:57:INFO:Simulation 389 starts
2025-06-05 16:01:57:INFO:Simulation 390 starts
2025-06-05 16:01:57:INFO:Simulation 390 starts
2025-06-05 16:05:02:INFO:Simulation 391 starts
2025-06-05 16:05:02:INFO:Simulation 391 starts
2025-06-05 16:05:02:INFO:Simulation 392 starts
2025-06-05 16:05:02:INFO:Simulation 392 starts
2025-06-05 16:05:02:INFO:Simulation 393 starts
2025-06-05 16:05:02:INFO:Simulation 393 starts
2025-06-05 16:05:02:INFO:Simulation 394 starts
2025-06-05 16:05:02:INFO:Simulation 394 starts
2025-06-05 16:07:46:INFO:Simulation 395 starts
2025-06-05 16:07:46:INFO:Simulation 395 starts
2025-06-05 16:07:46:INFO:Simulation 396 starts
2025-06-05 16:07:46:INFO:Simulation 396 starts
2025-06-05 16:10:21:INFO:Simulation 397 starts
2025-06-05 16:10:21:INFO:Simulation 397 starts
2025-06-05 16:10:21:INFO:Simulation 398 starts
2025-06-05 16:10:21:INFO:Simulation 398 starts
2025-06-05 16:13:19:INFO:Simulation 399 starts
2025-06-05 16:13:19:INFO:Simulation 399 starts
2025-06-05 16:13:19:INFO:Simulation 400 starts
2025-06-05 16:13:19:INFO:Simulation 400 starts
2025-06-05 16:13:19:INFO:Simulation 401 starts
2025-06-05 16:13:19:INFO:Simulation 401 starts
2025-06-05 16:13:19:INFO:Simulation 402 starts
2025-06-05 16:13:19:INFO:Simulation 402 starts
2025-06-05 16:16:03:INFO:Simulation 403 starts
2025-06-05 16:16:03:INFO:Simulation 403 starts
2025-06-05 16:16:03:INFO:Simulation 404 starts
2025-06-05 16:16:03:INFO:Simulation 404 starts
2025-06-05 16:18:38:INFO:Simulation 405 starts
2025-06-05 16:18:38:INFO:Simulation 405 starts
2025-06-05 16:18:38:INFO:Simulation 406 starts
2025-06-05 16:18:38:INFO:Simulation 406 starts
2025-06-05 16:18:38:INFO:Simulation 407 starts
2025-06-05 16:18:38:INFO:Simulation 407 starts
2025-06-05 16:18:38:INFO:Simulation 408 starts
2025-06-05 16:18:38:INFO:Simulation 408 starts
2025-06-05 16:18:38:INFO:Simulation 409 starts
2025-06-05 16:18:38:INFO:Simulation 409 starts
2025-06-05 16:18:38:INFO:Simulation 410 starts
2025-06-05 16:18:38:INFO:Simulation 410 starts
2025-06-05 16:21:49:INFO:Simulation 411 starts
2025-06-05 16:21:49:INFO:Simulation 411 starts
2025-06-05 16:21:49:INFO:Simulation 412 starts
2025-06-05 16:21:49:INFO:Simulation 412 starts
2025-06-05 16:24:35:INFO:Simulation 413 starts
2025-06-05 16:24:35:INFO:Simulation 413 starts
2025-06-05 16:24:35:INFO:Simulation 414 starts
2025-06-05 16:24:35:INFO:Simulation 414 starts
2025-06-05 16:24:35:INFO:Simulation 415 starts
2025-06-05 16:24:35:INFO:Simulation 415 starts
2025-06-05 16:24:35:INFO:Simulation 416 starts
2025-06-05 16:24:35:INFO:Simulation 416 starts
2025-06-05 16:27:09:INFO:Simulation 417 starts
2025-06-05 16:27:09:INFO:Simulation 417 starts
2025-06-05 16:29:45:INFO:Simulation 418 starts
2025-06-05 16:29:45:INFO:Simulation 418 starts
2025-06-05 16:32:20:INFO:Simulation 419 starts
2025-06-05 16:32:20:INFO:Simulation 419 starts
2025-06-05 16:32:20:INFO:Simulation 420 starts
2025-06-05 16:32:20:INFO:Simulation 420 starts
2025-06-05 16:34:55:INFO:Simulation 421 starts
2025-06-05 16:34:55:INFO:Simulation 421 starts
2025-06-05 16:34:55:INFO:Simulation 422 starts
2025-06-05 16:34:55:INFO:Simulation 422 starts
2025-06-05 16:37:29:INFO:At sim 422, new best reward found: 0.44316
2025-06-05 16:37:29:INFO:At sim 422, new best reward found: 0.44316
2025-06-05 16:37:29:INFO:Simulation 423 starts
2025-06-05 16:37:29:INFO:Simulation 423 starts
2025-06-05 16:40:40:INFO:Simulation 424 starts
2025-06-05 16:40:40:INFO:Simulation 424 starts
2025-06-05 16:43:25:INFO:Simulation 425 starts
2025-06-05 16:43:25:INFO:Simulation 425 starts
2025-06-05 16:46:00:INFO:Simulation 426 starts
2025-06-05 16:46:00:INFO:Simulation 426 starts
2025-06-05 16:48:35:INFO:Simulation 427 starts
2025-06-05 16:48:35:INFO:Simulation 427 starts
2025-06-05 16:48:35:INFO:Simulation 428 starts
2025-06-05 16:48:35:INFO:Simulation 428 starts
2025-06-05 16:48:35:INFO:Simulation 429 starts
2025-06-05 16:48:35:INFO:Simulation 429 starts
2025-06-05 16:48:35:INFO:Simulation 430 starts
2025-06-05 16:48:35:INFO:Simulation 430 starts
2025-06-05 16:48:35:INFO:Simulation 431 starts
2025-06-05 16:48:35:INFO:Simulation 431 starts
2025-06-05 16:51:09:INFO:Simulation 432 starts
2025-06-05 16:51:09:INFO:Simulation 432 starts
2025-06-05 16:53:44:INFO:Simulation 433 starts
2025-06-05 16:53:44:INFO:Simulation 433 starts
2025-06-05 16:56:18:INFO:Simulation 434 starts
2025-06-05 16:56:18:INFO:Simulation 434 starts
2025-06-05 16:58:52:INFO:Simulation 435 starts
2025-06-05 16:58:52:INFO:Simulation 435 starts
2025-06-05 17:01:26:INFO:Simulation 436 starts
2025-06-05 17:01:26:INFO:Simulation 436 starts
2025-06-05 17:01:26:INFO:Simulation 437 starts
2025-06-05 17:01:26:INFO:Simulation 437 starts
2025-06-05 17:04:00:INFO:Simulation 438 starts
2025-06-05 17:04:00:INFO:Simulation 438 starts
2025-06-05 17:04:00:INFO:Simulation 439 starts
2025-06-05 17:04:00:INFO:Simulation 439 starts
2025-06-05 17:04:00:INFO:Simulation 440 starts
2025-06-05 17:04:00:INFO:Simulation 440 starts
2025-06-05 17:04:00:INFO:Simulation 441 starts
2025-06-05 17:04:00:INFO:Simulation 441 starts
2025-06-05 17:04:00:INFO:Simulation 442 starts
2025-06-05 17:04:00:INFO:Simulation 442 starts
2025-06-05 17:06:35:INFO:Simulation 443 starts
2025-06-05 17:06:35:INFO:Simulation 443 starts
2025-06-05 17:06:35:INFO:Simulation 444 starts
2025-06-05 17:06:35:INFO:Simulation 444 starts
2025-06-05 17:09:27:INFO:Simulation 445 starts
2025-06-05 17:09:27:INFO:Simulation 445 starts
2025-06-05 17:09:27:INFO:Simulation 446 starts
2025-06-05 17:09:27:INFO:Simulation 446 starts
2025-06-05 17:12:11:INFO:Simulation 447 starts
2025-06-05 17:12:11:INFO:Simulation 447 starts
2025-06-05 17:14:47:INFO:Simulation 448 starts
2025-06-05 17:14:47:INFO:Simulation 448 starts
2025-06-05 17:14:47:INFO:Simulation 449 starts
2025-06-05 17:14:47:INFO:Simulation 449 starts
2025-06-05 17:17:23:INFO:Simulation 450 starts
2025-06-05 17:17:23:INFO:Simulation 450 starts
2025-06-05 17:17:23:INFO:Simulation 451 starts
2025-06-05 17:17:23:INFO:Simulation 451 starts
2025-06-05 17:19:57:INFO:Simulation 452 starts
2025-06-05 17:19:57:INFO:Simulation 452 starts
2025-06-05 17:19:57:INFO:Simulation 453 starts
2025-06-05 17:19:57:INFO:Simulation 453 starts
2025-06-05 17:19:57:INFO:Simulation 454 starts
2025-06-05 17:19:57:INFO:Simulation 454 starts
2025-06-05 17:19:57:INFO:Simulation 455 starts
2025-06-05 17:19:57:INFO:Simulation 455 starts
2025-06-05 17:22:32:INFO:Simulation 456 starts
2025-06-05 17:22:32:INFO:Simulation 456 starts
2025-06-05 17:22:32:INFO:Simulation 457 starts
2025-06-05 17:22:32:INFO:Simulation 457 starts
2025-06-05 17:25:07:INFO:Simulation 458 starts
2025-06-05 17:25:07:INFO:Simulation 458 starts
2025-06-05 17:25:07:INFO:Simulation 459 starts
2025-06-05 17:25:07:INFO:Simulation 459 starts
2025-06-05 17:27:41:INFO:Simulation 460 starts
2025-06-05 17:27:41:INFO:Simulation 460 starts
2025-06-05 17:27:41:INFO:Simulation 461 starts
2025-06-05 17:27:41:INFO:Simulation 461 starts
2025-06-05 17:30:17:INFO:Simulation 462 starts
2025-06-05 17:30:17:INFO:Simulation 462 starts
2025-06-05 17:32:51:INFO:Simulation 463 starts
2025-06-05 17:32:51:INFO:Simulation 463 starts
2025-06-05 17:32:51:INFO:Simulation 464 starts
2025-06-05 17:32:51:INFO:Simulation 464 starts
2025-06-05 17:35:26:INFO:Simulation 465 starts
2025-06-05 17:35:26:INFO:Simulation 465 starts
2025-06-05 17:35:26:INFO:Simulation 466 starts
2025-06-05 17:35:26:INFO:Simulation 466 starts
2025-06-05 17:38:00:INFO:Simulation 467 starts
2025-06-05 17:38:00:INFO:Simulation 467 starts
2025-06-05 17:38:00:INFO:Simulation 468 starts
2025-06-05 17:38:00:INFO:Simulation 468 starts
2025-06-05 17:38:00:INFO:Simulation 469 starts
2025-06-05 17:38:00:INFO:Simulation 469 starts
2025-06-05 17:38:00:INFO:Simulation 470 starts
2025-06-05 17:38:00:INFO:Simulation 470 starts
2025-06-05 17:40:35:INFO:Simulation 471 starts
2025-06-05 17:40:35:INFO:Simulation 471 starts
2025-06-05 17:40:35:INFO:Simulation 472 starts
2025-06-05 17:40:35:INFO:Simulation 472 starts
2025-06-05 17:43:09:INFO:Simulation 473 starts
2025-06-05 17:43:09:INFO:Simulation 473 starts
2025-06-05 17:43:09:INFO:Simulation 474 starts
2025-06-05 17:43:09:INFO:Simulation 474 starts
2025-06-05 17:43:09:INFO:Simulation 475 starts
2025-06-05 17:43:09:INFO:Simulation 475 starts
2025-06-05 17:43:09:INFO:Simulation 476 starts
2025-06-05 17:43:09:INFO:Simulation 476 starts
2025-06-05 17:43:09:INFO:Simulation 477 starts
2025-06-05 17:43:09:INFO:Simulation 477 starts
2025-06-05 17:43:09:INFO:Simulation 478 starts
2025-06-05 17:43:09:INFO:Simulation 478 starts
2025-06-05 17:46:17:INFO:Simulation 479 starts
2025-06-05 17:46:17:INFO:Simulation 479 starts
2025-06-05 17:46:17:INFO:Simulation 480 starts
2025-06-05 17:46:17:INFO:Simulation 480 starts
2025-06-05 17:46:17:INFO:Simulation 481 starts
2025-06-05 17:46:17:INFO:Simulation 481 starts
2025-06-05 17:49:05:INFO:Simulation 482 starts
2025-06-05 17:49:05:INFO:Simulation 482 starts
2025-06-05 17:49:05:INFO:Simulation 483 starts
2025-06-05 17:49:05:INFO:Simulation 483 starts
2025-06-05 17:49:05:INFO:Simulation 484 starts
2025-06-05 17:49:05:INFO:Simulation 484 starts
2025-06-05 17:49:05:INFO:Simulation 485 starts
2025-06-05 17:49:05:INFO:Simulation 485 starts
2025-06-05 17:51:40:INFO:Simulation 486 starts
2025-06-05 17:51:40:INFO:Simulation 486 starts
2025-06-05 17:51:40:INFO:Simulation 487 starts
2025-06-05 17:51:40:INFO:Simulation 487 starts
2025-06-05 17:54:14:INFO:Simulation 488 starts
2025-06-05 17:54:14:INFO:Simulation 488 starts
2025-06-05 17:54:14:INFO:Simulation 489 starts
2025-06-05 17:54:14:INFO:Simulation 489 starts
2025-06-05 17:54:14:INFO:Simulation 490 starts
2025-06-05 17:54:14:INFO:Simulation 490 starts
2025-06-05 17:54:14:INFO:Simulation 491 starts
2025-06-05 17:54:14:INFO:Simulation 491 starts
2025-06-05 17:56:48:INFO:Simulation 492 starts
2025-06-05 17:56:48:INFO:Simulation 492 starts
2025-06-05 17:56:48:INFO:Simulation 493 starts
2025-06-05 17:56:48:INFO:Simulation 493 starts
2025-06-05 17:56:48:INFO:Simulation 494 starts
2025-06-05 17:56:48:INFO:Simulation 494 starts
2025-06-05 17:56:48:INFO:Simulation 495 starts
2025-06-05 17:56:48:INFO:Simulation 495 starts
2025-06-05 17:56:48:INFO:Simulation 496 starts
2025-06-05 17:56:48:INFO:Simulation 496 starts
2025-06-05 17:56:48:INFO:Simulation 497 starts
2025-06-05 17:56:48:INFO:Simulation 497 starts
2025-06-05 17:56:48:INFO:Simulation 498 starts
2025-06-05 17:56:48:INFO:Simulation 498 starts
2025-06-05 17:59:23:INFO:Simulation 499 starts
2025-06-05 17:59:23:INFO:Simulation 499 starts
2025-06-05 17:59:23:INFO:Simulation 500 starts
2025-06-05 17:59:23:INFO:Simulation 500 starts
2025-06-05 17:59:23:INFO:Simulation 501 starts
2025-06-05 17:59:23:INFO:Simulation 501 starts
2025-06-05 17:59:23:INFO:Simulation 502 starts
2025-06-05 17:59:23:INFO:Simulation 502 starts
2025-06-05 18:01:57:INFO:Simulation 503 starts
2025-06-05 18:01:57:INFO:Simulation 503 starts
2025-06-05 18:01:57:INFO:Simulation 504 starts
2025-06-05 18:01:57:INFO:Simulation 504 starts
2025-06-05 18:05:03:INFO:Simulation 505 starts
2025-06-05 18:05:03:INFO:Simulation 505 starts
2025-06-05 18:05:03:INFO:Simulation 506 starts
2025-06-05 18:05:03:INFO:Simulation 506 starts
2025-06-05 18:05:03:INFO:Simulation 507 starts
2025-06-05 18:05:03:INFO:Simulation 507 starts
2025-06-05 18:05:03:INFO:Simulation 508 starts
2025-06-05 18:05:03:INFO:Simulation 508 starts
2025-06-05 18:07:48:INFO:Simulation 509 starts
2025-06-05 18:07:48:INFO:Simulation 509 starts
2025-06-05 18:10:23:INFO:Simulation 510 starts
2025-06-05 18:10:23:INFO:Simulation 510 starts
2025-06-05 18:10:23:INFO:Simulation 511 starts
2025-06-05 18:10:23:INFO:Simulation 511 starts
2025-06-05 18:10:23:INFO:Simulation 512 starts
2025-06-05 18:10:23:INFO:Simulation 512 starts
2025-06-05 18:10:23:INFO:Simulation 513 starts
2025-06-05 18:10:23:INFO:Simulation 513 starts
2025-06-05 18:12:58:INFO:Simulation 514 starts
2025-06-05 18:12:58:INFO:Simulation 514 starts
2025-06-05 18:12:58:INFO:Simulation 515 starts
2025-06-05 18:12:58:INFO:Simulation 515 starts
2025-06-05 18:15:33:INFO:Simulation 516 starts
2025-06-05 18:15:33:INFO:Simulation 516 starts
2025-06-05 18:15:33:INFO:Simulation 517 starts
2025-06-05 18:15:33:INFO:Simulation 517 starts
2025-06-05 18:15:33:INFO:Simulation 518 starts
2025-06-05 18:15:33:INFO:Simulation 518 starts
2025-06-05 18:15:33:INFO:Simulation 519 starts
2025-06-05 18:15:33:INFO:Simulation 519 starts
2025-06-05 18:15:33:INFO:Simulation 520 starts
2025-06-05 18:15:33:INFO:Simulation 520 starts
2025-06-05 18:15:33:INFO:Simulation 521 starts
2025-06-05 18:15:33:INFO:Simulation 521 starts
2025-06-05 18:18:08:INFO:Simulation 522 starts
2025-06-05 18:18:08:INFO:Simulation 522 starts
2025-06-05 18:18:08:INFO:Simulation 523 starts
2025-06-05 18:18:08:INFO:Simulation 523 starts
2025-06-05 18:20:42:INFO:Simulation 524 starts
2025-06-05 18:20:42:INFO:Simulation 524 starts
2025-06-05 18:20:42:INFO:Simulation 525 starts
2025-06-05 18:20:42:INFO:Simulation 525 starts
2025-06-05 18:20:42:INFO:Simulation 526 starts
2025-06-05 18:20:42:INFO:Simulation 526 starts
2025-06-05 18:23:55:INFO:Simulation 527 starts
2025-06-05 18:23:55:INFO:Simulation 527 starts
2025-06-05 18:23:55:INFO:Simulation 528 starts
2025-06-05 18:23:55:INFO:Simulation 528 starts
2025-06-05 18:26:42:INFO:Simulation 529 starts
2025-06-05 18:26:42:INFO:Simulation 529 starts
2025-06-05 18:26:42:INFO:Simulation 530 starts
2025-06-05 18:26:42:INFO:Simulation 530 starts
2025-06-05 18:29:17:INFO:Simulation 531 starts
2025-06-05 18:29:17:INFO:Simulation 531 starts
2025-06-05 18:29:17:INFO:Simulation 532 starts
2025-06-05 18:29:17:INFO:Simulation 532 starts
2025-06-05 18:29:17:INFO:Simulation 533 starts
2025-06-05 18:29:17:INFO:Simulation 533 starts
2025-06-05 18:29:17:INFO:Simulation 534 starts
2025-06-05 18:29:17:INFO:Simulation 534 starts
2025-06-05 18:31:52:INFO:Simulation 535 starts
2025-06-05 18:31:52:INFO:Simulation 535 starts
2025-06-05 18:31:52:INFO:Simulation 536 starts
2025-06-05 18:31:52:INFO:Simulation 536 starts
2025-06-05 18:31:52:INFO:Simulation 537 starts
2025-06-05 18:31:52:INFO:Simulation 537 starts
2025-06-05 18:31:52:INFO:Simulation 538 starts
2025-06-05 18:31:52:INFO:Simulation 538 starts
2025-06-05 18:34:27:INFO:Simulation 539 starts
2025-06-05 18:34:27:INFO:Simulation 539 starts
2025-06-05 18:34:27:INFO:Simulation 540 starts
2025-06-05 18:34:27:INFO:Simulation 540 starts
2025-06-05 18:34:27:INFO:Simulation 541 starts
2025-06-05 18:34:27:INFO:Simulation 541 starts
2025-06-05 18:37:02:INFO:Simulation 542 starts
2025-06-05 18:37:02:INFO:Simulation 542 starts
2025-06-05 18:37:02:INFO:Simulation 543 starts
2025-06-05 18:37:02:INFO:Simulation 543 starts
2025-06-05 18:37:02:INFO:Simulation 544 starts
2025-06-05 18:37:02:INFO:Simulation 544 starts
2025-06-05 18:37:02:INFO:Simulation 545 starts
2025-06-05 18:37:02:INFO:Simulation 545 starts
2025-06-05 18:37:02:INFO:Simulation 546 starts
2025-06-05 18:37:02:INFO:Simulation 546 starts
2025-06-05 18:37:02:INFO:Simulation 547 starts
2025-06-05 18:37:02:INFO:Simulation 547 starts
2025-06-05 18:39:36:INFO:Simulation 548 starts
2025-06-05 18:39:36:INFO:Simulation 548 starts
2025-06-05 18:39:36:INFO:Simulation 549 starts
2025-06-05 18:39:36:INFO:Simulation 549 starts
2025-06-05 18:42:10:INFO:Simulation 550 starts
2025-06-05 18:42:10:INFO:Simulation 550 starts
2025-06-05 18:42:10:INFO:Simulation 551 starts
2025-06-05 18:42:10:INFO:Simulation 551 starts
2025-06-05 18:44:45:INFO:Simulation 552 starts
2025-06-05 18:44:45:INFO:Simulation 552 starts
2025-06-05 18:44:45:INFO:Simulation 553 starts
2025-06-05 18:44:45:INFO:Simulation 553 starts
2025-06-05 18:47:19:INFO:Simulation 554 starts
2025-06-05 18:47:19:INFO:Simulation 554 starts
2025-06-05 18:49:54:INFO:Simulation 555 starts
2025-06-05 18:49:54:INFO:Simulation 555 starts
2025-06-05 18:49:54:INFO:Simulation 556 starts
2025-06-05 18:49:54:INFO:Simulation 556 starts
2025-06-05 18:49:54:INFO:Simulation 557 starts
2025-06-05 18:49:54:INFO:Simulation 557 starts
2025-06-05 18:49:54:INFO:Simulation 558 starts
2025-06-05 18:49:54:INFO:Simulation 558 starts
2025-06-05 18:52:29:INFO:Simulation 559 starts
2025-06-05 18:52:29:INFO:Simulation 559 starts
2025-06-05 18:52:29:INFO:Simulation 560 starts
2025-06-05 18:52:29:INFO:Simulation 560 starts
2025-06-05 18:52:29:INFO:Simulation 561 starts
2025-06-05 18:52:29:INFO:Simulation 561 starts
2025-06-05 18:52:29:INFO:Simulation 562 starts
2025-06-05 18:52:29:INFO:Simulation 562 starts
2025-06-05 18:52:29:INFO:Simulation 563 starts
2025-06-05 18:52:29:INFO:Simulation 563 starts
2025-06-05 18:52:29:INFO:Simulation 564 starts
2025-06-05 18:52:29:INFO:Simulation 564 starts
2025-06-05 18:52:29:INFO:Simulation 565 starts
2025-06-05 18:52:29:INFO:Simulation 565 starts
2025-06-05 18:52:29:INFO:Simulation 566 starts
2025-06-05 18:52:29:INFO:Simulation 566 starts
2025-06-05 18:55:03:INFO:Simulation 567 starts
2025-06-05 18:55:03:INFO:Simulation 567 starts
2025-06-05 18:55:03:INFO:Simulation 568 starts
2025-06-05 18:55:03:INFO:Simulation 568 starts
2025-06-05 18:57:38:INFO:Simulation 569 starts
2025-06-05 18:57:38:INFO:Simulation 569 starts
2025-06-05 19:00:12:INFO:Simulation 570 starts
2025-06-05 19:00:12:INFO:Simulation 570 starts
2025-06-05 19:00:12:INFO:Simulation 571 starts
2025-06-05 19:00:12:INFO:Simulation 571 starts
2025-06-05 19:02:46:INFO:Simulation 572 starts
2025-06-05 19:02:46:INFO:Simulation 572 starts
2025-06-05 19:02:46:INFO:Simulation 573 starts
2025-06-05 19:02:46:INFO:Simulation 573 starts
2025-06-05 19:05:21:INFO:Simulation 574 starts
2025-06-05 19:05:21:INFO:Simulation 574 starts
2025-06-05 19:05:21:INFO:Simulation 575 starts
2025-06-05 19:05:21:INFO:Simulation 575 starts
2025-06-05 19:05:21:INFO:Simulation 576 starts
2025-06-05 19:05:21:INFO:Simulation 576 starts
2025-06-05 19:05:21:INFO:Simulation 577 starts
2025-06-05 19:05:21:INFO:Simulation 577 starts
2025-06-05 19:07:55:INFO:Simulation 578 starts
2025-06-05 19:07:55:INFO:Simulation 578 starts
2025-06-05 19:07:55:INFO:Simulation 579 starts
2025-06-05 19:07:55:INFO:Simulation 579 starts
2025-06-05 19:07:55:INFO:Simulation 580 starts
2025-06-05 19:07:55:INFO:Simulation 580 starts
2025-06-05 19:07:55:INFO:Simulation 581 starts
2025-06-05 19:07:55:INFO:Simulation 581 starts
2025-06-05 19:10:30:INFO:Simulation 582 starts
2025-06-05 19:10:30:INFO:Simulation 582 starts
2025-06-05 19:10:30:INFO:Simulation 583 starts
2025-06-05 19:10:30:INFO:Simulation 583 starts
2025-06-05 19:13:05:INFO:Simulation 584 starts
2025-06-05 19:13:05:INFO:Simulation 584 starts
2025-06-05 19:15:40:INFO:Simulation 585 starts
2025-06-05 19:15:40:INFO:Simulation 585 starts
2025-06-05 19:15:40:INFO:Simulation 586 starts
2025-06-05 19:15:40:INFO:Simulation 586 starts
2025-06-05 19:18:13:INFO:Simulation 587 starts
2025-06-05 19:18:13:INFO:Simulation 587 starts
2025-06-05 19:18:13:INFO:Simulation 588 starts
2025-06-05 19:18:13:INFO:Simulation 588 starts
2025-06-05 19:18:13:INFO:Simulation 589 starts
2025-06-05 19:18:13:INFO:Simulation 589 starts
2025-06-05 19:18:13:INFO:Simulation 590 starts
2025-06-05 19:18:13:INFO:Simulation 590 starts
2025-06-05 19:20:48:INFO:Simulation 591 starts
2025-06-05 19:20:48:INFO:Simulation 591 starts
2025-06-05 19:20:48:INFO:Simulation 592 starts
2025-06-05 19:20:48:INFO:Simulation 592 starts
2025-06-05 19:23:23:INFO:Simulation 593 starts
2025-06-05 19:23:23:INFO:Simulation 593 starts
2025-06-05 19:23:23:INFO:Simulation 594 starts
2025-06-05 19:23:23:INFO:Simulation 594 starts
2025-06-05 19:23:23:INFO:Simulation 595 starts
2025-06-05 19:23:23:INFO:Simulation 595 starts
2025-06-05 19:23:23:INFO:Simulation 596 starts
2025-06-05 19:23:23:INFO:Simulation 596 starts
2025-06-05 19:25:58:INFO:Simulation 597 starts
2025-06-05 19:25:58:INFO:Simulation 597 starts
2025-06-05 19:25:58:INFO:Simulation 598 starts
2025-06-05 19:25:58:INFO:Simulation 598 starts
2025-06-05 19:28:58:INFO:Simulation 599 starts
2025-06-05 19:28:58:INFO:Simulation 599 starts
2025-06-05 19:31:35:INFO:
Select 0'th strategy: (then solve-eqs solve-eqs elim-uncnstr propagate-values smt)
improve on 144 instances,  new par10: 0.44316
Select 1'th strategy: (then (using-params propagate-values :push_ite_bv true) (using-params simplify :elim_and true :blast_distinct true :local_ctx true :pull_cheap_ite true :som true :flat true :hi_div0 true :hoist_mul true :push_ite_bv true) (using-params simplify :elim_and true :blast_distinct true :local_ctx true :pull_cheap_ite true :som true :flat true :hi_div0 true :hoist_mul true :push_ite_bv true) solve-eqs simplify propagate-values ctx-simplify qfnra)
improve on 41 instances,  new par10: 0.49821
Select 2'th strategy: (then elim-uncnstr (using-params smt :random_seed 500))
improve on 63 instances,  new par10: 0.53543
Select 3'th strategy: (using-params qfnra-nlsat :inline_vars true :factor true :seed 100)
improve on 20 instances,  new par10: 0.55436

2025-06-05 19:31:35:INFO:Selected 4 strategies: ['(then solve-eqs solve-eqs elim-uncnstr propagate-values smt)', '(then (using-params propagate-values :push_ite_bv true) (using-params simplify :elim_and true :blast_distinct true :local_ctx true :pull_cheap_ite true :som true :flat true :hi_div0 true :hoist_mul true :push_ite_bv true) (using-params simplify :elim_and true :blast_distinct true :local_ctx true :pull_cheap_ite true :som true :flat true :hi_div0 true :hoist_mul true :push_ite_bv true) solve-eqs simplify propagate-values ctx-simplify qfnra)', '(then elim-uncnstr (using-params smt :random_seed 500))', '(using-params qfnra-nlsat :inline_vars true :factor true :seed 100)'], saved to experiments/synthesis/out-2025-06-05_07-46-37/ln_strat_candidates.csv
2025-06-05 19:31:35:INFO:Stage 1 Time: 42299
2025-06-05 19:31:35:INFO:Parallel strategy saved to experiments/synthesis/out-2025-06-05_07-46-37/parallel_strategy.txt
2025-06-05 19:31:35:INFO:Synthesis time: 42299 seconds
slurmstepd: error: Detected 76 oom_kill events in StepId=44632518.batch. Some of the step tasks have been OOM Killed.
