================================================================================
JobID = 9269437
User = sarnighause, Account = scc_users
Partition = medium, Nodelist = amp079
================================================================================
WARNING: While bind mounting '/scratch1/users/sarnighause/tmp:/tmp/': destination is already in the mount point list
z3 test results: solved 3810 instances with par2 3308.5564975738525 and par10 16268.56
Found 9 benchmarks taking more than 1 second
Created 9 symbolic links at /tmp/train_benchmarks/NRA
Selected 9 unsolved and 0 solved benchmarks
2025-06-20 10:58:25:INFO:Using Z3 version: Z3 version 4.15.0 - 64 bit
2025-06-20 10:58:55:INFO:S1 MCTS Simulations Start
2025-06-20 10:58:55:INFO:Simulation 0 starts
2025-06-20 10:58:55:INFO:Simulation 0 starts
2025-06-20 10:59:26:INFO:At sim 0, new best reward found: 0.00000
2025-06-20 10:59:26:INFO:At sim 0, new best reward found: 0.00000
2025-06-20 10:59:26:INFO:Simulation 1 starts
2025-06-20 10:59:26:INFO:Simulation 1 starts
2025-06-20 10:59:57:INFO:Simulation 2 starts
2025-06-20 10:59:57:INFO:Simulation 2 starts
2025-06-20 11:00:27:INFO:At sim 2, new best reward found: 0.11099
2025-06-20 11:00:27:INFO:At sim 2, new best reward found: 0.11099
2025-06-20 11:00:27:INFO:Simulation 3 starts
2025-06-20 11:00:27:INFO:Simulation 3 starts
2025-06-20 11:00:57:INFO:At sim 3, new best reward found: 0.33141
2025-06-20 11:00:57:INFO:At sim 3, new best reward found: 0.33141
2025-06-20 11:00:57:INFO:Simulation 4 starts
2025-06-20 11:00:57:INFO:Simulation 4 starts
2025-06-20 11:01:28:INFO:Simulation 5 starts
2025-06-20 11:01:28:INFO:Simulation 5 starts
2025-06-20 11:01:58:INFO:At sim 5, new best reward found: 0.33291
2025-06-20 11:01:58:INFO:At sim 5, new best reward found: 0.33291
2025-06-20 11:01:58:INFO:Simulation 6 starts
2025-06-20 11:01:58:INFO:Simulation 6 starts
2025-06-20 11:02:28:INFO:At sim 6, new best reward found: 0.33291
2025-06-20 11:02:28:INFO:At sim 6, new best reward found: 0.33291
2025-06-20 11:02:28:INFO:Simulation 7 starts
2025-06-20 11:02:28:INFO:Simulation 7 starts
2025-06-20 11:02:28:INFO:Simulation 8 starts
2025-06-20 11:02:28:INFO:Simulation 8 starts
2025-06-20 11:02:59:INFO:Simulation 9 starts
2025-06-20 11:02:59:INFO:Simulation 9 starts
2025-06-20 11:03:30:INFO:Simulation 10 starts
2025-06-20 11:03:30:INFO:Simulation 10 starts
2025-06-20 11:04:00:INFO:Simulation 11 starts
2025-06-20 11:04:00:INFO:Simulation 11 starts
2025-06-20 11:04:31:INFO:Simulation 12 starts
2025-06-20 11:04:31:INFO:Simulation 12 starts
2025-06-20 11:05:01:INFO:Simulation 13 starts
2025-06-20 11:05:01:INFO:Simulation 13 starts
2025-06-20 11:05:01:INFO:Simulation 14 starts
2025-06-20 11:05:01:INFO:Simulation 14 starts
2025-06-20 11:05:31:INFO:Simulation 15 starts
2025-06-20 11:05:31:INFO:Simulation 15 starts
2025-06-20 11:06:02:INFO:At sim 15, new best reward found: 0.33305
2025-06-20 11:06:02:INFO:At sim 15, new best reward found: 0.33305
2025-06-20 11:06:02:INFO:Simulation 16 starts
2025-06-20 11:06:02:INFO:Simulation 16 starts
2025-06-20 11:06:32:INFO:Simulation 17 starts
2025-06-20 11:06:32:INFO:Simulation 17 starts
2025-06-20 11:07:02:INFO:Simulation 18 starts
2025-06-20 11:07:02:INFO:Simulation 18 starts
2025-06-20 11:07:33:INFO:Simulation 19 starts
2025-06-20 11:07:33:INFO:Simulation 19 starts
2025-06-20 11:07:33:INFO:Simulation 20 starts
2025-06-20 11:07:33:INFO:Simulation 20 starts
2025-06-20 11:08:03:INFO:Simulation 21 starts
2025-06-20 11:08:03:INFO:Simulation 21 starts
2025-06-20 11:08:03:INFO:Simulation 22 starts
2025-06-20 11:08:03:INFO:Simulation 22 starts
2025-06-20 11:08:33:INFO:Simulation 23 starts
2025-06-20 11:08:33:INFO:Simulation 23 starts
2025-06-20 11:08:33:INFO:Simulation 24 starts
2025-06-20 11:08:33:INFO:Simulation 24 starts
2025-06-20 11:09:04:INFO:Simulation 25 starts
2025-06-20 11:09:04:INFO:Simulation 25 starts
2025-06-20 11:09:04:INFO:Simulation 26 starts
2025-06-20 11:09:04:INFO:Simulation 26 starts
2025-06-20 11:09:34:INFO:At sim 26, new best reward found: 0.44394
2025-06-20 11:09:34:INFO:At sim 26, new best reward found: 0.44394
2025-06-20 11:09:34:INFO:Simulation 27 starts
2025-06-20 11:09:34:INFO:Simulation 27 starts
2025-06-20 11:10:04:INFO:Simulation 28 starts
2025-06-20 11:10:04:INFO:Simulation 28 starts
2025-06-20 11:10:34:INFO:Simulation 29 starts
2025-06-20 11:10:34:INFO:Simulation 29 starts
2025-06-20 11:10:34:INFO:Simulation 30 starts
2025-06-20 11:10:34:INFO:Simulation 30 starts
2025-06-20 11:11:05:INFO:Simulation 31 starts
2025-06-20 11:11:05:INFO:Simulation 31 starts
2025-06-20 11:11:35:INFO:Simulation 32 starts
2025-06-20 11:11:35:INFO:Simulation 32 starts
2025-06-20 11:12:05:INFO:Simulation 33 starts
2025-06-20 11:12:05:INFO:Simulation 33 starts
2025-06-20 11:12:36:INFO:Simulation 34 starts
2025-06-20 11:12:36:INFO:Simulation 34 starts
2025-06-20 11:12:36:INFO:Simulation 35 starts
2025-06-20 11:12:36:INFO:Simulation 35 starts
2025-06-20 11:13:07:INFO:Simulation 36 starts
2025-06-20 11:13:07:INFO:Simulation 36 starts
2025-06-20 11:13:37:INFO:Simulation 37 starts
2025-06-20 11:13:37:INFO:Simulation 37 starts
2025-06-20 11:14:07:INFO:Simulation 38 starts
2025-06-20 11:14:07:INFO:Simulation 38 starts
2025-06-20 11:14:07:INFO:Simulation 39 starts
2025-06-20 11:14:07:INFO:Simulation 39 starts
2025-06-20 11:14:07:INFO:Simulation 40 starts
2025-06-20 11:14:07:INFO:Simulation 40 starts
2025-06-20 11:14:07:INFO:Simulation 41 starts
2025-06-20 11:14:07:INFO:Simulation 41 starts
2025-06-20 11:14:37:INFO:Simulation 42 starts
2025-06-20 11:14:37:INFO:Simulation 42 starts
2025-06-20 11:15:08:INFO:Simulation 43 starts
2025-06-20 11:15:08:INFO:Simulation 43 starts
2025-06-20 11:15:08:INFO:Simulation 44 starts
2025-06-20 11:15:08:INFO:Simulation 44 starts
2025-06-20 11:15:38:INFO:Simulation 45 starts
2025-06-20 11:15:38:INFO:Simulation 45 starts
2025-06-20 11:16:08:INFO:Simulation 46 starts
2025-06-20 11:16:08:INFO:Simulation 46 starts
2025-06-20 11:16:38:INFO:Simulation 47 starts
2025-06-20 11:16:38:INFO:Simulation 47 starts
2025-06-20 11:17:09:INFO:Simulation 48 starts
2025-06-20 11:17:09:INFO:Simulation 48 starts
2025-06-20 11:17:39:INFO:Simulation 49 starts
2025-06-20 11:17:39:INFO:Simulation 49 starts
2025-06-20 11:18:10:INFO:Simulation 50 starts
2025-06-20 11:18:10:INFO:Simulation 50 starts
2025-06-20 11:18:40:INFO:Simulation 51 starts
2025-06-20 11:18:40:INFO:Simulation 51 starts
2025-06-20 11:18:40:INFO:Simulation 52 starts
2025-06-20 11:18:40:INFO:Simulation 52 starts
2025-06-20 11:19:10:INFO:Simulation 53 starts
2025-06-20 11:19:10:INFO:Simulation 53 starts
2025-06-20 11:19:41:INFO:Simulation 54 starts
2025-06-20 11:19:41:INFO:Simulation 54 starts
2025-06-20 11:20:11:INFO:Simulation 55 starts
2025-06-20 11:20:11:INFO:Simulation 55 starts
2025-06-20 11:20:42:INFO:Simulation 56 starts
2025-06-20 11:20:42:INFO:Simulation 56 starts
2025-06-20 11:20:42:INFO:Simulation 57 starts
2025-06-20 11:20:42:INFO:Simulation 57 starts
2025-06-20 11:21:12:INFO:Simulation 58 starts
2025-06-20 11:21:12:INFO:Simulation 58 starts
2025-06-20 11:21:42:INFO:Simulation 59 starts
2025-06-20 11:21:42:INFO:Simulation 59 starts
2025-06-20 11:22:13:INFO:Simulation 60 starts
2025-06-20 11:22:13:INFO:Simulation 60 starts
2025-06-20 11:22:43:INFO:Simulation 61 starts
2025-06-20 11:22:43:INFO:Simulation 61 starts
2025-06-20 11:23:13:INFO:Simulation 62 starts
2025-06-20 11:23:13:INFO:Simulation 62 starts
2025-06-20 11:23:13:INFO:Simulation 63 starts
2025-06-20 11:23:13:INFO:Simulation 63 starts
2025-06-20 11:23:44:INFO:Simulation 64 starts
2025-06-20 11:23:44:INFO:Simulation 64 starts
2025-06-20 11:24:14:INFO:Simulation 65 starts
2025-06-20 11:24:14:INFO:Simulation 65 starts
2025-06-20 11:24:45:INFO:Simulation 66 starts
2025-06-20 11:24:45:INFO:Simulation 66 starts
2025-06-20 11:25:15:INFO:Simulation 67 starts
2025-06-20 11:25:15:INFO:Simulation 67 starts
2025-06-20 11:25:15:INFO:Simulation 68 starts
2025-06-20 11:25:15:INFO:Simulation 68 starts
2025-06-20 11:25:45:INFO:Simulation 69 starts
2025-06-20 11:25:45:INFO:Simulation 69 starts
2025-06-20 11:26:15:INFO:Simulation 70 starts
2025-06-20 11:26:15:INFO:Simulation 70 starts
2025-06-20 11:26:46:INFO:Simulation 71 starts
2025-06-20 11:26:46:INFO:Simulation 71 starts
2025-06-20 11:27:16:INFO:Simulation 72 starts
2025-06-20 11:27:16:INFO:Simulation 72 starts
2025-06-20 11:27:16:INFO:Simulation 73 starts
2025-06-20 11:27:16:INFO:Simulation 73 starts
2025-06-20 11:27:16:INFO:Simulation 74 starts
2025-06-20 11:27:16:INFO:Simulation 74 starts
2025-06-20 11:27:47:INFO:Simulation 75 starts
2025-06-20 11:27:47:INFO:Simulation 75 starts
2025-06-20 11:28:17:INFO:Simulation 76 starts
2025-06-20 11:28:17:INFO:Simulation 76 starts
2025-06-20 11:28:47:INFO:Simulation 77 starts
2025-06-20 11:28:47:INFO:Simulation 77 starts
2025-06-20 11:28:47:INFO:Simulation 78 starts
2025-06-20 11:28:47:INFO:Simulation 78 starts
2025-06-20 11:29:18:INFO:Simulation 79 starts
2025-06-20 11:29:18:INFO:Simulation 79 starts
2025-06-20 11:29:18:INFO:Simulation 80 starts
2025-06-20 11:29:18:INFO:Simulation 80 starts
2025-06-20 11:29:48:INFO:Simulation 81 starts
2025-06-20 11:29:48:INFO:Simulation 81 starts
2025-06-20 11:30:18:INFO:Simulation 82 starts
2025-06-20 11:30:18:INFO:Simulation 82 starts
2025-06-20 11:30:49:INFO:Simulation 83 starts
2025-06-20 11:30:49:INFO:Simulation 83 starts
2025-06-20 11:31:19:INFO:Simulation 84 starts
2025-06-20 11:31:19:INFO:Simulation 84 starts
2025-06-20 11:31:49:INFO:Simulation 85 starts
2025-06-20 11:31:49:INFO:Simulation 85 starts
2025-06-20 11:31:49:INFO:Simulation 86 starts
2025-06-20 11:31:49:INFO:Simulation 86 starts
2025-06-20 11:32:20:INFO:Simulation 87 starts
2025-06-20 11:32:20:INFO:Simulation 87 starts
2025-06-20 11:32:50:INFO:Simulation 88 starts
2025-06-20 11:32:50:INFO:Simulation 88 starts
2025-06-20 11:33:20:INFO:Simulation 89 starts
2025-06-20 11:33:20:INFO:Simulation 89 starts
2025-06-20 11:33:51:INFO:Simulation 90 starts
2025-06-20 11:33:51:INFO:Simulation 90 starts
2025-06-20 11:34:21:INFO:Simulation 91 starts
2025-06-20 11:34:21:INFO:Simulation 91 starts
2025-06-20 11:34:52:INFO:Simulation 92 starts
2025-06-20 11:34:52:INFO:Simulation 92 starts
2025-06-20 11:34:52:INFO:Simulation 93 starts
2025-06-20 11:34:52:INFO:Simulation 93 starts
2025-06-20 11:35:22:INFO:Simulation 94 starts
2025-06-20 11:35:22:INFO:Simulation 94 starts
2025-06-20 11:35:22:INFO:Simulation 95 starts
2025-06-20 11:35:22:INFO:Simulation 95 starts
2025-06-20 11:35:52:INFO:Simulation 96 starts
2025-06-20 11:35:52:INFO:Simulation 96 starts
2025-06-20 11:35:52:INFO:Simulation 97 starts
2025-06-20 11:35:52:INFO:Simulation 97 starts
2025-06-20 11:36:22:INFO:Simulation 98 starts
2025-06-20 11:36:22:INFO:Simulation 98 starts
2025-06-20 11:36:22:INFO:Simulation 99 starts
2025-06-20 11:36:22:INFO:Simulation 99 starts
2025-06-20 11:36:22:INFO:Simulation 100 starts
2025-06-20 11:36:22:INFO:Simulation 100 starts
2025-06-20 11:36:53:INFO:Simulation 101 starts
2025-06-20 11:36:53:INFO:Simulation 101 starts
2025-06-20 11:36:53:INFO:Simulation 102 starts
2025-06-20 11:36:53:INFO:Simulation 102 starts
2025-06-20 11:36:53:INFO:Simulation 103 starts
2025-06-20 11:36:53:INFO:Simulation 103 starts
2025-06-20 11:37:23:INFO:Simulation 104 starts
2025-06-20 11:37:23:INFO:Simulation 104 starts
2025-06-20 11:37:53:INFO:Simulation 105 starts
2025-06-20 11:37:53:INFO:Simulation 105 starts
2025-06-20 11:38:23:INFO:Simulation 106 starts
2025-06-20 11:38:23:INFO:Simulation 106 starts
2025-06-20 11:38:23:INFO:Simulation 107 starts
2025-06-20 11:38:23:INFO:Simulation 107 starts
2025-06-20 11:38:53:INFO:Simulation 108 starts
2025-06-20 11:38:53:INFO:Simulation 108 starts
2025-06-20 11:39:23:INFO:Simulation 109 starts
2025-06-20 11:39:23:INFO:Simulation 109 starts
2025-06-20 11:39:53:INFO:Simulation 110 starts
2025-06-20 11:39:53:INFO:Simulation 110 starts
2025-06-20 11:40:24:INFO:Simulation 111 starts
2025-06-20 11:40:24:INFO:Simulation 111 starts
2025-06-20 11:40:55:INFO:Simulation 112 starts
2025-06-20 11:40:55:INFO:Simulation 112 starts
2025-06-20 11:41:25:INFO:Simulation 113 starts
2025-06-20 11:41:25:INFO:Simulation 113 starts
2025-06-20 11:41:25:INFO:Simulation 114 starts
2025-06-20 11:41:25:INFO:Simulation 114 starts
2025-06-20 11:41:55:INFO:Simulation 115 starts
2025-06-20 11:41:55:INFO:Simulation 115 starts
2025-06-20 11:41:55:INFO:Simulation 116 starts
2025-06-20 11:41:55:INFO:Simulation 116 starts
2025-06-20 11:42:26:INFO:Simulation 117 starts
2025-06-20 11:42:26:INFO:Simulation 117 starts
2025-06-20 11:42:57:INFO:Simulation 118 starts
2025-06-20 11:42:57:INFO:Simulation 118 starts
2025-06-20 11:43:27:INFO:Simulation 119 starts
2025-06-20 11:43:27:INFO:Simulation 119 starts
2025-06-20 11:43:27:INFO:Simulation 120 starts
2025-06-20 11:43:27:INFO:Simulation 120 starts
2025-06-20 11:43:27:INFO:Simulation 121 starts
2025-06-20 11:43:27:INFO:Simulation 121 starts
2025-06-20 11:43:58:INFO:Simulation 122 starts
2025-06-20 11:43:58:INFO:Simulation 122 starts
2025-06-20 11:44:29:INFO:Simulation 123 starts
2025-06-20 11:44:29:INFO:Simulation 123 starts
2025-06-20 11:44:59:INFO:Simulation 124 starts
2025-06-20 11:44:59:INFO:Simulation 124 starts
2025-06-20 11:45:30:INFO:Simulation 125 starts
2025-06-20 11:45:30:INFO:Simulation 125 starts
2025-06-20 11:45:30:INFO:Simulation 126 starts
2025-06-20 11:45:30:INFO:Simulation 126 starts
2025-06-20 11:46:00:INFO:Simulation 127 starts
2025-06-20 11:46:00:INFO:Simulation 127 starts
2025-06-20 11:46:30:INFO:Simulation 128 starts
2025-06-20 11:46:30:INFO:Simulation 128 starts
2025-06-20 11:46:30:INFO:Simulation 129 starts
2025-06-20 11:46:30:INFO:Simulation 129 starts
2025-06-20 11:47:01:INFO:Simulation 130 starts
2025-06-20 11:47:01:INFO:Simulation 130 starts
2025-06-20 11:47:32:INFO:Simulation 131 starts
2025-06-20 11:47:32:INFO:Simulation 131 starts
2025-06-20 11:48:02:INFO:Simulation 132 starts
2025-06-20 11:48:02:INFO:Simulation 132 starts
2025-06-20 11:48:32:INFO:Simulation 133 starts
2025-06-20 11:48:32:INFO:Simulation 133 starts
2025-06-20 11:49:02:INFO:Simulation 134 starts
2025-06-20 11:49:02:INFO:Simulation 134 starts
2025-06-20 11:49:32:INFO:Simulation 135 starts
2025-06-20 11:49:32:INFO:Simulation 135 starts
2025-06-20 11:50:03:INFO:Simulation 136 starts
2025-06-20 11:50:03:INFO:Simulation 136 starts
2025-06-20 11:50:03:INFO:Simulation 137 starts
2025-06-20 11:50:03:INFO:Simulation 137 starts
2025-06-20 11:50:33:INFO:Simulation 138 starts
2025-06-20 11:50:33:INFO:Simulation 138 starts
2025-06-20 11:51:03:INFO:Simulation 139 starts
2025-06-20 11:51:03:INFO:Simulation 139 starts
2025-06-20 11:51:03:INFO:Simulation 140 starts
2025-06-20 11:51:03:INFO:Simulation 140 starts
2025-06-20 11:51:33:INFO:Simulation 141 starts
2025-06-20 11:51:33:INFO:Simulation 141 starts
2025-06-20 11:52:04:INFO:Simulation 142 starts
2025-06-20 11:52:04:INFO:Simulation 142 starts
2025-06-20 11:52:34:INFO:Simulation 143 starts
2025-06-20 11:52:34:INFO:Simulation 143 starts
2025-06-20 11:53:05:INFO:Simulation 144 starts
2025-06-20 11:53:05:INFO:Simulation 144 starts
2025-06-20 11:53:05:INFO:Simulation 145 starts
2025-06-20 11:53:05:INFO:Simulation 145 starts
2025-06-20 11:53:36:INFO:Simulation 146 starts
2025-06-20 11:53:36:INFO:Simulation 146 starts
2025-06-20 11:54:06:INFO:Simulation 147 starts
2025-06-20 11:54:06:INFO:Simulation 147 starts
2025-06-20 11:54:36:INFO:Simulation 148 starts
2025-06-20 11:54:36:INFO:Simulation 148 starts
2025-06-20 11:55:06:INFO:Simulation 149 starts
2025-06-20 11:55:06:INFO:Simulation 149 starts
2025-06-20 11:55:37:INFO:Simulation 150 starts
2025-06-20 11:55:37:INFO:Simulation 150 starts
2025-06-20 11:56:07:INFO:Simulation 151 starts
2025-06-20 11:56:07:INFO:Simulation 151 starts
2025-06-20 11:56:37:INFO:Simulation 152 starts
2025-06-20 11:56:37:INFO:Simulation 152 starts
2025-06-20 11:57:07:INFO:Simulation 153 starts
2025-06-20 11:57:07:INFO:Simulation 153 starts
2025-06-20 11:57:07:INFO:Simulation 154 starts
2025-06-20 11:57:07:INFO:Simulation 154 starts
2025-06-20 11:57:38:INFO:Simulation 155 starts
2025-06-20 11:57:38:INFO:Simulation 155 starts
2025-06-20 11:58:08:INFO:Simulation 156 starts
2025-06-20 11:58:08:INFO:Simulation 156 starts
2025-06-20 11:58:08:INFO:Simulation 157 starts
2025-06-20 11:58:08:INFO:Simulation 157 starts
2025-06-20 11:58:38:INFO:Simulation 158 starts
2025-06-20 11:58:38:INFO:Simulation 158 starts
2025-06-20 11:59:08:INFO:Simulation 159 starts
2025-06-20 11:59:08:INFO:Simulation 159 starts
2025-06-20 11:59:39:INFO:Simulation 160 starts
2025-06-20 11:59:39:INFO:Simulation 160 starts
2025-06-20 12:00:09:INFO:Simulation 161 starts
2025-06-20 12:00:09:INFO:Simulation 161 starts
2025-06-20 12:00:40:INFO:Simulation 162 starts
2025-06-20 12:00:40:INFO:Simulation 162 starts
2025-06-20 12:00:40:INFO:Simulation 163 starts
2025-06-20 12:00:40:INFO:Simulation 163 starts
2025-06-20 12:01:10:INFO:Simulation 164 starts
2025-06-20 12:01:10:INFO:Simulation 164 starts
2025-06-20 12:01:10:INFO:Simulation 165 starts
2025-06-20 12:01:10:INFO:Simulation 165 starts
2025-06-20 12:01:41:INFO:Simulation 166 starts
2025-06-20 12:01:41:INFO:Simulation 166 starts
2025-06-20 12:02:11:INFO:Simulation 167 starts
2025-06-20 12:02:11:INFO:Simulation 167 starts
2025-06-20 12:02:41:INFO:Simulation 168 starts
2025-06-20 12:02:41:INFO:Simulation 168 starts
2025-06-20 12:03:11:INFO:Simulation 169 starts
2025-06-20 12:03:11:INFO:Simulation 169 starts
2025-06-20 12:03:42:INFO:Simulation 170 starts
2025-06-20 12:03:42:INFO:Simulation 170 starts
2025-06-20 12:04:12:INFO:Simulation 171 starts
2025-06-20 12:04:12:INFO:Simulation 171 starts
2025-06-20 12:04:12:INFO:Simulation 172 starts
2025-06-20 12:04:12:INFO:Simulation 172 starts
2025-06-20 12:04:44:INFO:Simulation 173 starts
2025-06-20 12:04:44:INFO:Simulation 173 starts
2025-06-20 12:05:14:INFO:Simulation 174 starts
2025-06-20 12:05:14:INFO:Simulation 174 starts
2025-06-20 12:05:45:INFO:Simulation 175 starts
2025-06-20 12:05:45:INFO:Simulation 175 starts
2025-06-20 12:06:15:INFO:Simulation 176 starts
2025-06-20 12:06:15:INFO:Simulation 176 starts
2025-06-20 12:06:46:INFO:Simulation 177 starts
2025-06-20 12:06:46:INFO:Simulation 177 starts
2025-06-20 12:07:16:INFO:Simulation 178 starts
2025-06-20 12:07:16:INFO:Simulation 178 starts
2025-06-20 12:07:47:INFO:Simulation 179 starts
2025-06-20 12:07:47:INFO:Simulation 179 starts
2025-06-20 12:07:47:INFO:Simulation 180 starts
2025-06-20 12:07:47:INFO:Simulation 180 starts
2025-06-20 12:07:47:INFO:Simulation 181 starts
2025-06-20 12:07:47:INFO:Simulation 181 starts
2025-06-20 12:08:18:INFO:Simulation 182 starts
2025-06-20 12:08:18:INFO:Simulation 182 starts
2025-06-20 12:08:48:INFO:Simulation 183 starts
2025-06-20 12:08:48:INFO:Simulation 183 starts
2025-06-20 12:09:18:INFO:Simulation 184 starts
2025-06-20 12:09:18:INFO:Simulation 184 starts
2025-06-20 12:09:18:INFO:Simulation 185 starts
2025-06-20 12:09:18:INFO:Simulation 185 starts
2025-06-20 12:09:49:INFO:Simulation 186 starts
2025-06-20 12:09:49:INFO:Simulation 186 starts
2025-06-20 12:10:19:INFO:Simulation 187 starts
2025-06-20 12:10:19:INFO:Simulation 187 starts
2025-06-20 12:10:49:INFO:Simulation 188 starts
2025-06-20 12:10:49:INFO:Simulation 188 starts
2025-06-20 12:11:20:INFO:Simulation 189 starts
2025-06-20 12:11:20:INFO:Simulation 189 starts
2025-06-20 12:11:51:INFO:Simulation 190 starts
2025-06-20 12:11:51:INFO:Simulation 190 starts
2025-06-20 12:11:51:INFO:Simulation 191 starts
2025-06-20 12:11:51:INFO:Simulation 191 starts
2025-06-20 12:12:21:INFO:Simulation 192 starts
2025-06-20 12:12:21:INFO:Simulation 192 starts
2025-06-20 12:12:52:INFO:Simulation 193 starts
2025-06-20 12:12:52:INFO:Simulation 193 starts
2025-06-20 12:13:23:INFO:Simulation 194 starts
2025-06-20 12:13:23:INFO:Simulation 194 starts
2025-06-20 12:13:53:INFO:Simulation 195 starts
2025-06-20 12:13:53:INFO:Simulation 195 starts
2025-06-20 12:13:53:INFO:Simulation 196 starts
2025-06-20 12:13:53:INFO:Simulation 196 starts
2025-06-20 12:14:24:INFO:Simulation 197 starts
2025-06-20 12:14:24:INFO:Simulation 197 starts
2025-06-20 12:14:54:INFO:Simulation 198 starts
2025-06-20 12:14:54:INFO:Simulation 198 starts
2025-06-20 12:15:25:INFO:Simulation 199 starts
2025-06-20 12:15:25:INFO:Simulation 199 starts
2025-06-20 12:15:55:INFO:Simulation 200 starts
2025-06-20 12:15:55:INFO:Simulation 200 starts
2025-06-20 12:15:55:INFO:Simulation 201 starts
2025-06-20 12:15:55:INFO:Simulation 201 starts
2025-06-20 12:16:25:INFO:Simulation 202 starts
2025-06-20 12:16:25:INFO:Simulation 202 starts
2025-06-20 12:16:25:INFO:Simulation 203 starts
2025-06-20 12:16:25:INFO:Simulation 203 starts
2025-06-20 12:16:55:INFO:Simulation 204 starts
2025-06-20 12:16:55:INFO:Simulation 204 starts
2025-06-20 12:17:26:INFO:Simulation 205 starts
2025-06-20 12:17:26:INFO:Simulation 205 starts
2025-06-20 12:17:56:INFO:Simulation 206 starts
2025-06-20 12:17:56:INFO:Simulation 206 starts
2025-06-20 12:18:26:INFO:Simulation 207 starts
2025-06-20 12:18:26:INFO:Simulation 207 starts
2025-06-20 12:18:56:INFO:Simulation 208 starts
2025-06-20 12:18:56:INFO:Simulation 208 starts
2025-06-20 12:19:28:INFO:Simulation 209 starts
2025-06-20 12:19:28:INFO:Simulation 209 starts
2025-06-20 12:19:58:INFO:Simulation 210 starts
2025-06-20 12:19:58:INFO:Simulation 210 starts
2025-06-20 12:20:29:INFO:Simulation 211 starts
2025-06-20 12:20:29:INFO:Simulation 211 starts
2025-06-20 12:20:29:INFO:Simulation 212 starts
2025-06-20 12:20:29:INFO:Simulation 212 starts
2025-06-20 12:20:59:INFO:Simulation 213 starts
2025-06-20 12:20:59:INFO:Simulation 213 starts
2025-06-20 12:21:30:INFO:Simulation 214 starts
2025-06-20 12:21:30:INFO:Simulation 214 starts
2025-06-20 12:22:00:INFO:Simulation 215 starts
2025-06-20 12:22:00:INFO:Simulation 215 starts
2025-06-20 12:22:31:INFO:Simulation 216 starts
2025-06-20 12:22:31:INFO:Simulation 216 starts
2025-06-20 12:23:01:INFO:Simulation 217 starts
2025-06-20 12:23:01:INFO:Simulation 217 starts
2025-06-20 12:23:32:INFO:Simulation 218 starts
2025-06-20 12:23:32:INFO:Simulation 218 starts
2025-06-20 12:24:02:INFO:Simulation 219 starts
2025-06-20 12:24:02:INFO:Simulation 219 starts
2025-06-20 12:24:33:INFO:Simulation 220 starts
2025-06-20 12:24:33:INFO:Simulation 220 starts
2025-06-20 12:25:03:INFO:Simulation 221 starts
2025-06-20 12:25:03:INFO:Simulation 221 starts
2025-06-20 12:25:03:INFO:Simulation 222 starts
2025-06-20 12:25:03:INFO:Simulation 222 starts
2025-06-20 12:25:03:INFO:Simulation 223 starts
2025-06-20 12:25:03:INFO:Simulation 223 starts
2025-06-20 12:25:34:INFO:Simulation 224 starts
2025-06-20 12:25:34:INFO:Simulation 224 starts
2025-06-20 12:26:04:INFO:Simulation 225 starts
2025-06-20 12:26:04:INFO:Simulation 225 starts
2025-06-20 12:26:34:INFO:Simulation 226 starts
2025-06-20 12:26:34:INFO:Simulation 226 starts
2025-06-20 12:27:05:INFO:Simulation 227 starts
2025-06-20 12:27:05:INFO:Simulation 227 starts
2025-06-20 12:27:36:INFO:Simulation 228 starts
2025-06-20 12:27:36:INFO:Simulation 228 starts
2025-06-20 12:28:06:INFO:Simulation 229 starts
2025-06-20 12:28:06:INFO:Simulation 229 starts
2025-06-20 12:28:36:INFO:Simulation 230 starts
2025-06-20 12:28:36:INFO:Simulation 230 starts
2025-06-20 12:29:06:INFO:Simulation 231 starts
2025-06-20 12:29:06:INFO:Simulation 231 starts
2025-06-20 12:29:37:INFO:Simulation 232 starts
2025-06-20 12:29:37:INFO:Simulation 232 starts
2025-06-20 12:29:37:INFO:Simulation 233 starts
2025-06-20 12:29:37:INFO:Simulation 233 starts
2025-06-20 12:30:07:INFO:Simulation 234 starts
2025-06-20 12:30:07:INFO:Simulation 234 starts
2025-06-20 12:30:37:INFO:Simulation 235 starts
2025-06-20 12:30:37:INFO:Simulation 235 starts
2025-06-20 12:31:07:INFO:Simulation 236 starts
2025-06-20 12:31:07:INFO:Simulation 236 starts
2025-06-20 12:31:38:INFO:Simulation 237 starts
2025-06-20 12:31:38:INFO:Simulation 237 starts
2025-06-20 12:32:08:INFO:Simulation 238 starts
2025-06-20 12:32:08:INFO:Simulation 238 starts
2025-06-20 12:32:39:INFO:Simulation 239 starts
2025-06-20 12:32:39:INFO:Simulation 239 starts
2025-06-20 12:33:09:INFO:Simulation 240 starts
2025-06-20 12:33:09:INFO:Simulation 240 starts
2025-06-20 12:33:40:INFO:Simulation 241 starts
2025-06-20 12:33:40:INFO:Simulation 241 starts
2025-06-20 12:34:10:INFO:Simulation 242 starts
2025-06-20 12:34:10:INFO:Simulation 242 starts
2025-06-20 12:34:40:INFO:Simulation 243 starts
2025-06-20 12:34:40:INFO:Simulation 243 starts
2025-06-20 12:35:11:INFO:Simulation 244 starts
2025-06-20 12:35:11:INFO:Simulation 244 starts
2025-06-20 12:35:11:INFO:Simulation 245 starts
2025-06-20 12:35:11:INFO:Simulation 245 starts
2025-06-20 12:35:41:INFO:Simulation 246 starts
2025-06-20 12:35:41:INFO:Simulation 246 starts
2025-06-20 12:36:11:INFO:Simulation 247 starts
2025-06-20 12:36:11:INFO:Simulation 247 starts
2025-06-20 12:36:41:INFO:Simulation 248 starts
2025-06-20 12:36:41:INFO:Simulation 248 starts
2025-06-20 12:37:11:INFO:Simulation 249 starts
2025-06-20 12:37:11:INFO:Simulation 249 starts
2025-06-20 12:37:42:INFO:Simulation 250 starts
2025-06-20 12:37:42:INFO:Simulation 250 starts
2025-06-20 12:38:13:INFO:Simulation 251 starts
2025-06-20 12:38:13:INFO:Simulation 251 starts
2025-06-20 12:38:13:INFO:Simulation 252 starts
2025-06-20 12:38:13:INFO:Simulation 252 starts
2025-06-20 12:38:13:INFO:Simulation 253 starts
2025-06-20 12:38:13:INFO:Simulation 253 starts
2025-06-20 12:38:43:INFO:Simulation 254 starts
2025-06-20 12:38:43:INFO:Simulation 254 starts
2025-06-20 12:39:14:INFO:Simulation 255 starts
2025-06-20 12:39:14:INFO:Simulation 255 starts
2025-06-20 12:39:44:INFO:Simulation 256 starts
2025-06-20 12:39:44:INFO:Simulation 256 starts
2025-06-20 12:39:44:INFO:Simulation 257 starts
2025-06-20 12:39:44:INFO:Simulation 257 starts
2025-06-20 12:39:44:INFO:Simulation 258 starts
2025-06-20 12:39:44:INFO:Simulation 258 starts
2025-06-20 12:40:15:INFO:Simulation 259 starts
2025-06-20 12:40:15:INFO:Simulation 259 starts
2025-06-20 12:40:15:INFO:Simulation 260 starts
2025-06-20 12:40:15:INFO:Simulation 260 starts
2025-06-20 12:40:46:INFO:Simulation 261 starts
2025-06-20 12:40:46:INFO:Simulation 261 starts
2025-06-20 12:41:16:INFO:Simulation 262 starts
2025-06-20 12:41:16:INFO:Simulation 262 starts
2025-06-20 12:41:16:INFO:Simulation 263 starts
2025-06-20 12:41:16:INFO:Simulation 263 starts
2025-06-20 12:41:46:INFO:Simulation 264 starts
2025-06-20 12:41:46:INFO:Simulation 264 starts
2025-06-20 12:42:16:INFO:Simulation 265 starts
2025-06-20 12:42:16:INFO:Simulation 265 starts
2025-06-20 12:42:47:INFO:Simulation 266 starts
2025-06-20 12:42:47:INFO:Simulation 266 starts
2025-06-20 12:42:47:INFO:Simulation 267 starts
2025-06-20 12:42:47:INFO:Simulation 267 starts
2025-06-20 12:43:18:INFO:Simulation 268 starts
2025-06-20 12:43:18:INFO:Simulation 268 starts
2025-06-20 12:43:18:INFO:Simulation 269 starts
2025-06-20 12:43:18:INFO:Simulation 269 starts
2025-06-20 12:43:48:INFO:Simulation 270 starts
2025-06-20 12:43:48:INFO:Simulation 270 starts
2025-06-20 12:44:18:INFO:Simulation 271 starts
2025-06-20 12:44:18:INFO:Simulation 271 starts
2025-06-20 12:44:48:INFO:Simulation 272 starts
2025-06-20 12:44:48:INFO:Simulation 272 starts
2025-06-20 12:45:19:INFO:Simulation 273 starts
2025-06-20 12:45:19:INFO:Simulation 273 starts
2025-06-20 12:45:49:INFO:Simulation 274 starts
2025-06-20 12:45:49:INFO:Simulation 274 starts
2025-06-20 12:46:19:INFO:Simulation 275 starts
2025-06-20 12:46:19:INFO:Simulation 275 starts
2025-06-20 12:46:19:INFO:Simulation 276 starts
2025-06-20 12:46:19:INFO:Simulation 276 starts
2025-06-20 12:46:19:INFO:Simulation 277 starts
2025-06-20 12:46:19:INFO:Simulation 277 starts
2025-06-20 12:46:19:INFO:Simulation 278 starts
2025-06-20 12:46:19:INFO:Simulation 278 starts
2025-06-20 12:46:19:INFO:Simulation 279 starts
2025-06-20 12:46:19:INFO:Simulation 279 starts
2025-06-20 12:46:50:INFO:Simulation 280 starts
2025-06-20 12:46:50:INFO:Simulation 280 starts
2025-06-20 12:47:20:INFO:Simulation 281 starts
2025-06-20 12:47:20:INFO:Simulation 281 starts
2025-06-20 12:47:20:INFO:Simulation 282 starts
2025-06-20 12:47:20:INFO:Simulation 282 starts
2025-06-20 12:47:51:INFO:Simulation 283 starts
2025-06-20 12:47:51:INFO:Simulation 283 starts
2025-06-20 12:48:21:INFO:Simulation 284 starts
2025-06-20 12:48:21:INFO:Simulation 284 starts
2025-06-20 12:48:52:INFO:Simulation 285 starts
2025-06-20 12:48:52:INFO:Simulation 285 starts
2025-06-20 12:49:22:INFO:Simulation 286 starts
2025-06-20 12:49:22:INFO:Simulation 286 starts
2025-06-20 12:49:52:INFO:Simulation 287 starts
2025-06-20 12:49:52:INFO:Simulation 287 starts
2025-06-20 12:50:22:INFO:Simulation 288 starts
2025-06-20 12:50:22:INFO:Simulation 288 starts
2025-06-20 12:50:52:INFO:Simulation 289 starts
2025-06-20 12:50:52:INFO:Simulation 289 starts
2025-06-20 12:51:23:INFO:Simulation 290 starts
2025-06-20 12:51:23:INFO:Simulation 290 starts
2025-06-20 12:51:53:INFO:Simulation 291 starts
2025-06-20 12:51:53:INFO:Simulation 291 starts
2025-06-20 12:52:23:INFO:Simulation 292 starts
2025-06-20 12:52:23:INFO:Simulation 292 starts
2025-06-20 12:52:54:INFO:Simulation 293 starts
2025-06-20 12:52:54:INFO:Simulation 293 starts
2025-06-20 12:53:24:INFO:Simulation 294 starts
2025-06-20 12:53:24:INFO:Simulation 294 starts
2025-06-20 12:53:24:INFO:Simulation 295 starts
2025-06-20 12:53:24:INFO:Simulation 295 starts
2025-06-20 12:53:55:INFO:Simulation 296 starts
2025-06-20 12:53:55:INFO:Simulation 296 starts
2025-06-20 12:53:55:INFO:Simulation 297 starts
2025-06-20 12:53:55:INFO:Simulation 297 starts
2025-06-20 12:54:25:INFO:Simulation 298 starts
2025-06-20 12:54:25:INFO:Simulation 298 starts
2025-06-20 12:54:55:INFO:Simulation 299 starts
2025-06-20 12:54:55:INFO:Simulation 299 starts
2025-06-20 12:55:25:INFO:Simulation 300 starts
2025-06-20 12:55:25:INFO:Simulation 300 starts
2025-06-20 12:55:55:INFO:Simulation 301 starts
2025-06-20 12:55:55:INFO:Simulation 301 starts
2025-06-20 12:56:25:INFO:Simulation 302 starts
2025-06-20 12:56:25:INFO:Simulation 302 starts
2025-06-20 12:56:25:INFO:Simulation 303 starts
2025-06-20 12:56:25:INFO:Simulation 303 starts
2025-06-20 12:56:56:INFO:Simulation 304 starts
2025-06-20 12:56:56:INFO:Simulation 304 starts
2025-06-20 12:57:26:INFO:Simulation 305 starts
2025-06-20 12:57:26:INFO:Simulation 305 starts
2025-06-20 12:57:57:INFO:Simulation 306 starts
2025-06-20 12:57:57:INFO:Simulation 306 starts
2025-06-20 12:58:27:INFO:Simulation 307 starts
2025-06-20 12:58:27:INFO:Simulation 307 starts
2025-06-20 12:58:27:INFO:Simulation 308 starts
2025-06-20 12:58:27:INFO:Simulation 308 starts
2025-06-20 12:58:58:INFO:Simulation 309 starts
2025-06-20 12:58:58:INFO:Simulation 309 starts
2025-06-20 12:59:28:INFO:Simulation 310 starts
2025-06-20 12:59:28:INFO:Simulation 310 starts
2025-06-20 12:59:28:INFO:Simulation 311 starts
2025-06-20 12:59:28:INFO:Simulation 311 starts
2025-06-20 12:59:58:INFO:Simulation 312 starts
2025-06-20 12:59:58:INFO:Simulation 312 starts
2025-06-20 12:59:58:INFO:Simulation 313 starts
2025-06-20 12:59:58:INFO:Simulation 313 starts
2025-06-20 13:00:28:INFO:Simulation 314 starts
2025-06-20 13:00:28:INFO:Simulation 314 starts
2025-06-20 13:00:29:INFO:Simulation 315 starts
2025-06-20 13:00:29:INFO:Simulation 315 starts
2025-06-20 13:00:59:INFO:Simulation 316 starts
2025-06-20 13:00:59:INFO:Simulation 316 starts
2025-06-20 13:01:29:INFO:Simulation 317 starts
2025-06-20 13:01:29:INFO:Simulation 317 starts
2025-06-20 13:01:59:INFO:Simulation 318 starts
2025-06-20 13:01:59:INFO:Simulation 318 starts
2025-06-20 13:02:30:INFO:Simulation 319 starts
2025-06-20 13:02:30:INFO:Simulation 319 starts
2025-06-20 13:03:00:INFO:Simulation 320 starts
2025-06-20 13:03:00:INFO:Simulation 320 starts
2025-06-20 13:03:31:INFO:Simulation 321 starts
2025-06-20 13:03:31:INFO:Simulation 321 starts
2025-06-20 13:03:31:INFO:Simulation 322 starts
2025-06-20 13:03:31:INFO:Simulation 322 starts
2025-06-20 13:04:02:INFO:Simulation 323 starts
2025-06-20 13:04:02:INFO:Simulation 323 starts
2025-06-20 13:04:32:INFO:Simulation 324 starts
2025-06-20 13:04:32:INFO:Simulation 324 starts
2025-06-20 13:04:32:INFO:Simulation 325 starts
2025-06-20 13:04:32:INFO:Simulation 325 starts
2025-06-20 13:05:02:INFO:Simulation 326 starts
2025-06-20 13:05:02:INFO:Simulation 326 starts
2025-06-20 13:05:33:INFO:Simulation 327 starts
2025-06-20 13:05:33:INFO:Simulation 327 starts
2025-06-20 13:06:03:INFO:Simulation 328 starts
2025-06-20 13:06:03:INFO:Simulation 328 starts
2025-06-20 13:06:33:INFO:Simulation 329 starts
2025-06-20 13:06:33:INFO:Simulation 329 starts
2025-06-20 13:07:04:INFO:Simulation 330 starts
2025-06-20 13:07:04:INFO:Simulation 330 starts
2025-06-20 13:07:04:INFO:Simulation 331 starts
2025-06-20 13:07:04:INFO:Simulation 331 starts
2025-06-20 13:07:04:INFO:Simulation 332 starts
2025-06-20 13:07:04:INFO:Simulation 332 starts
2025-06-20 13:07:34:INFO:Simulation 333 starts
2025-06-20 13:07:34:INFO:Simulation 333 starts
2025-06-20 13:07:34:INFO:Simulation 334 starts
2025-06-20 13:07:34:INFO:Simulation 334 starts
2025-06-20 13:07:34:INFO:Simulation 335 starts
2025-06-20 13:07:34:INFO:Simulation 335 starts
2025-06-20 13:07:34:INFO:Simulation 336 starts
2025-06-20 13:07:34:INFO:Simulation 336 starts
2025-06-20 13:07:34:INFO:Simulation 337 starts
2025-06-20 13:07:34:INFO:Simulation 337 starts
2025-06-20 13:07:34:INFO:Simulation 338 starts
2025-06-20 13:07:34:INFO:Simulation 338 starts
2025-06-20 13:08:05:INFO:Simulation 339 starts
2025-06-20 13:08:05:INFO:Simulation 339 starts
2025-06-20 13:08:36:INFO:Simulation 340 starts
2025-06-20 13:08:36:INFO:Simulation 340 starts
2025-06-20 13:09:06:INFO:Simulation 341 starts
2025-06-20 13:09:06:INFO:Simulation 341 starts
2025-06-20 13:09:37:INFO:Simulation 342 starts
2025-06-20 13:09:37:INFO:Simulation 342 starts
2025-06-20 13:10:08:INFO:Simulation 343 starts
2025-06-20 13:10:08:INFO:Simulation 343 starts
2025-06-20 13:10:39:INFO:Simulation 344 starts
2025-06-20 13:10:39:INFO:Simulation 344 starts
2025-06-20 13:11:10:INFO:Simulation 345 starts
2025-06-20 13:11:10:INFO:Simulation 345 starts
2025-06-20 13:11:40:INFO:Simulation 346 starts
2025-06-20 13:11:40:INFO:Simulation 346 starts
2025-06-20 13:12:10:INFO:Simulation 347 starts
2025-06-20 13:12:10:INFO:Simulation 347 starts
2025-06-20 13:12:40:INFO:Simulation 348 starts
2025-06-20 13:12:40:INFO:Simulation 348 starts
2025-06-20 13:12:40:INFO:Simulation 349 starts
2025-06-20 13:12:40:INFO:Simulation 349 starts
2025-06-20 13:13:10:INFO:Simulation 350 starts
2025-06-20 13:13:10:INFO:Simulation 350 starts
2025-06-20 13:13:10:INFO:Simulation 351 starts
2025-06-20 13:13:10:INFO:Simulation 351 starts
2025-06-20 13:13:41:INFO:Simulation 352 starts
2025-06-20 13:13:41:INFO:Simulation 352 starts
2025-06-20 13:14:11:INFO:Simulation 353 starts
2025-06-20 13:14:11:INFO:Simulation 353 starts
2025-06-20 13:14:42:INFO:Simulation 354 starts
2025-06-20 13:14:42:INFO:Simulation 354 starts
2025-06-20 13:15:12:INFO:Simulation 355 starts
2025-06-20 13:15:12:INFO:Simulation 355 starts
2025-06-20 13:15:43:INFO:Simulation 356 starts
2025-06-20 13:15:43:INFO:Simulation 356 starts
2025-06-20 13:16:13:INFO:Simulation 357 starts
2025-06-20 13:16:13:INFO:Simulation 357 starts
2025-06-20 13:16:43:INFO:Simulation 358 starts
2025-06-20 13:16:43:INFO:Simulation 358 starts
2025-06-20 13:17:14:INFO:Simulation 359 starts
2025-06-20 13:17:14:INFO:Simulation 359 starts
2025-06-20 13:17:14:INFO:Simulation 360 starts
2025-06-20 13:17:14:INFO:Simulation 360 starts
2025-06-20 13:17:45:INFO:Simulation 361 starts
2025-06-20 13:17:45:INFO:Simulation 361 starts
2025-06-20 13:18:15:INFO:Simulation 362 starts
2025-06-20 13:18:15:INFO:Simulation 362 starts
2025-06-20 13:18:16:INFO:Simulation 363 starts
2025-06-20 13:18:16:INFO:Simulation 363 starts
2025-06-20 13:18:16:INFO:Simulation 364 starts
2025-06-20 13:18:16:INFO:Simulation 364 starts
2025-06-20 13:18:46:INFO:Simulation 365 starts
2025-06-20 13:18:46:INFO:Simulation 365 starts
2025-06-20 13:18:46:INFO:Simulation 366 starts
2025-06-20 13:18:46:INFO:Simulation 366 starts
2025-06-20 13:18:46:INFO:Simulation 367 starts
2025-06-20 13:18:46:INFO:Simulation 367 starts
2025-06-20 13:19:17:INFO:Simulation 368 starts
2025-06-20 13:19:17:INFO:Simulation 368 starts
2025-06-20 13:19:48:INFO:Simulation 369 starts
2025-06-20 13:19:48:INFO:Simulation 369 starts
2025-06-20 13:20:18:INFO:Simulation 370 starts
2025-06-20 13:20:18:INFO:Simulation 370 starts
2025-06-20 13:20:49:INFO:Simulation 371 starts
2025-06-20 13:20:49:INFO:Simulation 371 starts
2025-06-20 13:21:20:INFO:Simulation 372 starts
2025-06-20 13:21:20:INFO:Simulation 372 starts
2025-06-20 13:21:51:INFO:Simulation 373 starts
2025-06-20 13:21:51:INFO:Simulation 373 starts
2025-06-20 13:21:51:INFO:Simulation 374 starts
2025-06-20 13:21:51:INFO:Simulation 374 starts
2025-06-20 13:22:21:INFO:Simulation 375 starts
2025-06-20 13:22:21:INFO:Simulation 375 starts
2025-06-20 13:22:51:INFO:Simulation 376 starts
2025-06-20 13:22:51:INFO:Simulation 376 starts
2025-06-20 13:23:21:INFO:Simulation 377 starts
2025-06-20 13:23:21:INFO:Simulation 377 starts
2025-06-20 13:23:51:INFO:Simulation 378 starts
2025-06-20 13:23:51:INFO:Simulation 378 starts
2025-06-20 13:24:21:INFO:Simulation 379 starts
2025-06-20 13:24:21:INFO:Simulation 379 starts
2025-06-20 13:24:52:INFO:Simulation 380 starts
2025-06-20 13:24:52:INFO:Simulation 380 starts
2025-06-20 13:24:52:INFO:Simulation 381 starts
2025-06-20 13:24:52:INFO:Simulation 381 starts
2025-06-20 13:24:52:INFO:Simulation 382 starts
2025-06-20 13:24:52:INFO:Simulation 382 starts
2025-06-20 13:25:22:INFO:Simulation 383 starts
2025-06-20 13:25:22:INFO:Simulation 383 starts
2025-06-20 13:25:53:INFO:Simulation 384 starts
2025-06-20 13:25:53:INFO:Simulation 384 starts
2025-06-20 13:26:23:INFO:Simulation 385 starts
2025-06-20 13:26:23:INFO:Simulation 385 starts
2025-06-20 13:26:53:INFO:Simulation 386 starts
2025-06-20 13:26:53:INFO:Simulation 386 starts
2025-06-20 13:27:23:INFO:Simulation 387 starts
2025-06-20 13:27:23:INFO:Simulation 387 starts
2025-06-20 13:27:54:INFO:Simulation 388 starts
2025-06-20 13:27:54:INFO:Simulation 388 starts
2025-06-20 13:28:25:INFO:Simulation 389 starts
2025-06-20 13:28:25:INFO:Simulation 389 starts
2025-06-20 13:28:55:INFO:Simulation 390 starts
2025-06-20 13:28:55:INFO:Simulation 390 starts
2025-06-20 13:28:55:INFO:Simulation 391 starts
2025-06-20 13:28:55:INFO:Simulation 391 starts
2025-06-20 13:29:25:INFO:Simulation 392 starts
2025-06-20 13:29:25:INFO:Simulation 392 starts
2025-06-20 13:29:55:INFO:Simulation 393 starts
2025-06-20 13:29:55:INFO:Simulation 393 starts
2025-06-20 13:30:25:INFO:Simulation 394 starts
2025-06-20 13:30:25:INFO:Simulation 394 starts
2025-06-20 13:30:56:INFO:Simulation 395 starts
2025-06-20 13:30:56:INFO:Simulation 395 starts
2025-06-20 13:30:56:INFO:Simulation 396 starts
2025-06-20 13:30:56:INFO:Simulation 396 starts
2025-06-20 13:31:26:INFO:Simulation 397 starts
2025-06-20 13:31:26:INFO:Simulation 397 starts
2025-06-20 13:31:26:INFO:Simulation 398 starts
2025-06-20 13:31:26:INFO:Simulation 398 starts
2025-06-20 13:31:56:INFO:Simulation 399 starts
2025-06-20 13:31:56:INFO:Simulation 399 starts
2025-06-20 13:32:26:INFO:Simulation 400 starts
2025-06-20 13:32:26:INFO:Simulation 400 starts
2025-06-20 13:32:26:INFO:Simulation 401 starts
2025-06-20 13:32:26:INFO:Simulation 401 starts
2025-06-20 13:32:57:INFO:Simulation 402 starts
2025-06-20 13:32:57:INFO:Simulation 402 starts
2025-06-20 13:33:27:INFO:Simulation 403 starts
2025-06-20 13:33:27:INFO:Simulation 403 starts
2025-06-20 13:33:58:INFO:Simulation 404 starts
2025-06-20 13:33:58:INFO:Simulation 404 starts
2025-06-20 13:34:29:INFO:Simulation 405 starts
2025-06-20 13:34:29:INFO:Simulation 405 starts
2025-06-20 13:34:59:INFO:Simulation 406 starts
2025-06-20 13:34:59:INFO:Simulation 406 starts
2025-06-20 13:35:29:INFO:Simulation 407 starts
2025-06-20 13:35:29:INFO:Simulation 407 starts
2025-06-20 13:35:29:INFO:Simulation 408 starts
2025-06-20 13:35:29:INFO:Simulation 408 starts
2025-06-20 13:36:00:INFO:Simulation 409 starts
2025-06-20 13:36:00:INFO:Simulation 409 starts
2025-06-20 13:36:30:INFO:Simulation 410 starts
2025-06-20 13:36:30:INFO:Simulation 410 starts
2025-06-20 13:36:30:INFO:Simulation 411 starts
2025-06-20 13:36:30:INFO:Simulation 411 starts
2025-06-20 13:37:01:INFO:Simulation 412 starts
2025-06-20 13:37:01:INFO:Simulation 412 starts
2025-06-20 13:37:31:INFO:Simulation 413 starts
2025-06-20 13:37:31:INFO:Simulation 413 starts
2025-06-20 13:38:02:INFO:Simulation 414 starts
2025-06-20 13:38:02:INFO:Simulation 414 starts
2025-06-20 13:38:02:INFO:Simulation 415 starts
2025-06-20 13:38:02:INFO:Simulation 415 starts
2025-06-20 13:38:33:INFO:Simulation 416 starts
2025-06-20 13:38:33:INFO:Simulation 416 starts
2025-06-20 13:38:33:INFO:Simulation 417 starts
2025-06-20 13:38:33:INFO:Simulation 417 starts
2025-06-20 13:38:33:INFO:Simulation 418 starts
2025-06-20 13:38:33:INFO:Simulation 418 starts
2025-06-20 13:38:33:INFO:Simulation 419 starts
2025-06-20 13:38:33:INFO:Simulation 419 starts
2025-06-20 13:38:33:INFO:Simulation 420 starts
2025-06-20 13:38:33:INFO:Simulation 420 starts
2025-06-20 13:38:33:INFO:Simulation 421 starts
2025-06-20 13:38:33:INFO:Simulation 421 starts
2025-06-20 13:38:33:INFO:Simulation 422 starts
2025-06-20 13:38:33:INFO:Simulation 422 starts
2025-06-20 13:38:33:INFO:Simulation 423 starts
2025-06-20 13:38:33:INFO:Simulation 423 starts
2025-06-20 13:38:33:INFO:Simulation 424 starts
2025-06-20 13:38:33:INFO:Simulation 424 starts
2025-06-20 13:39:03:INFO:Simulation 425 starts
2025-06-20 13:39:03:INFO:Simulation 425 starts
2025-06-20 13:39:33:INFO:Simulation 426 starts
2025-06-20 13:39:33:INFO:Simulation 426 starts
2025-06-20 13:39:33:INFO:Simulation 427 starts
2025-06-20 13:39:33:INFO:Simulation 427 starts
2025-06-20 13:40:04:INFO:Simulation 428 starts
2025-06-20 13:40:04:INFO:Simulation 428 starts
2025-06-20 13:40:35:INFO:Simulation 429 starts
2025-06-20 13:40:35:INFO:Simulation 429 starts
2025-06-20 13:41:06:INFO:Simulation 430 starts
2025-06-20 13:41:06:INFO:Simulation 430 starts
2025-06-20 13:41:36:INFO:Simulation 431 starts
2025-06-20 13:41:36:INFO:Simulation 431 starts
2025-06-20 13:41:36:INFO:Simulation 432 starts
2025-06-20 13:41:36:INFO:Simulation 432 starts
2025-06-20 13:42:06:INFO:Simulation 433 starts
2025-06-20 13:42:06:INFO:Simulation 433 starts
2025-06-20 13:42:37:INFO:Simulation 434 starts
2025-06-20 13:42:37:INFO:Simulation 434 starts
2025-06-20 13:42:37:INFO:Simulation 435 starts
2025-06-20 13:42:37:INFO:Simulation 435 starts
2025-06-20 13:43:07:INFO:Simulation 436 starts
2025-06-20 13:43:07:INFO:Simulation 436 starts
2025-06-20 13:43:37:INFO:Simulation 437 starts
2025-06-20 13:43:37:INFO:Simulation 437 starts
2025-06-20 13:43:37:INFO:Simulation 438 starts
2025-06-20 13:43:37:INFO:Simulation 438 starts
2025-06-20 13:44:07:INFO:Simulation 439 starts
2025-06-20 13:44:07:INFO:Simulation 439 starts
2025-06-20 13:44:38:INFO:Simulation 440 starts
2025-06-20 13:44:38:INFO:Simulation 440 starts
2025-06-20 13:45:09:INFO:Simulation 441 starts
2025-06-20 13:45:09:INFO:Simulation 441 starts
2025-06-20 13:45:40:INFO:Simulation 442 starts
2025-06-20 13:45:40:INFO:Simulation 442 starts
2025-06-20 13:46:11:INFO:Simulation 443 starts
2025-06-20 13:46:11:INFO:Simulation 443 starts
2025-06-20 13:46:11:INFO:Simulation 444 starts
2025-06-20 13:46:11:INFO:Simulation 444 starts
2025-06-20 13:46:41:INFO:Simulation 445 starts
2025-06-20 13:46:41:INFO:Simulation 445 starts
2025-06-20 13:46:41:INFO:Simulation 446 starts
2025-06-20 13:46:41:INFO:Simulation 446 starts
2025-06-20 13:47:12:INFO:Simulation 447 starts
2025-06-20 13:47:12:INFO:Simulation 447 starts
2025-06-20 13:47:42:INFO:Simulation 448 starts
2025-06-20 13:47:42:INFO:Simulation 448 starts
2025-06-20 13:47:42:INFO:Simulation 449 starts
2025-06-20 13:47:42:INFO:Simulation 449 starts
2025-06-20 13:48:12:INFO:Simulation 450 starts
2025-06-20 13:48:12:INFO:Simulation 450 starts
2025-06-20 13:48:42:INFO:Simulation 451 starts
2025-06-20 13:48:42:INFO:Simulation 451 starts
2025-06-20 13:49:13:INFO:Simulation 452 starts
2025-06-20 13:49:13:INFO:Simulation 452 starts
2025-06-20 13:49:13:INFO:Simulation 453 starts
2025-06-20 13:49:13:INFO:Simulation 453 starts
2025-06-20 13:49:13:INFO:Simulation 454 starts
2025-06-20 13:49:13:INFO:Simulation 454 starts
2025-06-20 13:49:13:INFO:Simulation 455 starts
2025-06-20 13:49:13:INFO:Simulation 455 starts
2025-06-20 13:49:44:INFO:Simulation 456 starts
2025-06-20 13:49:44:INFO:Simulation 456 starts
2025-06-20 13:49:44:INFO:Simulation 457 starts
2025-06-20 13:49:44:INFO:Simulation 457 starts
2025-06-20 13:49:44:INFO:Simulation 458 starts
2025-06-20 13:49:44:INFO:Simulation 458 starts
2025-06-20 13:49:44:INFO:Simulation 459 starts
2025-06-20 13:49:44:INFO:Simulation 459 starts
2025-06-20 13:49:44:INFO:Simulation 460 starts
2025-06-20 13:49:44:INFO:Simulation 460 starts
2025-06-20 13:49:44:INFO:Simulation 461 starts
2025-06-20 13:49:44:INFO:Simulation 461 starts
2025-06-20 13:49:44:INFO:Simulation 462 starts
2025-06-20 13:49:44:INFO:Simulation 462 starts
2025-06-20 13:50:14:INFO:Simulation 463 starts
2025-06-20 13:50:14:INFO:Simulation 463 starts
2025-06-20 13:50:44:INFO:Simulation 464 starts
2025-06-20 13:50:44:INFO:Simulation 464 starts
2025-06-20 13:51:15:INFO:Simulation 465 starts
2025-06-20 13:51:15:INFO:Simulation 465 starts
2025-06-20 13:51:45:INFO:Simulation 466 starts
2025-06-20 13:51:45:INFO:Simulation 466 starts
2025-06-20 13:51:45:INFO:Simulation 467 starts
2025-06-20 13:51:45:INFO:Simulation 467 starts
2025-06-20 13:51:45:INFO:Simulation 468 starts
2025-06-20 13:51:45:INFO:Simulation 468 starts
2025-06-20 13:52:15:INFO:Simulation 469 starts
2025-06-20 13:52:15:INFO:Simulation 469 starts
2025-06-20 13:52:45:INFO:Simulation 470 starts
2025-06-20 13:52:45:INFO:Simulation 470 starts
2025-06-20 13:52:45:INFO:Simulation 471 starts
2025-06-20 13:52:45:INFO:Simulation 471 starts
2025-06-20 13:53:16:INFO:Simulation 472 starts
2025-06-20 13:53:16:INFO:Simulation 472 starts
2025-06-20 13:53:46:INFO:Simulation 473 starts
2025-06-20 13:53:46:INFO:Simulation 473 starts
2025-06-20 13:54:16:INFO:Simulation 474 starts
2025-06-20 13:54:16:INFO:Simulation 474 starts
2025-06-20 13:54:46:INFO:Simulation 475 starts
2025-06-20 13:54:46:INFO:Simulation 475 starts
2025-06-20 13:55:17:INFO:Simulation 476 starts
2025-06-20 13:55:17:INFO:Simulation 476 starts
2025-06-20 13:55:47:INFO:Simulation 477 starts
2025-06-20 13:55:47:INFO:Simulation 477 starts
2025-06-20 13:56:17:INFO:Simulation 478 starts
2025-06-20 13:56:17:INFO:Simulation 478 starts
2025-06-20 13:56:47:INFO:Simulation 479 starts
2025-06-20 13:56:47:INFO:Simulation 479 starts
2025-06-20 13:57:18:INFO:Simulation 480 starts
2025-06-20 13:57:18:INFO:Simulation 480 starts
2025-06-20 13:57:48:INFO:Simulation 481 starts
2025-06-20 13:57:48:INFO:Simulation 481 starts
2025-06-20 13:58:18:INFO:Simulation 482 starts
2025-06-20 13:58:18:INFO:Simulation 482 starts
2025-06-20 13:58:49:INFO:Simulation 483 starts
2025-06-20 13:58:49:INFO:Simulation 483 starts
2025-06-20 13:58:49:INFO:Simulation 484 starts
2025-06-20 13:58:49:INFO:Simulation 484 starts
2025-06-20 13:58:49:INFO:Simulation 485 starts
2025-06-20 13:58:49:INFO:Simulation 485 starts
2025-06-20 13:58:49:INFO:Simulation 486 starts
2025-06-20 13:58:49:INFO:Simulation 486 starts
2025-06-20 13:59:19:INFO:Simulation 487 starts
2025-06-20 13:59:19:INFO:Simulation 487 starts
2025-06-20 13:59:50:INFO:Simulation 488 starts
2025-06-20 13:59:50:INFO:Simulation 488 starts
2025-06-20 13:59:50:INFO:Simulation 489 starts
2025-06-20 13:59:50:INFO:Simulation 489 starts
2025-06-20 14:00:20:INFO:Simulation 490 starts
2025-06-20 14:00:20:INFO:Simulation 490 starts
2025-06-20 14:00:20:INFO:Simulation 491 starts
2025-06-20 14:00:20:INFO:Simulation 491 starts
2025-06-20 14:00:50:INFO:Simulation 492 starts
2025-06-20 14:00:50:INFO:Simulation 492 starts
2025-06-20 14:01:20:INFO:Simulation 493 starts
2025-06-20 14:01:20:INFO:Simulation 493 starts
2025-06-20 14:01:20:INFO:Simulation 494 starts
2025-06-20 14:01:20:INFO:Simulation 494 starts
2025-06-20 14:01:20:INFO:Simulation 495 starts
2025-06-20 14:01:20:INFO:Simulation 495 starts
2025-06-20 14:01:51:INFO:Simulation 496 starts
2025-06-20 14:01:51:INFO:Simulation 496 starts
2025-06-20 14:02:21:INFO:Simulation 497 starts
2025-06-20 14:02:21:INFO:Simulation 497 starts
2025-06-20 14:02:51:INFO:Simulation 498 starts
2025-06-20 14:02:51:INFO:Simulation 498 starts
2025-06-20 14:03:22:INFO:Simulation 499 starts
2025-06-20 14:03:22:INFO:Simulation 499 starts
2025-06-20 14:03:53:INFO:Simulation 500 starts
2025-06-20 14:03:53:INFO:Simulation 500 starts
2025-06-20 14:04:24:INFO:Simulation 501 starts
2025-06-20 14:04:24:INFO:Simulation 501 starts
2025-06-20 14:04:54:INFO:Simulation 502 starts
2025-06-20 14:04:54:INFO:Simulation 502 starts
2025-06-20 14:05:25:INFO:Simulation 503 starts
2025-06-20 14:05:25:INFO:Simulation 503 starts
2025-06-20 14:05:56:INFO:Simulation 504 starts
2025-06-20 14:05:56:INFO:Simulation 504 starts
2025-06-20 14:06:26:INFO:Simulation 505 starts
2025-06-20 14:06:26:INFO:Simulation 505 starts
2025-06-20 14:06:26:INFO:Simulation 506 starts
2025-06-20 14:06:26:INFO:Simulation 506 starts
2025-06-20 14:06:56:INFO:Simulation 507 starts
2025-06-20 14:06:56:INFO:Simulation 507 starts
2025-06-20 14:06:56:INFO:Simulation 508 starts
2025-06-20 14:06:56:INFO:Simulation 508 starts
2025-06-20 14:06:56:INFO:Simulation 509 starts
2025-06-20 14:06:56:INFO:Simulation 509 starts
2025-06-20 14:06:56:INFO:Simulation 510 starts
2025-06-20 14:06:56:INFO:Simulation 510 starts
2025-06-20 14:06:56:INFO:Simulation 511 starts
2025-06-20 14:06:56:INFO:Simulation 511 starts
2025-06-20 14:07:27:INFO:Simulation 512 starts
2025-06-20 14:07:27:INFO:Simulation 512 starts
2025-06-20 14:07:57:INFO:Simulation 513 starts
2025-06-20 14:07:57:INFO:Simulation 513 starts
2025-06-20 14:08:27:INFO:Simulation 514 starts
2025-06-20 14:08:27:INFO:Simulation 514 starts
2025-06-20 14:08:57:INFO:Simulation 515 starts
2025-06-20 14:08:57:INFO:Simulation 515 starts
2025-06-20 14:08:57:INFO:Simulation 516 starts
2025-06-20 14:08:57:INFO:Simulation 516 starts
2025-06-20 14:08:57:INFO:Simulation 517 starts
2025-06-20 14:08:57:INFO:Simulation 517 starts
2025-06-20 14:09:27:INFO:Simulation 518 starts
2025-06-20 14:09:27:INFO:Simulation 518 starts
2025-06-20 14:09:27:INFO:Simulation 519 starts
2025-06-20 14:09:27:INFO:Simulation 519 starts
2025-06-20 14:09:27:INFO:Simulation 520 starts
2025-06-20 14:09:27:INFO:Simulation 520 starts
2025-06-20 14:09:27:INFO:Simulation 521 starts
2025-06-20 14:09:27:INFO:Simulation 521 starts
2025-06-20 14:09:57:INFO:Simulation 522 starts
2025-06-20 14:09:57:INFO:Simulation 522 starts
2025-06-20 14:10:27:INFO:Simulation 523 starts
2025-06-20 14:10:27:INFO:Simulation 523 starts
2025-06-20 14:10:27:INFO:Simulation 524 starts
2025-06-20 14:10:27:INFO:Simulation 524 starts
2025-06-20 14:10:58:INFO:Simulation 525 starts
2025-06-20 14:10:58:INFO:Simulation 525 starts
2025-06-20 14:10:58:INFO:Simulation 526 starts
2025-06-20 14:10:58:INFO:Simulation 526 starts
2025-06-20 14:10:58:INFO:Simulation 527 starts
2025-06-20 14:10:58:INFO:Simulation 527 starts
2025-06-20 14:11:28:INFO:Simulation 528 starts
2025-06-20 14:11:28:INFO:Simulation 528 starts
2025-06-20 14:11:59:INFO:Simulation 529 starts
2025-06-20 14:11:59:INFO:Simulation 529 starts
2025-06-20 14:12:29:INFO:Simulation 530 starts
2025-06-20 14:12:29:INFO:Simulation 530 starts
2025-06-20 14:12:29:INFO:Simulation 531 starts
2025-06-20 14:12:29:INFO:Simulation 531 starts
2025-06-20 14:12:29:INFO:Simulation 532 starts
2025-06-20 14:12:29:INFO:Simulation 532 starts
2025-06-20 14:12:59:INFO:Simulation 533 starts
2025-06-20 14:12:59:INFO:Simulation 533 starts
2025-06-20 14:13:30:INFO:Simulation 534 starts
2025-06-20 14:13:30:INFO:Simulation 534 starts
2025-06-20 14:13:30:INFO:Simulation 535 starts
2025-06-20 14:13:30:INFO:Simulation 535 starts
2025-06-20 14:14:01:INFO:Simulation 536 starts
2025-06-20 14:14:01:INFO:Simulation 536 starts
2025-06-20 14:14:01:INFO:Simulation 537 starts
2025-06-20 14:14:01:INFO:Simulation 537 starts
2025-06-20 14:14:01:INFO:Simulation 538 starts
2025-06-20 14:14:01:INFO:Simulation 538 starts
2025-06-20 14:14:31:INFO:Simulation 539 starts
2025-06-20 14:14:31:INFO:Simulation 539 starts
2025-06-20 14:15:02:INFO:Simulation 540 starts
2025-06-20 14:15:02:INFO:Simulation 540 starts
2025-06-20 14:15:32:INFO:Simulation 541 starts
2025-06-20 14:15:32:INFO:Simulation 541 starts
2025-06-20 14:16:02:INFO:Simulation 542 starts
2025-06-20 14:16:02:INFO:Simulation 542 starts
2025-06-20 14:16:33:INFO:Simulation 543 starts
2025-06-20 14:16:33:INFO:Simulation 543 starts
2025-06-20 14:17:03:INFO:Simulation 544 starts
2025-06-20 14:17:03:INFO:Simulation 544 starts
2025-06-20 14:17:33:INFO:Simulation 545 starts
2025-06-20 14:17:33:INFO:Simulation 545 starts
2025-06-20 14:17:33:INFO:Simulation 546 starts
2025-06-20 14:17:33:INFO:Simulation 546 starts
2025-06-20 14:18:04:INFO:Simulation 547 starts
2025-06-20 14:18:04:INFO:Simulation 547 starts
2025-06-20 14:18:34:INFO:Simulation 548 starts
2025-06-20 14:18:34:INFO:Simulation 548 starts
2025-06-20 14:19:05:INFO:Simulation 549 starts
2025-06-20 14:19:05:INFO:Simulation 549 starts
2025-06-20 14:19:35:INFO:Simulation 550 starts
2025-06-20 14:19:35:INFO:Simulation 550 starts
2025-06-20 14:19:35:INFO:Simulation 551 starts
2025-06-20 14:19:35:INFO:Simulation 551 starts
2025-06-20 14:19:35:INFO:Simulation 552 starts
2025-06-20 14:19:35:INFO:Simulation 552 starts
2025-06-20 14:19:35:INFO:Simulation 553 starts
2025-06-20 14:19:35:INFO:Simulation 553 starts
2025-06-20 14:20:05:INFO:Simulation 554 starts
2025-06-20 14:20:05:INFO:Simulation 554 starts
2025-06-20 14:20:35:INFO:Simulation 555 starts
2025-06-20 14:20:35:INFO:Simulation 555 starts
2025-06-20 14:21:06:INFO:Simulation 556 starts
2025-06-20 14:21:06:INFO:Simulation 556 starts
2025-06-20 14:21:36:INFO:Simulation 557 starts
2025-06-20 14:21:36:INFO:Simulation 557 starts
2025-06-20 14:21:36:INFO:Simulation 558 starts
2025-06-20 14:21:36:INFO:Simulation 558 starts
2025-06-20 14:21:36:INFO:Simulation 559 starts
2025-06-20 14:21:36:INFO:Simulation 559 starts
2025-06-20 14:21:36:INFO:Simulation 560 starts
2025-06-20 14:21:36:INFO:Simulation 560 starts
2025-06-20 14:22:07:INFO:Simulation 561 starts
2025-06-20 14:22:07:INFO:Simulation 561 starts
2025-06-20 14:22:07:INFO:Simulation 562 starts
2025-06-20 14:22:07:INFO:Simulation 562 starts
2025-06-20 14:22:07:INFO:Simulation 563 starts
2025-06-20 14:22:07:INFO:Simulation 563 starts
2025-06-20 14:22:07:INFO:Simulation 564 starts
2025-06-20 14:22:07:INFO:Simulation 564 starts
2025-06-20 14:22:07:INFO:Simulation 565 starts
2025-06-20 14:22:07:INFO:Simulation 565 starts
2025-06-20 14:22:37:INFO:Simulation 566 starts
2025-06-20 14:22:37:INFO:Simulation 566 starts
2025-06-20 14:23:08:INFO:Simulation 567 starts
2025-06-20 14:23:08:INFO:Simulation 567 starts
2025-06-20 14:23:08:INFO:Simulation 568 starts
2025-06-20 14:23:08:INFO:Simulation 568 starts
2025-06-20 14:23:38:INFO:Simulation 569 starts
2025-06-20 14:23:38:INFO:Simulation 569 starts
2025-06-20 14:24:08:INFO:Simulation 570 starts
2025-06-20 14:24:08:INFO:Simulation 570 starts
2025-06-20 14:24:08:INFO:Simulation 571 starts
2025-06-20 14:24:08:INFO:Simulation 571 starts
2025-06-20 14:24:38:INFO:Simulation 572 starts
2025-06-20 14:24:38:INFO:Simulation 572 starts
2025-06-20 14:25:08:INFO:Simulation 573 starts
2025-06-20 14:25:08:INFO:Simulation 573 starts
2025-06-20 14:25:38:INFO:Simulation 574 starts
2025-06-20 14:25:38:INFO:Simulation 574 starts
2025-06-20 14:25:38:INFO:Simulation 575 starts
2025-06-20 14:25:38:INFO:Simulation 575 starts
2025-06-20 14:26:09:INFO:Simulation 576 starts
2025-06-20 14:26:09:INFO:Simulation 576 starts
2025-06-20 14:26:39:INFO:Simulation 577 starts
2025-06-20 14:26:39:INFO:Simulation 577 starts
2025-06-20 14:26:39:INFO:Simulation 578 starts
2025-06-20 14:26:39:INFO:Simulation 578 starts
2025-06-20 14:27:10:INFO:Simulation 579 starts
2025-06-20 14:27:10:INFO:Simulation 579 starts
2025-06-20 14:27:10:INFO:Simulation 580 starts
2025-06-20 14:27:10:INFO:Simulation 580 starts
2025-06-20 14:27:41:INFO:Simulation 581 starts
2025-06-20 14:27:41:INFO:Simulation 581 starts
2025-06-20 14:28:12:INFO:Simulation 582 starts
2025-06-20 14:28:12:INFO:Simulation 582 starts
2025-06-20 14:28:43:INFO:Simulation 583 starts
2025-06-20 14:28:43:INFO:Simulation 583 starts
2025-06-20 14:28:43:INFO:Simulation 584 starts
2025-06-20 14:28:43:INFO:Simulation 584 starts
2025-06-20 14:29:13:INFO:Simulation 585 starts
2025-06-20 14:29:13:INFO:Simulation 585 starts
2025-06-20 14:29:43:INFO:Simulation 586 starts
2025-06-20 14:29:43:INFO:Simulation 586 starts
2025-06-20 14:30:14:INFO:Simulation 587 starts
2025-06-20 14:30:14:INFO:Simulation 587 starts
2025-06-20 14:30:44:INFO:Simulation 588 starts
2025-06-20 14:30:44:INFO:Simulation 588 starts
2025-06-20 14:31:15:INFO:Simulation 589 starts
2025-06-20 14:31:15:INFO:Simulation 589 starts
2025-06-20 14:31:15:INFO:Simulation 590 starts
2025-06-20 14:31:15:INFO:Simulation 590 starts
2025-06-20 14:31:45:INFO:Simulation 591 starts
2025-06-20 14:31:45:INFO:Simulation 591 starts
2025-06-20 14:32:15:INFO:Simulation 592 starts
2025-06-20 14:32:15:INFO:Simulation 592 starts
2025-06-20 14:32:15:INFO:Simulation 593 starts
2025-06-20 14:32:15:INFO:Simulation 593 starts
2025-06-20 14:32:45:INFO:Simulation 594 starts
2025-06-20 14:32:45:INFO:Simulation 594 starts
2025-06-20 14:33:16:INFO:Simulation 595 starts
2025-06-20 14:33:16:INFO:Simulation 595 starts
2025-06-20 14:33:16:INFO:Simulation 596 starts
2025-06-20 14:33:16:INFO:Simulation 596 starts
2025-06-20 14:33:46:INFO:Simulation 597 starts
2025-06-20 14:33:46:INFO:Simulation 597 starts
2025-06-20 14:33:46:INFO:Simulation 598 starts
2025-06-20 14:33:46:INFO:Simulation 598 starts
2025-06-20 14:34:17:INFO:Simulation 599 starts
2025-06-20 14:34:17:INFO:Simulation 599 starts
2025-06-20 14:34:47:INFO:
Select 0'th strategy: (then (using-params lia2pb :lia2pb_max_bits 16) factor elim-uncnstr fix-dl-var elim-uncnstr fix-dl-var nra)
improve on 4 instances,  new par10: 0.44394
Select 1'th strategy: (then fix-dl-var (using-params smt :random_seed 400))
improve on 3 instances,  new par10: 0.55510
Select 2'th strategy: (then elim-uncnstr (using-params smt :random_seed 200))
improve on 2 instances,  new par10: 0.55527
Select 3'th strategy: (then purify-arith elim-uncnstr eq2bv smt)
improve on 1 instances,  new par10: 0.55536

2025-06-20 14:34:47:INFO:Selected 4 strategies: ['(then (using-params lia2pb :lia2pb_max_bits 16) factor elim-uncnstr fix-dl-var elim-uncnstr fix-dl-var nra)', '(then fix-dl-var (using-params smt :random_seed 400))', '(then elim-uncnstr (using-params smt :random_seed 200))', '(then purify-arith elim-uncnstr eq2bv smt)'], saved to /tmp/experiments/synthesis/out-2025-06-20_10-58-25/ln_strat_candidates.csv
2025-06-20 14:34:47:INFO:Stage 1 Time: 12982
2025-06-20 14:34:47:INFO:Parallel strategy saved to /tmp/experiments/synthesis/out-2025-06-20_10-58-25/parallel_strategy.txt
2025-06-20 14:34:47:INFO:Synthesis time: 12982 seconds
============ Job Information ===================================================
Submitted: 2025-06-19T16:33:21
Started: 2025-06-20T10:52:15
Ended: 2025-06-20T14:34:47
Elapsed: 223 min, Limit: 2160 min, Difference: 1937 min
CPUs: 96, Nodes: 1
Estimated Consumption: 356.80 core-hours
================================================================================
