2025-06-19 00:41:33:INFO:Using Z3 version: Z3 version 4.15.0 - 64 bit
2025-06-19 00:44:34:INFO:S1 MCTS Simulations Start
2025-06-19 00:44:34:INFO:Simulation 0 starts
2025-06-19 00:44:34:INFO:Simulation 0 starts
2025-06-19 00:47:16:INFO:At sim 0, new best reward found: 0.13038
2025-06-19 00:47:16:INFO:At sim 0, new best reward found: 0.13038
2025-06-19 00:47:16:INFO:Simulation 1 starts
2025-06-19 00:47:16:INFO:Simulation 1 starts
2025-06-19 00:49:11:INFO:At sim 1, new best reward found: 0.62280
2025-06-19 00:49:11:INFO:At sim 1, new best reward found: 0.62280
2025-06-19 00:49:11:INFO:Simulation 2 starts
2025-06-19 00:49:11:INFO:Simulation 2 starts
2025-06-19 00:51:53:INFO:Simulation 3 starts
2025-06-19 00:51:53:INFO:Simulation 3 starts
2025-06-19 00:54:33:INFO:At sim 3, new best reward found: 0.65721
2025-06-19 00:54:33:INFO:At sim 3, new best reward found: 0.65721
2025-06-19 00:54:33:INFO:Simulation 4 starts
2025-06-19 00:54:33:INFO:Simulation 4 starts
2025-06-19 00:54:33:INFO:Simulation 5 starts
2025-06-19 00:54:33:INFO:Simulation 5 starts
2025-06-19 00:57:17:INFO:Simulation 6 starts
2025-06-19 00:57:17:INFO:Simulation 6 starts
2025-06-19 00:57:17:INFO:Simulation 7 starts
2025-06-19 00:57:17:INFO:Simulation 7 starts
2025-06-19 00:59:48:INFO:Simulation 8 starts
2025-06-19 00:59:48:INFO:Simulation 8 starts
2025-06-19 00:59:48:INFO:Simulation 9 starts
2025-06-19 00:59:48:INFO:Simulation 9 starts
2025-06-19 01:02:30:INFO:Simulation 10 starts
2025-06-19 01:02:30:INFO:Simulation 10 starts
2025-06-19 01:02:30:INFO:Simulation 11 starts
2025-06-19 01:02:30:INFO:Simulation 11 starts
2025-06-19 01:05:13:INFO:At sim 11, new best reward found: 0.66579
2025-06-19 01:05:13:INFO:At sim 11, new best reward found: 0.66579
2025-06-19 01:05:13:INFO:Simulation 12 starts
2025-06-19 01:05:13:INFO:Simulation 12 starts
2025-06-19 01:07:54:INFO:At sim 12, new best reward found: 0.67006
2025-06-19 01:07:54:INFO:At sim 12, new best reward found: 0.67006
2025-06-19 01:07:54:INFO:Simulation 13 starts
2025-06-19 01:07:54:INFO:Simulation 13 starts
2025-06-19 01:07:54:INFO:Simulation 14 starts
2025-06-19 01:07:54:INFO:Simulation 14 starts
2025-06-19 01:10:36:INFO:Simulation 15 starts
2025-06-19 01:10:36:INFO:Simulation 15 starts
2025-06-19 01:12:43:INFO:Simulation 16 starts
2025-06-19 01:12:43:INFO:Simulation 16 starts
2025-06-19 01:15:51:INFO:Simulation 17 starts
2025-06-19 01:15:51:INFO:Simulation 17 starts
2025-06-19 01:17:52:INFO:Simulation 18 starts
2025-06-19 01:17:52:INFO:Simulation 18 starts
2025-06-19 01:20:13:INFO:Simulation 19 starts
2025-06-19 01:20:13:INFO:Simulation 19 starts
2025-06-19 01:22:44:INFO:Simulation 20 starts
2025-06-19 01:22:44:INFO:Simulation 20 starts
2025-06-19 01:25:25:INFO:Simulation 21 starts
2025-06-19 01:25:25:INFO:Simulation 21 starts
2025-06-19 01:28:05:INFO:Simulation 22 starts
2025-06-19 01:28:05:INFO:Simulation 22 starts
2025-06-19 01:30:42:INFO:Simulation 23 starts
2025-06-19 01:30:42:INFO:Simulation 23 starts
2025-06-19 01:30:42:INFO:Simulation 24 starts
2025-06-19 01:30:42:INFO:Simulation 24 starts
2025-06-19 01:32:36:INFO:Simulation 25 starts
2025-06-19 01:32:36:INFO:Simulation 25 starts
2025-06-19 01:32:36:INFO:Simulation 26 starts
2025-06-19 01:32:36:INFO:Simulation 26 starts
2025-06-19 01:35:16:INFO:Simulation 27 starts
2025-06-19 01:35:16:INFO:Simulation 27 starts
2025-06-19 01:35:16:INFO:Simulation 28 starts
2025-06-19 01:35:16:INFO:Simulation 28 starts
2025-06-19 01:35:16:INFO:Simulation 29 starts
2025-06-19 01:35:16:INFO:Simulation 29 starts
2025-06-19 01:37:59:INFO:Simulation 30 starts
2025-06-19 01:37:59:INFO:Simulation 30 starts
2025-06-19 01:39:52:INFO:Simulation 31 starts
2025-06-19 01:39:52:INFO:Simulation 31 starts
2025-06-19 01:39:52:INFO:Simulation 32 starts
2025-06-19 01:39:52:INFO:Simulation 32 starts
2025-06-19 01:41:58:INFO:Simulation 33 starts
2025-06-19 01:41:58:INFO:Simulation 33 starts
2025-06-19 01:41:58:INFO:Simulation 34 starts
2025-06-19 01:41:58:INFO:Simulation 34 starts
2025-06-19 01:44:38:INFO:Simulation 35 starts
2025-06-19 01:44:38:INFO:Simulation 35 starts
2025-06-19 01:44:38:INFO:Simulation 36 starts
2025-06-19 01:44:38:INFO:Simulation 36 starts
2025-06-19 01:46:51:INFO:Simulation 37 starts
2025-06-19 01:46:51:INFO:Simulation 37 starts
2025-06-19 01:46:51:INFO:Simulation 38 starts
2025-06-19 01:46:51:INFO:Simulation 38 starts
2025-06-19 01:49:03:INFO:Simulation 39 starts
2025-06-19 01:49:03:INFO:Simulation 39 starts
2025-06-19 01:49:03:INFO:Simulation 40 starts
2025-06-19 01:49:03:INFO:Simulation 40 starts
2025-06-19 01:51:25:INFO:Simulation 41 starts
2025-06-19 01:51:25:INFO:Simulation 41 starts
2025-06-19 01:51:25:INFO:Simulation 42 starts
2025-06-19 01:51:25:INFO:Simulation 42 starts
2025-06-19 01:54:33:INFO:Simulation 43 starts
2025-06-19 01:54:33:INFO:Simulation 43 starts
2025-06-19 01:54:33:INFO:Simulation 44 starts
2025-06-19 01:54:33:INFO:Simulation 44 starts
2025-06-19 01:57:11:INFO:Simulation 45 starts
2025-06-19 01:57:11:INFO:Simulation 45 starts
2025-06-19 01:57:11:INFO:Simulation 46 starts
2025-06-19 01:57:11:INFO:Simulation 46 starts
2025-06-19 02:00:19:INFO:Simulation 47 starts
2025-06-19 02:00:19:INFO:Simulation 47 starts
2025-06-19 02:00:19:INFO:Simulation 48 starts
2025-06-19 02:00:19:INFO:Simulation 48 starts
2025-06-19 02:02:55:INFO:Simulation 49 starts
2025-06-19 02:02:55:INFO:Simulation 49 starts
2025-06-19 02:02:55:INFO:Simulation 50 starts
2025-06-19 02:02:55:INFO:Simulation 50 starts
2025-06-19 02:05:37:INFO:Simulation 51 starts
2025-06-19 02:05:37:INFO:Simulation 51 starts
2025-06-19 02:05:37:INFO:Simulation 52 starts
2025-06-19 02:05:37:INFO:Simulation 52 starts
2025-06-19 02:08:20:INFO:Simulation 53 starts
2025-06-19 02:08:20:INFO:Simulation 53 starts
2025-06-19 02:08:20:INFO:Simulation 54 starts
2025-06-19 02:08:20:INFO:Simulation 54 starts
2025-06-19 02:11:00:INFO:Simulation 55 starts
2025-06-19 02:11:00:INFO:Simulation 55 starts
2025-06-19 02:11:00:INFO:Simulation 56 starts
2025-06-19 02:11:00:INFO:Simulation 56 starts
2025-06-19 02:11:00:INFO:Simulation 57 starts
2025-06-19 02:11:00:INFO:Simulation 57 starts
2025-06-19 02:13:41:INFO:Simulation 58 starts
2025-06-19 02:13:41:INFO:Simulation 58 starts
2025-06-19 02:13:41:INFO:Simulation 59 starts
2025-06-19 02:13:41:INFO:Simulation 59 starts
2025-06-19 02:16:21:INFO:Simulation 60 starts
2025-06-19 02:16:21:INFO:Simulation 60 starts
2025-06-19 02:16:21:INFO:Simulation 61 starts
2025-06-19 02:16:21:INFO:Simulation 61 starts
2025-06-19 02:16:21:INFO:Simulation 62 starts
2025-06-19 02:16:21:INFO:Simulation 62 starts
2025-06-19 02:16:21:INFO:Simulation 63 starts
2025-06-19 02:16:21:INFO:Simulation 63 starts
2025-06-19 02:19:03:INFO:Simulation 64 starts
2025-06-19 02:19:03:INFO:Simulation 64 starts
2025-06-19 02:19:03:INFO:Simulation 65 starts
2025-06-19 02:19:03:INFO:Simulation 65 starts
2025-06-19 02:21:41:INFO:Simulation 66 starts
2025-06-19 02:21:41:INFO:Simulation 66 starts
2025-06-19 02:24:20:INFO:Simulation 67 starts
2025-06-19 02:24:20:INFO:Simulation 67 starts
2025-06-19 02:24:20:INFO:Simulation 68 starts
2025-06-19 02:24:20:INFO:Simulation 68 starts
2025-06-19 02:27:00:INFO:Simulation 69 starts
2025-06-19 02:27:00:INFO:Simulation 69 starts
2025-06-19 02:27:00:INFO:Simulation 70 starts
2025-06-19 02:27:00:INFO:Simulation 70 starts
2025-06-19 02:30:09:INFO:Simulation 71 starts
2025-06-19 02:30:09:INFO:Simulation 71 starts
2025-06-19 02:30:09:INFO:Simulation 72 starts
2025-06-19 02:30:09:INFO:Simulation 72 starts
2025-06-19 02:32:10:INFO:Simulation 73 starts
2025-06-19 02:32:10:INFO:Simulation 73 starts
2025-06-19 02:32:10:INFO:Simulation 74 starts
2025-06-19 02:32:10:INFO:Simulation 74 starts
2025-06-19 02:32:10:INFO:Simulation 75 starts
2025-06-19 02:32:10:INFO:Simulation 75 starts
2025-06-19 02:32:10:INFO:Simulation 76 starts
2025-06-19 02:32:10:INFO:Simulation 76 starts
2025-06-19 02:34:49:INFO:Simulation 77 starts
2025-06-19 02:34:49:INFO:Simulation 77 starts
2025-06-19 02:34:49:INFO:Simulation 78 starts
2025-06-19 02:34:49:INFO:Simulation 78 starts
2025-06-19 02:34:49:INFO:Simulation 79 starts
2025-06-19 02:34:49:INFO:Simulation 79 starts
2025-06-19 02:34:49:INFO:Simulation 80 starts
2025-06-19 02:34:49:INFO:Simulation 80 starts
2025-06-19 02:37:11:INFO:Simulation 81 starts
2025-06-19 02:37:11:INFO:Simulation 81 starts
2025-06-19 02:37:11:INFO:Simulation 82 starts
2025-06-19 02:37:11:INFO:Simulation 82 starts
2025-06-19 02:39:50:INFO:Simulation 83 starts
2025-06-19 02:39:50:INFO:Simulation 83 starts
2025-06-19 02:39:50:INFO:Simulation 84 starts
2025-06-19 02:39:50:INFO:Simulation 84 starts
2025-06-19 02:41:44:INFO:Simulation 85 starts
2025-06-19 02:41:44:INFO:Simulation 85 starts
2025-06-19 02:41:44:INFO:Simulation 86 starts
2025-06-19 02:41:44:INFO:Simulation 86 starts
2025-06-19 02:43:50:INFO:Simulation 87 starts
2025-06-19 02:43:50:INFO:Simulation 87 starts
2025-06-19 02:43:50:INFO:Simulation 88 starts
2025-06-19 02:43:50:INFO:Simulation 88 starts
2025-06-19 02:46:34:INFO:Simulation 89 starts
2025-06-19 02:46:34:INFO:Simulation 89 starts
2025-06-19 02:46:34:INFO:Simulation 90 starts
2025-06-19 02:46:34:INFO:Simulation 90 starts
2025-06-19 02:49:18:INFO:Simulation 91 starts
2025-06-19 02:49:18:INFO:Simulation 91 starts
2025-06-19 02:49:18:INFO:Simulation 92 starts
2025-06-19 02:49:18:INFO:Simulation 92 starts
2025-06-19 02:51:55:INFO:Simulation 93 starts
2025-06-19 02:51:55:INFO:Simulation 93 starts
2025-06-19 02:51:55:INFO:Simulation 94 starts
2025-06-19 02:51:55:INFO:Simulation 94 starts
2025-06-19 02:54:37:INFO:At sim 94, new best reward found: 0.67198
2025-06-19 02:54:37:INFO:At sim 94, new best reward found: 0.67198
2025-06-19 02:54:37:INFO:Simulation 95 starts
2025-06-19 02:54:37:INFO:Simulation 95 starts
2025-06-19 02:57:20:INFO:Simulation 96 starts
2025-06-19 02:57:20:INFO:Simulation 96 starts
2025-06-19 03:00:23:INFO:At sim 96, new best reward found: 0.67765
2025-06-19 03:00:23:INFO:At sim 96, new best reward found: 0.67765
2025-06-19 03:00:23:INFO:Simulation 97 starts
2025-06-19 03:00:23:INFO:Simulation 97 starts
2025-06-19 03:00:23:INFO:Simulation 98 starts
2025-06-19 03:00:23:INFO:Simulation 98 starts
2025-06-19 03:03:20:INFO:Simulation 99 starts
2025-06-19 03:03:20:INFO:Simulation 99 starts
2025-06-19 03:06:29:INFO:Simulation 100 starts
2025-06-19 03:06:29:INFO:Simulation 100 starts
2025-06-19 03:06:29:INFO:Simulation 101 starts
2025-06-19 03:06:29:INFO:Simulation 101 starts
2025-06-19 03:09:37:INFO:Simulation 102 starts
2025-06-19 03:09:37:INFO:Simulation 102 starts
2025-06-19 03:12:19:INFO:Simulation 103 starts
2025-06-19 03:12:19:INFO:Simulation 103 starts
2025-06-19 03:12:19:INFO:Simulation 104 starts
2025-06-19 03:12:19:INFO:Simulation 104 starts
2025-06-19 03:15:27:INFO:Simulation 105 starts
2025-06-19 03:15:27:INFO:Simulation 105 starts
2025-06-19 03:15:27:INFO:Simulation 106 starts
2025-06-19 03:15:27:INFO:Simulation 106 starts
2025-06-19 03:18:11:INFO:Simulation 107 starts
2025-06-19 03:18:11:INFO:Simulation 107 starts
2025-06-19 03:18:11:INFO:Simulation 108 starts
2025-06-19 03:18:11:INFO:Simulation 108 starts
2025-06-19 03:20:51:INFO:Simulation 109 starts
2025-06-19 03:20:51:INFO:Simulation 109 starts
2025-06-19 03:20:51:INFO:Simulation 110 starts
2025-06-19 03:20:51:INFO:Simulation 110 starts
2025-06-19 03:20:51:INFO:Simulation 111 starts
2025-06-19 03:20:51:INFO:Simulation 111 starts
2025-06-19 03:20:51:INFO:Simulation 112 starts
2025-06-19 03:20:51:INFO:Simulation 112 starts
2025-06-19 03:23:35:INFO:Simulation 113 starts
2025-06-19 03:23:35:INFO:Simulation 113 starts
2025-06-19 03:23:35:INFO:Simulation 114 starts
2025-06-19 03:23:35:INFO:Simulation 114 starts
2025-06-19 03:26:43:INFO:Simulation 115 starts
2025-06-19 03:26:43:INFO:Simulation 115 starts
2025-06-19 03:26:43:INFO:Simulation 116 starts
2025-06-19 03:26:43:INFO:Simulation 116 starts
2025-06-19 03:29:25:INFO:Simulation 117 starts
2025-06-19 03:29:25:INFO:Simulation 117 starts
2025-06-19 03:32:33:INFO:Simulation 118 starts
2025-06-19 03:32:33:INFO:Simulation 118 starts
2025-06-19 03:32:33:INFO:Simulation 119 starts
2025-06-19 03:32:33:INFO:Simulation 119 starts
2025-06-19 03:35:11:INFO:Simulation 120 starts
2025-06-19 03:35:11:INFO:Simulation 120 starts
2025-06-19 03:35:11:INFO:Simulation 121 starts
2025-06-19 03:35:11:INFO:Simulation 121 starts
2025-06-19 03:38:18:INFO:Simulation 122 starts
2025-06-19 03:38:18:INFO:Simulation 122 starts
2025-06-19 03:38:18:INFO:Simulation 123 starts
2025-06-19 03:38:18:INFO:Simulation 123 starts
2025-06-19 03:40:44:INFO:Simulation 124 starts
2025-06-19 03:40:44:INFO:Simulation 124 starts
2025-06-19 03:40:44:INFO:Simulation 125 starts
2025-06-19 03:40:44:INFO:Simulation 125 starts
2025-06-19 03:43:27:INFO:Simulation 126 starts
2025-06-19 03:43:27:INFO:Simulation 126 starts
2025-06-19 03:43:27:INFO:Simulation 127 starts
2025-06-19 03:43:27:INFO:Simulation 127 starts
2025-06-19 03:43:27:INFO:Simulation 128 starts
2025-06-19 03:43:27:INFO:Simulation 128 starts
2025-06-19 03:43:27:INFO:Simulation 129 starts
2025-06-19 03:43:27:INFO:Simulation 129 starts
2025-06-19 03:45:21:INFO:Simulation 130 starts
2025-06-19 03:45:21:INFO:Simulation 130 starts
2025-06-19 03:48:05:INFO:Simulation 131 starts
2025-06-19 03:48:05:INFO:Simulation 131 starts
2025-06-19 03:48:05:INFO:Simulation 132 starts
2025-06-19 03:48:05:INFO:Simulation 132 starts
2025-06-19 03:48:05:INFO:Simulation 133 starts
2025-06-19 03:48:05:INFO:Simulation 133 starts
2025-06-19 03:48:05:INFO:Simulation 134 starts
2025-06-19 03:48:05:INFO:Simulation 134 starts
2025-06-19 03:50:45:INFO:Simulation 135 starts
2025-06-19 03:50:45:INFO:Simulation 135 starts
2025-06-19 03:50:45:INFO:Simulation 136 starts
2025-06-19 03:50:45:INFO:Simulation 136 starts
2025-06-19 03:53:52:INFO:Simulation 137 starts
2025-06-19 03:53:52:INFO:Simulation 137 starts
2025-06-19 03:53:52:INFO:Simulation 138 starts
2025-06-19 03:53:52:INFO:Simulation 138 starts
2025-06-19 03:53:52:INFO:Simulation 139 starts
2025-06-19 03:53:52:INFO:Simulation 139 starts
2025-06-19 03:53:52:INFO:Simulation 140 starts
2025-06-19 03:53:52:INFO:Simulation 140 starts
2025-06-19 03:57:00:INFO:Simulation 141 starts
2025-06-19 03:57:00:INFO:Simulation 141 starts
2025-06-19 03:57:00:INFO:Simulation 142 starts
2025-06-19 03:57:00:INFO:Simulation 142 starts
2025-06-19 03:57:00:INFO:Simulation 143 starts
2025-06-19 03:57:00:INFO:Simulation 143 starts
2025-06-19 04:00:08:INFO:Simulation 144 starts
2025-06-19 04:00:08:INFO:Simulation 144 starts
2025-06-19 04:00:08:INFO:Simulation 145 starts
2025-06-19 04:00:08:INFO:Simulation 145 starts
2025-06-19 04:03:16:INFO:Simulation 146 starts
2025-06-19 04:03:16:INFO:Simulation 146 starts
2025-06-19 04:03:16:INFO:Simulation 147 starts
2025-06-19 04:03:16:INFO:Simulation 147 starts
2025-06-19 04:03:16:INFO:Simulation 148 starts
2025-06-19 04:03:16:INFO:Simulation 148 starts
2025-06-19 04:03:16:INFO:Simulation 149 starts
2025-06-19 04:03:16:INFO:Simulation 149 starts
2025-06-19 04:06:24:INFO:Simulation 150 starts
2025-06-19 04:06:24:INFO:Simulation 150 starts
2025-06-19 04:06:24:INFO:Simulation 151 starts
2025-06-19 04:06:24:INFO:Simulation 151 starts
2025-06-19 04:09:06:INFO:Simulation 152 starts
2025-06-19 04:09:06:INFO:Simulation 152 starts
2025-06-19 04:09:06:INFO:Simulation 153 starts
2025-06-19 04:09:06:INFO:Simulation 153 starts
2025-06-19 04:11:48:INFO:Simulation 154 starts
2025-06-19 04:11:48:INFO:Simulation 154 starts
2025-06-19 04:14:56:INFO:Simulation 155 starts
2025-06-19 04:14:56:INFO:Simulation 155 starts
2025-06-19 04:14:56:INFO:Simulation 156 starts
2025-06-19 04:14:56:INFO:Simulation 156 starts
2025-06-19 04:17:34:INFO:Simulation 157 starts
2025-06-19 04:17:34:INFO:Simulation 157 starts
2025-06-19 04:17:34:INFO:Simulation 158 starts
2025-06-19 04:17:34:INFO:Simulation 158 starts
2025-06-19 04:20:06:INFO:Simulation 159 starts
2025-06-19 04:20:06:INFO:Simulation 159 starts
2025-06-19 04:20:06:INFO:Simulation 160 starts
2025-06-19 04:20:06:INFO:Simulation 160 starts
2025-06-19 04:22:35:INFO:Simulation 161 starts
2025-06-19 04:22:35:INFO:Simulation 161 starts
2025-06-19 04:22:35:INFO:Simulation 162 starts
2025-06-19 04:22:35:INFO:Simulation 162 starts
2025-06-19 04:22:35:INFO:Simulation 163 starts
2025-06-19 04:22:35:INFO:Simulation 163 starts
2025-06-19 04:22:35:INFO:Simulation 164 starts
2025-06-19 04:22:35:INFO:Simulation 164 starts
2025-06-19 04:25:43:INFO:Simulation 165 starts
2025-06-19 04:25:43:INFO:Simulation 165 starts
2025-06-19 04:25:43:INFO:Simulation 166 starts
2025-06-19 04:25:43:INFO:Simulation 166 starts
2025-06-19 04:28:23:INFO:Simulation 167 starts
2025-06-19 04:28:23:INFO:Simulation 167 starts
2025-06-19 04:30:42:INFO:Simulation 168 starts
2025-06-19 04:30:42:INFO:Simulation 168 starts
2025-06-19 04:30:42:INFO:Simulation 169 starts
2025-06-19 04:30:42:INFO:Simulation 169 starts
2025-06-19 04:33:46:INFO:Simulation 170 starts
2025-06-19 04:33:46:INFO:Simulation 170 starts
2025-06-19 04:33:46:INFO:Simulation 171 starts
2025-06-19 04:33:46:INFO:Simulation 171 starts
2025-06-19 04:36:44:INFO:Simulation 172 starts
2025-06-19 04:36:44:INFO:Simulation 172 starts
2025-06-19 04:36:44:INFO:Simulation 173 starts
2025-06-19 04:36:44:INFO:Simulation 173 starts
2025-06-19 04:39:51:INFO:Simulation 174 starts
2025-06-19 04:39:51:INFO:Simulation 174 starts
2025-06-19 04:39:51:INFO:Simulation 175 starts
2025-06-19 04:39:51:INFO:Simulation 175 starts
2025-06-19 04:42:35:INFO:Simulation 176 starts
2025-06-19 04:42:35:INFO:Simulation 176 starts
2025-06-19 04:42:35:INFO:Simulation 177 starts
2025-06-19 04:42:35:INFO:Simulation 177 starts
2025-06-19 04:45:38:INFO:At sim 177, new best reward found: 0.68900
2025-06-19 04:45:38:INFO:At sim 177, new best reward found: 0.68900
2025-06-19 04:45:38:INFO:Simulation 178 starts
2025-06-19 04:45:38:INFO:Simulation 178 starts
2025-06-19 04:45:38:INFO:Simulation 179 starts
2025-06-19 04:45:38:INFO:Simulation 179 starts
2025-06-19 04:45:38:INFO:Simulation 180 starts
2025-06-19 04:45:38:INFO:Simulation 180 starts
2025-06-19 04:48:37:INFO:Simulation 181 starts
2025-06-19 04:48:37:INFO:Simulation 181 starts
2025-06-19 04:51:17:INFO:Simulation 182 starts
2025-06-19 04:51:17:INFO:Simulation 182 starts
2025-06-19 04:51:17:INFO:Simulation 183 starts
2025-06-19 04:51:17:INFO:Simulation 183 starts
2025-06-19 04:51:17:INFO:Simulation 184 starts
2025-06-19 04:51:17:INFO:Simulation 184 starts
2025-06-19 04:51:17:INFO:Simulation 185 starts
2025-06-19 04:51:17:INFO:Simulation 185 starts
2025-06-19 04:53:40:INFO:Simulation 186 starts
2025-06-19 04:53:40:INFO:Simulation 186 starts
2025-06-19 04:56:48:INFO:Simulation 187 starts
2025-06-19 04:56:48:INFO:Simulation 187 starts
2025-06-19 04:56:48:INFO:Simulation 188 starts
2025-06-19 04:56:48:INFO:Simulation 188 starts
2025-06-19 04:59:09:INFO:Simulation 189 starts
2025-06-19 04:59:09:INFO:Simulation 189 starts
2025-06-19 05:02:16:INFO:Simulation 190 starts
2025-06-19 05:02:16:INFO:Simulation 190 starts
2025-06-19 05:04:54:INFO:Simulation 191 starts
2025-06-19 05:04:54:INFO:Simulation 191 starts
2025-06-19 05:07:14:INFO:Simulation 192 starts
2025-06-19 05:07:14:INFO:Simulation 192 starts
2025-06-19 05:09:35:INFO:Simulation 193 starts
2025-06-19 05:09:35:INFO:Simulation 193 starts
2025-06-19 05:12:17:INFO:Simulation 194 starts
2025-06-19 05:12:17:INFO:Simulation 194 starts
2025-06-19 05:14:55:INFO:Simulation 195 starts
2025-06-19 05:14:55:INFO:Simulation 195 starts
2025-06-19 05:17:32:INFO:Simulation 196 starts
2025-06-19 05:17:32:INFO:Simulation 196 starts
2025-06-19 05:20:14:INFO:Simulation 197 starts
2025-06-19 05:20:14:INFO:Simulation 197 starts
2025-06-19 05:22:56:INFO:Simulation 198 starts
2025-06-19 05:22:56:INFO:Simulation 198 starts
2025-06-19 05:25:39:INFO:Simulation 199 starts
2025-06-19 05:25:39:INFO:Simulation 199 starts
2025-06-19 05:25:39:INFO:Simulation 200 starts
2025-06-19 05:25:39:INFO:Simulation 200 starts
2025-06-19 05:28:04:INFO:Simulation 201 starts
2025-06-19 05:28:04:INFO:Simulation 201 starts
2025-06-19 05:31:17:INFO:Simulation 202 starts
2025-06-19 05:31:17:INFO:Simulation 202 starts
2025-06-19 05:31:17:INFO:Simulation 203 starts
2025-06-19 05:31:17:INFO:Simulation 203 starts
2025-06-19 05:33:35:INFO:Simulation 204 starts
2025-06-19 05:33:35:INFO:Simulation 204 starts
2025-06-19 05:36:14:INFO:Simulation 205 starts
2025-06-19 05:36:14:INFO:Simulation 205 starts
2025-06-19 05:36:14:INFO:Simulation 206 starts
2025-06-19 05:36:14:INFO:Simulation 206 starts
2025-06-19 05:38:52:INFO:Simulation 207 starts
2025-06-19 05:38:52:INFO:Simulation 207 starts
2025-06-19 05:38:52:INFO:Simulation 208 starts
2025-06-19 05:38:52:INFO:Simulation 208 starts
2025-06-19 05:41:04:INFO:Simulation 209 starts
2025-06-19 05:41:04:INFO:Simulation 209 starts
2025-06-19 05:43:46:INFO:Simulation 210 starts
2025-06-19 05:43:46:INFO:Simulation 210 starts
2025-06-19 05:43:46:INFO:Simulation 211 starts
2025-06-19 05:43:46:INFO:Simulation 211 starts
2025-06-19 05:43:46:INFO:Simulation 212 starts
2025-06-19 05:43:46:INFO:Simulation 212 starts
2025-06-19 05:43:46:INFO:Simulation 213 starts
2025-06-19 05:43:46:INFO:Simulation 213 starts
2025-06-19 05:43:46:INFO:Simulation 214 starts
2025-06-19 05:43:46:INFO:Simulation 214 starts
2025-06-19 05:46:23:INFO:Simulation 215 starts
2025-06-19 05:46:23:INFO:Simulation 215 starts
2025-06-19 05:46:23:INFO:Simulation 216 starts
2025-06-19 05:46:23:INFO:Simulation 216 starts
2025-06-19 05:49:31:INFO:Simulation 217 starts
2025-06-19 05:49:31:INFO:Simulation 217 starts
2025-06-19 05:49:31:INFO:Simulation 218 starts
2025-06-19 05:49:31:INFO:Simulation 218 starts
2025-06-19 05:49:31:INFO:Simulation 219 starts
2025-06-19 05:49:31:INFO:Simulation 219 starts
2025-06-19 05:52:09:INFO:Simulation 220 starts
2025-06-19 05:52:09:INFO:Simulation 220 starts
2025-06-19 05:52:09:INFO:Simulation 221 starts
2025-06-19 05:52:09:INFO:Simulation 221 starts
2025-06-19 05:52:09:INFO:Simulation 222 starts
2025-06-19 05:52:09:INFO:Simulation 222 starts
2025-06-19 05:54:28:INFO:Simulation 223 starts
2025-06-19 05:54:28:INFO:Simulation 223 starts
2025-06-19 05:54:28:INFO:Simulation 224 starts
2025-06-19 05:54:28:INFO:Simulation 224 starts
2025-06-19 05:57:09:INFO:Simulation 225 starts
2025-06-19 05:57:09:INFO:Simulation 225 starts
2025-06-19 05:57:09:INFO:Simulation 226 starts
2025-06-19 05:57:09:INFO:Simulation 226 starts
2025-06-19 05:59:53:INFO:Simulation 227 starts
2025-06-19 05:59:53:INFO:Simulation 227 starts
2025-06-19 05:59:53:INFO:Simulation 228 starts
2025-06-19 05:59:53:INFO:Simulation 228 starts
2025-06-19 05:59:53:INFO:Simulation 229 starts
2025-06-19 05:59:53:INFO:Simulation 229 starts
2025-06-19 06:02:35:INFO:Simulation 230 starts
2025-06-19 06:02:35:INFO:Simulation 230 starts
2025-06-19 06:05:20:INFO:Simulation 231 starts
2025-06-19 06:05:20:INFO:Simulation 231 starts
2025-06-19 06:05:20:INFO:Simulation 232 starts
2025-06-19 06:05:20:INFO:Simulation 232 starts
2025-06-19 06:08:00:INFO:Simulation 233 starts
2025-06-19 06:08:00:INFO:Simulation 233 starts
2025-06-19 06:08:00:INFO:Simulation 234 starts
2025-06-19 06:08:00:INFO:Simulation 234 starts
2025-06-19 06:09:56:INFO:Simulation 235 starts
2025-06-19 06:09:56:INFO:Simulation 235 starts
2025-06-19 06:12:52:INFO:Simulation 236 starts
2025-06-19 06:12:52:INFO:Simulation 236 starts
2025-06-19 06:12:52:INFO:Simulation 237 starts
2025-06-19 06:12:52:INFO:Simulation 237 starts
2025-06-19 06:15:44:INFO:Simulation 238 starts
2025-06-19 06:15:44:INFO:Simulation 238 starts
2025-06-19 06:15:44:INFO:Simulation 239 starts
2025-06-19 06:15:44:INFO:Simulation 239 starts
2025-06-19 06:19:54:INFO:Simulation 240 starts
2025-06-19 06:19:54:INFO:Simulation 240 starts
2025-06-19 06:19:54:INFO:Simulation 241 starts
2025-06-19 06:19:54:INFO:Simulation 241 starts
2025-06-19 06:19:54:INFO:Simulation 242 starts
2025-06-19 06:19:54:INFO:Simulation 242 starts
2025-06-19 06:22:25:INFO:Simulation 243 starts
2025-06-19 06:22:25:INFO:Simulation 243 starts
2025-06-19 06:25:08:INFO:Simulation 244 starts
2025-06-19 06:25:08:INFO:Simulation 244 starts
2025-06-19 06:25:08:INFO:Simulation 245 starts
2025-06-19 06:25:08:INFO:Simulation 245 starts
2025-06-19 06:27:50:INFO:Simulation 246 starts
2025-06-19 06:27:50:INFO:Simulation 246 starts
2025-06-19 06:27:50:INFO:Simulation 247 starts
2025-06-19 06:27:50:INFO:Simulation 247 starts
2025-06-19 06:30:33:INFO:Simulation 248 starts
2025-06-19 06:30:33:INFO:Simulation 248 starts
2025-06-19 06:33:10:INFO:Simulation 249 starts
2025-06-19 06:33:10:INFO:Simulation 249 starts
2025-06-19 06:33:10:INFO:Simulation 250 starts
2025-06-19 06:33:10:INFO:Simulation 250 starts
2025-06-19 06:33:10:INFO:Simulation 251 starts
2025-06-19 06:33:10:INFO:Simulation 251 starts
2025-06-19 06:36:17:INFO:Simulation 252 starts
2025-06-19 06:36:17:INFO:Simulation 252 starts
2025-06-19 06:36:17:INFO:Simulation 253 starts
2025-06-19 06:36:17:INFO:Simulation 253 starts
2025-06-19 06:39:04:INFO:Simulation 254 starts
2025-06-19 06:39:04:INFO:Simulation 254 starts
2025-06-19 06:39:04:INFO:Simulation 255 starts
2025-06-19 06:39:04:INFO:Simulation 255 starts
2025-06-19 06:42:11:INFO:Simulation 256 starts
2025-06-19 06:42:11:INFO:Simulation 256 starts
2025-06-19 06:42:11:INFO:Simulation 257 starts
2025-06-19 06:42:11:INFO:Simulation 257 starts
2025-06-19 06:42:11:INFO:Simulation 258 starts
2025-06-19 06:42:11:INFO:Simulation 258 starts
2025-06-19 06:45:28:INFO:Simulation 259 starts
2025-06-19 06:45:28:INFO:Simulation 259 starts
2025-06-19 06:48:31:INFO:Simulation 260 starts
2025-06-19 06:48:31:INFO:Simulation 260 starts
2025-06-19 06:48:31:INFO:Simulation 261 starts
2025-06-19 06:48:31:INFO:Simulation 261 starts
2025-06-19 06:51:12:INFO:Simulation 262 starts
2025-06-19 06:51:12:INFO:Simulation 262 starts
2025-06-19 06:51:12:INFO:Simulation 263 starts
2025-06-19 06:51:12:INFO:Simulation 263 starts
2025-06-19 06:53:54:INFO:Simulation 264 starts
2025-06-19 06:53:54:INFO:Simulation 264 starts
2025-06-19 06:53:54:INFO:Simulation 265 starts
2025-06-19 06:53:54:INFO:Simulation 265 starts
2025-06-19 06:53:54:INFO:Simulation 266 starts
2025-06-19 06:53:54:INFO:Simulation 266 starts
2025-06-19 06:55:49:INFO:Simulation 267 starts
2025-06-19 06:55:49:INFO:Simulation 267 starts
2025-06-19 06:55:49:INFO:Simulation 268 starts
2025-06-19 06:55:49:INFO:Simulation 268 starts
2025-06-19 06:55:49:INFO:Simulation 269 starts
2025-06-19 06:55:49:INFO:Simulation 269 starts
2025-06-19 06:58:10:INFO:Simulation 270 starts
2025-06-19 06:58:10:INFO:Simulation 270 starts
2025-06-19 06:58:10:INFO:Simulation 271 starts
2025-06-19 06:58:10:INFO:Simulation 271 starts
2025-06-19 06:58:10:INFO:Simulation 272 starts
2025-06-19 06:58:10:INFO:Simulation 272 starts
2025-06-19 07:00:17:INFO:Simulation 273 starts
2025-06-19 07:00:17:INFO:Simulation 273 starts
2025-06-19 07:00:17:INFO:Simulation 274 starts
2025-06-19 07:00:17:INFO:Simulation 274 starts
2025-06-19 07:00:17:INFO:Simulation 275 starts
2025-06-19 07:00:17:INFO:Simulation 275 starts
2025-06-19 07:02:37:INFO:Simulation 276 starts
2025-06-19 07:02:37:INFO:Simulation 276 starts
2025-06-19 07:02:37:INFO:Simulation 277 starts
2025-06-19 07:02:37:INFO:Simulation 277 starts
2025-06-19 07:05:16:INFO:Simulation 278 starts
2025-06-19 07:05:16:INFO:Simulation 278 starts
2025-06-19 07:05:16:INFO:Simulation 279 starts
2025-06-19 07:05:16:INFO:Simulation 279 starts
2025-06-19 07:05:16:INFO:Simulation 280 starts
2025-06-19 07:05:16:INFO:Simulation 280 starts
2025-06-19 07:08:15:INFO:Simulation 281 starts
2025-06-19 07:08:15:INFO:Simulation 281 starts
2025-06-19 07:08:15:INFO:Simulation 282 starts
2025-06-19 07:08:15:INFO:Simulation 282 starts
2025-06-19 07:11:41:INFO:Simulation 283 starts
2025-06-19 07:11:41:INFO:Simulation 283 starts
2025-06-19 07:11:41:INFO:Simulation 284 starts
2025-06-19 07:11:41:INFO:Simulation 284 starts
2025-06-19 07:11:41:INFO:Simulation 285 starts
2025-06-19 07:11:41:INFO:Simulation 285 starts
2025-06-19 07:11:41:INFO:Simulation 286 starts
2025-06-19 07:11:41:INFO:Simulation 286 starts
2025-06-19 07:11:41:INFO:Simulation 287 starts
2025-06-19 07:11:41:INFO:Simulation 287 starts
2025-06-19 07:11:41:INFO:Simulation 288 starts
2025-06-19 07:11:41:INFO:Simulation 288 starts
2025-06-19 07:11:41:INFO:Simulation 289 starts
2025-06-19 07:11:41:INFO:Simulation 289 starts
2025-06-19 07:11:41:INFO:Simulation 290 starts
2025-06-19 07:11:41:INFO:Simulation 290 starts
2025-06-19 07:14:22:INFO:Simulation 291 starts
2025-06-19 07:14:22:INFO:Simulation 291 starts
2025-06-19 07:17:04:INFO:Simulation 292 starts
2025-06-19 07:17:04:INFO:Simulation 292 starts
2025-06-19 07:17:04:INFO:Simulation 293 starts
2025-06-19 07:17:04:INFO:Simulation 293 starts
2025-06-19 07:18:58:INFO:Simulation 294 starts
2025-06-19 07:18:58:INFO:Simulation 294 starts
2025-06-19 07:21:08:INFO:Simulation 295 starts
2025-06-19 07:21:08:INFO:Simulation 295 starts
2025-06-19 07:21:08:INFO:Simulation 296 starts
2025-06-19 07:21:08:INFO:Simulation 296 starts
2025-06-19 07:23:21:INFO:Simulation 297 starts
2025-06-19 07:23:21:INFO:Simulation 297 starts
2025-06-19 07:23:21:INFO:Simulation 298 starts
2025-06-19 07:23:21:INFO:Simulation 298 starts
2025-06-19 07:23:21:INFO:Simulation 299 starts
2025-06-19 07:23:21:INFO:Simulation 299 starts
2025-06-19 07:23:21:INFO:Simulation 300 starts
2025-06-19 07:23:21:INFO:Simulation 300 starts
2025-06-19 07:23:21:INFO:Simulation 301 starts
2025-06-19 07:23:21:INFO:Simulation 301 starts
2025-06-19 07:23:21:INFO:Simulation 302 starts
2025-06-19 07:23:21:INFO:Simulation 302 starts
2025-06-19 07:23:21:INFO:Simulation 303 starts
2025-06-19 07:23:21:INFO:Simulation 303 starts
2025-06-19 07:23:21:INFO:Simulation 304 starts
2025-06-19 07:23:21:INFO:Simulation 304 starts
2025-06-19 07:23:21:INFO:Simulation 305 starts
2025-06-19 07:23:21:INFO:Simulation 305 starts
2025-06-19 07:23:21:INFO:Simulation 306 starts
2025-06-19 07:23:21:INFO:Simulation 306 starts
2025-06-19 07:23:21:INFO:Simulation 307 starts
2025-06-19 07:23:21:INFO:Simulation 307 starts
2025-06-19 07:23:21:INFO:Simulation 308 starts
2025-06-19 07:23:21:INFO:Simulation 308 starts
2025-06-19 07:23:21:INFO:Simulation 309 starts
2025-06-19 07:23:21:INFO:Simulation 309 starts
2025-06-19 07:23:21:INFO:Simulation 310 starts
2025-06-19 07:23:21:INFO:Simulation 310 starts
2025-06-19 07:26:04:INFO:Simulation 311 starts
2025-06-19 07:26:04:INFO:Simulation 311 starts
2025-06-19 07:26:04:INFO:Simulation 312 starts
2025-06-19 07:26:04:INFO:Simulation 312 starts
2025-06-19 07:26:04:INFO:Simulation 313 starts
2025-06-19 07:26:04:INFO:Simulation 313 starts
2025-06-19 07:28:50:INFO:Simulation 314 starts
2025-06-19 07:28:50:INFO:Simulation 314 starts
2025-06-19 07:28:50:INFO:Simulation 315 starts
2025-06-19 07:28:50:INFO:Simulation 315 starts
2025-06-19 07:28:50:INFO:Simulation 316 starts
2025-06-19 07:28:50:INFO:Simulation 316 starts
2025-06-19 07:28:50:INFO:Simulation 317 starts
2025-06-19 07:28:50:INFO:Simulation 317 starts
2025-06-19 07:28:50:INFO:Simulation 318 starts
2025-06-19 07:28:50:INFO:Simulation 318 starts
2025-06-19 07:28:50:INFO:Simulation 319 starts
2025-06-19 07:28:50:INFO:Simulation 319 starts
2025-06-19 07:28:50:INFO:Simulation 320 starts
2025-06-19 07:28:50:INFO:Simulation 320 starts
2025-06-19 07:31:29:INFO:Simulation 321 starts
2025-06-19 07:31:29:INFO:Simulation 321 starts
2025-06-19 07:31:29:INFO:Simulation 322 starts
2025-06-19 07:31:29:INFO:Simulation 322 starts
2025-06-19 07:31:29:INFO:Simulation 323 starts
2025-06-19 07:31:29:INFO:Simulation 323 starts
2025-06-19 07:31:29:INFO:Simulation 324 starts
2025-06-19 07:31:29:INFO:Simulation 324 starts
2025-06-19 07:31:29:INFO:Simulation 325 starts
2025-06-19 07:31:29:INFO:Simulation 325 starts
2025-06-19 07:31:29:INFO:Simulation 326 starts
2025-06-19 07:31:29:INFO:Simulation 326 starts
2025-06-19 07:31:29:INFO:Simulation 327 starts
2025-06-19 07:31:29:INFO:Simulation 327 starts
2025-06-19 07:31:29:INFO:Simulation 328 starts
2025-06-19 07:31:29:INFO:Simulation 328 starts
2025-06-19 07:31:29:INFO:Simulation 329 starts
2025-06-19 07:31:29:INFO:Simulation 329 starts
2025-06-19 07:31:29:INFO:Simulation 330 starts
2025-06-19 07:31:29:INFO:Simulation 330 starts
2025-06-19 07:31:29:INFO:Simulation 331 starts
2025-06-19 07:31:29:INFO:Simulation 331 starts
2025-06-19 07:34:32:INFO:Simulation 332 starts
2025-06-19 07:34:32:INFO:Simulation 332 starts
2025-06-19 07:34:32:INFO:Simulation 333 starts
2025-06-19 07:34:32:INFO:Simulation 333 starts
2025-06-19 07:34:32:INFO:Simulation 334 starts
2025-06-19 07:34:32:INFO:Simulation 334 starts
2025-06-19 07:37:31:INFO:Simulation 335 starts
2025-06-19 07:37:31:INFO:Simulation 335 starts
2025-06-19 07:40:37:INFO:Simulation 336 starts
2025-06-19 07:40:37:INFO:Simulation 336 starts
2025-06-19 07:40:37:INFO:Simulation 337 starts
2025-06-19 07:40:37:INFO:Simulation 337 starts
2025-06-19 07:43:19:INFO:Simulation 338 starts
2025-06-19 07:43:19:INFO:Simulation 338 starts
2025-06-19 07:43:19:INFO:Simulation 339 starts
2025-06-19 07:43:19:INFO:Simulation 339 starts
2025-06-19 07:45:56:INFO:Simulation 340 starts
2025-06-19 07:45:56:INFO:Simulation 340 starts
2025-06-19 07:45:56:INFO:Simulation 341 starts
2025-06-19 07:45:56:INFO:Simulation 341 starts
2025-06-19 07:45:56:INFO:Simulation 342 starts
2025-06-19 07:45:56:INFO:Simulation 342 starts
2025-06-19 07:48:34:INFO:Simulation 343 starts
2025-06-19 07:48:34:INFO:Simulation 343 starts
2025-06-19 07:48:34:INFO:Simulation 344 starts
2025-06-19 07:48:34:INFO:Simulation 344 starts
2025-06-19 07:48:34:INFO:Simulation 345 starts
2025-06-19 07:48:34:INFO:Simulation 345 starts
2025-06-19 07:51:01:INFO:Simulation 346 starts
2025-06-19 07:51:01:INFO:Simulation 346 starts
2025-06-19 07:51:01:INFO:Simulation 347 starts
2025-06-19 07:51:01:INFO:Simulation 347 starts
2025-06-19 07:51:01:INFO:Simulation 348 starts
2025-06-19 07:51:01:INFO:Simulation 348 starts
2025-06-19 07:54:07:INFO:Simulation 349 starts
2025-06-19 07:54:07:INFO:Simulation 349 starts
2025-06-19 07:54:07:INFO:Simulation 350 starts
2025-06-19 07:54:07:INFO:Simulation 350 starts
2025-06-19 07:54:07:INFO:Simulation 351 starts
2025-06-19 07:54:07:INFO:Simulation 351 starts
2025-06-19 07:54:07:INFO:Simulation 352 starts
2025-06-19 07:54:07:INFO:Simulation 352 starts
2025-06-19 07:54:07:INFO:Simulation 353 starts
2025-06-19 07:54:07:INFO:Simulation 353 starts
2025-06-19 07:54:07:INFO:Simulation 354 starts
2025-06-19 07:54:07:INFO:Simulation 354 starts
2025-06-19 07:56:28:INFO:Simulation 355 starts
2025-06-19 07:56:28:INFO:Simulation 355 starts
2025-06-19 07:56:28:INFO:Simulation 356 starts
2025-06-19 07:56:28:INFO:Simulation 356 starts
2025-06-19 07:59:33:INFO:Simulation 357 starts
2025-06-19 07:59:33:INFO:Simulation 357 starts
2025-06-19 08:02:34:INFO:Simulation 358 starts
2025-06-19 08:02:34:INFO:Simulation 358 starts
2025-06-19 08:02:34:INFO:Simulation 359 starts
2025-06-19 08:02:34:INFO:Simulation 359 starts
2025-06-19 08:05:10:INFO:Simulation 360 starts
2025-06-19 08:05:10:INFO:Simulation 360 starts
2025-06-19 08:07:51:INFO:Simulation 361 starts
2025-06-19 08:07:51:INFO:Simulation 361 starts
2025-06-19 08:07:51:INFO:Simulation 362 starts
2025-06-19 08:07:51:INFO:Simulation 362 starts
2025-06-19 08:11:03:INFO:Simulation 363 starts
2025-06-19 08:11:03:INFO:Simulation 363 starts
2025-06-19 08:11:03:INFO:Simulation 364 starts
2025-06-19 08:11:03:INFO:Simulation 364 starts
2025-06-19 08:13:29:INFO:Simulation 365 starts
2025-06-19 08:13:29:INFO:Simulation 365 starts
2025-06-19 08:13:29:INFO:Simulation 366 starts
2025-06-19 08:13:29:INFO:Simulation 366 starts
2025-06-19 08:13:29:INFO:Simulation 367 starts
2025-06-19 08:13:29:INFO:Simulation 367 starts
2025-06-19 08:13:29:INFO:Simulation 368 starts
2025-06-19 08:13:29:INFO:Simulation 368 starts
2025-06-19 08:13:29:INFO:Simulation 369 starts
2025-06-19 08:13:29:INFO:Simulation 369 starts
2025-06-19 08:13:29:INFO:Simulation 370 starts
2025-06-19 08:13:29:INFO:Simulation 370 starts
2025-06-19 08:13:29:INFO:Simulation 371 starts
2025-06-19 08:13:29:INFO:Simulation 371 starts
2025-06-19 08:16:37:INFO:Simulation 372 starts
2025-06-19 08:16:37:INFO:Simulation 372 starts
2025-06-19 08:16:37:INFO:Simulation 373 starts
2025-06-19 08:16:37:INFO:Simulation 373 starts
2025-06-19 08:16:37:INFO:Simulation 374 starts
2025-06-19 08:16:37:INFO:Simulation 374 starts
2025-06-19 08:19:16:INFO:Simulation 375 starts
2025-06-19 08:19:16:INFO:Simulation 375 starts
2025-06-19 08:19:16:INFO:Simulation 376 starts
2025-06-19 08:19:16:INFO:Simulation 376 starts
2025-06-19 08:22:25:INFO:Simulation 377 starts
2025-06-19 08:22:25:INFO:Simulation 377 starts
2025-06-19 08:24:47:INFO:Simulation 378 starts
2025-06-19 08:24:47:INFO:Simulation 378 starts
2025-06-19 08:24:47:INFO:Simulation 379 starts
2025-06-19 08:24:47:INFO:Simulation 379 starts
2025-06-19 08:27:38:INFO:Simulation 380 starts
2025-06-19 08:27:38:INFO:Simulation 380 starts
2025-06-19 08:27:38:INFO:Simulation 381 starts
2025-06-19 08:27:38:INFO:Simulation 381 starts
2025-06-19 08:29:50:INFO:Simulation 382 starts
2025-06-19 08:29:50:INFO:Simulation 382 starts
2025-06-19 08:32:32:INFO:Simulation 383 starts
2025-06-19 08:32:32:INFO:Simulation 383 starts
2025-06-19 08:32:32:INFO:Simulation 384 starts
2025-06-19 08:32:32:INFO:Simulation 384 starts
2025-06-19 08:35:24:INFO:Simulation 385 starts
2025-06-19 08:35:24:INFO:Simulation 385 starts
2025-06-19 08:35:24:INFO:Simulation 386 starts
2025-06-19 08:35:24:INFO:Simulation 386 starts
2025-06-19 08:35:24:INFO:Simulation 387 starts
2025-06-19 08:35:24:INFO:Simulation 387 starts
2025-06-19 08:35:24:INFO:Simulation 388 starts
2025-06-19 08:35:24:INFO:Simulation 388 starts
2025-06-19 08:35:24:INFO:Simulation 389 starts
2025-06-19 08:35:24:INFO:Simulation 389 starts
2025-06-19 08:35:24:INFO:Simulation 390 starts
2025-06-19 08:35:24:INFO:Simulation 390 starts
2025-06-19 08:35:24:INFO:Simulation 391 starts
2025-06-19 08:35:24:INFO:Simulation 391 starts
2025-06-19 08:35:24:INFO:Simulation 392 starts
2025-06-19 08:35:24:INFO:Simulation 392 starts
2025-06-19 08:35:24:INFO:Simulation 393 starts
2025-06-19 08:35:24:INFO:Simulation 393 starts
2025-06-19 08:35:24:INFO:Simulation 394 starts
2025-06-19 08:35:24:INFO:Simulation 394 starts
2025-06-19 08:35:24:INFO:Simulation 395 starts
2025-06-19 08:35:24:INFO:Simulation 395 starts
2025-06-19 08:38:41:INFO:Simulation 396 starts
2025-06-19 08:38:41:INFO:Simulation 396 starts
2025-06-19 08:42:15:INFO:Simulation 397 starts
2025-06-19 08:42:15:INFO:Simulation 397 starts
2025-06-19 08:42:15:INFO:Simulation 398 starts
2025-06-19 08:42:15:INFO:Simulation 398 starts
2025-06-19 08:42:15:INFO:Simulation 399 starts
2025-06-19 08:42:15:INFO:Simulation 399 starts
2025-06-19 08:45:50:INFO:Simulation 400 starts
2025-06-19 08:45:50:INFO:Simulation 400 starts
2025-06-19 08:45:50:INFO:Simulation 401 starts
2025-06-19 08:45:50:INFO:Simulation 401 starts
2025-06-19 08:49:00:INFO:Simulation 402 starts
2025-06-19 08:49:00:INFO:Simulation 402 starts
2025-06-19 08:52:43:INFO:Simulation 403 starts
2025-06-19 08:52:43:INFO:Simulation 403 starts
2025-06-19 08:52:43:INFO:Simulation 404 starts
2025-06-19 08:52:43:INFO:Simulation 404 starts
2025-06-19 08:52:43:INFO:Simulation 405 starts
2025-06-19 08:52:43:INFO:Simulation 405 starts
2025-06-19 08:52:43:INFO:Simulation 406 starts
2025-06-19 08:52:43:INFO:Simulation 406 starts
2025-06-19 08:52:43:INFO:Simulation 407 starts
2025-06-19 08:52:43:INFO:Simulation 407 starts
2025-06-19 08:55:27:INFO:Simulation 408 starts
2025-06-19 08:55:27:INFO:Simulation 408 starts
2025-06-19 08:55:27:INFO:Simulation 409 starts
2025-06-19 08:55:27:INFO:Simulation 409 starts
2025-06-19 08:55:27:INFO:Simulation 410 starts
2025-06-19 08:55:27:INFO:Simulation 410 starts
2025-06-19 08:55:27:INFO:Simulation 411 starts
2025-06-19 08:55:27:INFO:Simulation 411 starts
2025-06-19 08:58:14:INFO:Simulation 412 starts
2025-06-19 08:58:14:INFO:Simulation 412 starts
2025-06-19 08:58:14:INFO:Simulation 413 starts
2025-06-19 08:58:14:INFO:Simulation 413 starts
2025-06-19 08:58:14:INFO:Simulation 414 starts
2025-06-19 08:58:14:INFO:Simulation 414 starts
2025-06-19 08:58:14:INFO:Simulation 415 starts
2025-06-19 08:58:14:INFO:Simulation 415 starts
2025-06-19 08:58:14:INFO:Simulation 416 starts
2025-06-19 08:58:14:INFO:Simulation 416 starts
2025-06-19 09:01:11:INFO:Simulation 417 starts
2025-06-19 09:01:11:INFO:Simulation 417 starts
2025-06-19 09:01:11:INFO:Simulation 418 starts
2025-06-19 09:01:11:INFO:Simulation 418 starts
2025-06-19 09:04:06:INFO:Simulation 419 starts
2025-06-19 09:04:06:INFO:Simulation 419 starts
2025-06-19 09:06:45:INFO:Simulation 420 starts
2025-06-19 09:06:45:INFO:Simulation 420 starts
2025-06-19 09:06:45:INFO:Simulation 421 starts
2025-06-19 09:06:45:INFO:Simulation 421 starts
2025-06-19 09:09:25:INFO:Simulation 422 starts
2025-06-19 09:09:25:INFO:Simulation 422 starts
2025-06-19 09:09:25:INFO:Simulation 423 starts
2025-06-19 09:09:25:INFO:Simulation 423 starts
2025-06-19 09:09:25:INFO:Simulation 424 starts
2025-06-19 09:09:25:INFO:Simulation 424 starts
2025-06-19 09:12:04:INFO:Simulation 425 starts
2025-06-19 09:12:04:INFO:Simulation 425 starts
2025-06-19 09:14:51:INFO:Simulation 426 starts
2025-06-19 09:14:51:INFO:Simulation 426 starts
2025-06-19 09:14:51:INFO:Simulation 427 starts
2025-06-19 09:14:51:INFO:Simulation 427 starts
2025-06-19 09:14:51:INFO:Simulation 428 starts
2025-06-19 09:14:51:INFO:Simulation 428 starts
2025-06-19 09:14:51:INFO:Simulation 429 starts
2025-06-19 09:14:51:INFO:Simulation 429 starts
2025-06-19 09:14:51:INFO:Simulation 430 starts
2025-06-19 09:14:51:INFO:Simulation 430 starts
2025-06-19 09:14:51:INFO:Simulation 431 starts
2025-06-19 09:14:51:INFO:Simulation 431 starts
2025-06-19 09:18:01:INFO:Simulation 432 starts
2025-06-19 09:18:01:INFO:Simulation 432 starts
2025-06-19 09:18:01:INFO:Simulation 433 starts
2025-06-19 09:18:01:INFO:Simulation 433 starts
2025-06-19 09:18:01:INFO:Simulation 434 starts
2025-06-19 09:18:01:INFO:Simulation 434 starts
2025-06-19 09:18:01:INFO:Simulation 435 starts
2025-06-19 09:18:01:INFO:Simulation 435 starts
2025-06-19 09:21:19:INFO:Simulation 436 starts
2025-06-19 09:21:19:INFO:Simulation 436 starts
2025-06-19 09:21:19:INFO:Simulation 437 starts
2025-06-19 09:21:19:INFO:Simulation 437 starts
2025-06-19 09:21:19:INFO:Simulation 438 starts
2025-06-19 09:21:19:INFO:Simulation 438 starts
2025-06-19 09:24:17:INFO:Simulation 439 starts
2025-06-19 09:24:17:INFO:Simulation 439 starts
2025-06-19 09:27:31:INFO:Simulation 440 starts
2025-06-19 09:27:31:INFO:Simulation 440 starts
2025-06-19 09:27:31:INFO:Simulation 441 starts
2025-06-19 09:27:31:INFO:Simulation 441 starts
2025-06-19 09:30:38:INFO:Simulation 442 starts
2025-06-19 09:30:38:INFO:Simulation 442 starts
2025-06-19 09:33:21:INFO:Simulation 443 starts
2025-06-19 09:33:21:INFO:Simulation 443 starts
2025-06-19 09:33:21:INFO:Simulation 444 starts
2025-06-19 09:33:21:INFO:Simulation 444 starts
2025-06-19 09:33:21:INFO:Simulation 445 starts
2025-06-19 09:33:21:INFO:Simulation 445 starts
2025-06-19 09:33:21:INFO:Simulation 446 starts
2025-06-19 09:33:21:INFO:Simulation 446 starts
2025-06-19 09:33:21:INFO:Simulation 447 starts
2025-06-19 09:33:21:INFO:Simulation 447 starts
2025-06-19 09:36:07:INFO:Simulation 448 starts
2025-06-19 09:36:07:INFO:Simulation 448 starts
2025-06-19 09:36:07:INFO:Simulation 449 starts
2025-06-19 09:36:07:INFO:Simulation 449 starts
2025-06-19 09:36:07:INFO:Simulation 450 starts
2025-06-19 09:36:07:INFO:Simulation 450 starts
2025-06-19 09:36:07:INFO:Simulation 451 starts
2025-06-19 09:36:07:INFO:Simulation 451 starts
2025-06-19 09:36:07:INFO:Simulation 452 starts
2025-06-19 09:36:07:INFO:Simulation 452 starts
2025-06-19 09:36:07:INFO:Simulation 453 starts
2025-06-19 09:36:07:INFO:Simulation 453 starts
2025-06-19 09:39:05:INFO:Simulation 454 starts
2025-06-19 09:39:05:INFO:Simulation 454 starts
2025-06-19 09:42:20:INFO:Simulation 455 starts
2025-06-19 09:42:20:INFO:Simulation 455 starts
2025-06-19 09:42:20:INFO:Simulation 456 starts
2025-06-19 09:42:20:INFO:Simulation 456 starts
2025-06-19 09:44:57:INFO:Simulation 457 starts
2025-06-19 09:44:57:INFO:Simulation 457 starts
2025-06-19 09:44:57:INFO:Simulation 458 starts
2025-06-19 09:44:57:INFO:Simulation 458 starts
2025-06-19 09:44:57:INFO:Simulation 459 starts
2025-06-19 09:44:57:INFO:Simulation 459 starts
2025-06-19 09:48:16:INFO:Simulation 460 starts
2025-06-19 09:48:16:INFO:Simulation 460 starts
2025-06-19 09:48:16:INFO:Simulation 461 starts
2025-06-19 09:48:16:INFO:Simulation 461 starts
2025-06-19 09:52:01:INFO:Simulation 462 starts
2025-06-19 09:52:01:INFO:Simulation 462 starts
2025-06-19 09:55:43:INFO:Simulation 463 starts
2025-06-19 09:55:43:INFO:Simulation 463 starts
2025-06-19 09:55:43:INFO:Simulation 464 starts
2025-06-19 09:55:43:INFO:Simulation 464 starts
2025-06-19 09:59:08:INFO:Simulation 465 starts
2025-06-19 09:59:08:INFO:Simulation 465 starts
2025-06-19 09:59:08:INFO:Simulation 466 starts
2025-06-19 09:59:08:INFO:Simulation 466 starts
2025-06-19 09:59:08:INFO:Simulation 467 starts
2025-06-19 09:59:08:INFO:Simulation 467 starts
2025-06-19 09:59:08:INFO:Simulation 468 starts
2025-06-19 09:59:08:INFO:Simulation 468 starts
2025-06-19 10:02:07:INFO:Simulation 469 starts
2025-06-19 10:02:07:INFO:Simulation 469 starts
2025-06-19 10:02:07:INFO:Simulation 470 starts
2025-06-19 10:02:07:INFO:Simulation 470 starts
2025-06-19 10:02:07:INFO:Simulation 471 starts
2025-06-19 10:02:07:INFO:Simulation 471 starts
2025-06-19 10:02:07:INFO:Simulation 472 starts
2025-06-19 10:02:07:INFO:Simulation 472 starts
2025-06-19 10:02:07:INFO:Simulation 473 starts
2025-06-19 10:02:07:INFO:Simulation 473 starts
2025-06-19 10:02:07:INFO:Simulation 474 starts
2025-06-19 10:02:07:INFO:Simulation 474 starts
2025-06-19 10:05:51:INFO:Simulation 475 starts
2025-06-19 10:05:51:INFO:Simulation 475 starts
2025-06-19 10:05:51:INFO:Simulation 476 starts
2025-06-19 10:05:51:INFO:Simulation 476 starts
2025-06-19 10:08:24:INFO:Simulation 477 starts
2025-06-19 10:08:24:INFO:Simulation 477 starts
2025-06-19 10:08:24:INFO:Simulation 478 starts
2025-06-19 10:08:24:INFO:Simulation 478 starts
2025-06-19 10:08:24:INFO:Simulation 479 starts
2025-06-19 10:08:24:INFO:Simulation 479 starts
2025-06-19 10:11:43:INFO:Simulation 480 starts
2025-06-19 10:11:43:INFO:Simulation 480 starts
2025-06-19 10:14:51:INFO:Simulation 481 starts
2025-06-19 10:14:51:INFO:Simulation 481 starts
2025-06-19 10:14:51:INFO:Simulation 482 starts
2025-06-19 10:14:51:INFO:Simulation 482 starts
2025-06-19 10:14:51:INFO:Simulation 483 starts
2025-06-19 10:14:51:INFO:Simulation 483 starts
2025-06-19 10:18:36:INFO:Simulation 484 starts
2025-06-19 10:18:36:INFO:Simulation 484 starts
2025-06-19 10:18:36:INFO:Simulation 485 starts
2025-06-19 10:18:36:INFO:Simulation 485 starts
2025-06-19 10:18:36:INFO:Simulation 486 starts
2025-06-19 10:18:36:INFO:Simulation 486 starts
2025-06-19 10:21:55:INFO:Simulation 487 starts
2025-06-19 10:21:55:INFO:Simulation 487 starts
2025-06-19 10:21:55:INFO:Simulation 488 starts
2025-06-19 10:21:55:INFO:Simulation 488 starts
2025-06-19 10:25:28:INFO:Simulation 489 starts
2025-06-19 10:25:28:INFO:Simulation 489 starts
2025-06-19 10:25:28:INFO:Simulation 490 starts
2025-06-19 10:25:28:INFO:Simulation 490 starts
2025-06-19 10:25:28:INFO:Simulation 491 starts
2025-06-19 10:25:28:INFO:Simulation 491 starts
2025-06-19 10:28:52:INFO:Simulation 492 starts
2025-06-19 10:28:52:INFO:Simulation 492 starts
2025-06-19 10:28:52:INFO:Simulation 493 starts
2025-06-19 10:28:52:INFO:Simulation 493 starts
2025-06-19 10:28:52:INFO:Simulation 494 starts
2025-06-19 10:28:52:INFO:Simulation 494 starts
2025-06-19 10:28:52:INFO:Simulation 495 starts
2025-06-19 10:28:52:INFO:Simulation 495 starts
2025-06-19 10:32:43:INFO:Simulation 496 starts
2025-06-19 10:32:43:INFO:Simulation 496 starts
2025-06-19 10:32:43:INFO:Simulation 497 starts
2025-06-19 10:32:43:INFO:Simulation 497 starts
2025-06-19 10:32:43:INFO:Simulation 498 starts
2025-06-19 10:32:43:INFO:Simulation 498 starts
2025-06-19 10:32:43:INFO:Simulation 499 starts
2025-06-19 10:32:43:INFO:Simulation 499 starts
2025-06-19 10:32:43:INFO:
Select 0'th strategy: (then propagate-values (using-params smt :random_seed 500))
improve on 226 instances,  new par10: 0.68900
Select 1'th strategy: (then solve-eqs elim-uncnstr propagate-values qflia)
improve on 87 instances,  new par10: 0.72343
Select 2'th strategy: (then elim-uncnstr (using-params smt :random_seed 200))
improve on 86 instances,  new par10: 0.73896
Select 3'th strategy: (then propagate-ineqs (using-params smt :random_seed 500))
improve on 58 instances,  new par10: 0.74843

2025-06-19 10:32:43:INFO:Selected 4 strategies: ['(then propagate-values (using-params smt :random_seed 500))', '(then solve-eqs elim-uncnstr propagate-values qflia)', '(then elim-uncnstr (using-params smt :random_seed 200))', '(then propagate-ineqs (using-params smt :random_seed 500))'], saved to experiments/synthesis/out-2025-06-19_00-41-33/ln_strat_candidates.csv
2025-06-19 10:32:43:INFO:Stage 1 Time: 35470
2025-06-19 10:32:43:INFO:Parallel strategy saved to experiments/synthesis/out-2025-06-19_00-41-33/parallel_strategy.txt
2025-06-19 10:32:43:INFO:Synthesis time: 35470 seconds
slurmstepd: error: Detected 19 oom_kill events in StepId=45047869.batch. Some of the step tasks have been OOM Killed.
