================================================================================
JobID = 9283825
User = sarnighause, Account = scc_users
Partition = medium, Nodelist = amp059
================================================================================
WARNING: While bind mounting '/scratch1/users/sarnighause/tmp:/tmp/': destination is already in the mount point list

z3 test results: solved 210 instances with par2 17345.356306791306 and par10 85025.36
Found 66 benchmarks taking more than 1 second
2025-06-20 16:11:47:INFO:Using Z3 version: Z3 version 4.15.0 - 64 bit
2025-06-20 16:12:37:INFO:S1 MCTS Simulations Start
2025-06-20 16:12:37:INFO:Simulation 0 starts
2025-06-20 16:12:37:INFO:Simulation 0 starts
2025-06-20 16:13:38:INFO:At sim 0, new best reward found: 0.21210
2025-06-20 16:13:38:INFO:At sim 0, new best reward found: 0.21210
2025-06-20 16:13:38:INFO:Simulation 1 starts
2025-06-20 16:13:38:INFO:Simulation 1 starts
2025-06-20 16:14:39:INFO:At sim 1, new best reward found: 0.21210
2025-06-20 16:14:39:INFO:At sim 1, new best reward found: 0.21210
2025-06-20 16:14:39:INFO:Simulation 2 starts
2025-06-20 16:14:39:INFO:Simulation 2 starts
2025-06-20 16:15:40:INFO:At sim 2, new best reward found: 0.28635
2025-06-20 16:15:40:INFO:At sim 2, new best reward found: 0.28635
2025-06-20 16:15:40:INFO:Simulation 3 starts
2025-06-20 16:15:40:INFO:Simulation 3 starts
2025-06-20 16:16:41:INFO:Simulation 4 starts
2025-06-20 16:16:41:INFO:Simulation 4 starts
2025-06-20 16:17:41:INFO:Simulation 5 starts
2025-06-20 16:17:41:INFO:Simulation 5 starts
2025-06-20 16:18:42:INFO:Simulation 6 starts
2025-06-20 16:18:42:INFO:Simulation 6 starts
2025-06-20 16:19:43:INFO:Simulation 7 starts
2025-06-20 16:19:43:INFO:Simulation 7 starts
2025-06-20 16:20:43:INFO:Simulation 8 starts
2025-06-20 16:20:43:INFO:Simulation 8 starts
2025-06-20 16:21:44:INFO:Simulation 9 starts
2025-06-20 16:21:44:INFO:Simulation 9 starts
2025-06-20 16:22:45:INFO:Simulation 10 starts
2025-06-20 16:22:45:INFO:Simulation 10 starts
2025-06-20 16:23:45:INFO:Simulation 11 starts
2025-06-20 16:23:45:INFO:Simulation 11 starts
2025-06-20 16:24:46:INFO:Simulation 12 starts
2025-06-20 16:24:46:INFO:Simulation 12 starts
2025-06-20 16:25:47:INFO:Simulation 13 starts
2025-06-20 16:25:47:INFO:Simulation 13 starts
2025-06-20 16:26:48:INFO:Simulation 14 starts
2025-06-20 16:26:48:INFO:Simulation 14 starts
2025-06-20 16:27:48:INFO:Simulation 15 starts
2025-06-20 16:27:48:INFO:Simulation 15 starts
2025-06-20 16:28:49:INFO:Simulation 16 starts
2025-06-20 16:28:49:INFO:Simulation 16 starts
2025-06-20 16:29:50:INFO:Simulation 17 starts
2025-06-20 16:29:50:INFO:Simulation 17 starts
2025-06-20 16:30:51:INFO:Simulation 18 starts
2025-06-20 16:30:51:INFO:Simulation 18 starts
2025-06-20 16:31:51:INFO:Simulation 19 starts
2025-06-20 16:31:51:INFO:Simulation 19 starts
2025-06-20 16:31:51:INFO:Simulation 20 starts
2025-06-20 16:31:51:INFO:Simulation 20 starts
2025-06-20 16:32:52:INFO:Simulation 21 starts
2025-06-20 16:32:52:INFO:Simulation 21 starts
2025-06-20 16:33:53:INFO:Simulation 22 starts
2025-06-20 16:33:53:INFO:Simulation 22 starts
2025-06-20 16:33:53:INFO:Simulation 23 starts
2025-06-20 16:33:53:INFO:Simulation 23 starts
2025-06-20 16:34:53:INFO:Simulation 24 starts
2025-06-20 16:34:53:INFO:Simulation 24 starts
2025-06-20 16:34:53:INFO:Simulation 25 starts
2025-06-20 16:34:53:INFO:Simulation 25 starts
2025-06-20 16:34:53:INFO:Simulation 26 starts
2025-06-20 16:34:53:INFO:Simulation 26 starts
2025-06-20 16:34:54:INFO:Simulation 27 starts
2025-06-20 16:34:54:INFO:Simulation 27 starts
2025-06-20 16:34:54:INFO:Simulation 28 starts
2025-06-20 16:34:54:INFO:Simulation 28 starts
2025-06-20 16:35:54:INFO:Simulation 29 starts
2025-06-20 16:35:54:INFO:Simulation 29 starts
2025-06-20 16:36:55:INFO:Simulation 30 starts
2025-06-20 16:36:55:INFO:Simulation 30 starts
2025-06-20 16:36:55:INFO:Simulation 31 starts
2025-06-20 16:36:55:INFO:Simulation 31 starts
2025-06-20 16:37:56:INFO:Simulation 32 starts
2025-06-20 16:37:56:INFO:Simulation 32 starts
2025-06-20 16:38:57:INFO:Simulation 33 starts
2025-06-20 16:38:57:INFO:Simulation 33 starts
2025-06-20 16:38:57:INFO:Simulation 34 starts
2025-06-20 16:38:57:INFO:Simulation 34 starts
2025-06-20 16:38:57:INFO:Simulation 35 starts
2025-06-20 16:38:57:INFO:Simulation 35 starts
2025-06-20 16:39:58:INFO:Simulation 36 starts
2025-06-20 16:39:58:INFO:Simulation 36 starts
2025-06-20 16:39:58:INFO:Simulation 37 starts
2025-06-20 16:39:58:INFO:Simulation 37 starts
2025-06-20 16:39:58:INFO:Simulation 38 starts
2025-06-20 16:39:58:INFO:Simulation 38 starts
2025-06-20 16:39:58:INFO:Simulation 39 starts
2025-06-20 16:39:58:INFO:Simulation 39 starts
2025-06-20 16:39:58:INFO:Simulation 40 starts
2025-06-20 16:39:58:INFO:Simulation 40 starts
2025-06-20 16:40:59:INFO:Simulation 41 starts
2025-06-20 16:40:59:INFO:Simulation 41 starts
2025-06-20 16:42:00:INFO:Simulation 42 starts
2025-06-20 16:42:00:INFO:Simulation 42 starts
2025-06-20 16:42:00:INFO:Simulation 43 starts
2025-06-20 16:42:00:INFO:Simulation 43 starts
2025-06-20 16:42:00:INFO:Simulation 44 starts
2025-06-20 16:42:00:INFO:Simulation 44 starts
2025-06-20 16:43:01:INFO:Simulation 45 starts
2025-06-20 16:43:01:INFO:Simulation 45 starts
2025-06-20 16:43:01:INFO:Simulation 46 starts
2025-06-20 16:43:01:INFO:Simulation 46 starts
2025-06-20 16:44:02:INFO:Simulation 47 starts
2025-06-20 16:44:02:INFO:Simulation 47 starts
2025-06-20 16:44:02:INFO:Simulation 48 starts
2025-06-20 16:44:02:INFO:Simulation 48 starts
2025-06-20 16:44:02:INFO:Simulation 49 starts
2025-06-20 16:44:02:INFO:Simulation 49 starts
2025-06-20 16:44:02:INFO:Simulation 50 starts
2025-06-20 16:44:02:INFO:Simulation 50 starts
2025-06-20 16:44:02:INFO:Simulation 51 starts
2025-06-20 16:44:02:INFO:Simulation 51 starts
2025-06-20 16:45:02:INFO:Simulation 52 starts
2025-06-20 16:45:02:INFO:Simulation 52 starts
2025-06-20 16:45:02:INFO:Simulation 53 starts
2025-06-20 16:45:02:INFO:Simulation 53 starts
2025-06-20 16:45:02:INFO:Simulation 54 starts
2025-06-20 16:45:02:INFO:Simulation 54 starts
2025-06-20 16:45:02:INFO:Simulation 55 starts
2025-06-20 16:45:02:INFO:Simulation 55 starts
2025-06-20 16:45:02:INFO:Simulation 56 starts
2025-06-20 16:45:02:INFO:Simulation 56 starts
2025-06-20 16:46:03:INFO:Simulation 57 starts
2025-06-20 16:46:03:INFO:Simulation 57 starts
2025-06-20 16:47:04:INFO:Simulation 58 starts
2025-06-20 16:47:04:INFO:Simulation 58 starts
2025-06-20 16:47:04:INFO:Simulation 59 starts
2025-06-20 16:47:04:INFO:Simulation 59 starts
2025-06-20 16:48:04:INFO:Simulation 60 starts
2025-06-20 16:48:04:INFO:Simulation 60 starts
2025-06-20 16:49:05:INFO:Simulation 61 starts
2025-06-20 16:49:05:INFO:Simulation 61 starts
2025-06-20 16:49:05:INFO:Simulation 62 starts
2025-06-20 16:49:05:INFO:Simulation 62 starts
2025-06-20 16:49:05:INFO:Simulation 63 starts
2025-06-20 16:49:05:INFO:Simulation 63 starts
2025-06-20 16:50:06:INFO:Simulation 64 starts
2025-06-20 16:50:06:INFO:Simulation 64 starts
2025-06-20 16:51:07:INFO:Simulation 65 starts
2025-06-20 16:51:07:INFO:Simulation 65 starts
2025-06-20 16:51:07:INFO:Simulation 66 starts
2025-06-20 16:51:07:INFO:Simulation 66 starts
2025-06-20 16:52:08:INFO:Simulation 67 starts
2025-06-20 16:52:08:INFO:Simulation 67 starts
2025-06-20 16:53:09:INFO:Simulation 68 starts
2025-06-20 16:53:09:INFO:Simulation 68 starts
2025-06-20 16:53:09:INFO:Simulation 69 starts
2025-06-20 16:53:09:INFO:Simulation 69 starts
2025-06-20 16:54:09:INFO:Simulation 70 starts
2025-06-20 16:54:09:INFO:Simulation 70 starts
2025-06-20 16:55:10:INFO:Simulation 71 starts
2025-06-20 16:55:10:INFO:Simulation 71 starts
2025-06-20 16:56:11:INFO:Simulation 72 starts
2025-06-20 16:56:11:INFO:Simulation 72 starts
2025-06-20 16:56:11:INFO:Simulation 73 starts
2025-06-20 16:56:11:INFO:Simulation 73 starts
2025-06-20 16:57:12:INFO:Simulation 74 starts
2025-06-20 16:57:12:INFO:Simulation 74 starts
2025-06-20 16:58:12:INFO:Simulation 75 starts
2025-06-20 16:58:12:INFO:Simulation 75 starts
2025-06-20 16:58:12:INFO:Simulation 76 starts
2025-06-20 16:58:12:INFO:Simulation 76 starts
2025-06-20 16:59:13:INFO:Simulation 77 starts
2025-06-20 16:59:13:INFO:Simulation 77 starts
2025-06-20 17:00:14:INFO:Simulation 78 starts
2025-06-20 17:00:14:INFO:Simulation 78 starts
2025-06-20 17:01:15:INFO:Simulation 79 starts
2025-06-20 17:01:15:INFO:Simulation 79 starts
2025-06-20 17:01:15:INFO:Simulation 80 starts
2025-06-20 17:01:15:INFO:Simulation 80 starts
2025-06-20 17:02:16:INFO:Simulation 81 starts
2025-06-20 17:02:16:INFO:Simulation 81 starts
2025-06-20 17:03:16:INFO:Simulation 82 starts
2025-06-20 17:03:16:INFO:Simulation 82 starts
2025-06-20 17:03:17:INFO:Simulation 83 starts
2025-06-20 17:03:17:INFO:Simulation 83 starts
2025-06-20 17:03:17:INFO:Simulation 84 starts
2025-06-20 17:03:17:INFO:Simulation 84 starts
2025-06-20 17:04:18:INFO:Simulation 85 starts
2025-06-20 17:04:18:INFO:Simulation 85 starts
2025-06-20 17:05:18:INFO:Simulation 86 starts
2025-06-20 17:05:18:INFO:Simulation 86 starts
2025-06-20 17:05:18:INFO:Simulation 87 starts
2025-06-20 17:05:18:INFO:Simulation 87 starts
2025-06-20 17:06:19:INFO:Simulation 88 starts
2025-06-20 17:06:19:INFO:Simulation 88 starts
2025-06-20 17:07:20:INFO:Simulation 89 starts
2025-06-20 17:07:20:INFO:Simulation 89 starts
2025-06-20 17:08:21:INFO:At sim 89, new best reward found: 0.28686
2025-06-20 17:08:21:INFO:At sim 89, new best reward found: 0.28686
2025-06-20 17:08:21:INFO:Simulation 90 starts
2025-06-20 17:08:21:INFO:Simulation 90 starts
2025-06-20 17:08:21:INFO:Simulation 91 starts
2025-06-20 17:08:21:INFO:Simulation 91 starts
2025-06-20 17:09:21:INFO:Simulation 92 starts
2025-06-20 17:09:21:INFO:Simulation 92 starts
2025-06-20 17:10:22:INFO:Simulation 93 starts
2025-06-20 17:10:22:INFO:Simulation 93 starts
2025-06-20 17:11:23:INFO:Simulation 94 starts
2025-06-20 17:11:23:INFO:Simulation 94 starts
2025-06-20 17:11:23:INFO:Simulation 95 starts
2025-06-20 17:11:23:INFO:Simulation 95 starts
2025-06-20 17:12:24:INFO:Simulation 96 starts
2025-06-20 17:12:24:INFO:Simulation 96 starts
2025-06-20 17:12:24:INFO:Simulation 97 starts
2025-06-20 17:12:24:INFO:Simulation 97 starts
2025-06-20 17:13:25:INFO:Simulation 98 starts
2025-06-20 17:13:25:INFO:Simulation 98 starts
2025-06-20 17:13:25:INFO:Simulation 99 starts
2025-06-20 17:13:25:INFO:Simulation 99 starts
2025-06-20 17:14:26:INFO:Simulation 100 starts
2025-06-20 17:14:26:INFO:Simulation 100 starts
2025-06-20 17:15:26:INFO:Simulation 101 starts
2025-06-20 17:15:26:INFO:Simulation 101 starts
2025-06-20 17:16:27:INFO:Simulation 102 starts
2025-06-20 17:16:27:INFO:Simulation 102 starts
2025-06-20 17:16:27:INFO:Simulation 103 starts
2025-06-20 17:16:27:INFO:Simulation 103 starts
2025-06-20 17:17:28:INFO:Simulation 104 starts
2025-06-20 17:17:28:INFO:Simulation 104 starts
2025-06-20 17:18:29:INFO:Simulation 105 starts
2025-06-20 17:18:29:INFO:Simulation 105 starts
2025-06-20 17:18:29:INFO:Simulation 106 starts
2025-06-20 17:18:29:INFO:Simulation 106 starts
2025-06-20 17:19:29:INFO:Simulation 107 starts
2025-06-20 17:19:29:INFO:Simulation 107 starts
2025-06-20 17:20:30:INFO:Simulation 108 starts
2025-06-20 17:20:30:INFO:Simulation 108 starts
2025-06-20 17:21:31:INFO:Simulation 109 starts
2025-06-20 17:21:31:INFO:Simulation 109 starts
2025-06-20 17:21:31:INFO:Simulation 110 starts
2025-06-20 17:21:31:INFO:Simulation 110 starts
2025-06-20 17:22:32:INFO:Simulation 111 starts
2025-06-20 17:22:32:INFO:Simulation 111 starts
2025-06-20 17:23:32:INFO:Simulation 112 starts
2025-06-20 17:23:32:INFO:Simulation 112 starts
2025-06-20 17:24:33:INFO:Simulation 113 starts
2025-06-20 17:24:33:INFO:Simulation 113 starts
2025-06-20 17:24:33:INFO:Simulation 114 starts
2025-06-20 17:24:33:INFO:Simulation 114 starts
2025-06-20 17:25:34:INFO:Simulation 115 starts
2025-06-20 17:25:34:INFO:Simulation 115 starts
2025-06-20 17:26:35:INFO:Simulation 116 starts
2025-06-20 17:26:35:INFO:Simulation 116 starts
2025-06-20 17:27:35:INFO:Simulation 117 starts
2025-06-20 17:27:35:INFO:Simulation 117 starts
2025-06-20 17:27:35:INFO:Simulation 118 starts
2025-06-20 17:27:35:INFO:Simulation 118 starts
2025-06-20 17:28:36:INFO:Simulation 119 starts
2025-06-20 17:28:36:INFO:Simulation 119 starts
2025-06-20 17:29:37:INFO:Simulation 120 starts
2025-06-20 17:29:37:INFO:Simulation 120 starts
2025-06-20 17:30:38:INFO:Simulation 121 starts
2025-06-20 17:30:38:INFO:Simulation 121 starts
2025-06-20 17:30:38:INFO:Simulation 122 starts
2025-06-20 17:30:38:INFO:Simulation 122 starts
2025-06-20 17:31:39:INFO:Simulation 123 starts
2025-06-20 17:31:39:INFO:Simulation 123 starts
2025-06-20 17:32:40:INFO:Simulation 124 starts
2025-06-20 17:32:40:INFO:Simulation 124 starts
2025-06-20 17:33:40:INFO:Simulation 125 starts
2025-06-20 17:33:40:INFO:Simulation 125 starts
2025-06-20 17:33:40:INFO:Simulation 126 starts
2025-06-20 17:33:40:INFO:Simulation 126 starts
2025-06-20 17:34:41:INFO:Simulation 127 starts
2025-06-20 17:34:41:INFO:Simulation 127 starts
2025-06-20 17:35:42:INFO:Simulation 128 starts
2025-06-20 17:35:42:INFO:Simulation 128 starts
2025-06-20 17:36:43:INFO:Simulation 129 starts
2025-06-20 17:36:43:INFO:Simulation 129 starts
2025-06-20 17:37:44:INFO:Simulation 130 starts
2025-06-20 17:37:44:INFO:Simulation 130 starts
2025-06-20 17:37:44:INFO:Simulation 131 starts
2025-06-20 17:37:44:INFO:Simulation 131 starts
2025-06-20 17:37:44:INFO:Simulation 132 starts
2025-06-20 17:37:44:INFO:Simulation 132 starts
2025-06-20 17:38:45:INFO:Simulation 133 starts
2025-06-20 17:38:45:INFO:Simulation 133 starts
2025-06-20 17:39:46:INFO:Simulation 134 starts
2025-06-20 17:39:46:INFO:Simulation 134 starts
2025-06-20 17:39:46:INFO:Simulation 135 starts
2025-06-20 17:39:46:INFO:Simulation 135 starts
2025-06-20 17:40:47:INFO:Simulation 136 starts
2025-06-20 17:40:47:INFO:Simulation 136 starts
2025-06-20 17:41:47:INFO:Simulation 137 starts
2025-06-20 17:41:47:INFO:Simulation 137 starts
2025-06-20 17:42:48:INFO:Simulation 138 starts
2025-06-20 17:42:48:INFO:Simulation 138 starts
2025-06-20 17:42:48:INFO:Simulation 139 starts
2025-06-20 17:42:48:INFO:Simulation 139 starts
2025-06-20 17:43:49:INFO:Simulation 140 starts
2025-06-20 17:43:49:INFO:Simulation 140 starts
2025-06-20 17:44:50:INFO:Simulation 141 starts
2025-06-20 17:44:50:INFO:Simulation 141 starts
2025-06-20 17:45:50:INFO:Simulation 142 starts
2025-06-20 17:45:50:INFO:Simulation 142 starts
2025-06-20 17:45:50:INFO:Simulation 143 starts
2025-06-20 17:45:50:INFO:Simulation 143 starts
2025-06-20 17:46:51:INFO:Simulation 144 starts
2025-06-20 17:46:51:INFO:Simulation 144 starts
2025-06-20 17:47:52:INFO:Simulation 145 starts
2025-06-20 17:47:52:INFO:Simulation 145 starts
2025-06-20 17:48:52:INFO:Simulation 146 starts
2025-06-20 17:48:52:INFO:Simulation 146 starts
2025-06-20 17:48:52:INFO:Simulation 147 starts
2025-06-20 17:48:52:INFO:Simulation 147 starts
2025-06-20 17:49:53:INFO:Simulation 148 starts
2025-06-20 17:49:53:INFO:Simulation 148 starts
2025-06-20 17:50:54:INFO:Simulation 149 starts
2025-06-20 17:50:54:INFO:Simulation 149 starts
2025-06-20 17:51:55:INFO:Simulation 150 starts
2025-06-20 17:51:55:INFO:Simulation 150 starts
2025-06-20 17:52:56:INFO:Simulation 151 starts
2025-06-20 17:52:56:INFO:Simulation 151 starts
2025-06-20 17:52:56:INFO:Simulation 152 starts
2025-06-20 17:52:56:INFO:Simulation 152 starts
2025-06-20 17:53:56:INFO:Simulation 153 starts
2025-06-20 17:53:56:INFO:Simulation 153 starts
2025-06-20 17:54:57:INFO:Simulation 154 starts
2025-06-20 17:54:57:INFO:Simulation 154 starts
2025-06-20 17:55:58:INFO:Simulation 155 starts
2025-06-20 17:55:58:INFO:Simulation 155 starts
2025-06-20 17:55:58:INFO:Simulation 156 starts
2025-06-20 17:55:58:INFO:Simulation 156 starts
2025-06-20 17:56:58:INFO:Simulation 157 starts
2025-06-20 17:56:58:INFO:Simulation 157 starts
2025-06-20 17:57:59:INFO:Simulation 158 starts
2025-06-20 17:57:59:INFO:Simulation 158 starts
2025-06-20 17:59:00:INFO:Simulation 159 starts
2025-06-20 17:59:00:INFO:Simulation 159 starts
2025-06-20 18:00:00:INFO:Simulation 160 starts
2025-06-20 18:00:00:INFO:Simulation 160 starts
2025-06-20 18:00:00:INFO:Simulation 161 starts
2025-06-20 18:00:00:INFO:Simulation 161 starts
2025-06-20 18:01:01:INFO:Simulation 162 starts
2025-06-20 18:01:01:INFO:Simulation 162 starts
2025-06-20 18:02:02:INFO:Simulation 163 starts
2025-06-20 18:02:02:INFO:Simulation 163 starts
2025-06-20 18:03:03:INFO:Simulation 164 starts
2025-06-20 18:03:03:INFO:Simulation 164 starts
2025-06-20 18:03:03:INFO:Simulation 165 starts
2025-06-20 18:03:03:INFO:Simulation 165 starts
2025-06-20 18:04:04:INFO:Simulation 166 starts
2025-06-20 18:04:04:INFO:Simulation 166 starts
2025-06-20 18:05:04:INFO:Simulation 167 starts
2025-06-20 18:05:04:INFO:Simulation 167 starts
2025-06-20 18:06:05:INFO:Simulation 168 starts
2025-06-20 18:06:05:INFO:Simulation 168 starts
2025-06-20 18:07:06:INFO:Simulation 169 starts
2025-06-20 18:07:06:INFO:Simulation 169 starts
2025-06-20 18:07:06:INFO:Simulation 170 starts
2025-06-20 18:07:06:INFO:Simulation 170 starts
2025-06-20 18:08:07:INFO:Simulation 171 starts
2025-06-20 18:08:07:INFO:Simulation 171 starts
2025-06-20 18:09:07:INFO:Simulation 172 starts
2025-06-20 18:09:07:INFO:Simulation 172 starts
2025-06-20 18:10:08:INFO:Simulation 173 starts
2025-06-20 18:10:08:INFO:Simulation 173 starts
2025-06-20 18:10:08:INFO:Simulation 174 starts
2025-06-20 18:10:08:INFO:Simulation 174 starts
2025-06-20 18:11:09:INFO:Simulation 175 starts
2025-06-20 18:11:09:INFO:Simulation 175 starts
2025-06-20 18:12:09:INFO:Simulation 176 starts
2025-06-20 18:12:09:INFO:Simulation 176 starts
2025-06-20 18:13:10:INFO:Simulation 177 starts
2025-06-20 18:13:10:INFO:Simulation 177 starts
2025-06-20 18:14:10:INFO:Simulation 178 starts
2025-06-20 18:14:10:INFO:Simulation 178 starts
2025-06-20 18:14:10:INFO:Simulation 179 starts
2025-06-20 18:14:10:INFO:Simulation 179 starts
2025-06-20 18:15:11:INFO:Simulation 180 starts
2025-06-20 18:15:11:INFO:Simulation 180 starts
2025-06-20 18:16:12:INFO:Simulation 181 starts
2025-06-20 18:16:12:INFO:Simulation 181 starts
2025-06-20 18:17:13:INFO:Simulation 182 starts
2025-06-20 18:17:13:INFO:Simulation 182 starts
2025-06-20 18:18:14:INFO:Simulation 183 starts
2025-06-20 18:18:14:INFO:Simulation 183 starts
2025-06-20 18:18:14:INFO:Simulation 184 starts
2025-06-20 18:18:14:INFO:Simulation 184 starts
2025-06-20 18:18:14:INFO:Simulation 185 starts
2025-06-20 18:18:14:INFO:Simulation 185 starts
2025-06-20 18:19:15:INFO:Simulation 186 starts
2025-06-20 18:19:15:INFO:Simulation 186 starts
2025-06-20 18:20:16:INFO:Simulation 187 starts
2025-06-20 18:20:16:INFO:Simulation 187 starts
2025-06-20 18:20:16:INFO:Simulation 188 starts
2025-06-20 18:20:16:INFO:Simulation 188 starts
2025-06-20 18:21:16:INFO:Simulation 189 starts
2025-06-20 18:21:16:INFO:Simulation 189 starts
2025-06-20 18:22:17:INFO:Simulation 190 starts
2025-06-20 18:22:17:INFO:Simulation 190 starts
2025-06-20 18:23:18:INFO:Simulation 191 starts
2025-06-20 18:23:18:INFO:Simulation 191 starts
2025-06-20 18:24:19:INFO:Simulation 192 starts
2025-06-20 18:24:19:INFO:Simulation 192 starts
2025-06-20 18:24:19:INFO:Simulation 193 starts
2025-06-20 18:24:19:INFO:Simulation 193 starts
2025-06-20 18:25:20:INFO:Simulation 194 starts
2025-06-20 18:25:20:INFO:Simulation 194 starts
2025-06-20 18:26:20:INFO:Simulation 195 starts
2025-06-20 18:26:20:INFO:Simulation 195 starts
2025-06-20 18:27:21:INFO:Simulation 196 starts
2025-06-20 18:27:21:INFO:Simulation 196 starts
2025-06-20 18:28:22:INFO:Simulation 197 starts
2025-06-20 18:28:22:INFO:Simulation 197 starts
2025-06-20 18:28:22:INFO:Simulation 198 starts
2025-06-20 18:28:22:INFO:Simulation 198 starts
2025-06-20 18:28:22:INFO:Simulation 199 starts
2025-06-20 18:28:22:INFO:Simulation 199 starts
2025-06-20 18:29:23:INFO:Simulation 200 starts
2025-06-20 18:29:23:INFO:Simulation 200 starts
2025-06-20 18:30:24:INFO:Simulation 201 starts
2025-06-20 18:30:24:INFO:Simulation 201 starts
2025-06-20 18:31:24:INFO:Simulation 202 starts
2025-06-20 18:31:24:INFO:Simulation 202 starts
2025-06-20 18:31:24:INFO:Simulation 203 starts
2025-06-20 18:31:24:INFO:Simulation 203 starts
2025-06-20 18:32:25:INFO:Simulation 204 starts
2025-06-20 18:32:25:INFO:Simulation 204 starts
2025-06-20 18:33:26:INFO:Simulation 205 starts
2025-06-20 18:33:26:INFO:Simulation 205 starts
2025-06-20 18:34:27:INFO:Simulation 206 starts
2025-06-20 18:34:27:INFO:Simulation 206 starts
2025-06-20 18:35:28:INFO:Simulation 207 starts
2025-06-20 18:35:28:INFO:Simulation 207 starts
2025-06-20 18:35:28:INFO:Simulation 208 starts
2025-06-20 18:35:28:INFO:Simulation 208 starts
2025-06-20 18:36:28:INFO:Simulation 209 starts
2025-06-20 18:36:28:INFO:Simulation 209 starts
2025-06-20 18:37:29:INFO:Simulation 210 starts
2025-06-20 18:37:29:INFO:Simulation 210 starts
2025-06-20 18:37:29:INFO:Simulation 211 starts
2025-06-20 18:37:29:INFO:Simulation 211 starts
2025-06-20 18:37:29:INFO:Simulation 212 starts
2025-06-20 18:37:29:INFO:Simulation 212 starts
2025-06-20 18:38:30:INFO:Simulation 213 starts
2025-06-20 18:38:30:INFO:Simulation 213 starts
2025-06-20 18:39:31:INFO:Simulation 214 starts
2025-06-20 18:39:31:INFO:Simulation 214 starts
2025-06-20 18:40:31:INFO:Simulation 215 starts
2025-06-20 18:40:31:INFO:Simulation 215 starts
2025-06-20 18:41:32:INFO:Simulation 216 starts
2025-06-20 18:41:32:INFO:Simulation 216 starts
2025-06-20 18:41:32:INFO:Simulation 217 starts
2025-06-20 18:41:32:INFO:Simulation 217 starts
2025-06-20 18:42:32:INFO:Simulation 218 starts
2025-06-20 18:42:32:INFO:Simulation 218 starts
2025-06-20 18:43:33:INFO:Simulation 219 starts
2025-06-20 18:43:33:INFO:Simulation 219 starts
2025-06-20 18:44:34:INFO:Simulation 220 starts
2025-06-20 18:44:34:INFO:Simulation 220 starts
2025-06-20 18:45:35:INFO:Simulation 221 starts
2025-06-20 18:45:35:INFO:Simulation 221 starts
2025-06-20 18:46:35:INFO:Simulation 222 starts
2025-06-20 18:46:35:INFO:Simulation 222 starts
2025-06-20 18:46:35:INFO:Simulation 223 starts
2025-06-20 18:46:35:INFO:Simulation 223 starts
2025-06-20 18:47:36:INFO:Simulation 224 starts
2025-06-20 18:47:36:INFO:Simulation 224 starts
2025-06-20 18:48:37:INFO:Simulation 225 starts
2025-06-20 18:48:37:INFO:Simulation 225 starts
2025-06-20 18:49:38:INFO:Simulation 226 starts
2025-06-20 18:49:38:INFO:Simulation 226 starts
2025-06-20 18:50:39:INFO:Simulation 227 starts
2025-06-20 18:50:39:INFO:Simulation 227 starts
2025-06-20 18:50:39:INFO:Simulation 228 starts
2025-06-20 18:50:39:INFO:Simulation 228 starts
2025-06-20 18:51:40:INFO:Simulation 229 starts
2025-06-20 18:51:40:INFO:Simulation 229 starts
2025-06-20 18:52:41:INFO:Simulation 230 starts
2025-06-20 18:52:41:INFO:Simulation 230 starts
2025-06-20 18:53:42:INFO:Simulation 231 starts
2025-06-20 18:53:42:INFO:Simulation 231 starts
2025-06-20 18:54:42:INFO:Simulation 232 starts
2025-06-20 18:54:42:INFO:Simulation 232 starts
2025-06-20 18:54:42:INFO:Simulation 233 starts
2025-06-20 18:54:42:INFO:Simulation 233 starts
2025-06-20 18:55:43:INFO:Simulation 234 starts
2025-06-20 18:55:43:INFO:Simulation 234 starts
2025-06-20 18:56:44:INFO:Simulation 235 starts
2025-06-20 18:56:44:INFO:Simulation 235 starts
2025-06-20 18:56:44:INFO:Simulation 236 starts
2025-06-20 18:56:44:INFO:Simulation 236 starts
2025-06-20 18:57:45:INFO:Simulation 237 starts
2025-06-20 18:57:45:INFO:Simulation 237 starts
2025-06-20 18:57:45:INFO:Simulation 238 starts
2025-06-20 18:57:45:INFO:Simulation 238 starts
2025-06-20 18:58:46:INFO:Simulation 239 starts
2025-06-20 18:58:46:INFO:Simulation 239 starts
2025-06-20 18:59:46:INFO:Simulation 240 starts
2025-06-20 18:59:46:INFO:Simulation 240 starts
2025-06-20 19:00:47:INFO:Simulation 241 starts
2025-06-20 19:00:47:INFO:Simulation 241 starts
2025-06-20 19:01:48:INFO:Simulation 242 starts
2025-06-20 19:01:48:INFO:Simulation 242 starts
2025-06-20 19:01:48:INFO:Simulation 243 starts
2025-06-20 19:01:48:INFO:Simulation 243 starts
2025-06-20 19:02:48:INFO:Simulation 244 starts
2025-06-20 19:02:48:INFO:Simulation 244 starts
2025-06-20 19:03:49:INFO:Simulation 245 starts
2025-06-20 19:03:49:INFO:Simulation 245 starts
2025-06-20 19:04:50:INFO:Simulation 246 starts
2025-06-20 19:04:50:INFO:Simulation 246 starts
2025-06-20 19:05:51:INFO:Simulation 247 starts
2025-06-20 19:05:51:INFO:Simulation 247 starts
2025-06-20 19:05:51:INFO:Simulation 248 starts
2025-06-20 19:05:51:INFO:Simulation 248 starts
2025-06-20 19:06:51:INFO:Simulation 249 starts
2025-06-20 19:06:51:INFO:Simulation 249 starts
2025-06-20 19:07:52:INFO:Simulation 250 starts
2025-06-20 19:07:52:INFO:Simulation 250 starts
2025-06-20 19:08:52:INFO:Simulation 251 starts
2025-06-20 19:08:52:INFO:Simulation 251 starts
2025-06-20 19:09:53:INFO:Simulation 252 starts
2025-06-20 19:09:53:INFO:Simulation 252 starts
2025-06-20 19:10:54:INFO:Simulation 253 starts
2025-06-20 19:10:54:INFO:Simulation 253 starts
2025-06-20 19:10:54:INFO:Simulation 254 starts
2025-06-20 19:10:54:INFO:Simulation 254 starts
2025-06-20 19:10:55:INFO:Simulation 255 starts
2025-06-20 19:10:55:INFO:Simulation 255 starts
2025-06-20 19:11:55:INFO:Simulation 256 starts
2025-06-20 19:11:55:INFO:Simulation 256 starts
2025-06-20 19:12:56:INFO:Simulation 257 starts
2025-06-20 19:12:56:INFO:Simulation 257 starts
2025-06-20 19:13:57:INFO:Simulation 258 starts
2025-06-20 19:13:57:INFO:Simulation 258 starts
2025-06-20 19:13:57:INFO:Simulation 259 starts
2025-06-20 19:13:57:INFO:Simulation 259 starts
2025-06-20 19:14:58:INFO:Simulation 260 starts
2025-06-20 19:14:58:INFO:Simulation 260 starts
2025-06-20 19:15:59:INFO:Simulation 261 starts
2025-06-20 19:15:59:INFO:Simulation 261 starts
2025-06-20 19:17:00:INFO:Simulation 262 starts
2025-06-20 19:17:00:INFO:Simulation 262 starts
2025-06-20 19:18:00:INFO:Simulation 263 starts
2025-06-20 19:18:00:INFO:Simulation 263 starts
2025-06-20 19:19:01:INFO:Simulation 264 starts
2025-06-20 19:19:01:INFO:Simulation 264 starts
2025-06-20 19:19:01:INFO:Simulation 265 starts
2025-06-20 19:19:01:INFO:Simulation 265 starts
2025-06-20 19:20:02:INFO:Simulation 266 starts
2025-06-20 19:20:02:INFO:Simulation 266 starts
2025-06-20 19:21:02:INFO:Simulation 267 starts
2025-06-20 19:21:02:INFO:Simulation 267 starts
2025-06-20 19:22:03:INFO:Simulation 268 starts
2025-06-20 19:22:03:INFO:Simulation 268 starts
2025-06-20 19:23:04:INFO:Simulation 269 starts
2025-06-20 19:23:04:INFO:Simulation 269 starts
2025-06-20 19:23:04:INFO:Simulation 270 starts
2025-06-20 19:23:04:INFO:Simulation 270 starts
2025-06-20 19:24:04:INFO:Simulation 271 starts
2025-06-20 19:24:04:INFO:Simulation 271 starts
2025-06-20 19:25:05:INFO:Simulation 272 starts
2025-06-20 19:25:05:INFO:Simulation 272 starts
2025-06-20 19:26:06:INFO:Simulation 273 starts
2025-06-20 19:26:06:INFO:Simulation 273 starts
2025-06-20 19:27:07:INFO:Simulation 274 starts
2025-06-20 19:27:07:INFO:Simulation 274 starts
2025-06-20 19:28:08:INFO:Simulation 275 starts
2025-06-20 19:28:08:INFO:Simulation 275 starts
2025-06-20 19:28:08:INFO:Simulation 276 starts
2025-06-20 19:28:08:INFO:Simulation 276 starts
2025-06-20 19:29:09:INFO:Simulation 277 starts
2025-06-20 19:29:09:INFO:Simulation 277 starts
2025-06-20 19:30:09:INFO:Simulation 278 starts
2025-06-20 19:30:09:INFO:Simulation 278 starts
2025-06-20 19:31:10:INFO:Simulation 279 starts
2025-06-20 19:31:10:INFO:Simulation 279 starts
2025-06-20 19:32:11:INFO:Simulation 280 starts
2025-06-20 19:32:11:INFO:Simulation 280 starts
2025-06-20 19:32:11:INFO:Simulation 281 starts
2025-06-20 19:32:11:INFO:Simulation 281 starts
2025-06-20 19:33:11:INFO:Simulation 282 starts
2025-06-20 19:33:11:INFO:Simulation 282 starts
2025-06-20 19:34:12:INFO:Simulation 283 starts
2025-06-20 19:34:12:INFO:Simulation 283 starts
2025-06-20 19:35:14:INFO:Simulation 284 starts
2025-06-20 19:35:14:INFO:Simulation 284 starts
2025-06-20 19:36:16:INFO:Simulation 285 starts
2025-06-20 19:36:16:INFO:Simulation 285 starts
2025-06-20 19:37:17:INFO:Simulation 286 starts
2025-06-20 19:37:17:INFO:Simulation 286 starts
2025-06-20 19:37:17:INFO:Simulation 287 starts
2025-06-20 19:37:17:INFO:Simulation 287 starts
2025-06-20 19:38:19:INFO:Simulation 288 starts
2025-06-20 19:38:19:INFO:Simulation 288 starts
2025-06-20 19:39:20:INFO:Simulation 289 starts
2025-06-20 19:39:20:INFO:Simulation 289 starts
2025-06-20 19:40:21:INFO:Simulation 290 starts
2025-06-20 19:40:21:INFO:Simulation 290 starts
2025-06-20 19:41:23:INFO:Simulation 291 starts
2025-06-20 19:41:23:INFO:Simulation 291 starts
2025-06-20 19:42:24:INFO:Simulation 292 starts
2025-06-20 19:42:24:INFO:Simulation 292 starts
2025-06-20 19:42:24:INFO:Simulation 293 starts
2025-06-20 19:42:24:INFO:Simulation 293 starts
2025-06-20 19:43:26:INFO:Simulation 294 starts
2025-06-20 19:43:26:INFO:Simulation 294 starts
2025-06-20 19:43:27:INFO:Simulation 295 starts
2025-06-20 19:43:27:INFO:Simulation 295 starts
2025-06-20 19:44:28:INFO:Simulation 296 starts
2025-06-20 19:44:28:INFO:Simulation 296 starts
2025-06-20 19:45:30:INFO:Simulation 297 starts
2025-06-20 19:45:30:INFO:Simulation 297 starts
2025-06-20 19:45:30:INFO:Simulation 298 starts
2025-06-20 19:45:30:INFO:Simulation 298 starts
2025-06-20 19:46:31:INFO:Simulation 299 starts
2025-06-20 19:46:31:INFO:Simulation 299 starts
2025-06-20 19:47:33:INFO:Simulation 300 starts
2025-06-20 19:47:33:INFO:Simulation 300 starts
2025-06-20 19:48:34:INFO:Simulation 301 starts
2025-06-20 19:48:34:INFO:Simulation 301 starts
2025-06-20 19:49:35:INFO:Simulation 302 starts
2025-06-20 19:49:35:INFO:Simulation 302 starts
2025-06-20 19:50:37:INFO:Simulation 303 starts
2025-06-20 19:50:37:INFO:Simulation 303 starts
2025-06-20 19:50:37:INFO:Simulation 304 starts
2025-06-20 19:50:37:INFO:Simulation 304 starts
2025-06-20 19:51:38:INFO:Simulation 305 starts
2025-06-20 19:51:38:INFO:Simulation 305 starts
2025-06-20 19:52:40:INFO:Simulation 306 starts
2025-06-20 19:52:40:INFO:Simulation 306 starts
2025-06-20 19:53:41:INFO:Simulation 307 starts
2025-06-20 19:53:41:INFO:Simulation 307 starts
2025-06-20 19:54:43:INFO:Simulation 308 starts
2025-06-20 19:54:43:INFO:Simulation 308 starts
2025-06-20 19:55:44:INFO:Simulation 309 starts
2025-06-20 19:55:44:INFO:Simulation 309 starts
2025-06-20 19:55:44:INFO:Simulation 310 starts
2025-06-20 19:55:44:INFO:Simulation 310 starts
2025-06-20 19:56:46:INFO:Simulation 311 starts
2025-06-20 19:56:46:INFO:Simulation 311 starts
2025-06-20 19:57:48:INFO:Simulation 312 starts
2025-06-20 19:57:48:INFO:Simulation 312 starts
2025-06-20 19:58:50:INFO:Simulation 313 starts
2025-06-20 19:58:50:INFO:Simulation 313 starts
2025-06-20 19:59:52:INFO:Simulation 314 starts
2025-06-20 19:59:52:INFO:Simulation 314 starts
2025-06-20 20:00:53:INFO:Simulation 315 starts
2025-06-20 20:00:53:INFO:Simulation 315 starts
2025-06-20 20:00:53:INFO:Simulation 316 starts
2025-06-20 20:00:53:INFO:Simulation 316 starts
2025-06-20 20:01:56:INFO:Simulation 317 starts
2025-06-20 20:01:56:INFO:Simulation 317 starts
2025-06-20 20:02:57:INFO:Simulation 318 starts
2025-06-20 20:02:57:INFO:Simulation 318 starts
2025-06-20 20:02:57:INFO:Simulation 319 starts
2025-06-20 20:02:57:INFO:Simulation 319 starts
2025-06-20 20:03:59:INFO:Simulation 320 starts
2025-06-20 20:03:59:INFO:Simulation 320 starts
2025-06-20 20:03:59:INFO:Simulation 321 starts
2025-06-20 20:03:59:INFO:Simulation 321 starts
2025-06-20 20:03:59:INFO:Simulation 322 starts
2025-06-20 20:03:59:INFO:Simulation 322 starts
2025-06-20 20:05:00:INFO:Simulation 323 starts
2025-06-20 20:05:00:INFO:Simulation 323 starts
2025-06-20 20:06:02:INFO:Simulation 324 starts
2025-06-20 20:06:02:INFO:Simulation 324 starts
2025-06-20 20:07:03:INFO:Simulation 325 starts
2025-06-20 20:07:03:INFO:Simulation 325 starts
2025-06-20 20:08:04:INFO:Simulation 326 starts
2025-06-20 20:08:04:INFO:Simulation 326 starts
2025-06-20 20:09:05:INFO:Simulation 327 starts
2025-06-20 20:09:05:INFO:Simulation 327 starts
2025-06-20 20:09:05:INFO:Simulation 328 starts
2025-06-20 20:09:05:INFO:Simulation 328 starts
2025-06-20 20:10:07:INFO:Simulation 329 starts
2025-06-20 20:10:07:INFO:Simulation 329 starts
2025-06-20 20:11:08:INFO:Simulation 330 starts
2025-06-20 20:11:08:INFO:Simulation 330 starts
2025-06-20 20:12:10:INFO:Simulation 331 starts
2025-06-20 20:12:10:INFO:Simulation 331 starts
2025-06-20 20:13:11:INFO:Simulation 332 starts
2025-06-20 20:13:11:INFO:Simulation 332 starts
2025-06-20 20:14:12:INFO:Simulation 333 starts
2025-06-20 20:14:12:INFO:Simulation 333 starts
2025-06-20 20:14:12:INFO:Simulation 334 starts
2025-06-20 20:14:12:INFO:Simulation 334 starts
2025-06-20 20:15:14:INFO:Simulation 335 starts
2025-06-20 20:15:14:INFO:Simulation 335 starts
2025-06-20 20:16:15:INFO:Simulation 336 starts
2025-06-20 20:16:15:INFO:Simulation 336 starts
2025-06-20 20:17:16:INFO:Simulation 337 starts
2025-06-20 20:17:16:INFO:Simulation 337 starts
2025-06-20 20:18:18:INFO:Simulation 338 starts
2025-06-20 20:18:18:INFO:Simulation 338 starts
2025-06-20 20:19:19:INFO:Simulation 339 starts
2025-06-20 20:19:19:INFO:Simulation 339 starts
2025-06-20 20:19:19:INFO:Simulation 340 starts
2025-06-20 20:19:19:INFO:Simulation 340 starts
2025-06-20 20:20:20:INFO:Simulation 341 starts
2025-06-20 20:20:20:INFO:Simulation 341 starts
2025-06-20 20:21:22:INFO:Simulation 342 starts
2025-06-20 20:21:22:INFO:Simulation 342 starts
2025-06-20 20:22:23:INFO:Simulation 343 starts
2025-06-20 20:22:23:INFO:Simulation 343 starts
2025-06-20 20:23:24:INFO:Simulation 344 starts
2025-06-20 20:23:24:INFO:Simulation 344 starts
2025-06-20 20:24:26:INFO:Simulation 345 starts
2025-06-20 20:24:26:INFO:Simulation 345 starts
2025-06-20 20:24:26:INFO:Simulation 346 starts
2025-06-20 20:24:26:INFO:Simulation 346 starts
2025-06-20 20:25:27:INFO:Simulation 347 starts
2025-06-20 20:25:27:INFO:Simulation 347 starts
2025-06-20 20:25:27:INFO:Simulation 348 starts
2025-06-20 20:25:27:INFO:Simulation 348 starts
2025-06-20 20:26:28:INFO:Simulation 349 starts
2025-06-20 20:26:28:INFO:Simulation 349 starts
2025-06-20 20:27:29:INFO:Simulation 350 starts
2025-06-20 20:27:29:INFO:Simulation 350 starts
2025-06-20 20:28:30:INFO:Simulation 351 starts
2025-06-20 20:28:30:INFO:Simulation 351 starts
2025-06-20 20:28:30:INFO:Simulation 352 starts
2025-06-20 20:28:30:INFO:Simulation 352 starts
2025-06-20 20:29:32:INFO:Simulation 353 starts
2025-06-20 20:29:32:INFO:Simulation 353 starts
2025-06-20 20:30:33:INFO:Simulation 354 starts
2025-06-20 20:30:33:INFO:Simulation 354 starts
2025-06-20 20:31:35:INFO:Simulation 355 starts
2025-06-20 20:31:35:INFO:Simulation 355 starts
2025-06-20 20:32:36:INFO:Simulation 356 starts
2025-06-20 20:32:36:INFO:Simulation 356 starts
2025-06-20 20:33:37:INFO:Simulation 357 starts
2025-06-20 20:33:37:INFO:Simulation 357 starts
2025-06-20 20:34:39:INFO:Simulation 358 starts
2025-06-20 20:34:39:INFO:Simulation 358 starts
2025-06-20 20:34:39:INFO:Simulation 359 starts
2025-06-20 20:34:39:INFO:Simulation 359 starts
2025-06-20 20:35:40:INFO:Simulation 360 starts
2025-06-20 20:35:40:INFO:Simulation 360 starts
2025-06-20 20:36:41:INFO:Simulation 361 starts
2025-06-20 20:36:41:INFO:Simulation 361 starts
2025-06-20 20:37:42:INFO:Simulation 362 starts
2025-06-20 20:37:42:INFO:Simulation 362 starts
2025-06-20 20:38:44:INFO:Simulation 363 starts
2025-06-20 20:38:44:INFO:Simulation 363 starts
2025-06-20 20:39:45:INFO:Simulation 364 starts
2025-06-20 20:39:45:INFO:Simulation 364 starts
2025-06-20 20:39:45:INFO:Simulation 365 starts
2025-06-20 20:39:45:INFO:Simulation 365 starts
2025-06-20 20:40:46:INFO:Simulation 366 starts
2025-06-20 20:40:46:INFO:Simulation 366 starts
2025-06-20 20:41:48:INFO:Simulation 367 starts
2025-06-20 20:41:48:INFO:Simulation 367 starts
2025-06-20 20:42:50:INFO:Simulation 368 starts
2025-06-20 20:42:50:INFO:Simulation 368 starts
2025-06-20 20:43:51:INFO:Simulation 369 starts
2025-06-20 20:43:51:INFO:Simulation 369 starts
2025-06-20 20:44:52:INFO:Simulation 370 starts
2025-06-20 20:44:52:INFO:Simulation 370 starts
2025-06-20 20:44:52:INFO:Simulation 371 starts
2025-06-20 20:44:52:INFO:Simulation 371 starts
2025-06-20 20:45:53:INFO:Simulation 372 starts
2025-06-20 20:45:53:INFO:Simulation 372 starts
2025-06-20 20:46:54:INFO:Simulation 373 starts
2025-06-20 20:46:54:INFO:Simulation 373 starts
2025-06-20 20:46:54:INFO:Simulation 374 starts
2025-06-20 20:46:54:INFO:Simulation 374 starts
2025-06-20 20:47:55:INFO:Simulation 375 starts
2025-06-20 20:47:55:INFO:Simulation 375 starts
2025-06-20 20:48:57:INFO:Simulation 376 starts
2025-06-20 20:48:57:INFO:Simulation 376 starts
2025-06-20 20:49:59:INFO:Simulation 377 starts
2025-06-20 20:49:59:INFO:Simulation 377 starts
2025-06-20 20:49:59:INFO:Simulation 378 starts
2025-06-20 20:49:59:INFO:Simulation 378 starts
2025-06-20 20:50:00:INFO:Simulation 379 starts
2025-06-20 20:50:00:INFO:Simulation 379 starts
2025-06-20 20:51:01:INFO:Simulation 380 starts
2025-06-20 20:51:01:INFO:Simulation 380 starts
2025-06-20 20:52:02:INFO:Simulation 381 starts
2025-06-20 20:52:02:INFO:Simulation 381 starts
2025-06-20 20:53:03:INFO:Simulation 382 starts
2025-06-20 20:53:03:INFO:Simulation 382 starts
2025-06-20 20:54:05:INFO:Simulation 383 starts
2025-06-20 20:54:05:INFO:Simulation 383 starts
2025-06-20 20:54:05:INFO:Simulation 384 starts
2025-06-20 20:54:05:INFO:Simulation 384 starts
2025-06-20 20:55:06:INFO:Simulation 385 starts
2025-06-20 20:55:06:INFO:Simulation 385 starts
2025-06-20 20:56:07:INFO:Simulation 386 starts
2025-06-20 20:56:07:INFO:Simulation 386 starts
2025-06-20 20:56:07:INFO:Simulation 387 starts
2025-06-20 20:56:07:INFO:Simulation 387 starts
2025-06-20 20:56:07:INFO:Simulation 388 starts
2025-06-20 20:56:07:INFO:Simulation 388 starts
2025-06-20 20:56:07:INFO:Simulation 389 starts
2025-06-20 20:56:07:INFO:Simulation 389 starts
2025-06-20 20:57:09:INFO:Simulation 390 starts
2025-06-20 20:57:09:INFO:Simulation 390 starts
2025-06-20 20:57:09:INFO:Simulation 391 starts
2025-06-20 20:57:09:INFO:Simulation 391 starts
2025-06-20 20:58:10:INFO:Simulation 392 starts
2025-06-20 20:58:10:INFO:Simulation 392 starts
2025-06-20 20:59:11:INFO:Simulation 393 starts
2025-06-20 20:59:11:INFO:Simulation 393 starts
2025-06-20 21:00:12:INFO:Simulation 394 starts
2025-06-20 21:00:12:INFO:Simulation 394 starts
2025-06-20 21:00:12:INFO:Simulation 395 starts
2025-06-20 21:00:12:INFO:Simulation 395 starts
2025-06-20 21:00:12:INFO:Simulation 396 starts
2025-06-20 21:00:12:INFO:Simulation 396 starts
2025-06-20 21:00:12:INFO:Simulation 397 starts
2025-06-20 21:00:12:INFO:Simulation 397 starts
2025-06-20 21:01:14:INFO:Simulation 398 starts
2025-06-20 21:01:14:INFO:Simulation 398 starts
2025-06-20 21:01:14:INFO:Simulation 399 starts
2025-06-20 21:01:14:INFO:Simulation 399 starts
2025-06-20 21:02:15:INFO:Simulation 400 starts
2025-06-20 21:02:15:INFO:Simulation 400 starts
2025-06-20 21:02:15:INFO:Simulation 401 starts
2025-06-20 21:02:15:INFO:Simulation 401 starts
2025-06-20 21:03:16:INFO:Simulation 402 starts
2025-06-20 21:03:16:INFO:Simulation 402 starts
2025-06-20 21:04:17:INFO:Simulation 403 starts
2025-06-20 21:04:17:INFO:Simulation 403 starts
2025-06-20 21:04:17:INFO:Simulation 404 starts
2025-06-20 21:04:17:INFO:Simulation 404 starts
2025-06-20 21:05:19:INFO:Simulation 405 starts
2025-06-20 21:05:19:INFO:Simulation 405 starts
2025-06-20 21:06:20:INFO:Simulation 406 starts
2025-06-20 21:06:20:INFO:Simulation 406 starts
2025-06-20 21:06:20:INFO:Simulation 407 starts
2025-06-20 21:06:20:INFO:Simulation 407 starts
2025-06-20 21:06:20:INFO:Simulation 408 starts
2025-06-20 21:06:20:INFO:Simulation 408 starts
2025-06-20 21:07:22:INFO:Simulation 409 starts
2025-06-20 21:07:22:INFO:Simulation 409 starts
2025-06-20 21:07:22:INFO:Simulation 410 starts
2025-06-20 21:07:22:INFO:Simulation 410 starts
2025-06-20 21:07:22:INFO:Simulation 411 starts
2025-06-20 21:07:22:INFO:Simulation 411 starts
2025-06-20 21:07:22:INFO:Simulation 412 starts
2025-06-20 21:07:22:INFO:Simulation 412 starts
2025-06-20 21:07:22:INFO:Simulation 413 starts
2025-06-20 21:07:22:INFO:Simulation 413 starts
2025-06-20 21:07:22:INFO:Simulation 414 starts
2025-06-20 21:07:22:INFO:Simulation 414 starts
2025-06-20 21:07:22:INFO:Simulation 415 starts
2025-06-20 21:07:22:INFO:Simulation 415 starts
2025-06-20 21:07:22:INFO:Simulation 416 starts
2025-06-20 21:07:22:INFO:Simulation 416 starts
2025-06-20 21:07:22:INFO:Simulation 417 starts
2025-06-20 21:07:22:INFO:Simulation 417 starts
2025-06-20 21:07:22:INFO:Simulation 418 starts
2025-06-20 21:07:22:INFO:Simulation 418 starts
2025-06-20 21:08:24:INFO:Simulation 419 starts
2025-06-20 21:08:24:INFO:Simulation 419 starts
2025-06-20 21:08:24:INFO:Simulation 420 starts
2025-06-20 21:08:24:INFO:Simulation 420 starts
2025-06-20 21:09:25:INFO:Simulation 421 starts
2025-06-20 21:09:25:INFO:Simulation 421 starts
2025-06-20 21:09:25:INFO:Simulation 422 starts
2025-06-20 21:09:25:INFO:Simulation 422 starts
2025-06-20 21:09:25:INFO:Simulation 423 starts
2025-06-20 21:09:25:INFO:Simulation 423 starts
2025-06-20 21:09:25:INFO:Simulation 424 starts
2025-06-20 21:09:25:INFO:Simulation 424 starts
2025-06-20 21:09:25:INFO:Simulation 425 starts
2025-06-20 21:09:25:INFO:Simulation 425 starts
2025-06-20 21:09:25:INFO:Simulation 426 starts
2025-06-20 21:09:25:INFO:Simulation 426 starts
2025-06-20 21:09:25:INFO:Simulation 427 starts
2025-06-20 21:09:25:INFO:Simulation 427 starts
2025-06-20 21:10:26:INFO:Simulation 428 starts
2025-06-20 21:10:26:INFO:Simulation 428 starts
2025-06-20 21:11:27:INFO:Simulation 429 starts
2025-06-20 21:11:27:INFO:Simulation 429 starts
2025-06-20 21:12:28:INFO:Simulation 430 starts
2025-06-20 21:12:28:INFO:Simulation 430 starts
2025-06-20 21:12:28:INFO:Simulation 431 starts
2025-06-20 21:12:28:INFO:Simulation 431 starts
2025-06-20 21:13:29:INFO:Simulation 432 starts
2025-06-20 21:13:29:INFO:Simulation 432 starts
2025-06-20 21:14:31:INFO:Simulation 433 starts
2025-06-20 21:14:31:INFO:Simulation 433 starts
2025-06-20 21:15:32:INFO:Simulation 434 starts
2025-06-20 21:15:32:INFO:Simulation 434 starts
2025-06-20 21:16:33:INFO:Simulation 435 starts
2025-06-20 21:16:33:INFO:Simulation 435 starts
2025-06-20 21:17:35:INFO:Simulation 436 starts
2025-06-20 21:17:35:INFO:Simulation 436 starts
2025-06-20 21:18:36:INFO:Simulation 437 starts
2025-06-20 21:18:36:INFO:Simulation 437 starts
2025-06-20 21:18:36:INFO:Simulation 438 starts
2025-06-20 21:18:36:INFO:Simulation 438 starts
2025-06-20 21:19:38:INFO:Simulation 439 starts
2025-06-20 21:19:38:INFO:Simulation 439 starts
2025-06-20 21:20:39:INFO:Simulation 440 starts
2025-06-20 21:20:39:INFO:Simulation 440 starts
2025-06-20 21:21:41:INFO:Simulation 441 starts
2025-06-20 21:21:41:INFO:Simulation 441 starts
2025-06-20 21:22:42:INFO:Simulation 442 starts
2025-06-20 21:22:42:INFO:Simulation 442 starts
2025-06-20 21:22:42:INFO:Simulation 443 starts
2025-06-20 21:22:42:INFO:Simulation 443 starts
2025-06-20 21:23:43:INFO:Simulation 444 starts
2025-06-20 21:23:43:INFO:Simulation 444 starts
2025-06-20 21:23:43:INFO:Simulation 445 starts
2025-06-20 21:23:43:INFO:Simulation 445 starts
2025-06-20 21:24:44:INFO:Simulation 446 starts
2025-06-20 21:24:44:INFO:Simulation 446 starts
2025-06-20 21:25:40:INFO:Simulation 447 starts
2025-06-20 21:25:40:INFO:Simulation 447 starts
2025-06-20 21:26:42:INFO:Simulation 448 starts
2025-06-20 21:26:42:INFO:Simulation 448 starts
2025-06-20 21:26:42:INFO:Simulation 449 starts
2025-06-20 21:26:42:INFO:Simulation 449 starts
2025-06-20 21:26:42:INFO:Simulation 450 starts
2025-06-20 21:26:42:INFO:Simulation 450 starts
2025-06-20 21:27:43:INFO:Simulation 451 starts
2025-06-20 21:27:43:INFO:Simulation 451 starts
2025-06-20 21:27:43:INFO:Simulation 452 starts
2025-06-20 21:27:43:INFO:Simulation 452 starts
2025-06-20 21:27:43:INFO:Simulation 453 starts
2025-06-20 21:27:43:INFO:Simulation 453 starts
2025-06-20 21:27:43:INFO:Simulation 454 starts
2025-06-20 21:27:43:INFO:Simulation 454 starts
2025-06-20 21:27:43:INFO:Simulation 455 starts
2025-06-20 21:27:43:INFO:Simulation 455 starts
2025-06-20 21:27:43:INFO:Simulation 456 starts
2025-06-20 21:27:43:INFO:Simulation 456 starts
2025-06-20 21:28:44:INFO:Simulation 457 starts
2025-06-20 21:28:44:INFO:Simulation 457 starts
2025-06-20 21:28:44:INFO:Simulation 458 starts
2025-06-20 21:28:44:INFO:Simulation 458 starts
2025-06-20 21:28:44:INFO:Simulation 459 starts
2025-06-20 21:28:44:INFO:Simulation 459 starts
2025-06-20 21:28:44:INFO:Simulation 460 starts
2025-06-20 21:28:44:INFO:Simulation 460 starts
2025-06-20 21:28:44:INFO:Simulation 461 starts
2025-06-20 21:28:44:INFO:Simulation 461 starts
2025-06-20 21:28:44:INFO:Simulation 462 starts
2025-06-20 21:28:44:INFO:Simulation 462 starts
2025-06-20 21:29:46:INFO:Simulation 463 starts
2025-06-20 21:29:46:INFO:Simulation 463 starts
2025-06-20 21:30:48:INFO:Simulation 464 starts
2025-06-20 21:30:48:INFO:Simulation 464 starts
2025-06-20 21:30:48:INFO:Simulation 465 starts
2025-06-20 21:30:48:INFO:Simulation 465 starts
2025-06-20 21:31:50:INFO:Simulation 466 starts
2025-06-20 21:31:50:INFO:Simulation 466 starts
2025-06-20 21:31:50:INFO:Simulation 467 starts
2025-06-20 21:31:50:INFO:Simulation 467 starts
2025-06-20 21:32:51:INFO:Simulation 468 starts
2025-06-20 21:32:51:INFO:Simulation 468 starts
2025-06-20 21:32:51:INFO:Simulation 469 starts
2025-06-20 21:32:51:INFO:Simulation 469 starts
2025-06-20 21:33:52:INFO:Simulation 470 starts
2025-06-20 21:33:52:INFO:Simulation 470 starts
2025-06-20 21:34:53:INFO:Simulation 471 starts
2025-06-20 21:34:53:INFO:Simulation 471 starts
2025-06-20 21:35:56:INFO:Simulation 472 starts
2025-06-20 21:35:56:INFO:Simulation 472 starts
2025-06-20 21:35:56:INFO:Simulation 473 starts
2025-06-20 21:35:56:INFO:Simulation 473 starts
2025-06-20 21:35:56:INFO:Simulation 474 starts
2025-06-20 21:35:56:INFO:Simulation 474 starts
2025-06-20 21:36:58:INFO:Simulation 475 starts
2025-06-20 21:36:58:INFO:Simulation 475 starts
2025-06-20 21:36:59:INFO:Simulation 476 starts
2025-06-20 21:36:59:INFO:Simulation 476 starts
2025-06-20 21:36:59:INFO:Simulation 477 starts
2025-06-20 21:36:59:INFO:Simulation 477 starts
2025-06-20 21:36:59:INFO:Simulation 478 starts
2025-06-20 21:36:59:INFO:Simulation 478 starts
2025-06-20 21:36:59:INFO:Simulation 479 starts
2025-06-20 21:36:59:INFO:Simulation 479 starts
2025-06-20 21:36:59:INFO:Simulation 480 starts
2025-06-20 21:36:59:INFO:Simulation 480 starts
2025-06-20 21:36:59:INFO:Simulation 481 starts
2025-06-20 21:36:59:INFO:Simulation 481 starts
2025-06-20 21:38:00:INFO:Simulation 482 starts
2025-06-20 21:38:00:INFO:Simulation 482 starts
2025-06-20 21:39:01:INFO:Simulation 483 starts
2025-06-20 21:39:01:INFO:Simulation 483 starts
2025-06-20 21:40:03:INFO:Simulation 484 starts
2025-06-20 21:40:03:INFO:Simulation 484 starts
2025-06-20 21:41:04:INFO:Simulation 485 starts
2025-06-20 21:41:04:INFO:Simulation 485 starts
2025-06-20 21:42:05:INFO:Simulation 486 starts
2025-06-20 21:42:05:INFO:Simulation 486 starts
2025-06-20 21:43:06:INFO:Simulation 487 starts
2025-06-20 21:43:06:INFO:Simulation 487 starts
2025-06-20 21:44:08:INFO:Simulation 488 starts
2025-06-20 21:44:08:INFO:Simulation 488 starts
2025-06-20 21:44:08:INFO:Simulation 489 starts
2025-06-20 21:44:08:INFO:Simulation 489 starts
2025-06-20 21:45:09:INFO:Simulation 490 starts
2025-06-20 21:45:09:INFO:Simulation 490 starts
2025-06-20 21:45:09:INFO:Simulation 491 starts
2025-06-20 21:45:09:INFO:Simulation 491 starts
2025-06-20 21:45:09:INFO:Simulation 492 starts
2025-06-20 21:45:09:INFO:Simulation 492 starts
2025-06-20 21:45:09:INFO:Simulation 493 starts
2025-06-20 21:45:09:INFO:Simulation 493 starts
2025-06-20 21:45:09:INFO:Simulation 494 starts
2025-06-20 21:45:09:INFO:Simulation 494 starts
2025-06-20 21:45:09:INFO:Simulation 495 starts
2025-06-20 21:45:09:INFO:Simulation 495 starts
2025-06-20 21:45:09:INFO:Simulation 496 starts
2025-06-20 21:45:09:INFO:Simulation 496 starts
2025-06-20 21:45:09:INFO:Simulation 497 starts
2025-06-20 21:45:09:INFO:Simulation 497 starts
2025-06-20 21:46:10:INFO:Simulation 498 starts
2025-06-20 21:46:10:INFO:Simulation 498 starts
2025-06-20 21:47:12:INFO:Simulation 499 starts
2025-06-20 21:47:12:INFO:Simulation 499 starts
2025-06-20 21:48:14:INFO:Simulation 500 starts
2025-06-20 21:48:14:INFO:Simulation 500 starts
2025-06-20 21:48:14:INFO:Simulation 501 starts
2025-06-20 21:48:14:INFO:Simulation 501 starts
2025-06-20 21:49:16:INFO:Simulation 502 starts
2025-06-20 21:49:16:INFO:Simulation 502 starts
2025-06-20 21:50:18:INFO:Simulation 503 starts
2025-06-20 21:50:18:INFO:Simulation 503 starts
2025-06-20 21:50:18:INFO:Simulation 504 starts
2025-06-20 21:50:18:INFO:Simulation 504 starts
2025-06-20 21:51:19:INFO:Simulation 505 starts
2025-06-20 21:51:19:INFO:Simulation 505 starts
2025-06-20 21:52:19:INFO:Simulation 506 starts
2025-06-20 21:52:19:INFO:Simulation 506 starts
2025-06-20 21:53:21:INFO:Simulation 507 starts
2025-06-20 21:53:21:INFO:Simulation 507 starts
2025-06-20 21:54:22:INFO:Simulation 508 starts
2025-06-20 21:54:22:INFO:Simulation 508 starts
2025-06-20 21:54:22:INFO:Simulation 509 starts
2025-06-20 21:54:22:INFO:Simulation 509 starts
2025-06-20 21:54:22:INFO:Simulation 510 starts
2025-06-20 21:54:22:INFO:Simulation 510 starts
2025-06-20 21:54:22:INFO:Simulation 511 starts
2025-06-20 21:54:22:INFO:Simulation 511 starts
2025-06-20 21:55:23:INFO:Simulation 512 starts
2025-06-20 21:55:23:INFO:Simulation 512 starts
2025-06-20 21:55:23:INFO:Simulation 513 starts
2025-06-20 21:55:23:INFO:Simulation 513 starts
2025-06-20 21:55:23:INFO:Simulation 514 starts
2025-06-20 21:55:23:INFO:Simulation 514 starts
2025-06-20 21:55:23:INFO:Simulation 515 starts
2025-06-20 21:55:23:INFO:Simulation 515 starts
2025-06-20 21:55:23:INFO:Simulation 516 starts
2025-06-20 21:55:23:INFO:Simulation 516 starts
2025-06-20 21:55:24:INFO:Simulation 517 starts
2025-06-20 21:55:24:INFO:Simulation 517 starts
2025-06-20 21:56:25:INFO:Simulation 518 starts
2025-06-20 21:56:25:INFO:Simulation 518 starts
2025-06-20 21:56:25:INFO:Simulation 519 starts
2025-06-20 21:56:25:INFO:Simulation 519 starts
2025-06-20 21:56:25:INFO:Simulation 520 starts
2025-06-20 21:56:25:INFO:Simulation 520 starts
2025-06-20 21:56:25:INFO:Simulation 521 starts
2025-06-20 21:56:25:INFO:Simulation 521 starts
2025-06-20 21:56:25:INFO:Simulation 522 starts
2025-06-20 21:56:25:INFO:Simulation 522 starts
2025-06-20 21:56:25:INFO:Simulation 523 starts
2025-06-20 21:56:25:INFO:Simulation 523 starts
2025-06-20 21:56:25:INFO:Simulation 524 starts
2025-06-20 21:56:25:INFO:Simulation 524 starts
2025-06-20 21:56:25:INFO:Simulation 525 starts
2025-06-20 21:56:25:INFO:Simulation 525 starts
2025-06-20 21:57:27:INFO:Simulation 526 starts
2025-06-20 21:57:27:INFO:Simulation 526 starts
2025-06-20 21:57:27:INFO:Simulation 527 starts
2025-06-20 21:57:27:INFO:Simulation 527 starts
2025-06-20 21:58:28:INFO:Simulation 528 starts
2025-06-20 21:58:28:INFO:Simulation 528 starts
2025-06-20 21:59:29:INFO:Simulation 529 starts
2025-06-20 21:59:29:INFO:Simulation 529 starts
2025-06-20 21:59:29:INFO:Simulation 530 starts
2025-06-20 21:59:29:INFO:Simulation 530 starts
2025-06-20 22:00:31:INFO:Simulation 531 starts
2025-06-20 22:00:31:INFO:Simulation 531 starts
2025-06-20 22:01:32:INFO:Simulation 532 starts
2025-06-20 22:01:32:INFO:Simulation 532 starts
2025-06-20 22:02:34:INFO:Simulation 533 starts
2025-06-20 22:02:34:INFO:Simulation 533 starts
2025-06-20 22:02:34:INFO:Simulation 534 starts
2025-06-20 22:02:34:INFO:Simulation 534 starts
2025-06-20 22:03:35:INFO:Simulation 535 starts
2025-06-20 22:03:35:INFO:Simulation 535 starts
2025-06-20 22:04:36:INFO:Simulation 536 starts
2025-06-20 22:04:36:INFO:Simulation 536 starts
2025-06-20 22:05:38:INFO:Simulation 537 starts
2025-06-20 22:05:38:INFO:Simulation 537 starts
2025-06-20 22:06:39:INFO:Simulation 538 starts
2025-06-20 22:06:39:INFO:Simulation 538 starts
2025-06-20 22:06:39:INFO:Simulation 539 starts
2025-06-20 22:06:39:INFO:Simulation 539 starts
2025-06-20 22:06:39:INFO:Simulation 540 starts
2025-06-20 22:06:39:INFO:Simulation 540 starts
2025-06-20 22:07:41:INFO:Simulation 541 starts
2025-06-20 22:07:41:INFO:Simulation 541 starts
2025-06-20 22:07:41:INFO:Simulation 542 starts
2025-06-20 22:07:41:INFO:Simulation 542 starts
2025-06-20 22:08:42:INFO:Simulation 543 starts
2025-06-20 22:08:42:INFO:Simulation 543 starts
2025-06-20 22:09:37:INFO:Simulation 544 starts
2025-06-20 22:09:37:INFO:Simulation 544 starts
2025-06-20 22:10:38:INFO:Simulation 545 starts
2025-06-20 22:10:38:INFO:Simulation 545 starts
2025-06-20 22:11:40:INFO:Simulation 546 starts
2025-06-20 22:11:40:INFO:Simulation 546 starts
2025-06-20 22:12:41:INFO:Simulation 547 starts
2025-06-20 22:12:41:INFO:Simulation 547 starts
2025-06-20 22:13:43:INFO:Simulation 548 starts
2025-06-20 22:13:43:INFO:Simulation 548 starts
2025-06-20 22:14:44:INFO:Simulation 549 starts
2025-06-20 22:14:44:INFO:Simulation 549 starts
2025-06-20 22:14:44:INFO:Simulation 550 starts
2025-06-20 22:14:44:INFO:Simulation 550 starts
2025-06-20 22:14:44:INFO:Simulation 551 starts
2025-06-20 22:14:44:INFO:Simulation 551 starts
2025-06-20 22:15:46:INFO:Simulation 552 starts
2025-06-20 22:15:46:INFO:Simulation 552 starts
2025-06-20 22:16:48:INFO:Simulation 553 starts
2025-06-20 22:16:48:INFO:Simulation 553 starts
2025-06-20 22:17:49:INFO:Simulation 554 starts
2025-06-20 22:17:49:INFO:Simulation 554 starts
2025-06-20 22:17:49:INFO:Simulation 555 starts
2025-06-20 22:17:49:INFO:Simulation 555 starts
2025-06-20 22:18:51:INFO:Simulation 556 starts
2025-06-20 22:18:51:INFO:Simulation 556 starts
2025-06-20 22:19:52:INFO:Simulation 557 starts
2025-06-20 22:19:52:INFO:Simulation 557 starts
2025-06-20 22:19:52:INFO:Simulation 558 starts
2025-06-20 22:19:52:INFO:Simulation 558 starts
2025-06-20 22:20:53:INFO:Simulation 559 starts
2025-06-20 22:20:53:INFO:Simulation 559 starts
2025-06-20 22:20:53:INFO:Simulation 560 starts
2025-06-20 22:20:53:INFO:Simulation 560 starts
2025-06-20 22:20:53:INFO:Simulation 561 starts
2025-06-20 22:20:53:INFO:Simulation 561 starts
2025-06-20 22:20:53:INFO:Simulation 562 starts
2025-06-20 22:20:53:INFO:Simulation 562 starts
2025-06-20 22:21:55:INFO:Simulation 563 starts
2025-06-20 22:21:55:INFO:Simulation 563 starts
2025-06-20 22:21:55:INFO:Simulation 564 starts
2025-06-20 22:21:55:INFO:Simulation 564 starts
2025-06-20 22:21:55:INFO:Simulation 565 starts
2025-06-20 22:21:55:INFO:Simulation 565 starts
2025-06-20 22:21:55:INFO:Simulation 566 starts
2025-06-20 22:21:55:INFO:Simulation 566 starts
2025-06-20 22:21:55:INFO:Simulation 567 starts
2025-06-20 22:21:55:INFO:Simulation 567 starts
2025-06-20 22:21:55:INFO:Simulation 568 starts
2025-06-20 22:21:55:INFO:Simulation 568 starts
2025-06-20 22:21:55:INFO:Simulation 569 starts
2025-06-20 22:21:55:INFO:Simulation 569 starts
2025-06-20 22:21:55:INFO:Simulation 570 starts
2025-06-20 22:21:55:INFO:Simulation 570 starts
2025-06-20 22:21:55:INFO:Simulation 571 starts
2025-06-20 22:21:55:INFO:Simulation 571 starts
2025-06-20 22:21:55:INFO:Simulation 572 starts
2025-06-20 22:21:55:INFO:Simulation 572 starts
2025-06-20 22:22:56:INFO:Simulation 573 starts
2025-06-20 22:22:56:INFO:Simulation 573 starts
2025-06-20 22:22:56:INFO:Simulation 574 starts
2025-06-20 22:22:56:INFO:Simulation 574 starts
2025-06-20 22:22:56:INFO:Simulation 575 starts
2025-06-20 22:22:56:INFO:Simulation 575 starts
2025-06-20 22:22:56:INFO:Simulation 576 starts
2025-06-20 22:22:56:INFO:Simulation 576 starts
2025-06-20 22:23:28:INFO:Simulation 577 starts
2025-06-20 22:23:28:INFO:Simulation 577 starts
2025-06-20 22:24:29:INFO:Simulation 578 starts
2025-06-20 22:24:29:INFO:Simulation 578 starts
2025-06-20 22:25:30:INFO:Simulation 579 starts
2025-06-20 22:25:30:INFO:Simulation 579 starts
2025-06-20 22:25:30:INFO:Simulation 580 starts
2025-06-20 22:25:30:INFO:Simulation 580 starts
2025-06-20 22:25:30:INFO:Simulation 581 starts
2025-06-20 22:25:30:INFO:Simulation 581 starts
2025-06-20 22:25:30:INFO:Simulation 582 starts
2025-06-20 22:25:30:INFO:Simulation 582 starts
2025-06-20 22:26:32:INFO:Simulation 583 starts
2025-06-20 22:26:32:INFO:Simulation 583 starts
2025-06-20 22:27:34:INFO:Simulation 584 starts
2025-06-20 22:27:34:INFO:Simulation 584 starts
2025-06-20 22:28:35:INFO:Simulation 585 starts
2025-06-20 22:28:35:INFO:Simulation 585 starts
2025-06-20 22:29:37:INFO:Simulation 586 starts
2025-06-20 22:29:37:INFO:Simulation 586 starts
2025-06-20 22:29:38:INFO:Simulation 587 starts
2025-06-20 22:29:38:INFO:Simulation 587 starts
2025-06-20 22:29:38:INFO:Simulation 588 starts
2025-06-20 22:29:38:INFO:Simulation 588 starts
2025-06-20 22:30:39:INFO:Simulation 589 starts
2025-06-20 22:30:39:INFO:Simulation 589 starts
2025-06-20 22:31:41:INFO:Simulation 590 starts
2025-06-20 22:31:41:INFO:Simulation 590 starts
2025-06-20 22:31:41:INFO:Simulation 591 starts
2025-06-20 22:31:41:INFO:Simulation 591 starts
2025-06-20 22:32:43:INFO:Simulation 592 starts
2025-06-20 22:32:43:INFO:Simulation 592 starts
2025-06-20 22:32:43:INFO:Simulation 593 starts
2025-06-20 22:32:43:INFO:Simulation 593 starts
2025-06-20 22:33:44:INFO:Simulation 594 starts
2025-06-20 22:33:44:INFO:Simulation 594 starts
2025-06-20 22:34:45:INFO:Simulation 595 starts
2025-06-20 22:34:45:INFO:Simulation 595 starts
2025-06-20 22:35:46:INFO:Simulation 596 starts
2025-06-20 22:35:46:INFO:Simulation 596 starts
2025-06-20 22:36:47:INFO:Simulation 597 starts
2025-06-20 22:36:47:INFO:Simulation 597 starts
2025-06-20 22:36:47:INFO:Simulation 598 starts
2025-06-20 22:36:47:INFO:Simulation 598 starts
2025-06-20 22:36:47:INFO:Simulation 599 starts
2025-06-20 22:36:47:INFO:Simulation 599 starts
2025-06-20 22:36:48:INFO:
Select 0'th strategy: (then degree-shift (using-params simplify :elim_and true :blast_distinct true :local_ctx true :pull_cheap_ite true :som true :flat true :push_ite_arith true :hoist_ite true :arith_lhs true) smt)
improve on 19 instances,  new par10: 0.28686
Select 1'th strategy: (then propagate-values (using-params add-bounds :add_bound_lower -2 :add_bound_upper 2) normalize-bounds simplify smt)
improve on 9 instances,  new par10: 0.37729
Select 2'th strategy: (using-params smt :random_seed 400)
improve on 11 instances,  new par10: 0.39285
Select 3'th strategy: (using-params smt :random_seed 300)
improve on 6 instances,  new par10: 0.40731

2025-06-20 22:36:49:INFO:Selected 4 strategies: ['(then degree-shift (using-params simplify :elim_and true :blast_distinct true :local_ctx true :pull_cheap_ite true :som true :flat true :push_ite_arith true :hoist_ite true :arith_lhs true) smt)', '(then propagate-values (using-params add-bounds :add_bound_lower -2 :add_bound_upper 2) normalize-bounds simplify smt)', '(using-params smt :random_seed 400)', '(using-params smt :random_seed 300)'], saved to /tmp/experiments/synthesis/out-2025-06-20_16-11-47/ln_strat_candidates.csv
2025-06-20 22:36:49:INFO:Stage 1 Time: 23102
2025-06-20 22:36:50:INFO:Parallel strategy saved to /tmp/experiments/synthesis/out-2025-06-20_16-11-47/parallel_strategy.txt
2025-06-20 22:36:50:INFO:Synthesis time: 23102 seconds
============ Job Information ===================================================
Submitted: 2025-06-20T10:27:21
Started: 2025-06-20T16:02:36
Ended: 2025-06-20T22:36:51
Elapsed: 395 min, Limit: 2160 min, Difference: 1765 min
CPUs: 96, Nodes: 1
Estimated Consumption: 632.00 core-hours
================================================================================
