2025-06-19 23:28:24:INFO:Using Z3 version: Z3 version 4.15.0 - 64 bit
2025-06-19 23:31:26:INFO:S1 MCTS Simulations Start
2025-06-19 23:31:26:INFO:Simulation 0 starts
2025-06-19 23:31:26:INFO:Simulation 0 starts
2025-06-19 23:34:04:INFO:At sim 0, new best reward found: 0.39831
2025-06-19 23:34:04:INFO:At sim 0, new best reward found: 0.39831
2025-06-19 23:34:04:INFO:Simulation 1 starts
2025-06-19 23:34:04:INFO:Simulation 1 starts
2025-06-19 23:36:22:INFO:At sim 1, new best reward found: 0.41802
2025-06-19 23:36:22:INFO:At sim 1, new best reward found: 0.41802
2025-06-19 23:36:22:INFO:Simulation 2 starts
2025-06-19 23:36:22:INFO:Simulation 2 starts
2025-06-19 23:39:10:INFO:Simulation 3 starts
2025-06-19 23:39:10:INFO:Simulation 3 starts
2025-06-19 23:41:29:INFO:At sim 3, new best reward found: 0.41806
2025-06-19 23:41:29:INFO:At sim 3, new best reward found: 0.41806
2025-06-19 23:41:29:INFO:Simulation 4 starts
2025-06-19 23:41:29:INFO:Simulation 4 starts
2025-06-19 23:44:08:INFO:Simulation 5 starts
2025-06-19 23:44:08:INFO:Simulation 5 starts
2025-06-19 23:44:08:INFO:Simulation 6 starts
2025-06-19 23:44:08:INFO:Simulation 6 starts
2025-06-19 23:46:47:INFO:At sim 6, new best reward found: 0.41863
2025-06-19 23:46:47:INFO:At sim 6, new best reward found: 0.41863
2025-06-19 23:46:47:INFO:Simulation 7 starts
2025-06-19 23:46:47:INFO:Simulation 7 starts
2025-06-19 23:49:52:INFO:Simulation 8 starts
2025-06-19 23:49:52:INFO:Simulation 8 starts
2025-06-19 23:52:50:INFO:At sim 8, new best reward found: 0.42233
2025-06-19 23:52:50:INFO:At sim 8, new best reward found: 0.42233
2025-06-19 23:52:50:INFO:Simulation 9 starts
2025-06-19 23:52:50:INFO:Simulation 9 starts
2025-06-19 23:52:50:INFO:Simulation 10 starts
2025-06-19 23:52:50:INFO:Simulation 10 starts
2025-06-19 23:55:28:INFO:Simulation 11 starts
2025-06-19 23:55:28:INFO:Simulation 11 starts
2025-06-19 23:58:04:INFO:Simulation 12 starts
2025-06-19 23:58:04:INFO:Simulation 12 starts
2025-06-20 00:00:53:INFO:Simulation 13 starts
2025-06-20 00:00:53:INFO:Simulation 13 starts
2025-06-20 00:00:53:INFO:Simulation 14 starts
2025-06-20 00:00:53:INFO:Simulation 14 starts
2025-06-20 00:00:53:INFO:Simulation 15 starts
2025-06-20 00:00:53:INFO:Simulation 15 starts
2025-06-20 00:03:59:INFO:Simulation 16 starts
2025-06-20 00:03:59:INFO:Simulation 16 starts
2025-06-20 00:06:37:INFO:Simulation 17 starts
2025-06-20 00:06:37:INFO:Simulation 17 starts
2025-06-20 00:06:37:INFO:Simulation 18 starts
2025-06-20 00:06:37:INFO:Simulation 18 starts
2025-06-20 00:09:26:INFO:Simulation 19 starts
2025-06-20 00:09:26:INFO:Simulation 19 starts
2025-06-20 00:12:32:INFO:Simulation 20 starts
2025-06-20 00:12:32:INFO:Simulation 20 starts
2025-06-20 00:15:10:INFO:Simulation 21 starts
2025-06-20 00:15:10:INFO:Simulation 21 starts
2025-06-20 00:15:10:INFO:Simulation 22 starts
2025-06-20 00:15:10:INFO:Simulation 22 starts
2025-06-20 00:15:10:INFO:Simulation 23 starts
2025-06-20 00:15:10:INFO:Simulation 23 starts
2025-06-20 00:17:56:INFO:Simulation 24 starts
2025-06-20 00:17:56:INFO:Simulation 24 starts
2025-06-20 00:20:35:INFO:Simulation 25 starts
2025-06-20 00:20:35:INFO:Simulation 25 starts
2025-06-20 00:20:35:INFO:Simulation 26 starts
2025-06-20 00:20:35:INFO:Simulation 26 starts
2025-06-20 00:23:14:INFO:At sim 26, new best reward found: 0.42918
2025-06-20 00:23:14:INFO:At sim 26, new best reward found: 0.42918
2025-06-20 00:23:14:INFO:Simulation 27 starts
2025-06-20 00:23:14:INFO:Simulation 27 starts
2025-06-20 00:26:03:INFO:Simulation 28 starts
2025-06-20 00:26:03:INFO:Simulation 28 starts
2025-06-20 00:26:03:INFO:Simulation 29 starts
2025-06-20 00:26:03:INFO:Simulation 29 starts
2025-06-20 00:28:41:INFO:Simulation 30 starts
2025-06-20 00:28:41:INFO:Simulation 30 starts
2025-06-20 00:28:41:INFO:Simulation 31 starts
2025-06-20 00:28:41:INFO:Simulation 31 starts
2025-06-20 00:31:47:INFO:Simulation 32 starts
2025-06-20 00:31:47:INFO:Simulation 32 starts
2025-06-20 00:31:47:INFO:Simulation 33 starts
2025-06-20 00:31:47:INFO:Simulation 33 starts
2025-06-20 00:34:35:INFO:Simulation 34 starts
2025-06-20 00:34:35:INFO:Simulation 34 starts
2025-06-20 00:34:35:INFO:Simulation 35 starts
2025-06-20 00:34:35:INFO:Simulation 35 starts
2025-06-20 00:37:21:INFO:At sim 35, new best reward found: 0.43537
2025-06-20 00:37:21:INFO:At sim 35, new best reward found: 0.43537
2025-06-20 00:37:21:INFO:Simulation 36 starts
2025-06-20 00:37:21:INFO:Simulation 36 starts
2025-06-20 00:39:55:INFO:Simulation 37 starts
2025-06-20 00:39:55:INFO:Simulation 37 starts
2025-06-20 00:42:44:INFO:Simulation 38 starts
2025-06-20 00:42:44:INFO:Simulation 38 starts
2025-06-20 00:42:44:INFO:Simulation 39 starts
2025-06-20 00:42:44:INFO:Simulation 39 starts
2025-06-20 00:45:22:INFO:Simulation 40 starts
2025-06-20 00:45:22:INFO:Simulation 40 starts
2025-06-20 00:45:22:INFO:Simulation 41 starts
2025-06-20 00:45:22:INFO:Simulation 41 starts
2025-06-20 00:47:51:INFO:Simulation 42 starts
2025-06-20 00:47:51:INFO:Simulation 42 starts
2025-06-20 00:47:51:INFO:Simulation 43 starts
2025-06-20 00:47:51:INFO:Simulation 43 starts
2025-06-20 00:50:58:INFO:Simulation 44 starts
2025-06-20 00:50:58:INFO:Simulation 44 starts
2025-06-20 00:50:58:INFO:Simulation 45 starts
2025-06-20 00:50:58:INFO:Simulation 45 starts
2025-06-20 00:53:35:INFO:Simulation 46 starts
2025-06-20 00:53:35:INFO:Simulation 46 starts
2025-06-20 00:53:35:INFO:Simulation 47 starts
2025-06-20 00:53:35:INFO:Simulation 47 starts
2025-06-20 00:56:24:INFO:Simulation 48 starts
2025-06-20 00:56:24:INFO:Simulation 48 starts
2025-06-20 00:59:03:INFO:Simulation 49 starts
2025-06-20 00:59:03:INFO:Simulation 49 starts
2025-06-20 00:59:03:INFO:Simulation 50 starts
2025-06-20 00:59:03:INFO:Simulation 50 starts
2025-06-20 01:01:41:INFO:Simulation 51 starts
2025-06-20 01:01:41:INFO:Simulation 51 starts
2025-06-20 01:01:41:INFO:Simulation 52 starts
2025-06-20 01:01:41:INFO:Simulation 52 starts
2025-06-20 01:04:30:INFO:Simulation 53 starts
2025-06-20 01:04:30:INFO:Simulation 53 starts
2025-06-20 01:04:30:INFO:Simulation 54 starts
2025-06-20 01:04:30:INFO:Simulation 54 starts
2025-06-20 01:07:19:INFO:Simulation 55 starts
2025-06-20 01:07:19:INFO:Simulation 55 starts
2025-06-20 01:07:19:INFO:Simulation 56 starts
2025-06-20 01:07:19:INFO:Simulation 56 starts
2025-06-20 01:10:25:INFO:Simulation 57 starts
2025-06-20 01:10:25:INFO:Simulation 57 starts
2025-06-20 01:10:25:INFO:Simulation 58 starts
2025-06-20 01:10:25:INFO:Simulation 58 starts
2025-06-20 01:10:25:INFO:Simulation 59 starts
2025-06-20 01:10:25:INFO:Simulation 59 starts
2025-06-20 01:12:54:INFO:Simulation 60 starts
2025-06-20 01:12:54:INFO:Simulation 60 starts
2025-06-20 01:12:54:INFO:Simulation 61 starts
2025-06-20 01:12:54:INFO:Simulation 61 starts
2025-06-20 01:12:54:INFO:Simulation 62 starts
2025-06-20 01:12:54:INFO:Simulation 62 starts
2025-06-20 01:12:54:INFO:Simulation 63 starts
2025-06-20 01:12:54:INFO:Simulation 63 starts
2025-06-20 01:15:43:INFO:Simulation 64 starts
2025-06-20 01:15:43:INFO:Simulation 64 starts
2025-06-20 01:15:43:INFO:Simulation 65 starts
2025-06-20 01:15:43:INFO:Simulation 65 starts
2025-06-20 01:18:21:INFO:At sim 65, new best reward found: 0.43723
2025-06-20 01:18:21:INFO:At sim 65, new best reward found: 0.43723
2025-06-20 01:18:21:INFO:Simulation 66 starts
2025-06-20 01:18:21:INFO:Simulation 66 starts
2025-06-20 01:21:01:INFO:Simulation 67 starts
2025-06-20 01:21:01:INFO:Simulation 67 starts
2025-06-20 01:21:01:INFO:Simulation 68 starts
2025-06-20 01:21:01:INFO:Simulation 68 starts
2025-06-20 01:24:07:INFO:Simulation 69 starts
2025-06-20 01:24:07:INFO:Simulation 69 starts
2025-06-20 01:24:07:INFO:Simulation 70 starts
2025-06-20 01:24:07:INFO:Simulation 70 starts
2025-06-20 01:27:12:INFO:Simulation 71 starts
2025-06-20 01:27:12:INFO:Simulation 71 starts
2025-06-20 01:27:12:INFO:Simulation 72 starts
2025-06-20 01:27:12:INFO:Simulation 72 starts
2025-06-20 01:30:01:INFO:Simulation 73 starts
2025-06-20 01:30:01:INFO:Simulation 73 starts
2025-06-20 01:30:01:INFO:Simulation 74 starts
2025-06-20 01:30:01:INFO:Simulation 74 starts
2025-06-20 01:30:01:INFO:Simulation 75 starts
2025-06-20 01:30:01:INFO:Simulation 75 starts
2025-06-20 01:30:01:INFO:Simulation 76 starts
2025-06-20 01:30:01:INFO:Simulation 76 starts
2025-06-20 01:30:01:INFO:Simulation 77 starts
2025-06-20 01:30:01:INFO:Simulation 77 starts
2025-06-20 01:32:39:INFO:Simulation 78 starts
2025-06-20 01:32:39:INFO:Simulation 78 starts
2025-06-20 01:32:39:INFO:Simulation 79 starts
2025-06-20 01:32:39:INFO:Simulation 79 starts
2025-06-20 01:32:39:INFO:Simulation 80 starts
2025-06-20 01:32:39:INFO:Simulation 80 starts
2025-06-20 01:35:17:INFO:Simulation 81 starts
2025-06-20 01:35:17:INFO:Simulation 81 starts
2025-06-20 01:35:17:INFO:Simulation 82 starts
2025-06-20 01:35:17:INFO:Simulation 82 starts
2025-06-20 01:37:57:INFO:Simulation 83 starts
2025-06-20 01:37:57:INFO:Simulation 83 starts
2025-06-20 01:37:57:INFO:Simulation 84 starts
2025-06-20 01:37:57:INFO:Simulation 84 starts
2025-06-20 01:41:03:INFO:Simulation 85 starts
2025-06-20 01:41:03:INFO:Simulation 85 starts
2025-06-20 01:41:03:INFO:Simulation 86 starts
2025-06-20 01:41:03:INFO:Simulation 86 starts
2025-06-20 01:44:06:INFO:Simulation 87 starts
2025-06-20 01:44:06:INFO:Simulation 87 starts
2025-06-20 01:44:06:INFO:Simulation 88 starts
2025-06-20 01:44:06:INFO:Simulation 88 starts
2025-06-20 01:46:44:INFO:Simulation 89 starts
2025-06-20 01:46:44:INFO:Simulation 89 starts
2025-06-20 01:49:33:INFO:Simulation 90 starts
2025-06-20 01:49:33:INFO:Simulation 90 starts
2025-06-20 01:49:33:INFO:Simulation 91 starts
2025-06-20 01:49:33:INFO:Simulation 91 starts
2025-06-20 01:52:14:INFO:Simulation 92 starts
2025-06-20 01:52:14:INFO:Simulation 92 starts
2025-06-20 01:52:14:INFO:Simulation 93 starts
2025-06-20 01:52:14:INFO:Simulation 93 starts
2025-06-20 01:54:56:INFO:Simulation 94 starts
2025-06-20 01:54:56:INFO:Simulation 94 starts
2025-06-20 01:54:56:INFO:Simulation 95 starts
2025-06-20 01:54:56:INFO:Simulation 95 starts
2025-06-20 01:57:40:INFO:Simulation 96 starts
2025-06-20 01:57:40:INFO:Simulation 96 starts
2025-06-20 02:00:45:INFO:Simulation 97 starts
2025-06-20 02:00:45:INFO:Simulation 97 starts
2025-06-20 02:00:45:INFO:Simulation 98 starts
2025-06-20 02:00:45:INFO:Simulation 98 starts
2025-06-20 02:03:49:INFO:Simulation 99 starts
2025-06-20 02:03:49:INFO:Simulation 99 starts
2025-06-20 02:03:49:INFO:Simulation 100 starts
2025-06-20 02:03:49:INFO:Simulation 100 starts
2025-06-20 02:03:49:INFO:Simulation 101 starts
2025-06-20 02:03:49:INFO:Simulation 101 starts
2025-06-20 02:03:49:INFO:Simulation 102 starts
2025-06-20 02:03:49:INFO:Simulation 102 starts
2025-06-20 02:03:49:INFO:Simulation 103 starts
2025-06-20 02:03:49:INFO:Simulation 103 starts
2025-06-20 02:06:23:INFO:Simulation 104 starts
2025-06-20 02:06:23:INFO:Simulation 104 starts
2025-06-20 02:06:23:INFO:Simulation 105 starts
2025-06-20 02:06:23:INFO:Simulation 105 starts
2025-06-20 02:06:23:INFO:Simulation 106 starts
2025-06-20 02:06:23:INFO:Simulation 106 starts
2025-06-20 02:06:23:INFO:Simulation 107 starts
2025-06-20 02:06:23:INFO:Simulation 107 starts
2025-06-20 02:09:11:INFO:Simulation 108 starts
2025-06-20 02:09:11:INFO:Simulation 108 starts
2025-06-20 02:09:11:INFO:Simulation 109 starts
2025-06-20 02:09:11:INFO:Simulation 109 starts
2025-06-20 02:09:11:INFO:Simulation 110 starts
2025-06-20 02:09:11:INFO:Simulation 110 starts
2025-06-20 02:09:11:INFO:Simulation 111 starts
2025-06-20 02:09:11:INFO:Simulation 111 starts
2025-06-20 02:12:00:INFO:Simulation 112 starts
2025-06-20 02:12:00:INFO:Simulation 112 starts
2025-06-20 02:15:06:INFO:Simulation 113 starts
2025-06-20 02:15:06:INFO:Simulation 113 starts
2025-06-20 02:15:06:INFO:Simulation 114 starts
2025-06-20 02:15:06:INFO:Simulation 114 starts
2025-06-20 02:17:44:INFO:Simulation 115 starts
2025-06-20 02:17:44:INFO:Simulation 115 starts
2025-06-20 02:17:44:INFO:Simulation 116 starts
2025-06-20 02:17:44:INFO:Simulation 116 starts
2025-06-20 02:20:24:INFO:Simulation 117 starts
2025-06-20 02:20:24:INFO:Simulation 117 starts
2025-06-20 02:20:24:INFO:Simulation 118 starts
2025-06-20 02:20:24:INFO:Simulation 118 starts
2025-06-20 02:23:00:INFO:Simulation 119 starts
2025-06-20 02:23:00:INFO:Simulation 119 starts
2025-06-20 02:23:00:INFO:Simulation 120 starts
2025-06-20 02:23:00:INFO:Simulation 120 starts
2025-06-20 02:23:00:INFO:Simulation 121 starts
2025-06-20 02:23:00:INFO:Simulation 121 starts
2025-06-20 02:25:42:INFO:Simulation 122 starts
2025-06-20 02:25:42:INFO:Simulation 122 starts
2025-06-20 02:25:42:INFO:Simulation 123 starts
2025-06-20 02:25:42:INFO:Simulation 123 starts
2025-06-20 02:28:21:INFO:Simulation 124 starts
2025-06-20 02:28:21:INFO:Simulation 124 starts
2025-06-20 02:31:10:INFO:Simulation 125 starts
2025-06-20 02:31:10:INFO:Simulation 125 starts
2025-06-20 02:31:10:INFO:Simulation 126 starts
2025-06-20 02:31:10:INFO:Simulation 126 starts
2025-06-20 02:34:16:INFO:Simulation 127 starts
2025-06-20 02:34:16:INFO:Simulation 127 starts
2025-06-20 02:34:16:INFO:Simulation 128 starts
2025-06-20 02:34:16:INFO:Simulation 128 starts
2025-06-20 02:36:54:INFO:Simulation 129 starts
2025-06-20 02:36:54:INFO:Simulation 129 starts
2025-06-20 02:36:54:INFO:Simulation 130 starts
2025-06-20 02:36:54:INFO:Simulation 130 starts
2025-06-20 02:39:32:INFO:Simulation 131 starts
2025-06-20 02:39:32:INFO:Simulation 131 starts
2025-06-20 02:42:38:INFO:Simulation 132 starts
2025-06-20 02:42:38:INFO:Simulation 132 starts
2025-06-20 02:42:38:INFO:Simulation 133 starts
2025-06-20 02:42:38:INFO:Simulation 133 starts
2025-06-20 02:42:38:INFO:Simulation 134 starts
2025-06-20 02:42:38:INFO:Simulation 134 starts
2025-06-20 02:42:38:INFO:Simulation 135 starts
2025-06-20 02:42:38:INFO:Simulation 135 starts
2025-06-20 02:42:38:INFO:Simulation 136 starts
2025-06-20 02:42:38:INFO:Simulation 136 starts
2025-06-20 02:42:38:INFO:Simulation 137 starts
2025-06-20 02:42:38:INFO:Simulation 137 starts
2025-06-20 02:45:43:INFO:Simulation 138 starts
2025-06-20 02:45:43:INFO:Simulation 138 starts
2025-06-20 02:48:22:INFO:Simulation 139 starts
2025-06-20 02:48:22:INFO:Simulation 139 starts
2025-06-20 02:48:22:INFO:Simulation 140 starts
2025-06-20 02:48:22:INFO:Simulation 140 starts
2025-06-20 02:51:11:INFO:Simulation 141 starts
2025-06-20 02:51:11:INFO:Simulation 141 starts
2025-06-20 02:51:11:INFO:Simulation 142 starts
2025-06-20 02:51:11:INFO:Simulation 142 starts
2025-06-20 02:53:53:INFO:Simulation 143 starts
2025-06-20 02:53:53:INFO:Simulation 143 starts
2025-06-20 02:53:53:INFO:Simulation 144 starts
2025-06-20 02:53:53:INFO:Simulation 144 starts
2025-06-20 02:53:53:INFO:Simulation 145 starts
2025-06-20 02:53:53:INFO:Simulation 145 starts
2025-06-20 02:56:42:INFO:Simulation 146 starts
2025-06-20 02:56:42:INFO:Simulation 146 starts
2025-06-20 02:56:42:INFO:Simulation 147 starts
2025-06-20 02:56:42:INFO:Simulation 147 starts
2025-06-20 02:56:42:INFO:Simulation 148 starts
2025-06-20 02:56:42:INFO:Simulation 148 starts
2025-06-20 02:56:42:INFO:Simulation 149 starts
2025-06-20 02:56:42:INFO:Simulation 149 starts
2025-06-20 02:59:48:INFO:Simulation 150 starts
2025-06-20 02:59:48:INFO:Simulation 150 starts
2025-06-20 02:59:48:INFO:Simulation 151 starts
2025-06-20 02:59:48:INFO:Simulation 151 starts
2025-06-20 03:02:31:INFO:Simulation 152 starts
2025-06-20 03:02:31:INFO:Simulation 152 starts
2025-06-20 03:02:31:INFO:Simulation 153 starts
2025-06-20 03:02:31:INFO:Simulation 153 starts
2025-06-20 03:02:31:INFO:Simulation 154 starts
2025-06-20 03:02:31:INFO:Simulation 154 starts
2025-06-20 03:02:31:INFO:Simulation 155 starts
2025-06-20 03:02:31:INFO:Simulation 155 starts
2025-06-20 03:02:31:INFO:Simulation 156 starts
2025-06-20 03:02:31:INFO:Simulation 156 starts
2025-06-20 03:02:31:INFO:Simulation 157 starts
2025-06-20 03:02:31:INFO:Simulation 157 starts
2025-06-20 03:05:20:INFO:Simulation 158 starts
2025-06-20 03:05:20:INFO:Simulation 158 starts
2025-06-20 03:05:20:INFO:Simulation 159 starts
2025-06-20 03:05:20:INFO:Simulation 159 starts
2025-06-20 03:08:25:INFO:Simulation 160 starts
2025-06-20 03:08:25:INFO:Simulation 160 starts
2025-06-20 03:08:25:INFO:Simulation 161 starts
2025-06-20 03:08:25:INFO:Simulation 161 starts
2025-06-20 03:11:07:INFO:Simulation 162 starts
2025-06-20 03:11:07:INFO:Simulation 162 starts
2025-06-20 03:11:07:INFO:Simulation 163 starts
2025-06-20 03:11:07:INFO:Simulation 163 starts
2025-06-20 03:11:07:INFO:Simulation 164 starts
2025-06-20 03:11:07:INFO:Simulation 164 starts
2025-06-20 03:11:07:INFO:Simulation 165 starts
2025-06-20 03:11:07:INFO:Simulation 165 starts
2025-06-20 03:11:07:INFO:Simulation 166 starts
2025-06-20 03:11:07:INFO:Simulation 166 starts
2025-06-20 03:11:07:INFO:Simulation 167 starts
2025-06-20 03:11:07:INFO:Simulation 167 starts
2025-06-20 03:11:07:INFO:Simulation 168 starts
2025-06-20 03:11:07:INFO:Simulation 168 starts
2025-06-20 03:14:13:INFO:Simulation 169 starts
2025-06-20 03:14:13:INFO:Simulation 169 starts
2025-06-20 03:17:19:INFO:Simulation 170 starts
2025-06-20 03:17:19:INFO:Simulation 170 starts
2025-06-20 03:17:19:INFO:Simulation 171 starts
2025-06-20 03:17:19:INFO:Simulation 171 starts
2025-06-20 03:20:00:INFO:Simulation 172 starts
2025-06-20 03:20:00:INFO:Simulation 172 starts
2025-06-20 03:20:00:INFO:Simulation 173 starts
2025-06-20 03:20:00:INFO:Simulation 173 starts
2025-06-20 03:22:39:INFO:Simulation 174 starts
2025-06-20 03:22:39:INFO:Simulation 174 starts
2025-06-20 03:22:39:INFO:Simulation 175 starts
2025-06-20 03:22:39:INFO:Simulation 175 starts
2025-06-20 03:25:22:INFO:Simulation 176 starts
2025-06-20 03:25:22:INFO:Simulation 176 starts
2025-06-20 03:28:28:INFO:Simulation 177 starts
2025-06-20 03:28:28:INFO:Simulation 177 starts
2025-06-20 03:28:28:INFO:Simulation 178 starts
2025-06-20 03:28:28:INFO:Simulation 178 starts
2025-06-20 03:28:28:INFO:Simulation 179 starts
2025-06-20 03:28:28:INFO:Simulation 179 starts
2025-06-20 03:28:28:INFO:Simulation 180 starts
2025-06-20 03:28:28:INFO:Simulation 180 starts
2025-06-20 03:28:28:INFO:Simulation 181 starts
2025-06-20 03:28:28:INFO:Simulation 181 starts
2025-06-20 03:31:34:INFO:Simulation 182 starts
2025-06-20 03:31:34:INFO:Simulation 182 starts
2025-06-20 03:31:34:INFO:Simulation 183 starts
2025-06-20 03:31:34:INFO:Simulation 183 starts
2025-06-20 03:34:23:INFO:Simulation 184 starts
2025-06-20 03:34:23:INFO:Simulation 184 starts
2025-06-20 03:34:23:INFO:Simulation 185 starts
2025-06-20 03:34:23:INFO:Simulation 185 starts
2025-06-20 03:34:23:INFO:Simulation 186 starts
2025-06-20 03:34:23:INFO:Simulation 186 starts
2025-06-20 03:34:23:INFO:Simulation 187 starts
2025-06-20 03:34:23:INFO:Simulation 187 starts
2025-06-20 03:37:09:INFO:At sim 187, new best reward found: 0.43816
2025-06-20 03:37:09:INFO:At sim 187, new best reward found: 0.43816
2025-06-20 03:37:09:INFO:Simulation 188 starts
2025-06-20 03:37:09:INFO:Simulation 188 starts
2025-06-20 03:39:44:INFO:At sim 188, new best reward found: 0.43993
2025-06-20 03:39:44:INFO:At sim 188, new best reward found: 0.43993
2025-06-20 03:39:44:INFO:Simulation 189 starts
2025-06-20 03:39:44:INFO:Simulation 189 starts
2025-06-20 03:42:33:INFO:Simulation 190 starts
2025-06-20 03:42:33:INFO:Simulation 190 starts
2025-06-20 03:42:33:INFO:Simulation 191 starts
2025-06-20 03:42:33:INFO:Simulation 191 starts
2025-06-20 03:42:33:INFO:Simulation 192 starts
2025-06-20 03:42:33:INFO:Simulation 192 starts
2025-06-20 03:45:39:INFO:Simulation 193 starts
2025-06-20 03:45:39:INFO:Simulation 193 starts
2025-06-20 03:48:26:INFO:Simulation 194 starts
2025-06-20 03:48:26:INFO:Simulation 194 starts
2025-06-20 03:48:26:INFO:Simulation 195 starts
2025-06-20 03:48:26:INFO:Simulation 195 starts
2025-06-20 03:48:26:INFO:Simulation 196 starts
2025-06-20 03:48:26:INFO:Simulation 196 starts
2025-06-20 03:51:04:INFO:Simulation 197 starts
2025-06-20 03:51:04:INFO:Simulation 197 starts
2025-06-20 03:51:04:INFO:Simulation 198 starts
2025-06-20 03:51:04:INFO:Simulation 198 starts
2025-06-20 03:51:04:INFO:Simulation 199 starts
2025-06-20 03:51:04:INFO:Simulation 199 starts
2025-06-20 03:51:04:INFO:Simulation 200 starts
2025-06-20 03:51:04:INFO:Simulation 200 starts
2025-06-20 03:53:41:INFO:Simulation 201 starts
2025-06-20 03:53:41:INFO:Simulation 201 starts
2025-06-20 03:56:47:INFO:Simulation 202 starts
2025-06-20 03:56:47:INFO:Simulation 202 starts
2025-06-20 03:56:47:INFO:Simulation 203 starts
2025-06-20 03:56:47:INFO:Simulation 203 starts
2025-06-20 03:59:34:INFO:Simulation 204 starts
2025-06-20 03:59:34:INFO:Simulation 204 starts
2025-06-20 03:59:34:INFO:Simulation 205 starts
2025-06-20 03:59:34:INFO:Simulation 205 starts
2025-06-20 04:02:23:INFO:Simulation 206 starts
2025-06-20 04:02:23:INFO:Simulation 206 starts
2025-06-20 04:02:23:INFO:Simulation 207 starts
2025-06-20 04:02:23:INFO:Simulation 207 starts
2025-06-20 04:02:23:INFO:Simulation 208 starts
2025-06-20 04:02:23:INFO:Simulation 208 starts
2025-06-20 04:02:23:INFO:Simulation 209 starts
2025-06-20 04:02:23:INFO:Simulation 209 starts
2025-06-20 04:02:23:INFO:Simulation 210 starts
2025-06-20 04:02:23:INFO:Simulation 210 starts
2025-06-20 04:05:12:INFO:Simulation 211 starts
2025-06-20 04:05:12:INFO:Simulation 211 starts
2025-06-20 04:07:51:INFO:Simulation 212 starts
2025-06-20 04:07:51:INFO:Simulation 212 starts
2025-06-20 04:07:51:INFO:Simulation 213 starts
2025-06-20 04:07:51:INFO:Simulation 213 starts
2025-06-20 04:10:39:INFO:Simulation 214 starts
2025-06-20 04:10:39:INFO:Simulation 214 starts
2025-06-20 04:10:39:INFO:Simulation 215 starts
2025-06-20 04:10:39:INFO:Simulation 215 starts
2025-06-20 04:13:28:INFO:Simulation 216 starts
2025-06-20 04:13:28:INFO:Simulation 216 starts
2025-06-20 04:16:10:INFO:Simulation 217 starts
2025-06-20 04:16:10:INFO:Simulation 217 starts
2025-06-20 04:16:10:INFO:Simulation 218 starts
2025-06-20 04:16:10:INFO:Simulation 218 starts
2025-06-20 04:16:10:INFO:Simulation 219 starts
2025-06-20 04:16:10:INFO:Simulation 219 starts
2025-06-20 04:16:10:INFO:Simulation 220 starts
2025-06-20 04:16:10:INFO:Simulation 220 starts
2025-06-20 04:18:59:INFO:Simulation 221 starts
2025-06-20 04:18:59:INFO:Simulation 221 starts
2025-06-20 04:18:59:INFO:Simulation 222 starts
2025-06-20 04:18:59:INFO:Simulation 222 starts
2025-06-20 04:18:59:INFO:Simulation 223 starts
2025-06-20 04:18:59:INFO:Simulation 223 starts
2025-06-20 04:18:59:INFO:Simulation 224 starts
2025-06-20 04:18:59:INFO:Simulation 224 starts
2025-06-20 04:22:05:INFO:Simulation 225 starts
2025-06-20 04:22:05:INFO:Simulation 225 starts
2025-06-20 04:22:05:INFO:Simulation 226 starts
2025-06-20 04:22:05:INFO:Simulation 226 starts
2025-06-20 04:22:05:INFO:Simulation 227 starts
2025-06-20 04:22:05:INFO:Simulation 227 starts
2025-06-20 04:22:05:INFO:Simulation 228 starts
2025-06-20 04:22:05:INFO:Simulation 228 starts
2025-06-20 04:24:46:INFO:Simulation 229 starts
2025-06-20 04:24:46:INFO:Simulation 229 starts
2025-06-20 04:27:25:INFO:Simulation 230 starts
2025-06-20 04:27:25:INFO:Simulation 230 starts
2025-06-20 04:27:25:INFO:Simulation 231 starts
2025-06-20 04:27:25:INFO:Simulation 231 starts
2025-06-20 04:30:14:INFO:Simulation 232 starts
2025-06-20 04:30:14:INFO:Simulation 232 starts
2025-06-20 04:30:14:INFO:Simulation 233 starts
2025-06-20 04:30:14:INFO:Simulation 233 starts
2025-06-20 04:33:03:INFO:Simulation 234 starts
2025-06-20 04:33:03:INFO:Simulation 234 starts
2025-06-20 04:35:42:INFO:Simulation 235 starts
2025-06-20 04:35:42:INFO:Simulation 235 starts
2025-06-20 04:35:42:INFO:Simulation 236 starts
2025-06-20 04:35:42:INFO:Simulation 236 starts
2025-06-20 04:35:42:INFO:Simulation 237 starts
2025-06-20 04:35:42:INFO:Simulation 237 starts
2025-06-20 04:35:42:INFO:Simulation 238 starts
2025-06-20 04:35:42:INFO:Simulation 238 starts
2025-06-20 04:38:30:INFO:Simulation 239 starts
2025-06-20 04:38:30:INFO:Simulation 239 starts
2025-06-20 04:38:30:INFO:Simulation 240 starts
2025-06-20 04:38:30:INFO:Simulation 240 starts
2025-06-20 04:38:30:INFO:Simulation 241 starts
2025-06-20 04:38:30:INFO:Simulation 241 starts
2025-06-20 04:38:30:INFO:Simulation 242 starts
2025-06-20 04:38:30:INFO:Simulation 242 starts
2025-06-20 04:41:14:INFO:Simulation 243 starts
2025-06-20 04:41:14:INFO:Simulation 243 starts
2025-06-20 04:41:14:INFO:Simulation 244 starts
2025-06-20 04:41:14:INFO:Simulation 244 starts
2025-06-20 04:44:19:INFO:Simulation 245 starts
2025-06-20 04:44:19:INFO:Simulation 245 starts
2025-06-20 04:44:19:INFO:Simulation 246 starts
2025-06-20 04:44:19:INFO:Simulation 246 starts
2025-06-20 04:44:19:INFO:Simulation 247 starts
2025-06-20 04:44:19:INFO:Simulation 247 starts
2025-06-20 04:47:25:INFO:Simulation 248 starts
2025-06-20 04:47:25:INFO:Simulation 248 starts
2025-06-20 04:47:25:INFO:Simulation 249 starts
2025-06-20 04:47:25:INFO:Simulation 249 starts
2025-06-20 04:50:14:INFO:Simulation 250 starts
2025-06-20 04:50:14:INFO:Simulation 250 starts
2025-06-20 04:50:14:INFO:Simulation 251 starts
2025-06-20 04:50:14:INFO:Simulation 251 starts
2025-06-20 04:52:52:INFO:Simulation 252 starts
2025-06-20 04:52:52:INFO:Simulation 252 starts
2025-06-20 04:55:40:INFO:Simulation 253 starts
2025-06-20 04:55:40:INFO:Simulation 253 starts
2025-06-20 04:55:40:INFO:Simulation 254 starts
2025-06-20 04:55:40:INFO:Simulation 254 starts
2025-06-20 04:55:40:INFO:Simulation 255 starts
2025-06-20 04:55:40:INFO:Simulation 255 starts
2025-06-20 04:55:40:INFO:Simulation 256 starts
2025-06-20 04:55:40:INFO:Simulation 256 starts
2025-06-20 04:55:40:INFO:Simulation 257 starts
2025-06-20 04:55:40:INFO:Simulation 257 starts
2025-06-20 04:55:40:INFO:Simulation 258 starts
2025-06-20 04:55:40:INFO:Simulation 258 starts
2025-06-20 04:55:40:INFO:Simulation 259 starts
2025-06-20 04:55:40:INFO:Simulation 259 starts
2025-06-20 04:55:40:INFO:Simulation 260 starts
2025-06-20 04:55:40:INFO:Simulation 260 starts
2025-06-20 04:58:28:INFO:Simulation 261 starts
2025-06-20 04:58:28:INFO:Simulation 261 starts
2025-06-20 04:58:28:INFO:Simulation 262 starts
2025-06-20 04:58:28:INFO:Simulation 262 starts
2025-06-20 05:01:34:INFO:Simulation 263 starts
2025-06-20 05:01:34:INFO:Simulation 263 starts
2025-06-20 05:01:34:INFO:Simulation 264 starts
2025-06-20 05:01:34:INFO:Simulation 264 starts
2025-06-20 05:04:12:INFO:Simulation 265 starts
2025-06-20 05:04:12:INFO:Simulation 265 starts
2025-06-20 05:06:56:INFO:Simulation 266 starts
2025-06-20 05:06:56:INFO:Simulation 266 starts
2025-06-20 05:06:56:INFO:Simulation 267 starts
2025-06-20 05:06:56:INFO:Simulation 267 starts
2025-06-20 05:06:56:INFO:Simulation 268 starts
2025-06-20 05:06:56:INFO:Simulation 268 starts
2025-06-20 05:10:00:INFO:Simulation 269 starts
2025-06-20 05:10:00:INFO:Simulation 269 starts
2025-06-20 05:10:00:INFO:Simulation 270 starts
2025-06-20 05:10:00:INFO:Simulation 270 starts
2025-06-20 05:10:00:INFO:Simulation 271 starts
2025-06-20 05:10:00:INFO:Simulation 271 starts
2025-06-20 05:10:00:INFO:Simulation 272 starts
2025-06-20 05:10:00:INFO:Simulation 272 starts
2025-06-20 05:12:49:INFO:Simulation 273 starts
2025-06-20 05:12:49:INFO:Simulation 273 starts
2025-06-20 05:12:49:INFO:Simulation 274 starts
2025-06-20 05:12:49:INFO:Simulation 274 starts
2025-06-20 05:12:49:INFO:Simulation 275 starts
2025-06-20 05:12:49:INFO:Simulation 275 starts
2025-06-20 05:12:49:INFO:Simulation 276 starts
2025-06-20 05:12:49:INFO:Simulation 276 starts
2025-06-20 05:12:49:INFO:Simulation 277 starts
2025-06-20 05:12:49:INFO:Simulation 277 starts
2025-06-20 05:12:49:INFO:Simulation 278 starts
2025-06-20 05:12:49:INFO:Simulation 278 starts
2025-06-20 05:15:27:INFO:Simulation 279 starts
2025-06-20 05:15:27:INFO:Simulation 279 starts
2025-06-20 05:15:27:INFO:Simulation 280 starts
2025-06-20 05:15:27:INFO:Simulation 280 starts
2025-06-20 05:18:07:INFO:Simulation 281 starts
2025-06-20 05:18:07:INFO:Simulation 281 starts
2025-06-20 05:21:14:INFO:Simulation 282 starts
2025-06-20 05:21:14:INFO:Simulation 282 starts
2025-06-20 05:21:14:INFO:Simulation 283 starts
2025-06-20 05:21:14:INFO:Simulation 283 starts
2025-06-20 05:24:02:INFO:Simulation 284 starts
2025-06-20 05:24:02:INFO:Simulation 284 starts
2025-06-20 05:24:02:INFO:Simulation 285 starts
2025-06-20 05:24:02:INFO:Simulation 285 starts
2025-06-20 05:26:45:INFO:Simulation 286 starts
2025-06-20 05:26:45:INFO:Simulation 286 starts
2025-06-20 05:26:45:INFO:Simulation 287 starts
2025-06-20 05:26:45:INFO:Simulation 287 starts
2025-06-20 05:26:45:INFO:Simulation 288 starts
2025-06-20 05:26:45:INFO:Simulation 288 starts
2025-06-20 05:26:45:INFO:Simulation 289 starts
2025-06-20 05:26:45:INFO:Simulation 289 starts
2025-06-20 05:26:45:INFO:Simulation 290 starts
2025-06-20 05:26:45:INFO:Simulation 290 starts
2025-06-20 05:26:45:INFO:Simulation 291 starts
2025-06-20 05:26:45:INFO:Simulation 291 starts
2025-06-20 05:26:45:INFO:Simulation 292 starts
2025-06-20 05:26:45:INFO:Simulation 292 starts
2025-06-20 05:26:45:INFO:Simulation 293 starts
2025-06-20 05:26:45:INFO:Simulation 293 starts
2025-06-20 05:26:45:INFO:Simulation 294 starts
2025-06-20 05:26:45:INFO:Simulation 294 starts
2025-06-20 05:29:27:INFO:Simulation 295 starts
2025-06-20 05:29:27:INFO:Simulation 295 starts
2025-06-20 05:29:27:INFO:Simulation 296 starts
2025-06-20 05:29:27:INFO:Simulation 296 starts
2025-06-20 05:32:20:INFO:Simulation 297 starts
2025-06-20 05:32:20:INFO:Simulation 297 starts
2025-06-20 05:34:58:INFO:Simulation 298 starts
2025-06-20 05:34:58:INFO:Simulation 298 starts
2025-06-20 05:34:58:INFO:Simulation 299 starts
2025-06-20 05:34:58:INFO:Simulation 299 starts
2025-06-20 05:37:40:INFO:Simulation 300 starts
2025-06-20 05:37:40:INFO:Simulation 300 starts
2025-06-20 05:37:40:INFO:Simulation 301 starts
2025-06-20 05:37:40:INFO:Simulation 301 starts
2025-06-20 05:40:59:INFO:Simulation 302 starts
2025-06-20 05:40:59:INFO:Simulation 302 starts
2025-06-20 05:40:59:INFO:Simulation 303 starts
2025-06-20 05:40:59:INFO:Simulation 303 starts
2025-06-20 05:40:59:INFO:Simulation 304 starts
2025-06-20 05:40:59:INFO:Simulation 304 starts
2025-06-20 05:43:40:INFO:Simulation 305 starts
2025-06-20 05:43:40:INFO:Simulation 305 starts
2025-06-20 05:43:40:INFO:Simulation 306 starts
2025-06-20 05:43:40:INFO:Simulation 306 starts
2025-06-20 05:43:40:INFO:Simulation 307 starts
2025-06-20 05:43:40:INFO:Simulation 307 starts
2025-06-20 05:46:45:INFO:Simulation 308 starts
2025-06-20 05:46:45:INFO:Simulation 308 starts
2025-06-20 05:46:45:INFO:Simulation 309 starts
2025-06-20 05:46:45:INFO:Simulation 309 starts
2025-06-20 05:46:45:INFO:Simulation 310 starts
2025-06-20 05:46:45:INFO:Simulation 310 starts
2025-06-20 05:49:25:INFO:Simulation 311 starts
2025-06-20 05:49:25:INFO:Simulation 311 starts
2025-06-20 05:49:25:INFO:Simulation 312 starts
2025-06-20 05:49:25:INFO:Simulation 312 starts
2025-06-20 05:49:25:INFO:Simulation 313 starts
2025-06-20 05:49:25:INFO:Simulation 313 starts
2025-06-20 05:49:25:INFO:Simulation 314 starts
2025-06-20 05:49:25:INFO:Simulation 314 starts
2025-06-20 05:49:25:INFO:Simulation 315 starts
2025-06-20 05:49:25:INFO:Simulation 315 starts
2025-06-20 05:52:16:INFO:Simulation 316 starts
2025-06-20 05:52:16:INFO:Simulation 316 starts
2025-06-20 05:52:16:INFO:Simulation 317 starts
2025-06-20 05:52:16:INFO:Simulation 317 starts
2025-06-20 05:52:16:INFO:Simulation 318 starts
2025-06-20 05:52:16:INFO:Simulation 318 starts
2025-06-20 05:54:56:INFO:Simulation 319 starts
2025-06-20 05:54:56:INFO:Simulation 319 starts
2025-06-20 05:54:56:INFO:Simulation 320 starts
2025-06-20 05:54:56:INFO:Simulation 320 starts
2025-06-20 05:58:32:INFO:Simulation 321 starts
2025-06-20 05:58:32:INFO:Simulation 321 starts
2025-06-20 06:01:11:INFO:Simulation 322 starts
2025-06-20 06:01:11:INFO:Simulation 322 starts
2025-06-20 06:01:11:INFO:Simulation 323 starts
2025-06-20 06:01:11:INFO:Simulation 323 starts
2025-06-20 06:01:11:INFO:Simulation 324 starts
2025-06-20 06:01:11:INFO:Simulation 324 starts
2025-06-20 06:01:11:INFO:Simulation 325 starts
2025-06-20 06:01:11:INFO:Simulation 325 starts
2025-06-20 06:03:58:INFO:At sim 325, new best reward found: 0.44102
2025-06-20 06:03:58:INFO:At sim 325, new best reward found: 0.44102
2025-06-20 06:03:58:INFO:Simulation 326 starts
2025-06-20 06:03:58:INFO:Simulation 326 starts
2025-06-20 06:07:00:INFO:Simulation 327 starts
2025-06-20 06:07:00:INFO:Simulation 327 starts
2025-06-20 06:07:00:INFO:Simulation 328 starts
2025-06-20 06:07:00:INFO:Simulation 328 starts
2025-06-20 06:07:00:INFO:Simulation 329 starts
2025-06-20 06:07:00:INFO:Simulation 329 starts
2025-06-20 06:09:36:INFO:Simulation 330 starts
2025-06-20 06:09:36:INFO:Simulation 330 starts
2025-06-20 06:09:36:INFO:Simulation 331 starts
2025-06-20 06:09:36:INFO:Simulation 331 starts
2025-06-20 06:12:25:INFO:Simulation 332 starts
2025-06-20 06:12:25:INFO:Simulation 332 starts
2025-06-20 06:12:25:INFO:Simulation 333 starts
2025-06-20 06:12:25:INFO:Simulation 333 starts
2025-06-20 06:15:14:INFO:Simulation 334 starts
2025-06-20 06:15:14:INFO:Simulation 334 starts
2025-06-20 06:18:00:INFO:Simulation 335 starts
2025-06-20 06:18:00:INFO:Simulation 335 starts
2025-06-20 06:18:00:INFO:Simulation 336 starts
2025-06-20 06:18:00:INFO:Simulation 336 starts
2025-06-20 06:18:00:INFO:Simulation 337 starts
2025-06-20 06:18:00:INFO:Simulation 337 starts
2025-06-20 06:18:00:INFO:Simulation 338 starts
2025-06-20 06:18:00:INFO:Simulation 338 starts
2025-06-20 06:20:38:INFO:Simulation 339 starts
2025-06-20 06:20:38:INFO:Simulation 339 starts
2025-06-20 06:20:38:INFO:Simulation 340 starts
2025-06-20 06:20:38:INFO:Simulation 340 starts
2025-06-20 06:20:38:INFO:Simulation 341 starts
2025-06-20 06:20:38:INFO:Simulation 341 starts
2025-06-20 06:23:28:INFO:Simulation 342 starts
2025-06-20 06:23:28:INFO:Simulation 342 starts
2025-06-20 06:23:28:INFO:Simulation 343 starts
2025-06-20 06:23:28:INFO:Simulation 343 starts
2025-06-20 06:23:28:INFO:Simulation 344 starts
2025-06-20 06:23:28:INFO:Simulation 344 starts
2025-06-20 06:23:28:INFO:Simulation 345 starts
2025-06-20 06:23:28:INFO:Simulation 345 starts
2025-06-20 06:26:17:INFO:Simulation 346 starts
2025-06-20 06:26:17:INFO:Simulation 346 starts
2025-06-20 06:26:17:INFO:Simulation 347 starts
2025-06-20 06:26:17:INFO:Simulation 347 starts
2025-06-20 06:26:17:INFO:Simulation 348 starts
2025-06-20 06:26:17:INFO:Simulation 348 starts
2025-06-20 06:26:17:INFO:Simulation 349 starts
2025-06-20 06:26:17:INFO:Simulation 349 starts
2025-06-20 06:26:17:INFO:Simulation 350 starts
2025-06-20 06:26:17:INFO:Simulation 350 starts
2025-06-20 06:29:05:INFO:Simulation 351 starts
2025-06-20 06:29:05:INFO:Simulation 351 starts
2025-06-20 06:29:05:INFO:Simulation 352 starts
2025-06-20 06:29:05:INFO:Simulation 352 starts
2025-06-20 06:32:11:INFO:Simulation 353 starts
2025-06-20 06:32:11:INFO:Simulation 353 starts
2025-06-20 06:32:11:INFO:Simulation 354 starts
2025-06-20 06:32:11:INFO:Simulation 354 starts
2025-06-20 06:32:11:INFO:Simulation 355 starts
2025-06-20 06:32:11:INFO:Simulation 355 starts
2025-06-20 06:32:11:INFO:Simulation 356 starts
2025-06-20 06:32:11:INFO:Simulation 356 starts
2025-06-20 06:34:46:INFO:Simulation 357 starts
2025-06-20 06:34:46:INFO:Simulation 357 starts
2025-06-20 06:34:46:INFO:Simulation 358 starts
2025-06-20 06:34:46:INFO:Simulation 358 starts
2025-06-20 06:34:46:INFO:Simulation 359 starts
2025-06-20 06:34:46:INFO:Simulation 359 starts
2025-06-20 06:34:46:INFO:Simulation 360 starts
2025-06-20 06:34:46:INFO:Simulation 360 starts
2025-06-20 06:37:26:INFO:Simulation 361 starts
2025-06-20 06:37:26:INFO:Simulation 361 starts
2025-06-20 06:40:15:INFO:Simulation 362 starts
2025-06-20 06:40:15:INFO:Simulation 362 starts
2025-06-20 06:40:15:INFO:Simulation 363 starts
2025-06-20 06:40:15:INFO:Simulation 363 starts
2025-06-20 06:40:15:INFO:Simulation 364 starts
2025-06-20 06:40:15:INFO:Simulation 364 starts
2025-06-20 06:40:15:INFO:Simulation 365 starts
2025-06-20 06:40:15:INFO:Simulation 365 starts
2025-06-20 06:40:15:INFO:Simulation 366 starts
2025-06-20 06:40:15:INFO:Simulation 366 starts
2025-06-20 06:40:15:INFO:Simulation 367 starts
2025-06-20 06:40:15:INFO:Simulation 367 starts
2025-06-20 06:40:15:INFO:Simulation 368 starts
2025-06-20 06:40:15:INFO:Simulation 368 starts
2025-06-20 06:40:15:INFO:Simulation 369 starts
2025-06-20 06:40:15:INFO:Simulation 369 starts
2025-06-20 06:40:15:INFO:Simulation 370 starts
2025-06-20 06:40:15:INFO:Simulation 370 starts
2025-06-20 06:40:15:INFO:Simulation 371 starts
2025-06-20 06:40:15:INFO:Simulation 371 starts
2025-06-20 06:40:15:INFO:Simulation 372 starts
2025-06-20 06:40:15:INFO:Simulation 372 starts
2025-06-20 06:42:50:INFO:Simulation 373 starts
2025-06-20 06:42:50:INFO:Simulation 373 starts
2025-06-20 06:42:50:INFO:Simulation 374 starts
2025-06-20 06:42:50:INFO:Simulation 374 starts
2025-06-20 06:45:28:INFO:Simulation 375 starts
2025-06-20 06:45:28:INFO:Simulation 375 starts
2025-06-20 06:48:11:INFO:Simulation 376 starts
2025-06-20 06:48:11:INFO:Simulation 376 starts
2025-06-20 06:48:11:INFO:Simulation 377 starts
2025-06-20 06:48:11:INFO:Simulation 377 starts
2025-06-20 06:51:30:INFO:Simulation 378 starts
2025-06-20 06:51:30:INFO:Simulation 378 starts
2025-06-20 06:51:30:INFO:Simulation 379 starts
2025-06-20 06:51:30:INFO:Simulation 379 starts
2025-06-20 06:51:30:INFO:Simulation 380 starts
2025-06-20 06:51:30:INFO:Simulation 380 starts
2025-06-20 06:51:30:INFO:Simulation 381 starts
2025-06-20 06:51:30:INFO:Simulation 381 starts
2025-06-20 06:51:30:INFO:Simulation 382 starts
2025-06-20 06:51:30:INFO:Simulation 382 starts
2025-06-20 06:51:30:INFO:Simulation 383 starts
2025-06-20 06:51:30:INFO:Simulation 383 starts
2025-06-20 06:54:08:INFO:Simulation 384 starts
2025-06-20 06:54:08:INFO:Simulation 384 starts
2025-06-20 06:54:08:INFO:Simulation 385 starts
2025-06-20 06:54:08:INFO:Simulation 385 starts
2025-06-20 06:54:08:INFO:Simulation 386 starts
2025-06-20 06:54:08:INFO:Simulation 386 starts
2025-06-20 06:54:08:INFO:Simulation 387 starts
2025-06-20 06:54:08:INFO:Simulation 387 starts
2025-06-20 06:54:08:INFO:Simulation 388 starts
2025-06-20 06:54:08:INFO:Simulation 388 starts
2025-06-20 06:57:14:INFO:Simulation 389 starts
2025-06-20 06:57:14:INFO:Simulation 389 starts
2025-06-20 06:59:57:INFO:Simulation 390 starts
2025-06-20 06:59:57:INFO:Simulation 390 starts
2025-06-20 06:59:57:INFO:Simulation 391 starts
2025-06-20 06:59:57:INFO:Simulation 391 starts
2025-06-20 07:02:35:INFO:Simulation 392 starts
2025-06-20 07:02:35:INFO:Simulation 392 starts
2025-06-20 07:05:24:INFO:Simulation 393 starts
2025-06-20 07:05:24:INFO:Simulation 393 starts
2025-06-20 07:05:24:INFO:Simulation 394 starts
2025-06-20 07:05:24:INFO:Simulation 394 starts
2025-06-20 07:08:29:INFO:Simulation 395 starts
2025-06-20 07:08:29:INFO:Simulation 395 starts
2025-06-20 07:11:04:INFO:Simulation 396 starts
2025-06-20 07:11:04:INFO:Simulation 396 starts
2025-06-20 07:11:04:INFO:Simulation 397 starts
2025-06-20 07:11:04:INFO:Simulation 397 starts
2025-06-20 07:11:04:INFO:Simulation 398 starts
2025-06-20 07:11:04:INFO:Simulation 398 starts
2025-06-20 07:11:04:INFO:Simulation 399 starts
2025-06-20 07:11:04:INFO:Simulation 399 starts
2025-06-20 07:11:04:INFO:Simulation 400 starts
2025-06-20 07:11:04:INFO:Simulation 400 starts
2025-06-20 07:13:53:INFO:Simulation 401 starts
2025-06-20 07:13:53:INFO:Simulation 401 starts
2025-06-20 07:13:53:INFO:Simulation 402 starts
2025-06-20 07:13:53:INFO:Simulation 402 starts
2025-06-20 07:13:53:INFO:Simulation 403 starts
2025-06-20 07:13:53:INFO:Simulation 403 starts
2025-06-20 07:13:53:INFO:Simulation 404 starts
2025-06-20 07:13:53:INFO:Simulation 404 starts
2025-06-20 07:13:53:INFO:Simulation 405 starts
2025-06-20 07:13:53:INFO:Simulation 405 starts
2025-06-20 07:16:37:INFO:Simulation 406 starts
2025-06-20 07:16:37:INFO:Simulation 406 starts
2025-06-20 07:16:37:INFO:Simulation 407 starts
2025-06-20 07:16:37:INFO:Simulation 407 starts
2025-06-20 07:16:37:INFO:Simulation 408 starts
2025-06-20 07:16:37:INFO:Simulation 408 starts
2025-06-20 07:19:26:INFO:Simulation 409 starts
2025-06-20 07:19:26:INFO:Simulation 409 starts
2025-06-20 07:22:01:INFO:Simulation 410 starts
2025-06-20 07:22:01:INFO:Simulation 410 starts
2025-06-20 07:22:01:INFO:Simulation 411 starts
2025-06-20 07:22:01:INFO:Simulation 411 starts
2025-06-20 07:22:01:INFO:Simulation 412 starts
2025-06-20 07:22:01:INFO:Simulation 412 starts
2025-06-20 07:22:01:INFO:Simulation 413 starts
2025-06-20 07:22:01:INFO:Simulation 413 starts
2025-06-20 07:22:01:INFO:Simulation 414 starts
2025-06-20 07:22:01:INFO:Simulation 414 starts
2025-06-20 07:22:01:INFO:Simulation 415 starts
2025-06-20 07:22:01:INFO:Simulation 415 starts
2025-06-20 07:22:01:INFO:Simulation 416 starts
2025-06-20 07:22:01:INFO:Simulation 416 starts
2025-06-20 07:22:01:INFO:Simulation 417 starts
2025-06-20 07:22:01:INFO:Simulation 417 starts
2025-06-20 07:22:01:INFO:Simulation 418 starts
2025-06-20 07:22:01:INFO:Simulation 418 starts
2025-06-20 07:22:01:INFO:Simulation 419 starts
2025-06-20 07:22:01:INFO:Simulation 419 starts
2025-06-20 07:22:01:INFO:Simulation 420 starts
2025-06-20 07:22:01:INFO:Simulation 420 starts
2025-06-20 07:24:45:INFO:Simulation 421 starts
2025-06-20 07:24:45:INFO:Simulation 421 starts
2025-06-20 07:24:45:INFO:Simulation 422 starts
2025-06-20 07:24:45:INFO:Simulation 422 starts
2025-06-20 07:27:23:INFO:Simulation 423 starts
2025-06-20 07:27:23:INFO:Simulation 423 starts
2025-06-20 07:30:03:INFO:Simulation 424 starts
2025-06-20 07:30:03:INFO:Simulation 424 starts
2025-06-20 07:30:03:INFO:Simulation 425 starts
2025-06-20 07:30:03:INFO:Simulation 425 starts
2025-06-20 07:32:52:INFO:Simulation 426 starts
2025-06-20 07:32:52:INFO:Simulation 426 starts
2025-06-20 07:35:42:INFO:Simulation 427 starts
2025-06-20 07:35:42:INFO:Simulation 427 starts
2025-06-20 07:35:42:INFO:Simulation 428 starts
2025-06-20 07:35:42:INFO:Simulation 428 starts
2025-06-20 07:35:42:INFO:Simulation 429 starts
2025-06-20 07:35:42:INFO:Simulation 429 starts
2025-06-20 07:35:42:INFO:Simulation 430 starts
2025-06-20 07:35:42:INFO:Simulation 430 starts
2025-06-20 07:35:42:INFO:Simulation 431 starts
2025-06-20 07:35:42:INFO:Simulation 431 starts
2025-06-20 07:35:42:INFO:Simulation 432 starts
2025-06-20 07:35:42:INFO:Simulation 432 starts
2025-06-20 07:39:05:INFO:Simulation 433 starts
2025-06-20 07:39:05:INFO:Simulation 433 starts
2025-06-20 07:39:05:INFO:Simulation 434 starts
2025-06-20 07:39:05:INFO:Simulation 434 starts
2025-06-20 07:39:05:INFO:Simulation 435 starts
2025-06-20 07:39:05:INFO:Simulation 435 starts
2025-06-20 07:42:18:INFO:Simulation 436 starts
2025-06-20 07:42:18:INFO:Simulation 436 starts
2025-06-20 07:42:18:INFO:Simulation 437 starts
2025-06-20 07:42:18:INFO:Simulation 437 starts
2025-06-20 07:44:57:INFO:Simulation 438 starts
2025-06-20 07:44:57:INFO:Simulation 438 starts
2025-06-20 07:44:57:INFO:Simulation 439 starts
2025-06-20 07:44:57:INFO:Simulation 439 starts
2025-06-20 07:44:57:INFO:Simulation 440 starts
2025-06-20 07:44:57:INFO:Simulation 440 starts
2025-06-20 07:48:03:INFO:Simulation 441 starts
2025-06-20 07:48:03:INFO:Simulation 441 starts
2025-06-20 07:48:03:INFO:Simulation 442 starts
2025-06-20 07:48:03:INFO:Simulation 442 starts
2025-06-20 07:51:08:INFO:Simulation 443 starts
2025-06-20 07:51:08:INFO:Simulation 443 starts
2025-06-20 07:51:08:INFO:Simulation 444 starts
2025-06-20 07:51:08:INFO:Simulation 444 starts
2025-06-20 07:51:08:INFO:Simulation 445 starts
2025-06-20 07:51:08:INFO:Simulation 445 starts
2025-06-20 07:51:08:INFO:Simulation 446 starts
2025-06-20 07:51:08:INFO:Simulation 446 starts
2025-06-20 07:51:08:INFO:Simulation 447 starts
2025-06-20 07:51:08:INFO:Simulation 447 starts
2025-06-20 07:51:08:INFO:Simulation 448 starts
2025-06-20 07:51:08:INFO:Simulation 448 starts
2025-06-20 07:54:00:INFO:Simulation 449 starts
2025-06-20 07:54:00:INFO:Simulation 449 starts
2025-06-20 07:57:19:INFO:
Select 0'th strategy: (then propagate-values propagate-values (using-params simplify :elim_and true :blast_distinct true :local_ctx true :pull_cheap_ite true :som true :flat true) ctx-simplify qflra)
improve on 146 instances,  new par10: 0.44102
Select 1'th strategy: (then ctx-simplify (using-params smt :random_seed 400))
improve on 64 instances,  new par10: 0.49096
Select 2'th strategy: (then (using-params simplify :elim_and true :blast_distinct true :local_ctx true :pull_cheap_ite true :som true :flat true) (using-params smt :random_seed 500))
improve on 61 instances,  new par10: 0.51559
Select 3'th strategy: (then (using-params simplify :elim_and false :blast_distinct false :local_ctx false :pull_cheap_ite false :som false :flat false) (using-params simplify :elim_and true :blast_distinct true :local_ctx true :pull_cheap_ite true :som true :flat true) qflra)
improve on 31 instances,  new par10: 0.53558

2025-06-20 07:57:19:INFO:Selected 4 strategies: ['(then propagate-values propagate-values (using-params simplify :elim_and true :blast_distinct true :local_ctx true :pull_cheap_ite true :som true :flat true) ctx-simplify qflra)', '(then ctx-simplify (using-params smt :random_seed 400))', '(then (using-params simplify :elim_and true :blast_distinct true :local_ctx true :pull_cheap_ite true :som true :flat true) (using-params smt :random_seed 500))', '(then (using-params simplify :elim_and false :blast_distinct false :local_ctx false :pull_cheap_ite false :som false :flat false) (using-params simplify :elim_and true :blast_distinct true :local_ctx true :pull_cheap_ite true :som true :flat true) qflra)'], saved to experiments/synthesis/out-2025-06-19_23-28-24/ln_strat_candidates.csv
2025-06-20 07:57:19:INFO:Stage 1 Time: 30535
2025-06-20 07:57:19:INFO:Parallel strategy saved to experiments/synthesis/out-2025-06-19_23-28-24/parallel_strategy.txt
2025-06-20 07:57:19:INFO:Synthesis time: 30535 seconds
