================================================================================
JobID = 9283857
User = sarnighause, Account = scc_users
Partition = medium, Nodelist = amp052
================================================================================
WARNING: While bind mounting '/scratch1/users/sarnighause/tmp:/tmp/': destination is already in the mount point list


z3 test results: solved 2177 instances with par2 105379.37369203568 and par10 482659.37
Found 772 benchmarks taking more than 1 second


2025-06-20 18:15:51:INFO:Using Z3 version: Z3 version 4.15.0 - 64 bit
2025-06-20 18:18:22:INFO:S1 MCTS Simulations Start
2025-06-20 18:18:22:INFO:Simulation 0 starts
2025-06-20 18:18:22:INFO:Simulation 0 starts
2025-06-20 18:20:26:INFO:At sim 0, new best reward found: 0.37056
2025-06-20 18:20:26:INFO:At sim 0, new best reward found: 0.37056
2025-06-20 18:20:26:INFO:Simulation 1 starts
2025-06-20 18:20:26:INFO:Simulation 1 starts
2025-06-20 18:22:31:INFO:Simulation 2 starts
2025-06-20 18:22:31:INFO:Simulation 2 starts
2025-06-20 18:25:03:INFO:Simulation 3 starts
2025-06-20 18:25:03:INFO:Simulation 3 starts
2025-06-20 18:27:35:INFO:Simulation 4 starts
2025-06-20 18:27:35:INFO:Simulation 4 starts
2025-06-20 18:27:35:INFO:Simulation 5 starts
2025-06-20 18:27:35:INFO:Simulation 5 starts
2025-06-20 18:29:55:INFO:At sim 5, new best reward found: 0.37345
2025-06-20 18:29:55:INFO:At sim 5, new best reward found: 0.37345
2025-06-20 18:29:55:INFO:Simulation 6 starts
2025-06-20 18:29:55:INFO:Simulation 6 starts
2025-06-20 18:32:00:INFO:Simulation 7 starts
2025-06-20 18:32:00:INFO:Simulation 7 starts
2025-06-20 18:34:32:INFO:Simulation 8 starts
2025-06-20 18:34:32:INFO:Simulation 8 starts
2025-06-20 18:34:32:INFO:Simulation 9 starts
2025-06-20 18:34:32:INFO:Simulation 9 starts
2025-06-20 18:36:37:INFO:Simulation 10 starts
2025-06-20 18:36:37:INFO:Simulation 10 starts
2025-06-20 18:36:37:INFO:Simulation 11 starts
2025-06-20 18:36:37:INFO:Simulation 11 starts
2025-06-20 18:38:41:INFO:Simulation 12 starts
2025-06-20 18:38:41:INFO:Simulation 12 starts
2025-06-20 18:41:14:INFO:Simulation 13 starts
2025-06-20 18:41:14:INFO:Simulation 13 starts
2025-06-20 18:43:46:INFO:Simulation 14 starts
2025-06-20 18:43:46:INFO:Simulation 14 starts
2025-06-20 18:43:46:INFO:Simulation 15 starts
2025-06-20 18:43:46:INFO:Simulation 15 starts
2025-06-20 18:45:51:INFO:Simulation 16 starts
2025-06-20 18:45:51:INFO:Simulation 16 starts
2025-06-20 18:45:51:INFO:Simulation 17 starts
2025-06-20 18:45:51:INFO:Simulation 17 starts
2025-06-20 18:48:23:INFO:Simulation 18 starts
2025-06-20 18:48:23:INFO:Simulation 18 starts
2025-06-20 18:48:23:INFO:Simulation 19 starts
2025-06-20 18:48:23:INFO:Simulation 19 starts
2025-06-20 18:50:55:INFO:Simulation 20 starts
2025-06-20 18:50:55:INFO:Simulation 20 starts
2025-06-20 18:53:28:INFO:Simulation 21 starts
2025-06-20 18:53:28:INFO:Simulation 21 starts
2025-06-20 18:55:33:INFO:Simulation 22 starts
2025-06-20 18:55:33:INFO:Simulation 22 starts
2025-06-20 18:55:33:INFO:Simulation 23 starts
2025-06-20 18:55:33:INFO:Simulation 23 starts
2025-06-20 18:58:05:INFO:Simulation 24 starts
2025-06-20 18:58:05:INFO:Simulation 24 starts
2025-06-20 18:58:05:INFO:Simulation 25 starts
2025-06-20 18:58:05:INFO:Simulation 25 starts
2025-06-20 19:00:10:INFO:Simulation 26 starts
2025-06-20 19:00:10:INFO:Simulation 26 starts
2025-06-20 19:00:10:INFO:Simulation 27 starts
2025-06-20 19:00:10:INFO:Simulation 27 starts
2025-06-20 19:02:14:INFO:Simulation 28 starts
2025-06-20 19:02:14:INFO:Simulation 28 starts
2025-06-20 19:02:14:INFO:Simulation 29 starts
2025-06-20 19:02:14:INFO:Simulation 29 starts
2025-06-20 19:04:47:INFO:Simulation 30 starts
2025-06-20 19:04:47:INFO:Simulation 30 starts
2025-06-20 19:07:19:INFO:Simulation 31 starts
2025-06-20 19:07:19:INFO:Simulation 31 starts
2025-06-20 19:07:21:INFO:Simulation 32 starts
2025-06-20 19:07:21:INFO:Simulation 32 starts
2025-06-20 19:07:21:INFO:Simulation 33 starts
2025-06-20 19:07:21:INFO:Simulation 33 starts
2025-06-20 19:09:53:INFO:Simulation 34 starts
2025-06-20 19:09:53:INFO:Simulation 34 starts
2025-06-20 19:09:53:INFO:Simulation 35 starts
2025-06-20 19:09:53:INFO:Simulation 35 starts
2025-06-20 19:12:26:INFO:Simulation 36 starts
2025-06-20 19:12:26:INFO:Simulation 36 starts
2025-06-20 19:12:26:INFO:Simulation 37 starts
2025-06-20 19:12:26:INFO:Simulation 37 starts
2025-06-20 19:14:59:INFO:Simulation 38 starts
2025-06-20 19:14:59:INFO:Simulation 38 starts
2025-06-20 19:14:59:INFO:Simulation 39 starts
2025-06-20 19:14:59:INFO:Simulation 39 starts
2025-06-20 19:17:31:INFO:Simulation 40 starts
2025-06-20 19:17:31:INFO:Simulation 40 starts
2025-06-20 19:17:33:INFO:Simulation 41 starts
2025-06-20 19:17:33:INFO:Simulation 41 starts
2025-06-20 19:17:33:INFO:Simulation 42 starts
2025-06-20 19:17:33:INFO:Simulation 42 starts
2025-06-20 19:20:05:INFO:Simulation 43 starts
2025-06-20 19:20:05:INFO:Simulation 43 starts
2025-06-20 19:22:38:INFO:Simulation 44 starts
2025-06-20 19:22:38:INFO:Simulation 44 starts
2025-06-20 19:22:38:INFO:Simulation 45 starts
2025-06-20 19:22:38:INFO:Simulation 45 starts
2025-06-20 19:22:38:INFO:Simulation 46 starts
2025-06-20 19:22:38:INFO:Simulation 46 starts
2025-06-20 19:24:42:INFO:Simulation 47 starts
2025-06-20 19:24:42:INFO:Simulation 47 starts
2025-06-20 19:24:42:INFO:Simulation 48 starts
2025-06-20 19:24:42:INFO:Simulation 48 starts
2025-06-20 19:27:15:INFO:Simulation 49 starts
2025-06-20 19:27:15:INFO:Simulation 49 starts
2025-06-20 19:27:15:INFO:Simulation 50 starts
2025-06-20 19:27:15:INFO:Simulation 50 starts
2025-06-20 19:29:47:INFO:Simulation 51 starts
2025-06-20 19:29:47:INFO:Simulation 51 starts
2025-06-20 19:29:47:INFO:Simulation 52 starts
2025-06-20 19:29:47:INFO:Simulation 52 starts
2025-06-20 19:32:20:INFO:Simulation 53 starts
2025-06-20 19:32:20:INFO:Simulation 53 starts
2025-06-20 19:32:20:INFO:Simulation 54 starts
2025-06-20 19:32:20:INFO:Simulation 54 starts
2025-06-20 19:34:26:INFO:Simulation 55 starts
2025-06-20 19:34:26:INFO:Simulation 55 starts
2025-06-20 19:34:26:INFO:Simulation 56 starts
2025-06-20 19:34:26:INFO:Simulation 56 starts
2025-06-20 19:37:02:INFO:Simulation 57 starts
2025-06-20 19:37:02:INFO:Simulation 57 starts
2025-06-20 19:39:44:INFO:Simulation 58 starts
2025-06-20 19:39:44:INFO:Simulation 58 starts
2025-06-20 19:39:44:INFO:Simulation 59 starts
2025-06-20 19:39:44:INFO:Simulation 59 starts
2025-06-20 19:39:44:INFO:Simulation 60 starts
2025-06-20 19:39:44:INFO:Simulation 60 starts
2025-06-20 19:41:52:INFO:Simulation 61 starts
2025-06-20 19:41:52:INFO:Simulation 61 starts
2025-06-20 19:41:52:INFO:Simulation 62 starts
2025-06-20 19:41:52:INFO:Simulation 62 starts
2025-06-20 19:41:52:INFO:Simulation 63 starts
2025-06-20 19:41:52:INFO:Simulation 63 starts
2025-06-20 19:41:52:INFO:Simulation 64 starts
2025-06-20 19:41:52:INFO:Simulation 64 starts
2025-06-20 19:43:58:INFO:Simulation 65 starts
2025-06-20 19:43:58:INFO:Simulation 65 starts
2025-06-20 19:46:07:INFO:Simulation 66 starts
2025-06-20 19:46:07:INFO:Simulation 66 starts
2025-06-20 19:46:07:INFO:Simulation 67 starts
2025-06-20 19:46:07:INFO:Simulation 67 starts
2025-06-20 19:46:07:INFO:Simulation 68 starts
2025-06-20 19:46:07:INFO:Simulation 68 starts
2025-06-20 19:46:07:INFO:Simulation 69 starts
2025-06-20 19:46:07:INFO:Simulation 69 starts
2025-06-20 19:46:07:INFO:Simulation 70 starts
2025-06-20 19:46:07:INFO:Simulation 70 starts
2025-06-20 19:46:07:INFO:Simulation 71 starts
2025-06-20 19:46:07:INFO:Simulation 71 starts
2025-06-20 19:46:07:INFO:Simulation 72 starts
2025-06-20 19:46:07:INFO:Simulation 72 starts
2025-06-20 19:46:07:INFO:Simulation 73 starts
2025-06-20 19:46:07:INFO:Simulation 73 starts
2025-06-20 19:46:07:INFO:Simulation 74 starts
2025-06-20 19:46:07:INFO:Simulation 74 starts
2025-06-20 19:46:07:INFO:Simulation 75 starts
2025-06-20 19:46:07:INFO:Simulation 75 starts
2025-06-20 19:48:42:INFO:Simulation 76 starts
2025-06-20 19:48:42:INFO:Simulation 76 starts
2025-06-20 19:48:42:INFO:Simulation 77 starts
2025-06-20 19:48:42:INFO:Simulation 77 starts
2025-06-20 19:51:19:INFO:Simulation 78 starts
2025-06-20 19:51:19:INFO:Simulation 78 starts
2025-06-20 19:51:19:INFO:Simulation 79 starts
2025-06-20 19:51:19:INFO:Simulation 79 starts
2025-06-20 19:54:03:INFO:Simulation 80 starts
2025-06-20 19:54:03:INFO:Simulation 80 starts
2025-06-20 19:54:03:INFO:Simulation 81 starts
2025-06-20 19:54:03:INFO:Simulation 81 starts
2025-06-20 19:56:22:INFO:At sim 81, new best reward found: 0.37613
2025-06-20 19:56:22:INFO:At sim 81, new best reward found: 0.37613
2025-06-20 19:56:22:INFO:Simulation 82 starts
2025-06-20 19:56:22:INFO:Simulation 82 starts
2025-06-20 19:59:04:INFO:Simulation 83 starts
2025-06-20 19:59:04:INFO:Simulation 83 starts
2025-06-20 20:01:42:INFO:Simulation 84 starts
2025-06-20 20:01:42:INFO:Simulation 84 starts
2025-06-20 20:01:42:INFO:Simulation 85 starts
2025-06-20 20:01:42:INFO:Simulation 85 starts
2025-06-20 20:04:20:INFO:Simulation 86 starts
2025-06-20 20:04:20:INFO:Simulation 86 starts
2025-06-20 20:04:20:INFO:Simulation 87 starts
2025-06-20 20:04:20:INFO:Simulation 87 starts
2025-06-20 20:06:55:INFO:Simulation 88 starts
2025-06-20 20:06:55:INFO:Simulation 88 starts
2025-06-20 20:06:55:INFO:Simulation 89 starts
2025-06-20 20:06:55:INFO:Simulation 89 starts
2025-06-20 20:09:30:INFO:Simulation 90 starts
2025-06-20 20:09:30:INFO:Simulation 90 starts
2025-06-20 20:09:30:INFO:Simulation 91 starts
2025-06-20 20:09:30:INFO:Simulation 91 starts
2025-06-20 20:12:07:INFO:Simulation 92 starts
2025-06-20 20:12:07:INFO:Simulation 92 starts
2025-06-20 20:12:07:INFO:Simulation 93 starts
2025-06-20 20:12:07:INFO:Simulation 93 starts
2025-06-20 20:14:13:INFO:Simulation 94 starts
2025-06-20 20:14:13:INFO:Simulation 94 starts
2025-06-20 20:14:13:INFO:Simulation 95 starts
2025-06-20 20:14:13:INFO:Simulation 95 starts
2025-06-20 20:16:49:INFO:Simulation 96 starts
2025-06-20 20:16:49:INFO:Simulation 96 starts
2025-06-20 20:16:49:INFO:Simulation 97 starts
2025-06-20 20:16:49:INFO:Simulation 97 starts
2025-06-20 20:16:49:INFO:Simulation 98 starts
2025-06-20 20:16:49:INFO:Simulation 98 starts
2025-06-20 20:19:24:INFO:Simulation 99 starts
2025-06-20 20:19:24:INFO:Simulation 99 starts
2025-06-20 20:19:24:INFO:Simulation 100 starts
2025-06-20 20:19:24:INFO:Simulation 100 starts
2025-06-20 20:21:49:INFO:At sim 100, new best reward found: 0.37709
2025-06-20 20:21:49:INFO:At sim 100, new best reward found: 0.37709
2025-06-20 20:21:49:INFO:Simulation 101 starts
2025-06-20 20:21:49:INFO:Simulation 101 starts
2025-06-20 20:24:33:INFO:Simulation 102 starts
2025-06-20 20:24:33:INFO:Simulation 102 starts
2025-06-20 20:24:33:INFO:Simulation 103 starts
2025-06-20 20:24:33:INFO:Simulation 103 starts
2025-06-20 20:27:01:INFO:Simulation 104 starts
2025-06-20 20:27:01:INFO:Simulation 104 starts
2025-06-20 20:27:01:INFO:Simulation 105 starts
2025-06-20 20:27:01:INFO:Simulation 105 starts
2025-06-20 20:29:43:INFO:Simulation 106 starts
2025-06-20 20:29:43:INFO:Simulation 106 starts
2025-06-20 20:29:43:INFO:Simulation 107 starts
2025-06-20 20:29:43:INFO:Simulation 107 starts
2025-06-20 20:32:20:INFO:Simulation 108 starts
2025-06-20 20:32:20:INFO:Simulation 108 starts
2025-06-20 20:32:20:INFO:Simulation 109 starts
2025-06-20 20:32:20:INFO:Simulation 109 starts
2025-06-20 20:35:01:INFO:Simulation 110 starts
2025-06-20 20:35:01:INFO:Simulation 110 starts
2025-06-20 20:35:01:INFO:Simulation 111 starts
2025-06-20 20:35:01:INFO:Simulation 111 starts
2025-06-20 20:37:39:INFO:Simulation 112 starts
2025-06-20 20:37:39:INFO:Simulation 112 starts
2025-06-20 20:40:24:INFO:Simulation 113 starts
2025-06-20 20:40:24:INFO:Simulation 113 starts
2025-06-20 20:40:24:INFO:Simulation 114 starts
2025-06-20 20:40:24:INFO:Simulation 114 starts
2025-06-20 20:43:10:INFO:Simulation 115 starts
2025-06-20 20:43:10:INFO:Simulation 115 starts
2025-06-20 20:43:10:INFO:Simulation 116 starts
2025-06-20 20:43:10:INFO:Simulation 116 starts
2025-06-20 20:45:52:INFO:Simulation 117 starts
2025-06-20 20:45:52:INFO:Simulation 117 starts
2025-06-20 20:45:52:INFO:Simulation 118 starts
2025-06-20 20:45:52:INFO:Simulation 118 starts
2025-06-20 20:48:29:INFO:Simulation 119 starts
2025-06-20 20:48:29:INFO:Simulation 119 starts
2025-06-20 20:48:29:INFO:Simulation 120 starts
2025-06-20 20:48:29:INFO:Simulation 120 starts
2025-06-20 20:51:05:INFO:Simulation 121 starts
2025-06-20 20:51:05:INFO:Simulation 121 starts
2025-06-20 20:51:05:INFO:Simulation 122 starts
2025-06-20 20:51:05:INFO:Simulation 122 starts
2025-06-20 20:53:42:INFO:Simulation 123 starts
2025-06-20 20:53:42:INFO:Simulation 123 starts
2025-06-20 20:53:47:INFO:Simulation 124 starts
2025-06-20 20:53:47:INFO:Simulation 124 starts
2025-06-20 20:53:47:INFO:Simulation 125 starts
2025-06-20 20:53:47:INFO:Simulation 125 starts
2025-06-20 20:55:53:INFO:Simulation 126 starts
2025-06-20 20:55:53:INFO:Simulation 126 starts
2025-06-20 20:55:53:INFO:Simulation 127 starts
2025-06-20 20:55:53:INFO:Simulation 127 starts
2025-06-20 20:58:27:INFO:Simulation 128 starts
2025-06-20 20:58:27:INFO:Simulation 128 starts
2025-06-20 20:58:27:INFO:Simulation 129 starts
2025-06-20 20:58:27:INFO:Simulation 129 starts
2025-06-20 21:01:02:INFO:Simulation 130 starts
2025-06-20 21:01:02:INFO:Simulation 130 starts
2025-06-20 21:01:02:INFO:Simulation 131 starts
2025-06-20 21:01:02:INFO:Simulation 131 starts
2025-06-20 21:03:39:INFO:Simulation 132 starts
2025-06-20 21:03:39:INFO:Simulation 132 starts
2025-06-20 21:03:39:INFO:Simulation 133 starts
2025-06-20 21:03:39:INFO:Simulation 133 starts
2025-06-20 21:06:13:INFO:At sim 133, new best reward found: 0.38851
2025-06-20 21:06:13:INFO:At sim 133, new best reward found: 0.38851
2025-06-20 21:06:13:INFO:Simulation 134 starts
2025-06-20 21:06:13:INFO:Simulation 134 starts
2025-06-20 21:08:39:INFO:Simulation 135 starts
2025-06-20 21:08:39:INFO:Simulation 135 starts
2025-06-20 21:10:53:INFO:Simulation 136 starts
2025-06-20 21:10:53:INFO:Simulation 136 starts
2025-06-20 21:13:34:INFO:Simulation 137 starts
2025-06-20 21:13:34:INFO:Simulation 137 starts
2025-06-20 21:13:38:INFO:Simulation 138 starts
2025-06-20 21:13:38:INFO:Simulation 138 starts
2025-06-20 21:16:14:INFO:Simulation 139 starts
2025-06-20 21:16:14:INFO:Simulation 139 starts
2025-06-20 21:16:14:INFO:Simulation 140 starts
2025-06-20 21:16:14:INFO:Simulation 140 starts
2025-06-20 21:18:57:INFO:Simulation 141 starts
2025-06-20 21:18:57:INFO:Simulation 141 starts
2025-06-20 21:21:40:INFO:Simulation 142 starts
2025-06-20 21:21:40:INFO:Simulation 142 starts
2025-06-20 21:24:26:INFO:Simulation 143 starts
2025-06-20 21:24:26:INFO:Simulation 143 starts
2025-06-20 21:24:26:INFO:Simulation 144 starts
2025-06-20 21:24:26:INFO:Simulation 144 starts
2025-06-20 21:26:38:INFO:Simulation 145 starts
2025-06-20 21:26:38:INFO:Simulation 145 starts
2025-06-20 21:26:38:INFO:Simulation 146 starts
2025-06-20 21:26:38:INFO:Simulation 146 starts
2025-06-20 21:29:19:INFO:Simulation 147 starts
2025-06-20 21:29:19:INFO:Simulation 147 starts
2025-06-20 21:31:54:INFO:Simulation 148 starts
2025-06-20 21:31:54:INFO:Simulation 148 starts
2025-06-20 21:34:29:INFO:Simulation 149 starts
2025-06-20 21:34:29:INFO:Simulation 149 starts
2025-06-20 21:34:29:INFO:Simulation 150 starts
2025-06-20 21:34:29:INFO:Simulation 150 starts
2025-06-20 21:37:00:INFO:Simulation 151 starts
2025-06-20 21:37:00:INFO:Simulation 151 starts
2025-06-20 21:37:00:INFO:Simulation 152 starts
2025-06-20 21:37:00:INFO:Simulation 152 starts
2025-06-20 21:39:29:INFO:Simulation 153 starts
2025-06-20 21:39:29:INFO:Simulation 153 starts
2025-06-20 21:42:07:INFO:Simulation 154 starts
2025-06-20 21:42:07:INFO:Simulation 154 starts
2025-06-20 21:42:07:INFO:Simulation 155 starts
2025-06-20 21:42:07:INFO:Simulation 155 starts
2025-06-20 21:44:46:INFO:Simulation 156 starts
2025-06-20 21:44:46:INFO:Simulation 156 starts
2025-06-20 21:44:46:INFO:Simulation 157 starts
2025-06-20 21:44:46:INFO:Simulation 157 starts
2025-06-20 21:47:29:INFO:Simulation 158 starts
2025-06-20 21:47:29:INFO:Simulation 158 starts
2025-06-20 21:50:14:INFO:Simulation 159 starts
2025-06-20 21:50:14:INFO:Simulation 159 starts
2025-06-20 21:50:14:INFO:Simulation 160 starts
2025-06-20 21:50:14:INFO:Simulation 160 starts
2025-06-20 21:52:40:INFO:Simulation 161 starts
2025-06-20 21:52:40:INFO:Simulation 161 starts
2025-06-20 21:52:40:INFO:Simulation 162 starts
2025-06-20 21:52:40:INFO:Simulation 162 starts
2025-06-20 21:55:22:INFO:Simulation 163 starts
2025-06-20 21:55:22:INFO:Simulation 163 starts
2025-06-20 21:57:49:INFO:Simulation 164 starts
2025-06-20 21:57:49:INFO:Simulation 164 starts
2025-06-20 21:57:49:INFO:Simulation 165 starts
2025-06-20 21:57:49:INFO:Simulation 165 starts
2025-06-20 22:00:27:INFO:Simulation 166 starts
2025-06-20 22:00:27:INFO:Simulation 166 starts
2025-06-20 22:02:37:INFO:Simulation 167 starts
2025-06-20 22:02:37:INFO:Simulation 167 starts
2025-06-20 22:02:37:INFO:Simulation 168 starts
2025-06-20 22:02:37:INFO:Simulation 168 starts
2025-06-20 22:04:47:INFO:Simulation 169 starts
2025-06-20 22:04:47:INFO:Simulation 169 starts
2025-06-20 22:04:47:INFO:Simulation 170 starts
2025-06-20 22:04:47:INFO:Simulation 170 starts
2025-06-20 22:06:53:INFO:Simulation 171 starts
2025-06-20 22:06:53:INFO:Simulation 171 starts
2025-06-20 22:09:31:INFO:Simulation 172 starts
2025-06-20 22:09:31:INFO:Simulation 172 starts
2025-06-20 22:09:31:INFO:Simulation 173 starts
2025-06-20 22:09:31:INFO:Simulation 173 starts
2025-06-20 22:11:56:INFO:Simulation 174 starts
2025-06-20 22:11:56:INFO:Simulation 174 starts
2025-06-20 22:11:56:INFO:Simulation 175 starts
2025-06-20 22:11:56:INFO:Simulation 175 starts
2025-06-20 22:11:56:INFO:Simulation 176 starts
2025-06-20 22:11:56:INFO:Simulation 176 starts
2025-06-20 22:14:38:INFO:Simulation 177 starts
2025-06-20 22:14:38:INFO:Simulation 177 starts
2025-06-20 22:14:38:INFO:Simulation 178 starts
2025-06-20 22:14:38:INFO:Simulation 178 starts
2025-06-20 22:17:19:INFO:Simulation 179 starts
2025-06-20 22:17:19:INFO:Simulation 179 starts
2025-06-20 22:17:19:INFO:Simulation 180 starts
2025-06-20 22:17:19:INFO:Simulation 180 starts
2025-06-20 22:17:19:INFO:Simulation 181 starts
2025-06-20 22:17:19:INFO:Simulation 181 starts
2025-06-20 22:19:33:INFO:Simulation 182 starts
2025-06-20 22:19:33:INFO:Simulation 182 starts
2025-06-20 22:19:33:INFO:Simulation 183 starts
2025-06-20 22:19:33:INFO:Simulation 183 starts
2025-06-20 22:19:33:INFO:Simulation 184 starts
2025-06-20 22:19:33:INFO:Simulation 184 starts
2025-06-20 22:19:33:INFO:Simulation 185 starts
2025-06-20 22:19:33:INFO:Simulation 185 starts
2025-06-20 22:19:33:INFO:Simulation 186 starts
2025-06-20 22:19:33:INFO:Simulation 186 starts
2025-06-20 22:21:49:INFO:Simulation 187 starts
2025-06-20 22:21:49:INFO:Simulation 187 starts
2025-06-20 22:21:49:INFO:Simulation 188 starts
2025-06-20 22:21:49:INFO:Simulation 188 starts
2025-06-20 22:24:31:INFO:Simulation 189 starts
2025-06-20 22:24:31:INFO:Simulation 189 starts
2025-06-20 22:24:31:INFO:Simulation 190 starts
2025-06-20 22:24:31:INFO:Simulation 190 starts
2025-06-20 22:24:31:INFO:Simulation 191 starts
2025-06-20 22:24:31:INFO:Simulation 191 starts
2025-06-20 22:24:31:INFO:Simulation 192 starts
2025-06-20 22:24:31:INFO:Simulation 192 starts
2025-06-20 22:24:31:INFO:Simulation 193 starts
2025-06-20 22:24:31:INFO:Simulation 193 starts
2025-06-20 22:24:31:INFO:Simulation 194 starts
2025-06-20 22:24:31:INFO:Simulation 194 starts
2025-06-20 22:24:31:INFO:Simulation 195 starts
2025-06-20 22:24:31:INFO:Simulation 195 starts
2025-06-20 22:24:31:INFO:Simulation 196 starts
2025-06-20 22:24:31:INFO:Simulation 196 starts
2025-06-20 22:24:31:INFO:Simulation 197 starts
2025-06-20 22:24:31:INFO:Simulation 197 starts
2025-06-20 22:24:31:INFO:Simulation 198 starts
2025-06-20 22:24:31:INFO:Simulation 198 starts
2025-06-20 22:24:31:INFO:Simulation 199 starts
2025-06-20 22:24:31:INFO:Simulation 199 starts
2025-06-20 22:26:46:INFO:Simulation 200 starts
2025-06-20 22:26:46:INFO:Simulation 200 starts
2025-06-20 22:29:28:INFO:Simulation 201 starts
2025-06-20 22:29:28:INFO:Simulation 201 starts
2025-06-20 22:29:28:INFO:Simulation 202 starts
2025-06-20 22:29:28:INFO:Simulation 202 starts
2025-06-20 22:32:09:INFO:Simulation 203 starts
2025-06-20 22:32:09:INFO:Simulation 203 starts
2025-06-20 22:32:09:INFO:Simulation 204 starts
2025-06-20 22:32:09:INFO:Simulation 204 starts
2025-06-20 22:34:53:INFO:Simulation 205 starts
2025-06-20 22:34:53:INFO:Simulation 205 starts
2025-06-20 22:37:39:INFO:Simulation 206 starts
2025-06-20 22:37:39:INFO:Simulation 206 starts
2025-06-20 22:37:39:INFO:Simulation 207 starts
2025-06-20 22:37:39:INFO:Simulation 207 starts
2025-06-20 22:40:17:INFO:Simulation 208 starts
2025-06-20 22:40:17:INFO:Simulation 208 starts
2025-06-20 22:42:37:INFO:Simulation 209 starts
2025-06-20 22:42:37:INFO:Simulation 209 starts
2025-06-20 22:42:37:INFO:Simulation 210 starts
2025-06-20 22:42:37:INFO:Simulation 210 starts
2025-06-20 22:45:23:INFO:Simulation 211 starts
2025-06-20 22:45:23:INFO:Simulation 211 starts
2025-06-20 22:45:23:INFO:Simulation 212 starts
2025-06-20 22:45:23:INFO:Simulation 212 starts
2025-06-20 22:48:03:INFO:Simulation 213 starts
2025-06-20 22:48:03:INFO:Simulation 213 starts
2025-06-20 22:50:51:INFO:Simulation 214 starts
2025-06-20 22:50:51:INFO:Simulation 214 starts
2025-06-20 22:50:51:INFO:Simulation 215 starts
2025-06-20 22:50:51:INFO:Simulation 215 starts
2025-06-20 22:53:40:INFO:Simulation 216 starts
2025-06-20 22:53:40:INFO:Simulation 216 starts
2025-06-20 22:55:59:INFO:Simulation 217 starts
2025-06-20 22:55:59:INFO:Simulation 217 starts
2025-06-20 22:55:59:INFO:Simulation 218 starts
2025-06-20 22:55:59:INFO:Simulation 218 starts
2025-06-20 22:58:39:INFO:Simulation 219 starts
2025-06-20 22:58:39:INFO:Simulation 219 starts
2025-06-20 22:58:39:INFO:Simulation 220 starts
2025-06-20 22:58:39:INFO:Simulation 220 starts
2025-06-20 22:58:39:INFO:Simulation 221 starts
2025-06-20 22:58:39:INFO:Simulation 221 starts
2025-06-20 22:58:45:INFO:Simulation 222 starts
2025-06-20 22:58:45:INFO:Simulation 222 starts
2025-06-20 22:58:45:INFO:Simulation 223 starts
2025-06-20 22:58:45:INFO:Simulation 223 starts
2025-06-20 22:58:45:INFO:Simulation 224 starts
2025-06-20 22:58:45:INFO:Simulation 224 starts
2025-06-20 22:58:45:INFO:Simulation 225 starts
2025-06-20 22:58:45:INFO:Simulation 225 starts
2025-06-20 22:58:45:INFO:Simulation 226 starts
2025-06-20 22:58:45:INFO:Simulation 226 starts
2025-06-20 22:58:45:INFO:Simulation 227 starts
2025-06-20 22:58:45:INFO:Simulation 227 starts
2025-06-20 22:58:45:INFO:Simulation 228 starts
2025-06-20 22:58:45:INFO:Simulation 228 starts
2025-06-20 23:01:21:INFO:Simulation 229 starts
2025-06-20 23:01:21:INFO:Simulation 229 starts
2025-06-20 23:01:21:INFO:Simulation 230 starts
2025-06-20 23:01:21:INFO:Simulation 230 starts
2025-06-20 23:01:21:INFO:Simulation 231 starts
2025-06-20 23:01:21:INFO:Simulation 231 starts
2025-06-20 23:01:21:INFO:Simulation 232 starts
2025-06-20 23:01:21:INFO:Simulation 232 starts
2025-06-20 23:01:21:INFO:Simulation 233 starts
2025-06-20 23:01:21:INFO:Simulation 233 starts
2025-06-20 23:01:21:INFO:Simulation 234 starts
2025-06-20 23:01:21:INFO:Simulation 234 starts
2025-06-20 23:01:21:INFO:Simulation 235 starts
2025-06-20 23:01:21:INFO:Simulation 235 starts
2025-06-20 23:01:21:INFO:Simulation 236 starts
2025-06-20 23:01:21:INFO:Simulation 236 starts
2025-06-20 23:01:24:INFO:Simulation 237 starts
2025-06-20 23:01:24:INFO:Simulation 237 starts
2025-06-20 23:03:31:INFO:Simulation 238 starts
2025-06-20 23:03:31:INFO:Simulation 238 starts
2025-06-20 23:03:31:INFO:Simulation 239 starts
2025-06-20 23:03:31:INFO:Simulation 239 starts
2025-06-20 23:06:09:INFO:Simulation 240 starts
2025-06-20 23:06:09:INFO:Simulation 240 starts
2025-06-20 23:08:21:INFO:Simulation 241 starts
2025-06-20 23:08:21:INFO:Simulation 241 starts
2025-06-20 23:08:21:INFO:Simulation 242 starts
2025-06-20 23:08:21:INFO:Simulation 242 starts
2025-06-20 23:08:21:INFO:Simulation 243 starts
2025-06-20 23:08:21:INFO:Simulation 243 starts
2025-06-20 23:08:21:INFO:Simulation 244 starts
2025-06-20 23:08:21:INFO:Simulation 244 starts
2025-06-20 23:08:21:INFO:Simulation 245 starts
2025-06-20 23:08:21:INFO:Simulation 245 starts
2025-06-20 23:08:21:INFO:Simulation 246 starts
2025-06-20 23:08:21:INFO:Simulation 246 starts
2025-06-20 23:08:21:INFO:Simulation 247 starts
2025-06-20 23:08:21:INFO:Simulation 247 starts
2025-06-20 23:11:07:INFO:Simulation 248 starts
2025-06-20 23:11:07:INFO:Simulation 248 starts
2025-06-20 23:13:51:INFO:Simulation 249 starts
2025-06-20 23:13:51:INFO:Simulation 249 starts
2025-06-20 23:13:51:INFO:Simulation 250 starts
2025-06-20 23:13:51:INFO:Simulation 250 starts
2025-06-20 23:16:37:INFO:Simulation 251 starts
2025-06-20 23:16:37:INFO:Simulation 251 starts
2025-06-20 23:19:24:INFO:Simulation 252 starts
2025-06-20 23:19:24:INFO:Simulation 252 starts
2025-06-20 23:19:24:INFO:Simulation 253 starts
2025-06-20 23:19:24:INFO:Simulation 253 starts
2025-06-20 23:22:14:INFO:Simulation 254 starts
2025-06-20 23:22:14:INFO:Simulation 254 starts
2025-06-20 23:25:00:INFO:Simulation 255 starts
2025-06-20 23:25:00:INFO:Simulation 255 starts
2025-06-20 23:25:00:INFO:Simulation 256 starts
2025-06-20 23:25:00:INFO:Simulation 256 starts
2025-06-20 23:27:49:INFO:Simulation 257 starts
2025-06-20 23:27:49:INFO:Simulation 257 starts
2025-06-20 23:27:49:INFO:Simulation 258 starts
2025-06-20 23:27:49:INFO:Simulation 258 starts
2025-06-20 23:30:41:INFO:Simulation 259 starts
2025-06-20 23:30:41:INFO:Simulation 259 starts
2025-06-20 23:33:30:INFO:Simulation 260 starts
2025-06-20 23:33:30:INFO:Simulation 260 starts
2025-06-20 23:33:30:INFO:Simulation 261 starts
2025-06-20 23:33:30:INFO:Simulation 261 starts
2025-06-20 23:36:17:INFO:Simulation 262 starts
2025-06-20 23:36:17:INFO:Simulation 262 starts
2025-06-20 23:38:59:INFO:Simulation 263 starts
2025-06-20 23:38:59:INFO:Simulation 263 starts
2025-06-20 23:38:59:INFO:Simulation 264 starts
2025-06-20 23:38:59:INFO:Simulation 264 starts
2025-06-20 23:41:16:INFO:Simulation 265 starts
2025-06-20 23:41:16:INFO:Simulation 265 starts
2025-06-20 23:44:04:INFO:Simulation 266 starts
2025-06-20 23:44:04:INFO:Simulation 266 starts
2025-06-20 23:44:04:INFO:Simulation 267 starts
2025-06-20 23:44:04:INFO:Simulation 267 starts
2025-06-20 23:46:48:INFO:Simulation 268 starts
2025-06-20 23:46:48:INFO:Simulation 268 starts
2025-06-20 23:46:48:INFO:Simulation 269 starts
2025-06-20 23:46:48:INFO:Simulation 269 starts
2025-06-20 23:49:06:INFO:Simulation 270 starts
2025-06-20 23:49:06:INFO:Simulation 270 starts
2025-06-20 23:49:06:INFO:Simulation 271 starts
2025-06-20 23:49:06:INFO:Simulation 271 starts
2025-06-20 23:49:06:INFO:Simulation 272 starts
2025-06-20 23:49:06:INFO:Simulation 272 starts
2025-06-20 23:49:06:INFO:Simulation 273 starts
2025-06-20 23:49:06:INFO:Simulation 273 starts
2025-06-20 23:49:06:INFO:Simulation 274 starts
2025-06-20 23:49:06:INFO:Simulation 274 starts
2025-06-20 23:49:06:INFO:Simulation 275 starts
2025-06-20 23:49:06:INFO:Simulation 275 starts
2025-06-20 23:51:52:INFO:Simulation 276 starts
2025-06-20 23:51:52:INFO:Simulation 276 starts
2025-06-20 23:54:37:INFO:Simulation 277 starts
2025-06-20 23:54:37:INFO:Simulation 277 starts
2025-06-20 23:54:37:INFO:Simulation 278 starts
2025-06-20 23:54:37:INFO:Simulation 278 starts
2025-06-20 23:57:20:INFO:Simulation 279 starts
2025-06-20 23:57:20:INFO:Simulation 279 starts
2025-06-20 23:57:20:INFO:Simulation 280 starts
2025-06-20 23:57:20:INFO:Simulation 280 starts
2025-06-21 00:00:04:INFO:Simulation 281 starts
2025-06-21 00:00:04:INFO:Simulation 281 starts
2025-06-21 00:02:47:INFO:Simulation 282 starts
2025-06-21 00:02:47:INFO:Simulation 282 starts
2025-06-21 00:02:47:INFO:Simulation 283 starts
2025-06-21 00:02:47:INFO:Simulation 283 starts
2025-06-21 00:05:00:INFO:Simulation 284 starts
2025-06-21 00:05:00:INFO:Simulation 284 starts
2025-06-21 00:07:11:INFO:Simulation 285 starts
2025-06-21 00:07:11:INFO:Simulation 285 starts
2025-06-21 00:07:11:INFO:Simulation 286 starts
2025-06-21 00:07:11:INFO:Simulation 286 starts
2025-06-21 00:09:46:INFO:Simulation 287 starts
2025-06-21 00:09:46:INFO:Simulation 287 starts
2025-06-21 00:09:46:INFO:Simulation 288 starts
2025-06-21 00:09:46:INFO:Simulation 288 starts
2025-06-21 00:09:46:INFO:Simulation 289 starts
2025-06-21 00:09:46:INFO:Simulation 289 starts
2025-06-21 00:09:46:INFO:Simulation 290 starts
2025-06-21 00:09:46:INFO:Simulation 290 starts
2025-06-21 00:09:46:INFO:Simulation 291 starts
2025-06-21 00:09:46:INFO:Simulation 291 starts
2025-06-21 00:09:46:INFO:Simulation 292 starts
2025-06-21 00:09:46:INFO:Simulation 292 starts
2025-06-21 00:09:46:INFO:Simulation 293 starts
2025-06-21 00:09:46:INFO:Simulation 293 starts
2025-06-21 00:09:46:INFO:Simulation 294 starts
2025-06-21 00:09:46:INFO:Simulation 294 starts
2025-06-21 00:12:13:INFO:Simulation 295 starts
2025-06-21 00:12:13:INFO:Simulation 295 starts
2025-06-21 00:12:13:INFO:Simulation 296 starts
2025-06-21 00:12:13:INFO:Simulation 296 starts
2025-06-21 00:12:13:INFO:Simulation 297 starts
2025-06-21 00:12:13:INFO:Simulation 297 starts
2025-06-21 00:14:29:INFO:Simulation 298 starts
2025-06-21 00:14:29:INFO:Simulation 298 starts
2025-06-21 00:17:10:INFO:Simulation 299 starts
2025-06-21 00:17:10:INFO:Simulation 299 starts
2025-06-21 00:17:10:INFO:Simulation 300 starts
2025-06-21 00:17:10:INFO:Simulation 300 starts
2025-06-21 00:19:37:INFO:Simulation 301 starts
2025-06-21 00:19:37:INFO:Simulation 301 starts
2025-06-21 00:21:48:INFO:Simulation 302 starts
2025-06-21 00:21:48:INFO:Simulation 302 starts
2025-06-21 00:21:48:INFO:Simulation 303 starts
2025-06-21 00:21:48:INFO:Simulation 303 starts
2025-06-21 00:24:27:INFO:Simulation 304 starts
2025-06-21 00:24:27:INFO:Simulation 304 starts
2025-06-21 00:27:07:INFO:Simulation 305 starts
2025-06-21 00:27:07:INFO:Simulation 305 starts
2025-06-21 00:27:07:INFO:Simulation 306 starts
2025-06-21 00:27:07:INFO:Simulation 306 starts
2025-06-21 00:29:16:INFO:Simulation 307 starts
2025-06-21 00:29:16:INFO:Simulation 307 starts
2025-06-21 00:29:16:INFO:Simulation 308 starts
2025-06-21 00:29:16:INFO:Simulation 308 starts
2025-06-21 00:31:24:INFO:Simulation 309 starts
2025-06-21 00:31:24:INFO:Simulation 309 starts
2025-06-21 00:31:24:INFO:Simulation 310 starts
2025-06-21 00:31:24:INFO:Simulation 310 starts
2025-06-21 00:31:24:INFO:Simulation 311 starts
2025-06-21 00:31:24:INFO:Simulation 311 starts
2025-06-21 00:34:02:INFO:Simulation 312 starts
2025-06-21 00:34:02:INFO:Simulation 312 starts
2025-06-21 00:34:02:INFO:Simulation 313 starts
2025-06-21 00:34:02:INFO:Simulation 313 starts
2025-06-21 00:34:02:INFO:Simulation 314 starts
2025-06-21 00:34:02:INFO:Simulation 314 starts
2025-06-21 00:34:02:INFO:Simulation 315 starts
2025-06-21 00:34:02:INFO:Simulation 315 starts
2025-06-21 00:34:02:INFO:Simulation 316 starts
2025-06-21 00:34:02:INFO:Simulation 316 starts
2025-06-21 00:34:02:INFO:Simulation 317 starts
2025-06-21 00:34:02:INFO:Simulation 317 starts
2025-06-21 00:34:02:INFO:Simulation 318 starts
2025-06-21 00:34:02:INFO:Simulation 318 starts
2025-06-21 00:34:02:INFO:Simulation 319 starts
2025-06-21 00:34:02:INFO:Simulation 319 starts
2025-06-21 00:34:02:INFO:Simulation 320 starts
2025-06-21 00:34:02:INFO:Simulation 320 starts
2025-06-21 00:34:02:INFO:Simulation 321 starts
2025-06-21 00:34:02:INFO:Simulation 321 starts
2025-06-21 00:34:02:INFO:Simulation 322 starts
2025-06-21 00:34:02:INFO:Simulation 322 starts
2025-06-21 00:36:12:INFO:Simulation 323 starts
2025-06-21 00:36:12:INFO:Simulation 323 starts
2025-06-21 00:36:12:INFO:Simulation 324 starts
2025-06-21 00:36:12:INFO:Simulation 324 starts
2025-06-21 00:36:12:INFO:Simulation 325 starts
2025-06-21 00:36:12:INFO:Simulation 325 starts
2025-06-21 00:36:12:INFO:Simulation 326 starts
2025-06-21 00:36:12:INFO:Simulation 326 starts
2025-06-21 00:38:49:INFO:Simulation 327 starts
2025-06-21 00:38:49:INFO:Simulation 327 starts
2025-06-21 00:38:49:INFO:Simulation 328 starts
2025-06-21 00:38:49:INFO:Simulation 328 starts
2025-06-21 00:41:29:INFO:Simulation 329 starts
2025-06-21 00:41:29:INFO:Simulation 329 starts
2025-06-21 00:43:37:INFO:Simulation 330 starts
2025-06-21 00:43:37:INFO:Simulation 330 starts
2025-06-21 00:43:37:INFO:Simulation 331 starts
2025-06-21 00:43:37:INFO:Simulation 331 starts
2025-06-21 00:43:37:INFO:Simulation 332 starts
2025-06-21 00:43:37:INFO:Simulation 332 starts
2025-06-21 00:43:40:INFO:Simulation 333 starts
2025-06-21 00:43:40:INFO:Simulation 333 starts
2025-06-21 00:43:40:INFO:Simulation 334 starts
2025-06-21 00:43:40:INFO:Simulation 334 starts
2025-06-21 00:46:16:INFO:Simulation 335 starts
2025-06-21 00:46:16:INFO:Simulation 335 starts
2025-06-21 00:46:16:INFO:Simulation 336 starts
2025-06-21 00:46:16:INFO:Simulation 336 starts
2025-06-21 00:46:16:INFO:Simulation 337 starts
2025-06-21 00:46:16:INFO:Simulation 337 starts
2025-06-21 00:48:42:INFO:Simulation 338 starts
2025-06-21 00:48:42:INFO:Simulation 338 starts
2025-06-21 00:48:42:INFO:Simulation 339 starts
2025-06-21 00:48:42:INFO:Simulation 339 starts
2025-06-21 00:48:42:INFO:Simulation 340 starts
2025-06-21 00:48:42:INFO:Simulation 340 starts
2025-06-21 00:48:42:INFO:Simulation 341 starts
2025-06-21 00:48:42:INFO:Simulation 341 starts
2025-06-21 00:48:42:INFO:Simulation 342 starts
2025-06-21 00:48:42:INFO:Simulation 342 starts
2025-06-21 00:48:42:INFO:Simulation 343 starts
2025-06-21 00:48:42:INFO:Simulation 343 starts
2025-06-21 00:48:42:INFO:Simulation 344 starts
2025-06-21 00:48:42:INFO:Simulation 344 starts
2025-06-21 00:48:42:INFO:Simulation 345 starts
2025-06-21 00:48:42:INFO:Simulation 345 starts
2025-06-21 00:48:42:INFO:Simulation 346 starts
2025-06-21 00:48:42:INFO:Simulation 346 starts
2025-06-21 00:48:42:INFO:Simulation 347 starts
2025-06-21 00:48:42:INFO:Simulation 347 starts
2025-06-21 00:48:42:INFO:Simulation 348 starts
2025-06-21 00:48:42:INFO:Simulation 348 starts
2025-06-21 00:50:52:INFO:Simulation 349 starts
2025-06-21 00:50:52:INFO:Simulation 349 starts
2025-06-21 00:50:52:INFO:Simulation 350 starts
2025-06-21 00:50:52:INFO:Simulation 350 starts
2025-06-21 00:50:52:INFO:Simulation 351 starts
2025-06-21 00:50:52:INFO:Simulation 351 starts
2025-06-21 00:53:31:INFO:Simulation 352 starts
2025-06-21 00:53:31:INFO:Simulation 352 starts
2025-06-21 00:56:12:INFO:Simulation 353 starts
2025-06-21 00:56:12:INFO:Simulation 353 starts
2025-06-21 00:56:12:INFO:Simulation 354 starts
2025-06-21 00:56:12:INFO:Simulation 354 starts
2025-06-21 00:58:54:INFO:Simulation 355 starts
2025-06-21 00:58:54:INFO:Simulation 355 starts
2025-06-21 01:01:34:INFO:Simulation 356 starts
2025-06-21 01:01:34:INFO:Simulation 356 starts
2025-06-21 01:01:34:INFO:Simulation 357 starts
2025-06-21 01:01:34:INFO:Simulation 357 starts
2025-06-21 01:04:18:INFO:Simulation 358 starts
2025-06-21 01:04:18:INFO:Simulation 358 starts
2025-06-21 01:07:00:INFO:Simulation 359 starts
2025-06-21 01:07:00:INFO:Simulation 359 starts
2025-06-21 01:07:00:INFO:Simulation 360 starts
2025-06-21 01:07:00:INFO:Simulation 360 starts
2025-06-21 01:09:46:INFO:Simulation 361 starts
2025-06-21 01:09:46:INFO:Simulation 361 starts
2025-06-21 01:12:17:INFO:Simulation 362 starts
2025-06-21 01:12:17:INFO:Simulation 362 starts
2025-06-21 01:12:17:INFO:Simulation 363 starts
2025-06-21 01:12:17:INFO:Simulation 363 starts
2025-06-21 01:15:01:INFO:Simulation 364 starts
2025-06-21 01:15:01:INFO:Simulation 364 starts
2025-06-21 01:15:01:INFO:Simulation 365 starts
2025-06-21 01:15:01:INFO:Simulation 365 starts
2025-06-21 01:15:01:INFO:Simulation 366 starts
2025-06-21 01:15:01:INFO:Simulation 366 starts
2025-06-21 01:15:01:INFO:Simulation 367 starts
2025-06-21 01:15:01:INFO:Simulation 367 starts
2025-06-21 01:15:01:INFO:Simulation 368 starts
2025-06-21 01:15:01:INFO:Simulation 368 starts
2025-06-21 01:15:01:INFO:Simulation 369 starts
2025-06-21 01:15:01:INFO:Simulation 369 starts
2025-06-21 01:15:01:INFO:Simulation 370 starts
2025-06-21 01:15:01:INFO:Simulation 370 starts
2025-06-21 01:15:01:INFO:Simulation 371 starts
2025-06-21 01:15:01:INFO:Simulation 371 starts
2025-06-21 01:15:01:INFO:Simulation 372 starts
2025-06-21 01:15:01:INFO:Simulation 372 starts
2025-06-21 01:17:15:INFO:Simulation 373 starts
2025-06-21 01:17:15:INFO:Simulation 373 starts
2025-06-21 01:17:15:INFO:Simulation 374 starts
2025-06-21 01:17:15:INFO:Simulation 374 starts
2025-06-21 01:19:59:INFO:Simulation 375 starts
2025-06-21 01:19:59:INFO:Simulation 375 starts
2025-06-21 01:22:42:INFO:Simulation 376 starts
2025-06-21 01:22:42:INFO:Simulation 376 starts
2025-06-21 01:22:42:INFO:Simulation 377 starts
2025-06-21 01:22:42:INFO:Simulation 377 starts
2025-06-21 01:24:59:INFO:Simulation 378 starts
2025-06-21 01:24:59:INFO:Simulation 378 starts
2025-06-21 01:24:59:INFO:Simulation 379 starts
2025-06-21 01:24:59:INFO:Simulation 379 starts
2025-06-21 01:24:59:INFO:Simulation 380 starts
2025-06-21 01:24:59:INFO:Simulation 380 starts
2025-06-21 01:27:13:INFO:Simulation 381 starts
2025-06-21 01:27:13:INFO:Simulation 381 starts
2025-06-21 01:29:59:INFO:Simulation 382 starts
2025-06-21 01:29:59:INFO:Simulation 382 starts
2025-06-21 01:29:59:INFO:Simulation 383 starts
2025-06-21 01:29:59:INFO:Simulation 383 starts
2025-06-21 01:32:42:INFO:Simulation 384 starts
2025-06-21 01:32:42:INFO:Simulation 384 starts
2025-06-21 01:35:25:INFO:Simulation 385 starts
2025-06-21 01:35:25:INFO:Simulation 385 starts
2025-06-21 01:35:25:INFO:Simulation 386 starts
2025-06-21 01:35:25:INFO:Simulation 386 starts
2025-06-21 01:38:08:INFO:Simulation 387 starts
2025-06-21 01:38:08:INFO:Simulation 387 starts
2025-06-21 01:40:24:INFO:Simulation 388 starts
2025-06-21 01:40:24:INFO:Simulation 388 starts
2025-06-21 01:40:24:INFO:Simulation 389 starts
2025-06-21 01:40:24:INFO:Simulation 389 starts
2025-06-21 01:43:08:INFO:Simulation 390 starts
2025-06-21 01:43:08:INFO:Simulation 390 starts
2025-06-21 01:45:52:INFO:Simulation 391 starts
2025-06-21 01:45:52:INFO:Simulation 391 starts
2025-06-21 01:45:52:INFO:Simulation 392 starts
2025-06-21 01:45:52:INFO:Simulation 392 starts
2025-06-21 01:45:52:INFO:Simulation 393 starts
2025-06-21 01:45:52:INFO:Simulation 393 starts
2025-06-21 01:45:52:INFO:Simulation 394 starts
2025-06-21 01:45:52:INFO:Simulation 394 starts
2025-06-21 01:45:52:INFO:Simulation 395 starts
2025-06-21 01:45:52:INFO:Simulation 395 starts
2025-06-21 01:48:36:INFO:Simulation 396 starts
2025-06-21 01:48:36:INFO:Simulation 396 starts
2025-06-21 01:51:23:INFO:Simulation 397 starts
2025-06-21 01:51:23:INFO:Simulation 397 starts
2025-06-21 01:51:23:INFO:Simulation 398 starts
2025-06-21 01:51:23:INFO:Simulation 398 starts
2025-06-21 01:54:06:INFO:Simulation 399 starts
2025-06-21 01:54:06:INFO:Simulation 399 starts
2025-06-21 01:56:51:INFO:Simulation 400 starts
2025-06-21 01:56:51:INFO:Simulation 400 starts
2025-06-21 01:56:51:INFO:Simulation 401 starts
2025-06-21 01:56:51:INFO:Simulation 401 starts
2025-06-21 01:59:33:INFO:Simulation 402 starts
2025-06-21 01:59:33:INFO:Simulation 402 starts
2025-06-21 01:59:33:INFO:Simulation 403 starts
2025-06-21 01:59:33:INFO:Simulation 403 starts
2025-06-21 01:59:33:INFO:Simulation 404 starts
2025-06-21 01:59:33:INFO:Simulation 404 starts
2025-06-21 02:01:48:INFO:Simulation 405 starts
2025-06-21 02:01:48:INFO:Simulation 405 starts
2025-06-21 02:01:48:INFO:Simulation 406 starts
2025-06-21 02:01:48:INFO:Simulation 406 starts
2025-06-21 02:01:48:INFO:Simulation 407 starts
2025-06-21 02:01:48:INFO:Simulation 407 starts
2025-06-21 02:01:48:INFO:Simulation 408 starts
2025-06-21 02:01:48:INFO:Simulation 408 starts
2025-06-21 02:01:48:INFO:Simulation 409 starts
2025-06-21 02:01:48:INFO:Simulation 409 starts
2025-06-21 02:01:48:INFO:Simulation 410 starts
2025-06-21 02:01:48:INFO:Simulation 410 starts
2025-06-21 02:01:48:INFO:Simulation 411 starts
2025-06-21 02:01:48:INFO:Simulation 411 starts
2025-06-21 02:01:48:INFO:Simulation 412 starts
2025-06-21 02:01:48:INFO:Simulation 412 starts
2025-06-21 02:04:31:INFO:Simulation 413 starts
2025-06-21 02:04:31:INFO:Simulation 413 starts
2025-06-21 02:06:43:INFO:Simulation 414 starts
2025-06-21 02:06:43:INFO:Simulation 414 starts
2025-06-21 02:06:43:INFO:Simulation 415 starts
2025-06-21 02:06:43:INFO:Simulation 415 starts
2025-06-21 02:06:43:INFO:Simulation 416 starts
2025-06-21 02:06:43:INFO:Simulation 416 starts
2025-06-21 02:06:43:INFO:Simulation 417 starts
2025-06-21 02:06:43:INFO:Simulation 417 starts
2025-06-21 02:06:43:INFO:Simulation 418 starts
2025-06-21 02:06:43:INFO:Simulation 418 starts
2025-06-21 02:09:27:INFO:Simulation 419 starts
2025-06-21 02:09:27:INFO:Simulation 419 starts
2025-06-21 02:09:27:INFO:Simulation 420 starts
2025-06-21 02:09:27:INFO:Simulation 420 starts
2025-06-21 02:09:27:INFO:Simulation 421 starts
2025-06-21 02:09:27:INFO:Simulation 421 starts
2025-06-21 02:12:08:INFO:Simulation 422 starts
2025-06-21 02:12:08:INFO:Simulation 422 starts
2025-06-21 02:12:08:INFO:Simulation 423 starts
2025-06-21 02:12:08:INFO:Simulation 423 starts
2025-06-21 02:12:08:INFO:Simulation 424 starts
2025-06-21 02:12:08:INFO:Simulation 424 starts
2025-06-21 02:12:08:INFO:Simulation 425 starts
2025-06-21 02:12:08:INFO:Simulation 425 starts
2025-06-21 02:14:51:INFO:Simulation 426 starts
2025-06-21 02:14:51:INFO:Simulation 426 starts
2025-06-21 02:14:51:INFO:Simulation 427 starts
2025-06-21 02:14:51:INFO:Simulation 427 starts
2025-06-21 02:17:04:INFO:Simulation 428 starts
2025-06-21 02:17:04:INFO:Simulation 428 starts
2025-06-21 02:17:04:INFO:Simulation 429 starts
2025-06-21 02:17:04:INFO:Simulation 429 starts
2025-06-21 02:17:04:INFO:Simulation 430 starts
2025-06-21 02:17:04:INFO:Simulation 430 starts
2025-06-21 02:17:04:INFO:Simulation 431 starts
2025-06-21 02:17:04:INFO:Simulation 431 starts
2025-06-21 02:19:46:INFO:Simulation 432 starts
2025-06-21 02:19:46:INFO:Simulation 432 starts
2025-06-21 02:19:46:INFO:Simulation 433 starts
2025-06-21 02:19:46:INFO:Simulation 433 starts
2025-06-21 02:22:31:INFO:Simulation 434 starts
2025-06-21 02:22:31:INFO:Simulation 434 starts
2025-06-21 02:22:31:INFO:Simulation 435 starts
2025-06-21 02:22:31:INFO:Simulation 435 starts
2025-06-21 02:22:31:INFO:Simulation 436 starts
2025-06-21 02:22:31:INFO:Simulation 436 starts
2025-06-21 02:22:31:INFO:Simulation 437 starts
2025-06-21 02:22:31:INFO:Simulation 437 starts
2025-06-21 02:22:31:INFO:Simulation 438 starts
2025-06-21 02:22:31:INFO:Simulation 438 starts
2025-06-21 02:22:31:INFO:Simulation 439 starts
2025-06-21 02:22:31:INFO:Simulation 439 starts
2025-06-21 02:25:14:INFO:Simulation 440 starts
2025-06-21 02:25:14:INFO:Simulation 440 starts
2025-06-21 02:25:14:INFO:Simulation 441 starts
2025-06-21 02:25:14:INFO:Simulation 441 starts
2025-06-21 02:25:14:INFO:Simulation 442 starts
2025-06-21 02:25:14:INFO:Simulation 442 starts
2025-06-21 02:25:14:INFO:Simulation 443 starts
2025-06-21 02:25:14:INFO:Simulation 443 starts
2025-06-21 02:27:29:INFO:Simulation 444 starts
2025-06-21 02:27:29:INFO:Simulation 444 starts
2025-06-21 02:27:29:INFO:Simulation 445 starts
2025-06-21 02:27:29:INFO:Simulation 445 starts
2025-06-21 02:30:13:INFO:Simulation 446 starts
2025-06-21 02:30:13:INFO:Simulation 446 starts
2025-06-21 02:32:59:INFO:Simulation 447 starts
2025-06-21 02:32:59:INFO:Simulation 447 starts
2025-06-21 02:32:59:INFO:Simulation 448 starts
2025-06-21 02:32:59:INFO:Simulation 448 starts
2025-06-21 02:35:43:INFO:Simulation 449 starts
2025-06-21 02:35:43:INFO:Simulation 449 starts
2025-06-21 02:37:58:INFO:Simulation 450 starts
2025-06-21 02:37:58:INFO:Simulation 450 starts
2025-06-21 02:37:58:INFO:Simulation 451 starts
2025-06-21 02:37:58:INFO:Simulation 451 starts
2025-06-21 02:40:42:INFO:Simulation 452 starts
2025-06-21 02:40:42:INFO:Simulation 452 starts
2025-06-21 02:42:57:INFO:Simulation 453 starts
2025-06-21 02:42:57:INFO:Simulation 453 starts
2025-06-21 02:42:57:INFO:Simulation 454 starts
2025-06-21 02:42:57:INFO:Simulation 454 starts
2025-06-21 02:45:10:INFO:Simulation 455 starts
2025-06-21 02:45:10:INFO:Simulation 455 starts
2025-06-21 02:47:24:INFO:Simulation 456 starts
2025-06-21 02:47:24:INFO:Simulation 456 starts
2025-06-21 02:47:24:INFO:Simulation 457 starts
2025-06-21 02:47:24:INFO:Simulation 457 starts
2025-06-21 02:50:07:INFO:Simulation 458 starts
2025-06-21 02:50:07:INFO:Simulation 458 starts
2025-06-21 02:50:15:INFO:Simulation 459 starts
2025-06-21 02:50:15:INFO:Simulation 459 starts
2025-06-21 02:50:15:INFO:Simulation 460 starts
2025-06-21 02:50:15:INFO:Simulation 460 starts
2025-06-21 02:52:25:INFO:Simulation 461 starts
2025-06-21 02:52:25:INFO:Simulation 461 starts
2025-06-21 02:55:03:INFO:Simulation 462 starts
2025-06-21 02:55:03:INFO:Simulation 462 starts
2025-06-21 02:55:03:INFO:Simulation 463 starts
2025-06-21 02:55:03:INFO:Simulation 463 starts
2025-06-21 02:55:03:INFO:Simulation 464 starts
2025-06-21 02:55:03:INFO:Simulation 464 starts
2025-06-21 02:57:44:INFO:Simulation 465 starts
2025-06-21 02:57:44:INFO:Simulation 465 starts
2025-06-21 02:57:44:INFO:Simulation 466 starts
2025-06-21 02:57:44:INFO:Simulation 466 starts
2025-06-21 03:00:25:INFO:Simulation 467 starts
2025-06-21 03:00:25:INFO:Simulation 467 starts
2025-06-21 03:02:41:INFO:Simulation 468 starts
2025-06-21 03:02:41:INFO:Simulation 468 starts
2025-06-21 03:02:41:INFO:Simulation 469 starts
2025-06-21 03:02:41:INFO:Simulation 469 starts
2025-06-21 03:05:26:INFO:Simulation 470 starts
2025-06-21 03:05:26:INFO:Simulation 470 starts
2025-06-21 03:07:40:INFO:Simulation 471 starts
2025-06-21 03:07:40:INFO:Simulation 471 starts
2025-06-21 03:07:40:INFO:Simulation 472 starts
2025-06-21 03:07:40:INFO:Simulation 472 starts
2025-06-21 03:10:21:INFO:Simulation 473 starts
2025-06-21 03:10:21:INFO:Simulation 473 starts
2025-06-21 03:10:21:INFO:Simulation 474 starts
2025-06-21 03:10:21:INFO:Simulation 474 starts
2025-06-21 03:10:21:INFO:Simulation 475 starts
2025-06-21 03:10:21:INFO:Simulation 475 starts
2025-06-21 03:10:21:INFO:Simulation 476 starts
2025-06-21 03:10:21:INFO:Simulation 476 starts
2025-06-21 03:12:33:INFO:Simulation 477 starts
2025-06-21 03:12:33:INFO:Simulation 477 starts
2025-06-21 03:14:47:INFO:Simulation 478 starts
2025-06-21 03:14:47:INFO:Simulation 478 starts
2025-06-21 03:14:47:INFO:Simulation 479 starts
2025-06-21 03:14:47:INFO:Simulation 479 starts
2025-06-21 03:14:47:INFO:Simulation 480 starts
2025-06-21 03:14:47:INFO:Simulation 480 starts
2025-06-21 03:14:47:INFO:Simulation 481 starts
2025-06-21 03:14:47:INFO:Simulation 481 starts
2025-06-21 03:14:47:INFO:Simulation 482 starts
2025-06-21 03:14:47:INFO:Simulation 482 starts
2025-06-21 03:17:29:INFO:Simulation 483 starts
2025-06-21 03:17:29:INFO:Simulation 483 starts
2025-06-21 03:17:29:INFO:Simulation 484 starts
2025-06-21 03:17:29:INFO:Simulation 484 starts
2025-06-21 03:17:29:INFO:Simulation 485 starts
2025-06-21 03:17:29:INFO:Simulation 485 starts
2025-06-21 03:19:43:INFO:Simulation 486 starts
2025-06-21 03:19:43:INFO:Simulation 486 starts
2025-06-21 03:22:25:INFO:Simulation 487 starts
2025-06-21 03:22:25:INFO:Simulation 487 starts
2025-06-21 03:22:25:INFO:Simulation 488 starts
2025-06-21 03:22:25:INFO:Simulation 488 starts
2025-06-21 03:24:37:INFO:Simulation 489 starts
2025-06-21 03:24:37:INFO:Simulation 489 starts
2025-06-21 03:24:37:INFO:Simulation 490 starts
2025-06-21 03:24:37:INFO:Simulation 490 starts
2025-06-21 03:24:37:INFO:Simulation 491 starts
2025-06-21 03:24:37:INFO:Simulation 491 starts
2025-06-21 03:24:37:INFO:Simulation 492 starts
2025-06-21 03:24:37:INFO:Simulation 492 starts
2025-06-21 03:24:37:INFO:Simulation 493 starts
2025-06-21 03:24:37:INFO:Simulation 493 starts
2025-06-21 03:24:37:INFO:Simulation 494 starts
2025-06-21 03:24:37:INFO:Simulation 494 starts
2025-06-21 03:24:37:INFO:Simulation 495 starts
2025-06-21 03:24:37:INFO:Simulation 495 starts
2025-06-21 03:27:18:INFO:Simulation 496 starts
2025-06-21 03:27:18:INFO:Simulation 496 starts
2025-06-21 03:27:18:INFO:Simulation 497 starts
2025-06-21 03:27:18:INFO:Simulation 497 starts
2025-06-21 03:27:18:INFO:Simulation 498 starts
2025-06-21 03:27:18:INFO:Simulation 498 starts
2025-06-21 03:29:57:INFO:Simulation 499 starts
2025-06-21 03:29:57:INFO:Simulation 499 starts
2025-06-21 03:29:57:INFO:Simulation 500 starts
2025-06-21 03:29:57:INFO:Simulation 500 starts
2025-06-21 03:32:41:INFO:Simulation 501 starts
2025-06-21 03:32:41:INFO:Simulation 501 starts
2025-06-21 03:32:41:INFO:Simulation 502 starts
2025-06-21 03:32:41:INFO:Simulation 502 starts
2025-06-21 03:32:41:INFO:Simulation 503 starts
2025-06-21 03:32:41:INFO:Simulation 503 starts
2025-06-21 03:34:54:INFO:Simulation 504 starts
2025-06-21 03:34:54:INFO:Simulation 504 starts
2025-06-21 03:34:54:INFO:Simulation 505 starts
2025-06-21 03:34:54:INFO:Simulation 505 starts
2025-06-21 03:34:54:INFO:Simulation 506 starts
2025-06-21 03:34:54:INFO:Simulation 506 starts
2025-06-21 03:37:08:INFO:Simulation 507 starts
2025-06-21 03:37:08:INFO:Simulation 507 starts
2025-06-21 03:39:21:INFO:Simulation 508 starts
2025-06-21 03:39:21:INFO:Simulation 508 starts
2025-06-21 03:39:21:INFO:Simulation 509 starts
2025-06-21 03:39:21:INFO:Simulation 509 starts
2025-06-21 03:42:01:INFO:Simulation 510 starts
2025-06-21 03:42:01:INFO:Simulation 510 starts
2025-06-21 03:42:01:INFO:Simulation 511 starts
2025-06-21 03:42:01:INFO:Simulation 511 starts
2025-06-21 03:42:01:INFO:Simulation 512 starts
2025-06-21 03:42:01:INFO:Simulation 512 starts
2025-06-21 03:42:01:INFO:Simulation 513 starts
2025-06-21 03:42:01:INFO:Simulation 513 starts
2025-06-21 03:42:01:INFO:Simulation 514 starts
2025-06-21 03:42:01:INFO:Simulation 514 starts
2025-06-21 03:42:01:INFO:Simulation 515 starts
2025-06-21 03:42:01:INFO:Simulation 515 starts
2025-06-21 03:44:14:INFO:Simulation 516 starts
2025-06-21 03:44:14:INFO:Simulation 516 starts
2025-06-21 03:44:28:INFO:Simulation 517 starts
2025-06-21 03:44:28:INFO:Simulation 517 starts
2025-06-21 03:47:05:INFO:Simulation 518 starts
2025-06-21 03:47:05:INFO:Simulation 518 starts
2025-06-21 03:47:05:INFO:Simulation 519 starts
2025-06-21 03:47:05:INFO:Simulation 519 starts
2025-06-21 03:49:47:INFO:Simulation 520 starts
2025-06-21 03:49:47:INFO:Simulation 520 starts
2025-06-21 03:52:28:INFO:Simulation 521 starts
2025-06-21 03:52:28:INFO:Simulation 521 starts
2025-06-21 03:52:28:INFO:Simulation 522 starts
2025-06-21 03:52:28:INFO:Simulation 522 starts
2025-06-21 03:54:42:INFO:Simulation 523 starts
2025-06-21 03:54:42:INFO:Simulation 523 starts
2025-06-21 03:57:21:INFO:Simulation 524 starts
2025-06-21 03:57:21:INFO:Simulation 524 starts
2025-06-21 03:57:21:INFO:Simulation 525 starts
2025-06-21 03:57:21:INFO:Simulation 525 starts
2025-06-21 03:59:30:INFO:Simulation 526 starts
2025-06-21 03:59:30:INFO:Simulation 526 starts
2025-06-21 03:59:30:INFO:Simulation 527 starts
2025-06-21 03:59:30:INFO:Simulation 527 starts
2025-06-21 03:59:30:INFO:Simulation 528 starts
2025-06-21 03:59:30:INFO:Simulation 528 starts
2025-06-21 03:59:30:INFO:Simulation 529 starts
2025-06-21 03:59:30:INFO:Simulation 529 starts
2025-06-21 03:59:33:INFO:Simulation 530 starts
2025-06-21 03:59:33:INFO:Simulation 530 starts
2025-06-21 03:59:33:INFO:Simulation 531 starts
2025-06-21 03:59:33:INFO:Simulation 531 starts
2025-06-21 03:59:33:INFO:Simulation 532 starts
2025-06-21 03:59:33:INFO:Simulation 532 starts
2025-06-21 03:59:33:INFO:Simulation 533 starts
2025-06-21 03:59:33:INFO:Simulation 533 starts
2025-06-21 03:59:33:INFO:Simulation 534 starts
2025-06-21 03:59:33:INFO:Simulation 534 starts
2025-06-21 04:02:09:INFO:Simulation 535 starts
2025-06-21 04:02:09:INFO:Simulation 535 starts
2025-06-21 04:04:18:INFO:Simulation 536 starts
2025-06-21 04:04:18:INFO:Simulation 536 starts
2025-06-21 04:04:18:INFO:Simulation 537 starts
2025-06-21 04:04:18:INFO:Simulation 537 starts
2025-06-21 04:04:18:INFO:Simulation 538 starts
2025-06-21 04:04:18:INFO:Simulation 538 starts
2025-06-21 04:06:26:INFO:Simulation 539 starts
2025-06-21 04:06:26:INFO:Simulation 539 starts
2025-06-21 04:06:26:INFO:Simulation 540 starts
2025-06-21 04:06:26:INFO:Simulation 540 starts
2025-06-21 04:06:26:INFO:Simulation 541 starts
2025-06-21 04:06:26:INFO:Simulation 541 starts
2025-06-21 04:06:26:INFO:Simulation 542 starts
2025-06-21 04:06:26:INFO:Simulation 542 starts
2025-06-21 04:06:26:INFO:Simulation 543 starts
2025-06-21 04:06:26:INFO:Simulation 543 starts
2025-06-21 04:09:04:INFO:Simulation 544 starts
2025-06-21 04:09:04:INFO:Simulation 544 starts
2025-06-21 04:09:04:INFO:Simulation 545 starts
2025-06-21 04:09:04:INFO:Simulation 545 starts
2025-06-21 04:09:04:INFO:Simulation 546 starts
2025-06-21 04:09:04:INFO:Simulation 546 starts
2025-06-21 04:09:04:INFO:Simulation 547 starts
2025-06-21 04:09:04:INFO:Simulation 547 starts
2025-06-21 04:09:04:INFO:Simulation 548 starts
2025-06-21 04:09:04:INFO:Simulation 548 starts
2025-06-21 04:11:41:INFO:Simulation 549 starts
2025-06-21 04:11:41:INFO:Simulation 549 starts
2025-06-21 04:11:41:INFO:Simulation 550 starts
2025-06-21 04:11:41:INFO:Simulation 550 starts
2025-06-21 04:11:41:INFO:Simulation 551 starts
2025-06-21 04:11:41:INFO:Simulation 551 starts
2025-06-21 04:14:20:INFO:Simulation 552 starts
2025-06-21 04:14:20:INFO:Simulation 552 starts
2025-06-21 04:14:20:INFO:Simulation 553 starts
2025-06-21 04:14:20:INFO:Simulation 553 starts
2025-06-21 04:16:57:INFO:Simulation 554 starts
2025-06-21 04:16:57:INFO:Simulation 554 starts
2025-06-21 04:19:05:INFO:Simulation 555 starts
2025-06-21 04:19:05:INFO:Simulation 555 starts
2025-06-21 04:19:05:INFO:Simulation 556 starts
2025-06-21 04:19:05:INFO:Simulation 556 starts
2025-06-21 04:21:47:INFO:Simulation 557 starts
2025-06-21 04:21:47:INFO:Simulation 557 starts
2025-06-21 04:21:47:INFO:Simulation 558 starts
2025-06-21 04:21:47:INFO:Simulation 558 starts
2025-06-21 04:21:47:INFO:Simulation 559 starts
2025-06-21 04:21:47:INFO:Simulation 559 starts
2025-06-21 04:21:47:INFO:Simulation 560 starts
2025-06-21 04:21:47:INFO:Simulation 560 starts
2025-06-21 04:24:26:INFO:Simulation 561 starts
2025-06-21 04:24:26:INFO:Simulation 561 starts
2025-06-21 04:24:26:INFO:Simulation 562 starts
2025-06-21 04:24:26:INFO:Simulation 562 starts
2025-06-21 04:24:26:INFO:Simulation 563 starts
2025-06-21 04:24:26:INFO:Simulation 563 starts
2025-06-21 04:27:06:INFO:Simulation 564 starts
2025-06-21 04:27:06:INFO:Simulation 564 starts
2025-06-21 04:27:06:INFO:Simulation 565 starts
2025-06-21 04:27:06:INFO:Simulation 565 starts
2025-06-21 04:29:45:INFO:Simulation 566 starts
2025-06-21 04:29:45:INFO:Simulation 566 starts
2025-06-21 04:32:23:INFO:Simulation 567 starts
2025-06-21 04:32:23:INFO:Simulation 567 starts
2025-06-21 04:35:03:INFO:Simulation 568 starts
2025-06-21 04:35:03:INFO:Simulation 568 starts
2025-06-21 04:35:03:INFO:Simulation 569 starts
2025-06-21 04:35:03:INFO:Simulation 569 starts
2025-06-21 04:35:03:INFO:Simulation 570 starts
2025-06-21 04:35:03:INFO:Simulation 570 starts
2025-06-21 04:37:16:INFO:Simulation 571 starts
2025-06-21 04:37:16:INFO:Simulation 571 starts
2025-06-21 04:37:16:INFO:Simulation 572 starts
2025-06-21 04:37:16:INFO:Simulation 572 starts
2025-06-21 04:39:59:INFO:Simulation 573 starts
2025-06-21 04:39:59:INFO:Simulation 573 starts
2025-06-21 04:42:36:INFO:Simulation 574 starts
2025-06-21 04:42:36:INFO:Simulation 574 starts
2025-06-21 04:42:36:INFO:Simulation 575 starts
2025-06-21 04:42:36:INFO:Simulation 575 starts
2025-06-21 04:45:08:INFO:Simulation 576 starts
2025-06-21 04:45:08:INFO:Simulation 576 starts
2025-06-21 04:47:45:INFO:Simulation 577 starts
2025-06-21 04:47:45:INFO:Simulation 577 starts
2025-06-21 04:47:45:INFO:Simulation 578 starts
2025-06-21 04:47:45:INFO:Simulation 578 starts
2025-06-21 04:49:59:INFO:Simulation 579 starts
2025-06-21 04:49:59:INFO:Simulation 579 starts
2025-06-21 04:52:09:INFO:Simulation 580 starts
2025-06-21 04:52:09:INFO:Simulation 580 starts
2025-06-21 04:52:09:INFO:Simulation 581 starts
2025-06-21 04:52:09:INFO:Simulation 581 starts
2025-06-21 04:52:09:INFO:Simulation 582 starts
2025-06-21 04:52:09:INFO:Simulation 582 starts
2025-06-21 04:54:48:INFO:Simulation 583 starts
2025-06-21 04:54:48:INFO:Simulation 583 starts
2025-06-21 04:54:48:INFO:Simulation 584 starts
2025-06-21 04:54:48:INFO:Simulation 584 starts
2025-06-21 04:57:30:INFO:Simulation 585 starts
2025-06-21 04:57:30:INFO:Simulation 585 starts
2025-06-21 04:57:30:INFO:Simulation 586 starts
2025-06-21 04:57:30:INFO:Simulation 586 starts
2025-06-21 05:00:13:INFO:Simulation 587 starts
2025-06-21 05:00:13:INFO:Simulation 587 starts
2025-06-21 05:00:13:INFO:Simulation 588 starts
2025-06-21 05:00:13:INFO:Simulation 588 starts
2025-06-21 05:02:56:INFO:Simulation 589 starts
2025-06-21 05:02:56:INFO:Simulation 589 starts
2025-06-21 05:05:41:INFO:Simulation 590 starts
2025-06-21 05:05:41:INFO:Simulation 590 starts
2025-06-21 05:05:41:INFO:Simulation 591 starts
2025-06-21 05:05:41:INFO:Simulation 591 starts
2025-06-21 05:07:54:INFO:Simulation 592 starts
2025-06-21 05:07:54:INFO:Simulation 592 starts
2025-06-21 05:10:36:INFO:Simulation 593 starts
2025-06-21 05:10:36:INFO:Simulation 593 starts
2025-06-21 05:10:36:INFO:Simulation 594 starts
2025-06-21 05:10:36:INFO:Simulation 594 starts
2025-06-21 05:12:52:INFO:Simulation 595 starts
2025-06-21 05:12:52:INFO:Simulation 595 starts
2025-06-21 05:15:36:INFO:Simulation 596 starts
2025-06-21 05:15:36:INFO:Simulation 596 starts
2025-06-21 05:15:36:INFO:Simulation 597 starts
2025-06-21 05:15:36:INFO:Simulation 597 starts
2025-06-21 05:18:18:INFO:Simulation 598 starts
2025-06-21 05:18:18:INFO:Simulation 598 starts
2025-06-21 05:20:37:INFO:Simulation 599 starts
2025-06-21 05:20:37:INFO:Simulation 599 starts
2025-06-21 05:20:37:INFO:
Select 0'th strategy: (then ctx-simplify cofactor-term-ite degree-shift propagate-values fm propagate-values lra)
improve on 127 instances,  new par10: 0.38851
Select 1'th strategy: (then purify-arith (using-params simplify :elim_and true :blast_distinct true :local_ctx true :pull_cheap_ite true :som true :flat true :push_ite_arith true :hoist_ite true :arith_lhs true) propagate-values lra)
improve on 53 instances,  new par10: 0.45444
Select 2'th strategy: (then fm ctx-simplify lia2card lra)
improve on 59 instances,  new par10: 0.49007
Select 3'th strategy: (then (using-params simplify :elim_and false :blast_distinct false :local_ctx false :pull_cheap_ite false :som false :flat false :push_ite_arith false :hoist_ite false :arith_lhs false) lra)
improve on 17 instances,  new par10: 0.51377

2025-06-21 05:20:38:INFO:Selected 4 strategies: ['(then ctx-simplify cofactor-term-ite degree-shift propagate-values fm propagate-values lra)', '(then purify-arith (using-params simplify :elim_and true :blast_distinct true :local_ctx true :pull_cheap_ite true :som true :flat true :push_ite_arith true :hoist_ite true :arith_lhs true) propagate-values lra)', '(then fm ctx-simplify lia2card lra)', '(then (using-params simplify :elim_and false :blast_distinct false :local_ctx false :pull_cheap_ite false :som false :flat false :push_ite_arith false :hoist_ite false :arith_lhs false) lra)'], saved to /tmp/experiments/synthesis/out-2025-06-20_18-15-51/ln_strat_candidates.csv
2025-06-21 05:20:38:INFO:Stage 1 Time: 39886
2025-06-21 05:20:38:INFO:Parallel strategy saved to /tmp/experiments/synthesis/out-2025-06-20_18-15-51/parallel_strategy.txt
2025-06-21 05:20:38:INFO:Synthesis time: 39886 seconds
============ Job Information ===================================================
Submitted: 2025-06-20T10:27:45
Started: 2025-06-20T17:12:00
Ended: 2025-06-21T05:20:39
Elapsed: 729 min, Limit: 2160 min, Difference: 1431 min
CPUs: 96, Nodes: 1
Estimated Consumption: 1166.40 core-hours
================================================================================
